[5.216s] Invoking command in '/home/yamashita/car_ws/src/mypkg': PYTHONPATH=/home/yamashita/car_ws/build/mypkg/prefix_override:/home/yamashita/car_ws/install/mypkg/lib/python3.10/site-packages:${PYTHONPATH} /usr/bin/python3 setup.py egg_info --egg-base ../../build/mypkg build --build-base /home/yamashita/car_ws/build/mypkg/build install --record /home/yamashita/car_ws/build/mypkg/install.log --single-version-externally-managed
[6.323s] running egg_info
[6.325s] writing ../../build/mypkg/mypkg.egg-info/PKG-INFO
[6.327s] writing dependency_links to ../../build/mypkg/mypkg.egg-info/dependency_links.txt
[6.328s] writing entry points to ../../build/mypkg/mypkg.egg-info/entry_points.txt
[6.329s] writing requirements to ../../build/mypkg/mypkg.egg-info/requires.txt
[6.329s] writing top-level names to ../../build/mypkg/mypkg.egg-info/top_level.txt
[6.338s] reading manifest file '../../build/mypkg/mypkg.egg-info/SOURCES.txt'
[6.355s] writing manifest file '../../build/mypkg/mypkg.egg-info/SOURCES.txt'
[6.356s] running build
[6.356s] running build_py
[6.365s] copying mypkg/CircleImgPub.py -> /home/yamashita/car_ws/build/mypkg/build/lib/mypkg
[6.366s] running install
[6.368s] running install_lib
[6.374s] copying /home/yamashita/car_ws/build/mypkg/build/lib/mypkg/CircleImgPub.py -> /home/yamashita/car_ws/install/mypkg/lib/python3.10/site-packages/mypkg
[6.378s] byte-compiling /home/yamashita/car_ws/install/mypkg/lib/python3.10/site-packages/mypkg/CircleImgPub.py to CircleImgPub.cpython-310.pyc
[6.385s] running install_data
[6.387s] running install_egg_info
[6.393s] removing '/home/yamashita/car_ws/install/mypkg/lib/python3.10/site-packages/mypkg-0.0.0-py3.10.egg-info' (and everything under it)
[6.395s] Copying ../../build/mypkg/mypkg.egg-info to /home/yamashita/car_ws/install/mypkg/lib/python3.10/site-packages/mypkg-0.0.0-py3.10.egg-info
[6.401s] running install_scripts
[6.474s] Installing CircleImgPub script to /home/yamashita/car_ws/install/mypkg/lib/mypkg
[6.475s] Installing camera script to /home/yamashita/car_ws/install/mypkg/lib/mypkg
[6.476s] Installing serial script to /home/yamashita/car_ws/install/mypkg/lib/mypkg
[6.478s] writing list of installed files to '/home/yamashita/car_ws/build/mypkg/install.log'
[6.601s] Invoked command in '/home/yamashita/car_ws/src/mypkg' returned '0': PYTHONPATH=/home/yamashita/car_ws/build/mypkg/prefix_override:/home/yamashita/car_ws/install/mypkg/lib/python3.10/site-packages:${PYTHONPATH} /usr/bin/python3 setup.py egg_info --egg-base ../../build/mypkg build --build-base /home/yamashita/car_ws/build/mypkg/build install --record /home/yamashita/car_ws/build/mypkg/install.log --single-version-externally-managed
