[16.142s] DEBUG:colcon:Command line arguments: ['/usr/bin/colcon', 'build']
[16.142s] DEBUG:colcon:Parsed command line arguments: Namespace(log_base=None, log_level=None, verb_name='build', build_base='build', install_base='install', merge_install=False, symlink_install=False, test_result_base=None, continue_on_error=False, executor='parallel', parallel_workers=4, event_handlers=None, ignore_user_meta=False, metas=['./colcon.meta'], base_paths=['.'], packages_ignore=None, packages_ignore_regex=None, paths=None, packages_up_to=None, packages_up_to_regex=None, packages_above=None, packages_above_and_dependencies=None, packages_above_depth=None, packages_select_by_dep=None, packages_skip_by_dep=None, packages_skip_up_to=None, packages_select_build_failed=False, packages_skip_build_finished=False, packages_select_test_failures=False, packages_skip_test_passed=False, packages_select=None, packages_skip=None, packages_select_regex=None, packages_skip_regex=None, packages_start=None, packages_end=None, allow_overriding=[], cmake_args=None, cmake_target=None, cmake_target_skip_unavailable=False, cmake_clean_cache=False, cmake_clean_first=False, cmake_force_configure=False, ament_cmake_args=None, catkin_cmake_args=None, catkin_skip_building_tests=False, verb_parser=<colcon_defaults.argument_parser.defaults.DefaultArgumentsDecorator object at 0xffff827cd390>, verb_extension=<colcon_core.verb.build.BuildVerb object at 0xffff82d47820>, main=<bound method BuildVerb.main of <colcon_core.verb.build.BuildVerb object at 0xffff82d47820>>)
[17.007s] Level 1:colcon.colcon_core.package_discovery:discover_packages(colcon_meta) check parameters
[17.008s] Level 1:colcon.colcon_core.package_discovery:discover_packages(recursive) check parameters
[17.009s] Level 1:colcon.colcon_core.package_discovery:discover_packages(ignore) check parameters
[17.009s] Level 1:colcon.colcon_core.package_discovery:discover_packages(path) check parameters
[17.009s] Level 1:colcon.colcon_core.package_discovery:discover_packages(colcon_meta) discover
[17.010s] Level 1:colcon.colcon_core.package_discovery:discover_packages(recursive) discover
[17.010s] INFO:colcon.colcon_core.package_discovery:Crawling recursively for packages in '/home/yamashita/car_ws'
[17.011s] Level 1:colcon.colcon_core.package_identification:_identify(.) by extensions ['ignore', 'ignore_ament_install']
[17.012s] Level 1:colcon.colcon_core.package_identification:_identify(.) by extension 'ignore'
[17.012s] Level 1:colcon.colcon_core.package_identification:_identify(.) by extension 'ignore_ament_install'
[17.013s] Level 1:colcon.colcon_core.package_identification:_identify(.) by extensions ['colcon_pkg']
[17.013s] Level 1:colcon.colcon_core.package_identification:_identify(.) by extension 'colcon_pkg'
[17.014s] Level 1:colcon.colcon_core.package_identification:_identify(.) by extensions ['colcon_meta']
[17.014s] Level 1:colcon.colcon_core.package_identification:_identify(.) by extension 'colcon_meta'
[17.014s] Level 1:colcon.colcon_core.package_identification:_identify(.) by extensions ['ros']
[17.015s] Level 1:colcon.colcon_core.package_identification:_identify(.) by extension 'ros'
[17.509s] Level 1:colcon.colcon_core.package_identification:_identify(.) by extensions ['cmake', 'python']
[17.510s] Level 1:colcon.colcon_core.package_identification:_identify(.) by extension 'cmake'
[17.511s] Level 1:colcon.colcon_core.package_identification:_identify(.) by extension 'python'
[17.512s] Level 1:colcon.colcon_core.package_identification:_identify(.) by extensions ['python_setup_py']
[17.513s] Level 1:colcon.colcon_core.package_identification:_identify(.) by extension 'python_setup_py'
[17.515s] Level 1:colcon.colcon_core.package_identification:_identify(build) by extensions ['ignore', 'ignore_ament_install']
[17.516s] Level 1:colcon.colcon_core.package_identification:_identify(build) by extension 'ignore'
[17.517s] Level 1:colcon.colcon_core.package_identification:_identify(build) ignored
[17.519s] Level 1:colcon.colcon_core.package_identification:_identify(install) by extensions ['ignore', 'ignore_ament_install']
[17.520s] Level 1:colcon.colcon_core.package_identification:_identify(install) by extension 'ignore'
[17.521s] Level 1:colcon.colcon_core.package_identification:_identify(install) ignored
[17.523s] Level 1:colcon.colcon_core.package_identification:_identify(log) by extensions ['ignore', 'ignore_ament_install']
[17.525s] Level 1:colcon.colcon_core.package_identification:_identify(log) by extension 'ignore'
[17.526s] Level 1:colcon.colcon_core.package_identification:_identify(log) ignored
[17.527s] Level 1:colcon.colcon_core.package_identification:_identify(src) by extensions ['ignore', 'ignore_ament_install']
[17.528s] Level 1:colcon.colcon_core.package_identification:_identify(src) by extension 'ignore'
[17.530s] Level 1:colcon.colcon_core.package_identification:_identify(src) by extension 'ignore_ament_install'
[17.531s] Level 1:colcon.colcon_core.package_identification:_identify(src) by extensions ['colcon_pkg']
[17.532s] Level 1:colcon.colcon_core.package_identification:_identify(src) by extension 'colcon_pkg'
[17.533s] Level 1:colcon.colcon_core.package_identification:_identify(src) by extensions ['colcon_meta']
[17.534s] Level 1:colcon.colcon_core.package_identification:_identify(src) by extension 'colcon_meta'
[17.535s] Level 1:colcon.colcon_core.package_identification:_identify(src) by extensions ['ros']
[17.535s] Level 1:colcon.colcon_core.package_identification:_identify(src) by extension 'ros'
[17.537s] Level 1:colcon.colcon_core.package_identification:_identify(src) by extensions ['cmake', 'python']
[17.538s] Level 1:colcon.colcon_core.package_identification:_identify(src) by extension 'cmake'
[17.539s] Level 1:colcon.colcon_core.package_identification:_identify(src) by extension 'python'
[17.540s] Level 1:colcon.colcon_core.package_identification:_identify(src) by extensions ['python_setup_py']
[17.541s] Level 1:colcon.colcon_core.package_identification:_identify(src) by extension 'python_setup_py'
[17.542s] Level 1:colcon.colcon_core.package_discovery:discover_packages(recursive) using defaults
[17.543s] Level 1:colcon.colcon_core.package_discovery:discover_packages(ignore) discover
[17.544s] Level 1:colcon.colcon_core.package_discovery:discover_packages(ignore) using defaults
[17.544s] Level 1:colcon.colcon_core.package_discovery:discover_packages(path) discover
[17.544s] Level 1:colcon.colcon_core.package_discovery:discover_packages(path) using defaults
[18.943s] Level 1:colcon.colcon_core.package_discovery:discover_packages(prefix_path) check parameters
[18.943s] Level 1:colcon.colcon_core.package_discovery:discover_packages(prefix_path) discover
[19.331s] DEBUG:colcon.colcon_installed_package_information.package_discovery:Found 1 installed packages in /home/yamashita/serial_ws/install
[19.512s] DEBUG:colcon.colcon_installed_package_information.package_discovery:Found 2 installed packages in /home/yamashita/ros2_ws/install
[19.702s] DEBUG:colcon.colcon_installed_package_information.package_discovery:Found 290 installed packages in /opt/ros/humble
[19.717s] Level 1:colcon.colcon_core.package_discovery:discover_packages(prefix_path) using defaults
[20.672s] INFO:colcon.colcon_core.executor:Executing jobs using 'parallel' executor
[20.851s] DEBUG:colcon.colcon_parallel_executor.executor.parallel:run_until_complete
[20.852s] DEBUG:colcon.colcon_parallel_executor.executor.parallel:closing loop
[20.854s] DEBUG:colcon.colcon_parallel_executor.executor.parallel:loop closed
[20.854s] DEBUG:colcon.colcon_parallel_executor.executor.parallel:run_until_complete finished with '0'
[20.855s] DEBUG:colcon.colcon_core.event_reactor:joining thread
[21.163s] INFO:colcon.colcon_core.plugin_system:Skipping extension 'colcon_notification.desktop_notification.terminal_notifier': Not used on non-Darwin systems
[21.164s] INFO:colcon.colcon_core.plugin_system:Skipping extension 'colcon_notification.desktop_notification.win32': Not used on non-Windows systems
[21.164s] INFO:colcon.colcon_notification.desktop_notification:Sending desktop notification using 'notify2'
[21.220s] DEBUG:colcon.colcon_core.event_reactor:joined thread
[21.633s] INFO:colcon.colcon_core.plugin_system:Skipping extension 'colcon_core.shell.bat': Not used on non-Windows systems
[21.635s] INFO:colcon.colcon_core.shell:Creating prefix script '/home/yamashita/car_ws/install/local_setup.ps1'
[21.647s] INFO:colcon.colcon_core.shell:Creating prefix util module '/home/yamashita/car_ws/install/_local_setup_util_ps1.py'
[21.661s] INFO:colcon.colcon_core.shell:Creating prefix chain script '/home/yamashita/car_ws/install/setup.ps1'
[21.846s] INFO:colcon.colcon_core.shell:Creating prefix script '/home/yamashita/car_ws/install/local_setup.sh'
[21.853s] INFO:colcon.colcon_core.shell:Creating prefix util module '/home/yamashita/car_ws/install/_local_setup_util_sh.py'
[21.859s] INFO:colcon.colcon_core.shell:Creating prefix chain script '/home/yamashita/car_ws/install/setup.sh'
[22.043s] INFO:colcon.colcon_core.shell:Creating prefix script '/home/yamashita/car_ws/install/local_setup.bash'
[22.049s] INFO:colcon.colcon_core.shell:Creating prefix chain script '/home/yamashita/car_ws/install/setup.bash'
[22.245s] INFO:colcon.colcon_core.shell:Creating prefix script '/home/yamashita/car_ws/install/local_setup.zsh'
[22.252s] INFO:colcon.colcon_core.shell:Creating prefix chain script '/home/yamashita/car_ws/install/setup.zsh'
