[10.710s] Invoking command in '/home/yamashita/car_ws/src/mypkg': PYTHONPATH=/home/yamashita/car_ws/build/mypkg/prefix_override:/home/yamashita/car_ws/install/mypkg/lib/python3.10/site-packages:${PYTHONPATH} /usr/bin/python3 setup.py egg_info --egg-base ../../build/mypkg build --build-base /home/yamashita/car_ws/build/mypkg/build install --record /home/yamashita/car_ws/build/mypkg/install.log --single-version-externally-managed
[13.488s] running egg_info
[13.493s] writing ../../build/mypkg/mypkg.egg-info/PKG-INFO
[13.495s] writing dependency_links to ../../build/mypkg/mypkg.egg-info/dependency_links.txt
[13.497s] writing entry points to ../../build/mypkg/mypkg.egg-info/entry_points.txt
[13.499s] writing requirements to ../../build/mypkg/mypkg.egg-info/requires.txt
[13.500s] writing top-level names to ../../build/mypkg/mypkg.egg-info/top_level.txt
[13.519s] reading manifest file '../../build/mypkg/mypkg.egg-info/SOURCES.txt'
[13.526s] writing manifest file '../../build/mypkg/mypkg.egg-info/SOURCES.txt'
[13.528s] running build
[13.529s] running build_py
[13.531s] copying mypkg/receiver.py -> /home/yamashita/car_ws/build/mypkg/build/lib/mypkg
[13.534s] running install
[13.536s] running install_lib
[13.543s] copying /home/yamashita/car_ws/build/mypkg/build/lib/mypkg/receiver.py -> /home/yamashita/car_ws/install/mypkg/lib/python3.10/site-packages/mypkg
[13.549s] byte-compiling /home/yamashita/car_ws/install/mypkg/lib/python3.10/site-packages/mypkg/receiver.py to receiver.cpython-310.pyc
[13.561s] running install_data
[13.566s] running install_egg_info
[13.580s] removing '/home/yamashita/car_ws/install/mypkg/lib/python3.10/site-packages/mypkg-0.0.0-py3.10.egg-info' (and everything under it)
[13.584s] Copying ../../build/mypkg/mypkg.egg-info to /home/yamashita/car_ws/install/mypkg/lib/python3.10/site-packages/mypkg-0.0.0-py3.10.egg-info
[13.595s] running install_scripts
[13.763s] Installing camera script to /home/yamashita/car_ws/install/mypkg/lib/mypkg
[13.765s] Installing serial script to /home/yamashita/car_ws/install/mypkg/lib/mypkg
[13.769s] writing list of installed files to '/home/yamashita/car_ws/build/mypkg/install.log'
[14.069s] Invoked command in '/home/yamashita/car_ws/src/mypkg' returned '0': PYTHONPATH=/home/yamashita/car_ws/build/mypkg/prefix_override:/home/yamashita/car_ws/install/mypkg/lib/python3.10/site-packages:${PYTHONPATH} /usr/bin/python3 setup.py egg_info --egg-base ../../build/mypkg build --build-base /home/yamashita/car_ws/build/mypkg/build install --record /home/yamashita/car_ws/build/mypkg/install.log --single-version-externally-managed
