[15.710s] DEBUG:colcon:Command line arguments: ['/usr/bin/colcon', 'build']
[15.711s] DEBUG:colcon:Parsed command line arguments: Namespace(log_base=None, log_level=None, verb_name='build', build_base='build', install_base='install', merge_install=False, symlink_install=False, test_result_base=None, continue_on_error=False, executor='parallel', parallel_workers=4, event_handlers=None, ignore_user_meta=False, metas=['./colcon.meta'], base_paths=['.'], packages_ignore=None, packages_ignore_regex=None, paths=None, packages_up_to=None, packages_up_to_regex=None, packages_above=None, packages_above_and_dependencies=None, packages_above_depth=None, packages_select_by_dep=None, packages_skip_by_dep=None, packages_skip_up_to=None, packages_select_build_failed=False, packages_skip_build_finished=False, packages_select_test_failures=False, packages_skip_test_passed=False, packages_select=None, packages_skip=None, packages_select_regex=None, packages_skip_regex=None, packages_start=None, packages_end=None, allow_overriding=[], cmake_args=None, cmake_target=None, cmake_target_skip_unavailable=False, cmake_clean_cache=False, cmake_clean_first=False, cmake_force_configure=False, ament_cmake_args=None, catkin_cmake_args=None, catkin_skip_building_tests=False, verb_parser=<colcon_defaults.argument_parser.defaults.DefaultArgumentsDecorator object at 0xffffa6b60c40>, verb_extension=<colcon_core.verb.build.BuildVerb object at 0xffffa70d8eb0>, main=<bound method BuildVerb.main of <colcon_core.verb.build.BuildVerb object at 0xffffa70d8eb0>>)
[16.567s] Level 1:colcon.colcon_core.package_discovery:discover_packages(colcon_meta) check parameters
[16.568s] Level 1:colcon.colcon_core.package_discovery:discover_packages(recursive) check parameters
[16.568s] Level 1:colcon.colcon_core.package_discovery:discover_packages(ignore) check parameters
[16.569s] Level 1:colcon.colcon_core.package_discovery:discover_packages(path) check parameters
[16.569s] Level 1:colcon.colcon_core.package_discovery:discover_packages(colcon_meta) discover
[16.570s] Level 1:colcon.colcon_core.package_discovery:discover_packages(recursive) discover
[16.570s] INFO:colcon.colcon_core.package_discovery:Crawling recursively for packages in '/home/yamashita/car_ws'
[16.571s] Level 1:colcon.colcon_core.package_identification:_identify(.) by extensions ['ignore', 'ignore_ament_install']
[16.572s] Level 1:colcon.colcon_core.package_identification:_identify(.) by extension 'ignore'
[16.572s] Level 1:colcon.colcon_core.package_identification:_identify(.) by extension 'ignore_ament_install'
[16.573s] Level 1:colcon.colcon_core.package_identification:_identify(.) by extensions ['colcon_pkg']
[16.573s] Level 1:colcon.colcon_core.package_identification:_identify(.) by extension 'colcon_pkg'
[16.574s] Level 1:colcon.colcon_core.package_identification:_identify(.) by extensions ['colcon_meta']
[16.574s] Level 1:colcon.colcon_core.package_identification:_identify(.) by extension 'colcon_meta'
[16.575s] Level 1:colcon.colcon_core.package_identification:_identify(.) by extensions ['ros']
[16.575s] Level 1:colcon.colcon_core.package_identification:_identify(.) by extension 'ros'
[16.709s] Level 1:colcon.colcon_core.package_identification:_identify(.) by extensions ['cmake', 'python']
[16.709s] Level 1:colcon.colcon_core.package_identification:_identify(.) by extension 'cmake'
[16.710s] Level 1:colcon.colcon_core.package_identification:_identify(.) by extension 'python'
[16.710s] Level 1:colcon.colcon_core.package_identification:_identify(.) by extensions ['python_setup_py']
[16.710s] Level 1:colcon.colcon_core.package_identification:_identify(.) by extension 'python_setup_py'
[16.711s] Level 1:colcon.colcon_core.package_identification:_identify(build) by extensions ['ignore', 'ignore_ament_install']
[16.712s] Level 1:colcon.colcon_core.package_identification:_identify(build) by extension 'ignore'
[16.713s] Level 1:colcon.colcon_core.package_identification:_identify(build) ignored
[16.715s] Level 1:colcon.colcon_core.package_identification:_identify(install) by extensions ['ignore', 'ignore_ament_install']
[16.717s] Level 1:colcon.colcon_core.package_identification:_identify(install) by extension 'ignore'
[16.717s] Level 1:colcon.colcon_core.package_identification:_identify(install) ignored
[16.718s] Level 1:colcon.colcon_core.package_identification:_identify(log) by extensions ['ignore', 'ignore_ament_install']
[16.719s] Level 1:colcon.colcon_core.package_identification:_identify(log) by extension 'ignore'
[16.720s] Level 1:colcon.colcon_core.package_identification:_identify(log) ignored
[16.721s] Level 1:colcon.colcon_core.package_identification:_identify(src) by extensions ['ignore', 'ignore_ament_install']
[16.721s] Level 1:colcon.colcon_core.package_identification:_identify(src) by extension 'ignore'
[16.722s] Level 1:colcon.colcon_core.package_identification:_identify(src) by extension 'ignore_ament_install'
[16.723s] Level 1:colcon.colcon_core.package_identification:_identify(src) by extensions ['colcon_pkg']
[16.723s] Level 1:colcon.colcon_core.package_identification:_identify(src) by extension 'colcon_pkg'
[16.723s] Level 1:colcon.colcon_core.package_identification:_identify(src) by extensions ['colcon_meta']
[16.724s] Level 1:colcon.colcon_core.package_identification:_identify(src) by extension 'colcon_meta'
[16.724s] Level 1:colcon.colcon_core.package_identification:_identify(src) by extensions ['ros']
[16.724s] Level 1:colcon.colcon_core.package_identification:_identify(src) by extension 'ros'
[16.725s] Level 1:colcon.colcon_core.package_identification:_identify(src) by extensions ['cmake', 'python']
[16.726s] Level 1:colcon.colcon_core.package_identification:_identify(src) by extension 'cmake'
[16.726s] Level 1:colcon.colcon_core.package_identification:_identify(src) by extension 'python'
[16.727s] Level 1:colcon.colcon_core.package_identification:_identify(src) by extensions ['python_setup_py']
[16.727s] Level 1:colcon.colcon_core.package_identification:_identify(src) by extension 'python_setup_py'
[16.728s] Level 1:colcon.colcon_core.package_identification:_identify(src/coordinate_msg) by extensions ['ignore', 'ignore_ament_install']
[16.729s] Level 1:colcon.colcon_core.package_identification:_identify(src/coordinate_msg) by extension 'ignore'
[16.730s] Level 1:colcon.colcon_core.package_identification:_identify(src/coordinate_msg) by extension 'ignore_ament_install'
[16.730s] Level 1:colcon.colcon_core.package_identification:_identify(src/coordinate_msg) by extensions ['colcon_pkg']
[16.731s] Level 1:colcon.colcon_core.package_identification:_identify(src/coordinate_msg) by extension 'colcon_pkg'
[16.731s] Level 1:colcon.colcon_core.package_identification:_identify(src/coordinate_msg) by extensions ['colcon_meta']
[16.731s] Level 1:colcon.colcon_core.package_identification:_identify(src/coordinate_msg) by extension 'colcon_meta'
[16.732s] Level 1:colcon.colcon_core.package_identification:_identify(src/coordinate_msg) by extensions ['ros']
[16.732s] Level 1:colcon.colcon_core.package_identification:_identify(src/coordinate_msg) by extension 'ros'
[16.752s] DEBUG:colcon.colcon_core.package_identification:Failed to parse potential ROS package manifest in'src/coordinate_msg': Error(s) in package 'src/coordinate_msg/package.xml':
The manifest contains invalid XML:
mismatched tag: line 14, column 45
[16.753s] Level 1:colcon.colcon_core.package_identification:_identify(src/coordinate_msg) by extensions ['cmake', 'python']
[16.753s] Level 1:colcon.colcon_core.package_identification:_identify(src/coordinate_msg) by extension 'cmake'
[16.768s] Level 1:colcon.colcon_core.package_identification:_identify(src/coordinate_msg) by extension 'python'
[16.769s] DEBUG:colcon.colcon_core.package_identification:Package 'src/coordinate_msg' with type 'cmake' and name 'coordinate_msg'
[16.770s] Level 1:colcon.colcon_core.package_identification:_identify(src/mypkg) by extensions ['ignore', 'ignore_ament_install']
[16.771s] Level 1:colcon.colcon_core.package_identification:_identify(src/mypkg) by extension 'ignore'
[16.772s] Level 1:colcon.colcon_core.package_identification:_identify(src/mypkg) by extension 'ignore_ament_install'
[16.772s] Level 1:colcon.colcon_core.package_identification:_identify(src/mypkg) by extensions ['colcon_pkg']
[16.773s] Level 1:colcon.colcon_core.package_identification:_identify(src/mypkg) by extension 'colcon_pkg'
[16.773s] Level 1:colcon.colcon_core.package_identification:_identify(src/mypkg) by extensions ['colcon_meta']
[16.774s] Level 1:colcon.colcon_core.package_identification:_identify(src/mypkg) by extension 'colcon_meta'
[16.774s] Level 1:colcon.colcon_core.package_identification:_identify(src/mypkg) by extensions ['ros']
[16.775s] Level 1:colcon.colcon_core.package_identification:_identify(src/mypkg) by extension 'ros'
[16.795s] DEBUG:colcon.colcon_core.package_identification:Package 'src/mypkg' with type 'ros.ament_python' and name 'mypkg'
[16.795s] Level 1:colcon.colcon_core.package_discovery:discover_packages(recursive) using defaults
[16.796s] Level 1:colcon.colcon_core.package_discovery:discover_packages(ignore) discover
[16.796s] Level 1:colcon.colcon_core.package_discovery:discover_packages(ignore) using defaults
[16.796s] Level 1:colcon.colcon_core.package_discovery:discover_packages(path) discover
[16.797s] Level 1:colcon.colcon_core.package_discovery:discover_packages(path) using defaults
[18.241s] Level 1:colcon.colcon_core.package_discovery:discover_packages(prefix_path) check parameters
[18.241s] Level 1:colcon.colcon_core.package_discovery:discover_packages(prefix_path) discover
[18.627s] DEBUG:colcon.colcon_installed_package_information.package_discovery:Found 1 installed packages in /home/yamashita/car_ws/install
[18.805s] DEBUG:colcon.colcon_installed_package_information.package_discovery:Found 1 installed packages in /home/yamashita/serial_ws/install
[18.982s] DEBUG:colcon.colcon_installed_package_information.package_discovery:Found 2 installed packages in /home/yamashita/ros2_ws/install
[19.175s] DEBUG:colcon.colcon_installed_package_information.package_discovery:Found 296 installed packages in /opt/ros/humble
[19.191s] Level 1:colcon.colcon_core.package_discovery:discover_packages(prefix_path) using defaults
[20.459s] Level 5:colcon.colcon_core.verb:set package 'coordinate_msg' build argument 'cmake_args' from command line to 'None'
[20.459s] Level 5:colcon.colcon_core.verb:set package 'coordinate_msg' build argument 'cmake_target' from command line to 'None'
[20.460s] Level 5:colcon.colcon_core.verb:set package 'coordinate_msg' build argument 'cmake_target_skip_unavailable' from command line to 'False'
[20.460s] Level 5:colcon.colcon_core.verb:set package 'coordinate_msg' build argument 'cmake_clean_cache' from command line to 'False'
[20.460s] Level 5:colcon.colcon_core.verb:set package 'coordinate_msg' build argument 'cmake_clean_first' from command line to 'False'
[20.460s] Level 5:colcon.colcon_core.verb:set package 'coordinate_msg' build argument 'cmake_force_configure' from command line to 'False'
[20.461s] Level 5:colcon.colcon_core.verb:set package 'coordinate_msg' build argument 'ament_cmake_args' from command line to 'None'
[20.461s] Level 5:colcon.colcon_core.verb:set package 'coordinate_msg' build argument 'catkin_cmake_args' from command line to 'None'
[20.461s] Level 5:colcon.colcon_core.verb:set package 'coordinate_msg' build argument 'catkin_skip_building_tests' from command line to 'False'
[20.461s] DEBUG:colcon.colcon_core.verb:Building package 'coordinate_msg' with the following arguments: {'ament_cmake_args': None, 'build_base': '/home/yamashita/car_ws/build/coordinate_msg', 'catkin_cmake_args': None, 'catkin_skip_building_tests': False, 'cmake_args': None, 'cmake_clean_cache': False, 'cmake_clean_first': False, 'cmake_force_configure': False, 'cmake_target': None, 'cmake_target_skip_unavailable': False, 'install_base': '/home/yamashita/car_ws/install/coordinate_msg', 'merge_install': False, 'path': '/home/yamashita/car_ws/src/coordinate_msg', 'symlink_install': False, 'test_result_base': None}
[20.636s] Level 5:colcon.colcon_core.verb:set package 'mypkg' build argument 'cmake_args' from command line to 'None'
[20.636s] Level 5:colcon.colcon_core.verb:set package 'mypkg' build argument 'cmake_target' from command line to 'None'
[20.637s] Level 5:colcon.colcon_core.verb:set package 'mypkg' build argument 'cmake_target_skip_unavailable' from command line to 'False'
[20.637s] Level 5:colcon.colcon_core.verb:set package 'mypkg' build argument 'cmake_clean_cache' from command line to 'False'
[20.637s] Level 5:colcon.colcon_core.verb:set package 'mypkg' build argument 'cmake_clean_first' from command line to 'False'
[20.637s] Level 5:colcon.colcon_core.verb:set package 'mypkg' build argument 'cmake_force_configure' from command line to 'False'
[20.638s] Level 5:colcon.colcon_core.verb:set package 'mypkg' build argument 'ament_cmake_args' from command line to 'None'
[20.638s] Level 5:colcon.colcon_core.verb:set package 'mypkg' build argument 'catkin_cmake_args' from command line to 'None'
[20.638s] Level 5:colcon.colcon_core.verb:set package 'mypkg' build argument 'catkin_skip_building_tests' from command line to 'False'
[20.638s] DEBUG:colcon.colcon_core.verb:Building package 'mypkg' with the following arguments: {'ament_cmake_args': None, 'build_base': '/home/yamashita/car_ws/build/mypkg', 'catkin_cmake_args': None, 'catkin_skip_building_tests': False, 'cmake_args': None, 'cmake_clean_cache': False, 'cmake_clean_first': False, 'cmake_force_configure': False, 'cmake_target': None, 'cmake_target_skip_unavailable': False, 'install_base': '/home/yamashita/car_ws/install/mypkg', 'merge_install': False, 'path': '/home/yamashita/car_ws/src/mypkg', 'symlink_install': False, 'test_result_base': None}
[20.909s] INFO:colcon.colcon_core.executor:Executing jobs using 'parallel' executor
[21.090s] DEBUG:colcon.colcon_parallel_executor.executor.parallel:run_until_complete
[21.092s] INFO:colcon.colcon_cmake.task.cmake.build:Building CMake package in '/home/yamashita/car_ws/src/coordinate_msg'
[21.317s] INFO:colcon.colcon_core.plugin_system:Skipping extension 'colcon_core.shell.bat': Not used on non-Windows systems
[21.319s] INFO:colcon.colcon_core.shell:Skip shell extension 'powershell' for command environment: Not usable outside of PowerShell
[21.320s] DEBUG:colcon.colcon_core.shell:Skip shell extension 'dsv' for command environment
[22.262s] INFO:colcon.colcon_ros.task.ament_python.build:Building ROS package in '/home/yamashita/car_ws/src/mypkg' with build type 'ament_python'
[22.264s] Level 1:colcon.colcon_core.shell:create_environment_hook('mypkg', 'ament_prefix_path')
[22.451s] INFO:colcon.colcon_core.shell:Creating environment hook '/home/yamashita/car_ws/install/mypkg/share/mypkg/hook/ament_prefix_path.ps1'
[22.460s] INFO:colcon.colcon_core.shell:Creating environment descriptor '/home/yamashita/car_ws/install/mypkg/share/mypkg/hook/ament_prefix_path.dsv'
[22.534s] INFO:colcon.colcon_core.shell:Creating environment hook '/home/yamashita/car_ws/install/mypkg/share/mypkg/hook/ament_prefix_path.sh'
[22.722s] INFO:colcon.colcon_core.shell:Skip shell extension 'powershell' for command environment: Not usable outside of PowerShell
[22.723s] DEBUG:colcon.colcon_core.shell:Skip shell extension 'dsv' for command environment
[25.171s] DEBUG:colcon.colcon_core.event_handler.log_command:Invoking command in '/home/yamashita/car_ws/build/coordinate_msg': /usr/bin/cmake /home/yamashita/car_ws/src/coordinate_msg -DCMAKE_INSTALL_PREFIX=/home/yamashita/car_ws/install/coordinate_msg
[32.003s] INFO:colcon.colcon_core.task.python.build:Building Python package in '/home/yamashita/car_ws/src/mypkg'
[32.213s] INFO:colcon.colcon_core.shell:Skip shell extension 'powershell' for command environment: Not usable outside of PowerShell
[32.214s] DEBUG:colcon.colcon_core.shell:Skip shell extension 'dsv' for command environment
[51.946s] DEBUG:colcon.colcon_core.event_handler.log_command:Invoking command in '/home/yamashita/car_ws/src/mypkg': PYTHONPATH=/home/yamashita/car_ws/build/mypkg/prefix_override:/home/yamashita/car_ws/install/mypkg/lib/python3.10/site-packages:${PYTHONPATH} /usr/bin/python3 setup.py egg_info --egg-base ../../build/mypkg build --build-base /home/yamashita/car_ws/build/mypkg/build install --record /home/yamashita/car_ws/build/mypkg/install.log --single-version-externally-managed
[55.523s] DEBUG:colcon.colcon_core.event_handler.log_command:Invoked command in '/home/yamashita/car_ws/build/coordinate_msg' returned '1': /usr/bin/cmake /home/yamashita/car_ws/src/coordinate_msg -DCMAKE_INSTALL_PREFIX=/home/yamashita/car_ws/install/coordinate_msg
[58.700s] DEBUG:colcon.colcon_parallel_executor.executor.parallel:closing loop
[58.704s] DEBUG:colcon.colcon_parallel_executor.executor.parallel:loop closed
[58.705s] DEBUG:colcon.colcon_parallel_executor.executor.parallel:run_until_complete finished with '1'
[58.706s] DEBUG:colcon.colcon_core.event_reactor:joining thread
[59.008s] INFO:colcon.colcon_core.plugin_system:Skipping extension 'colcon_notification.desktop_notification.terminal_notifier': Not used on non-Darwin systems
[59.009s] INFO:colcon.colcon_core.plugin_system:Skipping extension 'colcon_notification.desktop_notification.win32': Not used on non-Windows systems
[59.009s] INFO:colcon.colcon_notification.desktop_notification:Sending desktop notification using 'notify2'
[59.075s] DEBUG:colcon.colcon_core.event_reactor:joined thread
[59.378s] INFO:colcon.colcon_core.shell:Creating prefix script '/home/yamashita/car_ws/install/local_setup.ps1'
[59.737s] INFO:colcon.colcon_core.shell:Creating prefix util module '/home/yamashita/car_ws/install/_local_setup_util_ps1.py'
[59.756s] INFO:colcon.colcon_core.shell:Creating prefix chain script '/home/yamashita/car_ws/install/setup.ps1'
[59.946s] INFO:colcon.colcon_core.shell:Creating prefix script '/home/yamashita/car_ws/install/local_setup.sh'
[60.022s] INFO:colcon.colcon_core.shell:Creating prefix util module '/home/yamashita/car_ws/install/_local_setup_util_sh.py'
[60.029s] INFO:colcon.colcon_core.shell:Creating prefix chain script '/home/yamashita/car_ws/install/setup.sh'
[60.229s] INFO:colcon.colcon_core.shell:Creating prefix script '/home/yamashita/car_ws/install/local_setup.bash'
[60.243s] INFO:colcon.colcon_core.shell:Creating prefix chain script '/home/yamashita/car_ws/install/setup.bash'
[60.430s] INFO:colcon.colcon_core.shell:Creating prefix script '/home/yamashita/car_ws/install/local_setup.zsh'
[60.441s] INFO:colcon.colcon_core.shell:Creating prefix chain script '/home/yamashita/car_ws/install/setup.zsh'
