[35.273s] Invoking command in '/home/yamashita/car_ws/src/mypkg': PYTHONPATH=/home/yamashita/car_ws/build/mypkg/prefix_override:/home/yamashita/car_ws/install/mypkg/lib/python3.10/site-packages:${PYTHONPATH} /usr/bin/python3 setup.py egg_info --egg-base ../../build/mypkg build --build-base /home/yamashita/car_ws/build/mypkg/build install --record /home/yamashita/car_ws/build/mypkg/install.log --single-version-externally-managed
[38.492s] running egg_info
[38.497s] writing ../../build/mypkg/mypkg.egg-info/PKG-INFO
[38.500s] writing dependency_links to ../../build/mypkg/mypkg.egg-info/dependency_links.txt
[38.502s] writing entry points to ../../build/mypkg/mypkg.egg-info/entry_points.txt
[38.505s] writing requirements to ../../build/mypkg/mypkg.egg-info/requires.txt
[38.507s] writing top-level names to ../../build/mypkg/mypkg.egg-info/top_level.txt
[38.530s] reading manifest file '../../build/mypkg/mypkg.egg-info/SOURCES.txt'
[38.542s] writing manifest file '../../build/mypkg/mypkg.egg-info/SOURCES.txt'
[38.543s] running build
[38.546s] running build_py
[38.547s] copying mypkg/receiver.py -> /home/yamashita/car_ws/build/mypkg/build/lib/mypkg
[38.551s] running install
[38.554s] running install_lib
[38.562s] copying /home/yamashita/car_ws/build/mypkg/build/lib/mypkg/receiver.py -> /home/yamashita/car_ws/install/mypkg/lib/python3.10/site-packages/mypkg
[38.570s] byte-compiling /home/yamashita/car_ws/install/mypkg/lib/python3.10/site-packages/mypkg/receiver.py to receiver.cpython-310.pyc
[38.584s] running install_data
[38.590s] running install_egg_info
[38.606s] removing '/home/yamashita/car_ws/install/mypkg/lib/python3.10/site-packages/mypkg-0.0.0-py3.10.egg-info' (and everything under it)
[38.609s] Copying ../../build/mypkg/mypkg.egg-info to /home/yamashita/car_ws/install/mypkg/lib/python3.10/site-packages/mypkg-0.0.0-py3.10.egg-info
[38.624s] running install_scripts
[38.809s] Installing camera script to /home/yamashita/car_ws/install/mypkg/lib/mypkg
[38.811s] Installing serial script to /home/yamashita/car_ws/install/mypkg/lib/mypkg
[38.815s] writing list of installed files to '/home/yamashita/car_ws/build/mypkg/install.log'
[39.137s] Invoked command in '/home/yamashita/car_ws/src/mypkg' returned '0': PYTHONPATH=/home/yamashita/car_ws/build/mypkg/prefix_override:/home/yamashita/car_ws/install/mypkg/lib/python3.10/site-packages:${PYTHONPATH} /usr/bin/python3 setup.py egg_info --egg-base ../../build/mypkg build --build-base /home/yamashita/car_ws/build/mypkg/build install --record /home/yamashita/car_ws/build/mypkg/install.log --single-version-externally-managed
