[13.942s] Invoking command in '/home/yamashita/car_ws/src/mypkg': PYTHONPATH=/home/yamashita/car_ws/build/mypkg/prefix_override:/home/yamashita/car_ws/install/mypkg/lib/python3.10/site-packages:${PYTHONPATH} /usr/bin/python3 setup.py egg_info --egg-base ../../build/mypkg build --build-base /home/yamashita/car_ws/build/mypkg/build install --record /home/yamashita/car_ws/build/mypkg/install.log --single-version-externally-managed
[17.105s] running egg_info
[17.110s] writing ../../build/mypkg/mypkg.egg-info/PKG-INFO
[17.114s] writing dependency_links to ../../build/mypkg/mypkg.egg-info/dependency_links.txt
[17.116s] writing entry points to ../../build/mypkg/mypkg.egg-info/entry_points.txt
[17.119s] writing requirements to ../../build/mypkg/mypkg.egg-info/requires.txt
[17.121s] writing top-level names to ../../build/mypkg/mypkg.egg-info/top_level.txt
[17.140s] reading manifest file '../../build/mypkg/mypkg.egg-info/SOURCES.txt'
[17.194s] writing manifest file '../../build/mypkg/mypkg.egg-info/SOURCES.txt'
[17.197s] running build
[17.198s] running build_py
[17.200s] copying mypkg/receiver.py -> /home/yamashita/car_ws/build/mypkg/build/lib/mypkg
[17.415s] running install
[17.418s] running install_lib
[17.420s] copying /home/yamashita/car_ws/build/mypkg/build/lib/mypkg/receiver.py -> /home/yamashita/car_ws/install/mypkg/lib/python3.10/site-packages/mypkg
[17.428s] byte-compiling /home/yamashita/car_ws/install/mypkg/lib/python3.10/site-packages/mypkg/receiver.py to receiver.cpython-310.pyc
[17.441s] running install_data
[17.446s] running install_egg_info
[17.460s] removing '/home/yamashita/car_ws/install/mypkg/lib/python3.10/site-packages/mypkg-0.0.0-py3.10.egg-info' (and everything under it)
[17.463s] Copying ../../build/mypkg/mypkg.egg-info to /home/yamashita/car_ws/install/mypkg/lib/python3.10/site-packages/mypkg-0.0.0-py3.10.egg-info
[17.474s] running install_scripts
[17.745s] Installing camera script to /home/yamashita/car_ws/install/mypkg/lib/mypkg
[17.748s] Installing serial script to /home/yamashita/car_ws/install/mypkg/lib/mypkg
[17.981s] writing list of installed files to '/home/yamashita/car_ws/build/mypkg/install.log'
[18.265s] Invoked command in '/home/yamashita/car_ws/src/mypkg' returned '0': PYTHONPATH=/home/yamashita/car_ws/build/mypkg/prefix_override:/home/yamashita/car_ws/install/mypkg/lib/python3.10/site-packages:${PYTHONPATH} /usr/bin/python3 setup.py egg_info --egg-base ../../build/mypkg build --build-base /home/yamashita/car_ws/build/mypkg/build install --record /home/yamashita/car_ws/build/mypkg/install.log --single-version-externally-managed
