[16.277s] Invoking command in '/home/yamashita/car_ws/src/mypkg': PYTHONPATH=/home/yamashita/car_ws/build/mypkg/prefix_override:/home/yamashita/car_ws/install/mypkg/lib/python3.10/site-packages:${PYTHONPATH} /usr/bin/python3 setup.py egg_info --egg-base ../../build/mypkg build --build-base /home/yamashita/car_ws/build/mypkg/build install --record /home/yamashita/car_ws/build/mypkg/install.log --single-version-externally-managed
[19.161s] running egg_info
[19.337s] writing ../../build/mypkg/mypkg.egg-info/PKG-INFO
[19.342s] writing dependency_links to ../../build/mypkg/mypkg.egg-info/dependency_links.txt
[19.345s] writing entry points to ../../build/mypkg/mypkg.egg-info/entry_points.txt
[19.347s] writing requirements to ../../build/mypkg/mypkg.egg-info/requires.txt
[19.349s] writing top-level names to ../../build/mypkg/mypkg.egg-info/top_level.txt
[19.743s] reading manifest file '../../build/mypkg/mypkg.egg-info/SOURCES.txt'
[19.752s] writing manifest file '../../build/mypkg/mypkg.egg-info/SOURCES.txt'
[19.754s] running build
[19.755s] running build_py
[19.756s] copying mypkg/serial.py -> /home/yamashita/car_ws/build/mypkg/build/lib/mypkg
[19.759s] copying mypkg/receiver.py -> /home/yamashita/car_ws/build/mypkg/build/lib/mypkg
[19.761s] copying mypkg/__init__.py -> /home/yamashita/car_ws/build/mypkg/build/lib/mypkg
[19.765s] running install
[19.767s] /home/yamashita/.local/lib/python3.10/site-packages/setuptools/_distutils/cmd.py:66: SetuptoolsDeprecationWarning: setup.py install is deprecated.
[19.768s] !!
[19.769s] 
[19.770s]         ********************************************************************************
[19.771s]         Please avoid running ``setup.py`` directly.
[19.772s]         Instead, use pypa/build, pypa/installer or other
[19.773s]         standards-based tools.
[19.773s] 
[19.775s]         See https://blog.ganssle.io/articles/2021/10/setup-py-deprecated.html for details.
[19.775s]         ********************************************************************************
[19.776s] 
[19.777s] !!
[19.778s]   self.initialize_options()
[19.823s] running install_lib
[20.008s] running install_data
[20.207s] copying resource/mypkg -> /home/yamashita/car_ws/install/mypkg/share/ament_index/resource_index/packages
[20.209s] copying package.xml -> /home/yamashita/car_ws/install/mypkg/share/mypkg
[20.211s] copying launch/car.launch.py -> /home/yamashita/car_ws/install/mypkg/share/mypkg
[20.213s] running install_egg_info
[20.401s] removing '/home/yamashita/car_ws/install/mypkg/lib/python3.10/site-packages/mypkg-0.0.0-py3.10.egg-info' (and everything under it)
[20.405s] Copying ../../build/mypkg/mypkg.egg-info to /home/yamashita/car_ws/install/mypkg/lib/python3.10/site-packages/mypkg-0.0.0-py3.10.egg-info
[20.417s] running install_scripts
[22.521s] Installing camera script to /home/yamashita/car_ws/install/mypkg/lib/mypkg
[22.524s] Installing serial script to /home/yamashita/car_ws/install/mypkg/lib/mypkg
[22.529s] writing list of installed files to '/home/yamashita/car_ws/build/mypkg/install.log'
[22.932s] Invoked command in '/home/yamashita/car_ws/src/mypkg' returned '0': PYTHONPATH=/home/yamashita/car_ws/build/mypkg/prefix_override:/home/yamashita/car_ws/install/mypkg/lib/python3.10/site-packages:${PYTHONPATH} /usr/bin/python3 setup.py egg_info --egg-base ../../build/mypkg build --build-base /home/yamashita/car_ws/build/mypkg/build install --record /home/yamashita/car_ws/build/mypkg/install.log --single-version-externally-managed
