[10.137s] Invoking command in '/home/yamashita/car_ws/src/mypkg': PYTHONPATH=/home/yamashita/car_ws/build/mypkg/prefix_override:/home/yamashita/car_ws/install/mypkg/lib/python3.10/site-packages:${PYTHONPATH} /usr/bin/python3 setup.py egg_info --egg-base ../../build/mypkg build --build-base /home/yamashita/car_ws/build/mypkg/build install --record /home/yamashita/car_ws/build/mypkg/install.log --single-version-externally-managed
[12.780s] running egg_info
[12.785s] writing ../../build/mypkg/mypkg.egg-info/PKG-INFO
[12.787s] writing dependency_links to ../../build/mypkg/mypkg.egg-info/dependency_links.txt
[12.789s] writing entry points to ../../build/mypkg/mypkg.egg-info/entry_points.txt
[12.790s] writing requirements to ../../build/mypkg/mypkg.egg-info/requires.txt
[12.792s] writing top-level names to ../../build/mypkg/mypkg.egg-info/top_level.txt
[12.809s] reading manifest file '../../build/mypkg/mypkg.egg-info/SOURCES.txt'
[12.817s] writing manifest file '../../build/mypkg/mypkg.egg-info/SOURCES.txt'
[12.818s] running build
[12.819s] running build_py
[12.822s] running install
[12.825s] running install_lib
[12.836s] running install_data
[12.841s] copying launch/car.launch.py -> /home/yamashita/car_ws/install/mypkg/share/mypkg
[12.842s] running install_egg_info
[12.857s] removing '/home/yamashita/car_ws/install/mypkg/lib/python3.10/site-packages/mypkg-0.0.0-py3.10.egg-info' (and everything under it)
[12.860s] Copying ../../build/mypkg/mypkg.egg-info to /home/yamashita/car_ws/install/mypkg/lib/python3.10/site-packages/mypkg-0.0.0-py3.10.egg-info
[12.870s] running install_scripts
[13.034s] Installing camera script to /home/yamashita/car_ws/install/mypkg/lib/mypkg
[13.035s] Installing serial script to /home/yamashita/car_ws/install/mypkg/lib/mypkg
[13.039s] writing list of installed files to '/home/yamashita/car_ws/build/mypkg/install.log'
[13.316s] Invoked command in '/home/yamashita/car_ws/src/mypkg' returned '0': PYTHONPATH=/home/yamashita/car_ws/build/mypkg/prefix_override:/home/yamashita/car_ws/install/mypkg/lib/python3.10/site-packages:${PYTHONPATH} /usr/bin/python3 setup.py egg_info --egg-base ../../build/mypkg build --build-base /home/yamashita/car_ws/build/mypkg/build install --record /home/yamashita/car_ws/build/mypkg/install.log --single-version-externally-managed
