[4.301s] Invoking command in '/home/yamashita/car_ws/src/mypkg': PYTHONPATH=/home/yamashita/car_ws/build/mypkg/prefix_override:/home/yamashita/car_ws/install/mypkg/lib/python3.10/site-packages:${PYTHONPATH} /usr/bin/python3 setup.py egg_info --egg-base ../../build/mypkg build --build-base /home/yamashita/car_ws/build/mypkg/build install --record /home/yamashita/car_ws/build/mypkg/install.log --single-version-externally-managed
[5.414s] running egg_info
[5.416s] writing ../../build/mypkg/mypkg.egg-info/PKG-INFO
[5.417s] writing dependency_links to ../../build/mypkg/mypkg.egg-info/dependency_links.txt
[5.418s] writing entry points to ../../build/mypkg/mypkg.egg-info/entry_points.txt
[5.419s] writing requirements to ../../build/mypkg/mypkg.egg-info/requires.txt
[5.419s] writing top-level names to ../../build/mypkg/mypkg.egg-info/top_level.txt
[5.428s] reading manifest file '../../build/mypkg/mypkg.egg-info/SOURCES.txt'
[5.431s] writing manifest file '../../build/mypkg/mypkg.egg-info/SOURCES.txt'
[5.432s] running build
[5.432s] running build_py
[5.433s] copying mypkg/CircleImgPub.py -> /home/yamashita/car_ws/build/mypkg/build/lib/mypkg
[5.434s] running install
[5.436s] running install_lib
[5.439s] copying /home/yamashita/car_ws/build/mypkg/build/lib/mypkg/CircleImgPub.py -> /home/yamashita/car_ws/install/mypkg/lib/python3.10/site-packages/mypkg
[5.442s] byte-compiling /home/yamashita/car_ws/install/mypkg/lib/python3.10/site-packages/mypkg/CircleImgPub.py to CircleImgPub.cpython-310.pyc
[5.446s] running install_data
[5.449s] running install_egg_info
[5.455s] removing '/home/yamashita/car_ws/install/mypkg/lib/python3.10/site-packages/mypkg-0.0.0-py3.10.egg-info' (and everything under it)
[5.456s] Copying ../../build/mypkg/mypkg.egg-info to /home/yamashita/car_ws/install/mypkg/lib/python3.10/site-packages/mypkg-0.0.0-py3.10.egg-info
[5.461s] running install_scripts
[5.535s] Installing CircleImgPub script to /home/yamashita/car_ws/install/mypkg/lib/mypkg
[5.535s] Installing camera0 script to /home/yamashita/car_ws/install/mypkg/lib/mypkg
[5.536s] Installing serial script to /home/yamashita/car_ws/install/mypkg/lib/mypkg
[5.538s] writing list of installed files to '/home/yamashita/car_ws/build/mypkg/install.log'
[5.661s] Invoked command in '/home/yamashita/car_ws/src/mypkg' returned '0': PYTHONPATH=/home/yamashita/car_ws/build/mypkg/prefix_override:/home/yamashita/car_ws/install/mypkg/lib/python3.10/site-packages:${PYTHONPATH} /usr/bin/python3 setup.py egg_info --egg-base ../../build/mypkg build --build-base /home/yamashita/car_ws/build/mypkg/build install --record /home/yamashita/car_ws/build/mypkg/install.log --single-version-externally-managed
