[3.723s] Invoking command in '/home/yamashita/car_ws/src/mypkg': PYTHONPATH=/home/yamashita/car_ws/build/mypkg/prefix_override:/home/yamashita/car_ws/install/mypkg/lib/python3.10/site-packages:${PYTHONPATH} /usr/bin/python3 -W ignore:setup.py install is deprecated setup.py egg_info --egg-base ../../build/mypkg build --build-base /home/yamashita/car_ws/build/mypkg/build install --record /home/yamashita/car_ws/build/mypkg/install.log --single-version-externally-managed install_data
[4.886s] running egg_info
[4.888s] writing ../../build/mypkg/mypkg.egg-info/PKG-INFO
[4.889s] writing dependency_links to ../../build/mypkg/mypkg.egg-info/dependency_links.txt
[4.890s] writing entry points to ../../build/mypkg/mypkg.egg-info/entry_points.txt
[4.890s] writing requirements to ../../build/mypkg/mypkg.egg-info/requires.txt
[4.891s] writing top-level names to ../../build/mypkg/mypkg.egg-info/top_level.txt
[4.900s] reading manifest file '../../build/mypkg/mypkg.egg-info/SOURCES.txt'
[4.903s] writing manifest file '../../build/mypkg/mypkg.egg-info/SOURCES.txt'
[4.904s] running build
[4.904s] running build_py
[4.905s] copying mypkg/CircleImgPub.py -> /home/yamashita/car_ws/build/mypkg/build/lib/mypkg
[4.906s] running install
[4.907s] running install_lib
[4.911s] copying /home/yamashita/car_ws/build/mypkg/build/lib/mypkg/CircleImgPub.py -> /home/yamashita/car_ws/install/mypkg/lib/python3.10/site-packages/mypkg
[4.915s] byte-compiling /home/yamashita/car_ws/install/mypkg/lib/python3.10/site-packages/mypkg/CircleImgPub.py to CircleImgPub.cpython-310.pyc
[4.922s] running install_data
[4.923s] running install_egg_info
[4.929s] removing '/home/yamashita/car_ws/install/mypkg/lib/python3.10/site-packages/mypkg-0.0.0-py3.10.egg-info' (and everything under it)
[4.931s] Copying ../../build/mypkg/mypkg.egg-info to /home/yamashita/car_ws/install/mypkg/lib/python3.10/site-packages/mypkg-0.0.0-py3.10.egg-info
[4.936s] running install_scripts
[5.011s] Installing CircleImgPub script to /home/yamashita/car_ws/install/mypkg/lib/mypkg
[5.012s] Installing camera script to /home/yamashita/car_ws/install/mypkg/lib/mypkg
[5.013s] Installing serial script to /home/yamashita/car_ws/install/mypkg/lib/mypkg
[5.015s] writing list of installed files to '/home/yamashita/car_ws/build/mypkg/install.log'
[5.139s] Invoked command in '/home/yamashita/car_ws/src/mypkg' returned '0': PYTHONPATH=/home/yamashita/car_ws/build/mypkg/prefix_override:/home/yamashita/car_ws/install/mypkg/lib/python3.10/site-packages:${PYTHONPATH} /usr/bin/python3 -W ignore:setup.py install is deprecated setup.py egg_info --egg-base ../../build/mypkg build --build-base /home/yamashita/car_ws/build/mypkg/build install --record /home/yamashita/car_ws/build/mypkg/install.log --single-version-externally-managed install_data
