[10.233s] Invoking command in '/home/yamashita/car_ws/src/mypkg': PYTHONPATH=/home/yamashita/car_ws/build/mypkg/prefix_override:/home/yamashita/car_ws/install/mypkg/lib/python3.10/site-packages:${PYTHONPATH} /usr/bin/python3 setup.py egg_info --egg-base ../../build/mypkg build --build-base /home/yamashita/car_ws/build/mypkg/build install --record /home/yamashita/car_ws/build/mypkg/install.log --single-version-externally-managed
[12.865s] running egg_info
[12.869s] writing ../../build/mypkg/mypkg.egg-info/PKG-INFO
[12.872s] writing dependency_links to ../../build/mypkg/mypkg.egg-info/dependency_links.txt
[12.874s] writing entry points to ../../build/mypkg/mypkg.egg-info/entry_points.txt
[12.875s] writing requirements to ../../build/mypkg/mypkg.egg-info/requires.txt
[12.877s] writing top-level names to ../../build/mypkg/mypkg.egg-info/top_level.txt
[12.894s] reading manifest file '../../build/mypkg/mypkg.egg-info/SOURCES.txt'
[12.901s] writing manifest file '../../build/mypkg/mypkg.egg-info/SOURCES.txt'
[12.903s] running build
[12.903s] running build_py
[12.905s] copying mypkg/receiver.py -> /home/yamashita/car_ws/build/mypkg/build/lib/mypkg
[12.908s] running install
[12.911s] running install_lib
[12.917s] copying /home/yamashita/car_ws/build/mypkg/build/lib/mypkg/receiver.py -> /home/yamashita/car_ws/install/mypkg/lib/python3.10/site-packages/mypkg
[12.924s] byte-compiling /home/yamashita/car_ws/install/mypkg/lib/python3.10/site-packages/mypkg/receiver.py to receiver.cpython-310.pyc
[12.936s] running install_data
[12.941s] running install_egg_info
[12.955s] removing '/home/yamashita/car_ws/install/mypkg/lib/python3.10/site-packages/mypkg-0.0.0-py3.10.egg-info' (and everything under it)
[12.959s] Copying ../../build/mypkg/mypkg.egg-info to /home/yamashita/car_ws/install/mypkg/lib/python3.10/site-packages/mypkg-0.0.0-py3.10.egg-info
[12.969s] running install_scripts
[13.131s] Installing camera script to /home/yamashita/car_ws/install/mypkg/lib/mypkg
[13.132s] Installing serial script to /home/yamashita/car_ws/install/mypkg/lib/mypkg
[13.136s] writing list of installed files to '/home/yamashita/car_ws/build/mypkg/install.log'
[13.413s] Invoked command in '/home/yamashita/car_ws/src/mypkg' returned '0': PYTHONPATH=/home/yamashita/car_ws/build/mypkg/prefix_override:/home/yamashita/car_ws/install/mypkg/lib/python3.10/site-packages:${PYTHONPATH} /usr/bin/python3 setup.py egg_info --egg-base ../../build/mypkg build --build-base /home/yamashita/car_ws/build/mypkg/build install --record /home/yamashita/car_ws/build/mypkg/install.log --single-version-externally-managed
