[2.467s] Invoking command in '/home/yamashita/car_ws/build/coordinate_msg': CMAKE_PREFIX_PATH=/home/yamashita/car_ws/install/mypkg:/home/yamashita/serial_ws/install/ros_serial:/home/yamashita/ros2_ws/install/robo231:/opt/ros/humble /usr/bin/cmake --build /home/yamashita/car_ws/build/coordinate_msg -- -j4 -l4
[2.688s] -- Found ament_cmake: 1.3.6 (/opt/ros/humble/share/ament_cmake/cmake)
[4.436s] -- Found rosidl_default_generators: 1.2.0 (/opt/ros/humble/share/rosidl_default_generators/cmake)
[4.456s] -- Using all available rosidl_typesupport_c: rosidl_typesupport_fastrtps_c;rosidl_typesupport_introspection_c
[4.486s] -- Found rosidl_adapter: 3.1.5 (/opt/ros/humble/share/rosidl_adapter/cmake)
[4.918s] -- Using all available rosidl_typesupport_cpp: rosidl_typesupport_fastrtps_cpp;rosidl_typesupport_introspection_cpp
[8.093s] -- Found ament_cmake_ros: 0.10.0 (/opt/ros/humble/share/ament_cmake_ros/cmake)
[10.286s] -- Using all available rosidl_typesupport_c: rosidl_typesupport_fastrtps_c;rosidl_typesupport_introspection_c
[13.140s] -- Using all available rosidl_typesupport_cpp: rosidl_typesupport_fastrtps_cpp;rosidl_typesupport_introspection_cpp
[13.432s] -- Found python_cmake_module: 0.10.0 (/opt/ros/humble/share/python_cmake_module/cmake)
[13.720s] -- Using PYTHON_EXECUTABLE: /usr/bin/python3
[13.722s] -- Using PYTHON_INCLUDE_DIRS: /usr/include/python3.10
[13.723s] -- Using PYTHON_LIBRARIES: /usr/lib/aarch64-linux-gnu/libpython3.10.so
[13.882s] -- Found ament_lint_auto: 0.12.9 (/opt/ros/humble/share/ament_lint_auto/cmake)
[14.059s] -- Added test 'lint_cmake' to check CMake code style
[14.080s] -- Added test 'xmllint' to check XML markup files
[14.115s] -- Configuring done
[14.747s] -- Generating done
[14.816s] -- Build files have been written to: /home/yamashita/car_ws/build/coordinate_msg
[15.010s] [  3%] [34m[1mGenerating C code for ROS interfaces[0m
[15.113s] [  6%] [34m[1mGenerating C++ code for ROS interfaces[0m
[15.239s] [  6%] Built target ament_cmake_python_copy_coordinate_msg
[18.762s] [  6%] Built target coordinate_msg__cpp
[18.895s] [  9%] [34m[1mGenerating C++ type support dispatch for ROS interfaces[0m
[18.932s] [35m[1mConsolidate compiler generated dependencies of target coordinate_msg__rosidl_generator_c[0m
[18.953s] [ 12%] [34m[1mGenerating C++ type support for eProsima Fast-RTPS[0m
[18.994s] running egg_info
[19.178s] [ 16%] [32mBuilding C object CMakeFiles/coordinate_msg__rosidl_generator_c.dir/rosidl_generator_c/coordinate_msg/msg/detail/coordinate__functions.c.o[0m
[19.404s] writing coordinate_msg.egg-info/PKG-INFO
[19.411s] writing dependency_links to coordinate_msg.egg-info/dependency_links.txt
[19.417s] writing top-level names to coordinate_msg.egg-info/top_level.txt
[20.201s] [ 19%] [32m[1mLinking C shared library libcoordinate_msg__rosidl_generator_c.so[0m
[20.931s] reading manifest file 'coordinate_msg.egg-info/SOURCES.txt'
[20.946s] writing manifest file 'coordinate_msg.egg-info/SOURCES.txt'
[21.057s] [ 19%] Built target coordinate_msg__rosidl_generator_c
[21.342s] [ 22%] [34m[1mGenerating C++ introspection for ROS interfaces[0m
[21.534s] [ 22%] Built target ament_cmake_python_build_coordinate_msg_egg
[21.768s] [ 25%] [34m[1mGenerating C type support for eProsima Fast-RTPS[0m
[22.755s] [35m[1mConsolidate compiler generated dependencies of target coordinate_msg__rosidl_typesupport_cpp[0m
[22.987s] [ 29%] [32mBuilding CXX object CMakeFiles/coordinate_msg__rosidl_typesupport_cpp.dir/rosidl_typesupport_cpp/coordinate_msg/msg/coordinate__type_support.cpp.o[0m
[23.264s] [35m[1mConsolidate compiler generated dependencies of target coordinate_msg__rosidl_typesupport_fastrtps_cpp[0m
[23.569s] [ 32%] [32mBuilding CXX object CMakeFiles/coordinate_msg__rosidl_typesupport_fastrtps_cpp.dir/rosidl_typesupport_fastrtps_cpp/coordinate_msg/msg/detail/dds_fastrtps/coordinate__type_support.cpp.o[0m
[25.349s] [35m[1mConsolidate compiler generated dependencies of target coordinate_msg__rosidl_typesupport_introspection_cpp[0m
[25.529s] [ 35%] [32mBuilding CXX object CMakeFiles/coordinate_msg__rosidl_typesupport_introspection_cpp.dir/rosidl_typesupport_introspection_cpp/coordinate_msg/msg/detail/coordinate__type_support.cpp.o[0m
[25.819s] [35m[1mConsolidate compiler generated dependencies of target coordinate_msg__rosidl_typesupport_fastrtps_c[0m
[25.989s] [ 38%] [32mBuilding CXX object CMakeFiles/coordinate_msg__rosidl_typesupport_fastrtps_c.dir/rosidl_typesupport_fastrtps_c/coordinate_msg/msg/detail/coordinate__type_support_c.cpp.o[0m
[37.313s] [ 45%] [32m[1mLinking CXX shared library libcoordinate_msg__rosidl_typesupport_fastrtps_c.so[0m
[37.315s] [ 45%] [32m[1mLinking CXX shared library libcoordinate_msg__rosidl_typesupport_fastrtps_cpp.so[0m
[37.319s] [ 48%] [32m[1mLinking CXX shared library libcoordinate_msg__rosidl_typesupport_cpp.so[0m
[37.954s] [ 48%] Built target coordinate_msg__rosidl_typesupport_cpp
[38.285s] [ 51%] [34m[1mGenerating C introspection for ROS interfaces[0m
[38.716s] [ 51%] Built target coordinate_msg__rosidl_typesupport_fastrtps_c
[38.754s] [ 51%] Built target coordinate_msg__rosidl_typesupport_fastrtps_cpp
[38.828s] [ 54%] [34m[1mGenerating C type support dispatch for ROS interfaces[0m
[41.452s] [35m[1mConsolidate compiler generated dependencies of target coordinate_msg__rosidl_typesupport_introspection_c[0m
[41.550s] [35m[1mConsolidate compiler generated dependencies of target coordinate_msg__rosidl_typesupport_c[0m
[41.564s] [ 58%] [32mBuilding C object CMakeFiles/coordinate_msg__rosidl_typesupport_introspection_c.dir/rosidl_typesupport_introspection_c/coordinate_msg/msg/detail/coordinate__type_support.c.o[0m
[41.654s] [ 61%] [32mBuilding CXX object CMakeFiles/coordinate_msg__rosidl_typesupport_c.dir/rosidl_typesupport_c/coordinate_msg/msg/coordinate__type_support.cpp.o[0m
[41.729s] [ 64%] [32m[1mLinking CXX shared library libcoordinate_msg__rosidl_typesupport_introspection_cpp.so[0m
[41.988s] [ 67%] [32m[1mLinking C shared library libcoordinate_msg__rosidl_typesupport_introspection_c.so[0m
[41.995s] [ 70%] [32m[1mLinking CXX shared library libcoordinate_msg__rosidl_typesupport_c.so[0m
[42.173s] [ 70%] Built target coordinate_msg__rosidl_typesupport_introspection_cpp
[42.271s] [ 70%] Built target coordinate_msg__rosidl_typesupport_introspection_c
[42.341s] [ 70%] Built target coordinate_msg__rosidl_typesupport_c
[42.506s] [ 70%] Built target coordinate_msg
[42.674s] [ 74%] [34m[1mGenerating Python code for ROS interfaces[0m
[45.563s] [ 74%] Built target coordinate_msg__py
[45.647s] [35m[1mConsolidate compiler generated dependencies of target coordinate_msg__rosidl_generator_py[0m
[45.768s] [ 77%] [32mBuilding C object CMakeFiles/coordinate_msg__rosidl_generator_py.dir/rosidl_generator_py/coordinate_msg/msg/_coordinate_s.c.o[0m
[47.050s] [ 80%] [32m[1mLinking C shared library rosidl_generator_py/coordinate_msg/libcoordinate_msg__rosidl_generator_py.so[0m
[47.432s] [ 80%] Built target coordinate_msg__rosidl_generator_py
[47.523s] [35m[1mConsolidate compiler generated dependencies of target coordinate_msg__rosidl_typesupport_fastrtps_c__pyext[0m
[47.525s] [35m[1mConsolidate compiler generated dependencies of target coordinate_msg__rosidl_typesupport_introspection_c__pyext[0m
[47.530s] [35m[1mConsolidate compiler generated dependencies of target coordinate_msg__rosidl_typesupport_c__pyext[0m
[47.644s] [ 83%] [32mBuilding C object CMakeFiles/coordinate_msg__rosidl_typesupport_fastrtps_c__pyext.dir/rosidl_generator_py/coordinate_msg/_coordinate_msg_s.ep.rosidl_typesupport_fastrtps_c.c.o[0m
[47.648s] [ 87%] [32mBuilding C object CMakeFiles/coordinate_msg__rosidl_typesupport_c__pyext.dir/rosidl_generator_py/coordinate_msg/_coordinate_msg_s.ep.rosidl_typesupport_c.c.o[0m
[47.653s] [ 90%] [32mBuilding C object CMakeFiles/coordinate_msg__rosidl_typesupport_introspection_c__pyext.dir/rosidl_generator_py/coordinate_msg/_coordinate_msg_s.ep.rosidl_typesupport_introspection_c.c.o[0m
[48.605s] [ 93%] [32m[1mLinking C shared library rosidl_generator_py/coordinate_msg/coordinate_msg_s__rosidl_typesupport_c.cpython-310-aarch64-linux-gnu.so[0m
[48.647s] [ 96%] [32m[1mLinking C shared library rosidl_generator_py/coordinate_msg/coordinate_msg_s__rosidl_typesupport_introspection_c.cpython-310-aarch64-linux-gnu.so[0m
[48.712s] [100%] [32m[1mLinking C shared library rosidl_generator_py/coordinate_msg/coordinate_msg_s__rosidl_typesupport_fastrtps_c.cpython-310-aarch64-linux-gnu.so[0m
[48.987s] [100%] Built target coordinate_msg__rosidl_typesupport_c__pyext
[49.037s] [100%] Built target coordinate_msg__rosidl_typesupport_introspection_c__pyext
[49.105s] [100%] Built target coordinate_msg__rosidl_typesupport_fastrtps_c__pyext
[49.193s] Invoked command in '/home/yamashita/car_ws/build/coordinate_msg' returned '0': CMAKE_PREFIX_PATH=/home/yamashita/car_ws/install/mypkg:/home/yamashita/serial_ws/install/ros_serial:/home/yamashita/ros2_ws/install/robo231:/opt/ros/humble /usr/bin/cmake --build /home/yamashita/car_ws/build/coordinate_msg -- -j4 -l4
[49.919s] Invoking command in '/home/yamashita/car_ws/build/coordinate_msg': CMAKE_PREFIX_PATH=/home/yamashita/car_ws/install/mypkg:/home/yamashita/serial_ws/install/ros_serial:/home/yamashita/ros2_ws/install/robo231:/opt/ros/humble /usr/bin/cmake --install /home/yamashita/car_ws/build/coordinate_msg
[49.974s] -- Install configuration: ""
[49.976s] -- Up-to-date: /home/yamashita/car_ws/install/coordinate_msg/share/ament_index/resource_index/rosidl_interfaces/coordinate_msg
[49.977s] -- Up-to-date: /home/yamashita/car_ws/install/coordinate_msg/include/coordinate_msg/coordinate_msg
[49.979s] -- Up-to-date: /home/yamashita/car_ws/install/coordinate_msg/include/coordinate_msg/coordinate_msg/msg
[49.980s] -- Up-to-date: /home/yamashita/car_ws/install/coordinate_msg/include/coordinate_msg/coordinate_msg/msg/detail
[49.981s] -- Installing: /home/yamashita/car_ws/install/coordinate_msg/include/coordinate_msg/coordinate_msg/msg/detail/coordinate__functions.h
[49.982s] -- Installing: /home/yamashita/car_ws/install/coordinate_msg/include/coordinate_msg/coordinate_msg/msg/detail/coordinate__functions.c
[49.984s] -- Installing: /home/yamashita/car_ws/install/coordinate_msg/include/coordinate_msg/coordinate_msg/msg/detail/coordinate__struct.h
[49.987s] -- Installing: /home/yamashita/car_ws/install/coordinate_msg/include/coordinate_msg/coordinate_msg/msg/detail/coordinate__type_support.h
[49.989s] -- Installing: /home/yamashita/car_ws/install/coordinate_msg/include/coordinate_msg/coordinate_msg/msg/coordinate.h
[49.992s] -- Up-to-date: /home/yamashita/car_ws/install/coordinate_msg/include/coordinate_msg/coordinate_msg/msg/rosidl_generator_c__visibility_control.h
[49.993s] -- Up-to-date: /home/yamashita/car_ws/install/coordinate_msg/share/coordinate_msg/environment/library_path.sh
[49.994s] -- Installing: /home/yamashita/car_ws/install/coordinate_msg/share/coordinate_msg/environment/library_path.dsv
[49.998s] -- Installing: /home/yamashita/car_ws/install/coordinate_msg/lib/libcoordinate_msg__rosidl_generator_c.so
[50.004s] -- Set runtime path of "/home/yamashita/car_ws/install/coordinate_msg/lib/libcoordinate_msg__rosidl_generator_c.so" to ""
[50.005s] -- Up-to-date: /home/yamashita/car_ws/install/coordinate_msg/include/coordinate_msg/coordinate_msg
[50.007s] -- Up-to-date: /home/yamashita/car_ws/install/coordinate_msg/include/coordinate_msg/coordinate_msg/msg
[50.008s] -- Up-to-date: /home/yamashita/car_ws/install/coordinate_msg/include/coordinate_msg/coordinate_msg/msg/rosidl_typesupport_fastrtps_c__visibility_control.h
[50.009s] -- Up-to-date: /home/yamashita/car_ws/install/coordinate_msg/include/coordinate_msg/coordinate_msg/msg/detail
[50.009s] -- Installing: /home/yamashita/car_ws/install/coordinate_msg/include/coordinate_msg/coordinate_msg/msg/detail/coordinate__rosidl_typesupport_fastrtps_c.h
[50.012s] -- Installing: /home/yamashita/car_ws/install/coordinate_msg/lib/libcoordinate_msg__rosidl_typesupport_fastrtps_c.so
[50.017s] -- Set runtime path of "/home/yamashita/car_ws/install/coordinate_msg/lib/libcoordinate_msg__rosidl_typesupport_fastrtps_c.so" to ""
[50.019s] -- Up-to-date: /home/yamashita/car_ws/install/coordinate_msg/include/coordinate_msg/coordinate_msg
[50.020s] -- Up-to-date: /home/yamashita/car_ws/install/coordinate_msg/include/coordinate_msg/coordinate_msg/msg
[50.021s] -- Up-to-date: /home/yamashita/car_ws/install/coordinate_msg/include/coordinate_msg/coordinate_msg/msg/detail
[50.022s] -- Installing: /home/yamashita/car_ws/install/coordinate_msg/include/coordinate_msg/coordinate_msg/msg/detail/coordinate__rosidl_typesupport_introspection_c.h
[50.023s] -- Installing: /home/yamashita/car_ws/install/coordinate_msg/include/coordinate_msg/coordinate_msg/msg/detail/coordinate__type_support.c
[50.026s] -- Up-to-date: /home/yamashita/car_ws/install/coordinate_msg/include/coordinate_msg/coordinate_msg/msg/rosidl_typesupport_introspection_c__visibility_control.h
[50.028s] -- Installing: /home/yamashita/car_ws/install/coordinate_msg/lib/libcoordinate_msg__rosidl_typesupport_introspection_c.so
[50.034s] -- Set runtime path of "/home/yamashita/car_ws/install/coordinate_msg/lib/libcoordinate_msg__rosidl_typesupport_introspection_c.so" to ""
[50.036s] -- Installing: /home/yamashita/car_ws/install/coordinate_msg/lib/libcoordinate_msg__rosidl_typesupport_c.so
[50.070s] -- Set runtime path of "/home/yamashita/car_ws/install/coordinate_msg/lib/libcoordinate_msg__rosidl_typesupport_c.so" to ""
[50.072s] -- Up-to-date: /home/yamashita/car_ws/install/coordinate_msg/include/coordinate_msg/coordinate_msg
[50.073s] -- Up-to-date: /home/yamashita/car_ws/install/coordinate_msg/include/coordinate_msg/coordinate_msg/msg
[50.074s] -- Up-to-date: /home/yamashita/car_ws/install/coordinate_msg/include/coordinate_msg/coordinate_msg/msg/detail
[50.075s] -- Installing: /home/yamashita/car_ws/install/coordinate_msg/include/coordinate_msg/coordinate_msg/msg/detail/coordinate__builder.hpp
[50.076s] -- Installing: /home/yamashita/car_ws/install/coordinate_msg/include/coordinate_msg/coordinate_msg/msg/detail/coordinate__traits.hpp
[50.079s] -- Installing: /home/yamashita/car_ws/install/coordinate_msg/include/coordinate_msg/coordinate_msg/msg/detail/coordinate__struct.hpp
[50.082s] -- Installing: /home/yamashita/car_ws/install/coordinate_msg/include/coordinate_msg/coordinate_msg/msg/coordinate.hpp
[50.085s] -- Up-to-date: /home/yamashita/car_ws/install/coordinate_msg/include/coordinate_msg/coordinate_msg
[50.086s] -- Up-to-date: /home/yamashita/car_ws/install/coordinate_msg/include/coordinate_msg/coordinate_msg/msg
[50.087s] -- Up-to-date: /home/yamashita/car_ws/install/coordinate_msg/include/coordinate_msg/coordinate_msg/msg/detail
[50.088s] -- Installing: /home/yamashita/car_ws/install/coordinate_msg/include/coordinate_msg/coordinate_msg/msg/detail/coordinate__rosidl_typesupport_fastrtps_cpp.hpp
[50.089s] -- Up-to-date: /home/yamashita/car_ws/install/coordinate_msg/include/coordinate_msg/coordinate_msg/msg/detail/dds_fastrtps
[50.091s] -- Up-to-date: /home/yamashita/car_ws/install/coordinate_msg/include/coordinate_msg/coordinate_msg/msg/rosidl_typesupport_fastrtps_cpp__visibility_control.h
[50.093s] -- Installing: /home/yamashita/car_ws/install/coordinate_msg/lib/libcoordinate_msg__rosidl_typesupport_fastrtps_cpp.so
[50.099s] -- Set runtime path of "/home/yamashita/car_ws/install/coordinate_msg/lib/libcoordinate_msg__rosidl_typesupport_fastrtps_cpp.so" to ""
[50.100s] -- Up-to-date: /home/yamashita/car_ws/install/coordinate_msg/include/coordinate_msg/coordinate_msg
[50.101s] -- Up-to-date: /home/yamashita/car_ws/install/coordinate_msg/include/coordinate_msg/coordinate_msg/msg
[50.102s] -- Up-to-date: /home/yamashita/car_ws/install/coordinate_msg/include/coordinate_msg/coordinate_msg/msg/detail
[50.103s] -- Installing: /home/yamashita/car_ws/install/coordinate_msg/include/coordinate_msg/coordinate_msg/msg/detail/coordinate__type_support.cpp
[50.105s] -- Installing: /home/yamashita/car_ws/install/coordinate_msg/include/coordinate_msg/coordinate_msg/msg/detail/coordinate__rosidl_typesupport_introspection_cpp.hpp
[50.109s] -- Installing: /home/yamashita/car_ws/install/coordinate_msg/lib/libcoordinate_msg__rosidl_typesupport_introspection_cpp.so
[50.114s] -- Set runtime path of "/home/yamashita/car_ws/install/coordinate_msg/lib/libcoordinate_msg__rosidl_typesupport_introspection_cpp.so" to ""
[50.116s] -- Installing: /home/yamashita/car_ws/install/coordinate_msg/lib/libcoordinate_msg__rosidl_typesupport_cpp.so
[50.121s] -- Set runtime path of "/home/yamashita/car_ws/install/coordinate_msg/lib/libcoordinate_msg__rosidl_typesupport_cpp.so" to ""
[50.123s] -- Up-to-date: /home/yamashita/car_ws/install/coordinate_msg/share/coordinate_msg/environment/pythonpath.sh
[50.124s] -- Installing: /home/yamashita/car_ws/install/coordinate_msg/share/coordinate_msg/environment/pythonpath.dsv
[50.126s] -- Up-to-date: /home/yamashita/car_ws/install/coordinate_msg/local/lib/python3.10/dist-packages/coordinate_msg-0.0.0-py3.10.egg-info
[50.127s] -- Installing: /home/yamashita/car_ws/install/coordinate_msg/local/lib/python3.10/dist-packages/coordinate_msg-0.0.0-py3.10.egg-info/SOURCES.txt
[50.129s] -- Installing: /home/yamashita/car_ws/install/coordinate_msg/local/lib/python3.10/dist-packages/coordinate_msg-0.0.0-py3.10.egg-info/dependency_links.txt
[50.132s] -- Installing: /home/yamashita/car_ws/install/coordinate_msg/local/lib/python3.10/dist-packages/coordinate_msg-0.0.0-py3.10.egg-info/PKG-INFO
[50.135s] -- Installing: /home/yamashita/car_ws/install/coordinate_msg/local/lib/python3.10/dist-packages/coordinate_msg-0.0.0-py3.10.egg-info/top_level.txt
[50.138s] -- Up-to-date: /home/yamashita/car_ws/install/coordinate_msg/local/lib/python3.10/dist-packages/coordinate_msg
[50.139s] -- Installing: /home/yamashita/car_ws/install/coordinate_msg/local/lib/python3.10/dist-packages/coordinate_msg/coordinate_msg_s__rosidl_typesupport_introspection_c.cpython-310-aarch64-linux-gnu.so
[50.142s] -- Installing: /home/yamashita/car_ws/install/coordinate_msg/local/lib/python3.10/dist-packages/coordinate_msg/coordinate_msg_s__rosidl_typesupport_c.cpython-310-aarch64-linux-gnu.so
[50.145s] -- Up-to-date: /home/yamashita/car_ws/install/coordinate_msg/local/lib/python3.10/dist-packages/coordinate_msg/msg
[50.147s] -- Installing: /home/yamashita/car_ws/install/coordinate_msg/local/lib/python3.10/dist-packages/coordinate_msg/msg/_coordinate_s.c
[50.149s] -- Installing: /home/yamashita/car_ws/install/coordinate_msg/local/lib/python3.10/dist-packages/coordinate_msg/msg/__init__.py
[50.151s] -- Installing: /home/yamashita/car_ws/install/coordinate_msg/local/lib/python3.10/dist-packages/coordinate_msg/msg/_coordinate.py
[50.154s] -- Installing: /home/yamashita/car_ws/install/coordinate_msg/local/lib/python3.10/dist-packages/coordinate_msg/_coordinate_msg_s.ep.rosidl_typesupport_introspection_c.c
[50.157s] -- Installing: /home/yamashita/car_ws/install/coordinate_msg/local/lib/python3.10/dist-packages/coordinate_msg/libcoordinate_msg__rosidl_generator_py.so
[50.160s] -- Installing: /home/yamashita/car_ws/install/coordinate_msg/local/lib/python3.10/dist-packages/coordinate_msg/__init__.py
[50.162s] -- Installing: /home/yamashita/car_ws/install/coordinate_msg/local/lib/python3.10/dist-packages/coordinate_msg/coordinate_msg_s__rosidl_typesupport_fastrtps_c.cpython-310-aarch64-linux-gnu.so
[50.165s] -- Installing: /home/yamashita/car_ws/install/coordinate_msg/local/lib/python3.10/dist-packages/coordinate_msg/_coordinate_msg_s.ep.rosidl_typesupport_c.c
[50.168s] -- Installing: /home/yamashita/car_ws/install/coordinate_msg/local/lib/python3.10/dist-packages/coordinate_msg/_coordinate_msg_s.ep.rosidl_typesupport_fastrtps_c.c
[50.524s] Listing '/home/yamashita/car_ws/install/coordinate_msg/local/lib/python3.10/dist-packages/coordinate_msg'...
[50.526s] Compiling '/home/yamashita/car_ws/install/coordinate_msg/local/lib/python3.10/dist-packages/coordinate_msg/__init__.py'...
[50.527s] Listing '/home/yamashita/car_ws/install/coordinate_msg/local/lib/python3.10/dist-packages/coordinate_msg/msg'...
[50.528s] Compiling '/home/yamashita/car_ws/install/coordinate_msg/local/lib/python3.10/dist-packages/coordinate_msg/msg/__init__.py'...
[50.529s] Compiling '/home/yamashita/car_ws/install/coordinate_msg/local/lib/python3.10/dist-packages/coordinate_msg/msg/_coordinate.py'...
[50.589s] -- Installing: /home/yamashita/car_ws/install/coordinate_msg/local/lib/python3.10/dist-packages/coordinate_msg/coordinate_msg_s__rosidl_typesupport_fastrtps_c.cpython-310-aarch64-linux-gnu.so
[50.596s] -- Set runtime path of "/home/yamashita/car_ws/install/coordinate_msg/local/lib/python3.10/dist-packages/coordinate_msg/coordinate_msg_s__rosidl_typesupport_fastrtps_c.cpython-310-aarch64-linux-gnu.so" to ""
[50.599s] -- Installing: /home/yamashita/car_ws/install/coordinate_msg/local/lib/python3.10/dist-packages/coordinate_msg/coordinate_msg_s__rosidl_typesupport_introspection_c.cpython-310-aarch64-linux-gnu.so
[50.604s] -- Set runtime path of "/home/yamashita/car_ws/install/coordinate_msg/local/lib/python3.10/dist-packages/coordinate_msg/coordinate_msg_s__rosidl_typesupport_introspection_c.cpython-310-aarch64-linux-gnu.so" to ""
[50.607s] -- Installing: /home/yamashita/car_ws/install/coordinate_msg/local/lib/python3.10/dist-packages/coordinate_msg/coordinate_msg_s__rosidl_typesupport_c.cpython-310-aarch64-linux-gnu.so
[50.613s] -- Set runtime path of "/home/yamashita/car_ws/install/coordinate_msg/local/lib/python3.10/dist-packages/coordinate_msg/coordinate_msg_s__rosidl_typesupport_c.cpython-310-aarch64-linux-gnu.so" to ""
[50.615s] -- Installing: /home/yamashita/car_ws/install/coordinate_msg/lib/libcoordinate_msg__rosidl_generator_py.so
[50.620s] -- Set runtime path of "/home/yamashita/car_ws/install/coordinate_msg/lib/libcoordinate_msg__rosidl_generator_py.so" to ""
[50.621s] -- Installing: /home/yamashita/car_ws/install/coordinate_msg/share/coordinate_msg/msg/Coordinate.idl
[50.624s] -- Installing: /home/yamashita/car_ws/install/coordinate_msg/share/coordinate_msg/msg/Coordinate.msg
[50.627s] -- Up-to-date: /home/yamashita/car_ws/install/coordinate_msg/share/ament_index/resource_index/package_run_dependencies/coordinate_msg
[50.628s] -- Up-to-date: /home/yamashita/car_ws/install/coordinate_msg/share/ament_index/resource_index/parent_prefix_path/coordinate_msg
[50.629s] -- Up-to-date: /home/yamashita/car_ws/install/coordinate_msg/share/coordinate_msg/environment/ament_prefix_path.sh
[50.630s] -- Installing: /home/yamashita/car_ws/install/coordinate_msg/share/coordinate_msg/environment/ament_prefix_path.dsv
[50.633s] -- Up-to-date: /home/yamashita/car_ws/install/coordinate_msg/share/coordinate_msg/environment/path.sh
[50.634s] -- Installing: /home/yamashita/car_ws/install/coordinate_msg/share/coordinate_msg/environment/path.dsv
[50.636s] -- Up-to-date: /home/yamashita/car_ws/install/coordinate_msg/share/coordinate_msg/local_setup.bash
[50.639s] -- Up-to-date: /home/yamashita/car_ws/install/coordinate_msg/share/coordinate_msg/local_setup.sh
[50.640s] -- Up-to-date: /home/yamashita/car_ws/install/coordinate_msg/share/coordinate_msg/local_setup.zsh
[50.641s] -- Installing: /home/yamashita/car_ws/install/coordinate_msg/share/coordinate_msg/local_setup.dsv
[50.642s] -- Installing: /home/yamashita/car_ws/install/coordinate_msg/share/coordinate_msg/package.dsv
[50.645s] -- Up-to-date: /home/yamashita/car_ws/install/coordinate_msg/share/ament_index/resource_index/packages/coordinate_msg
[50.646s] -- Up-to-date: /home/yamashita/car_ws/install/coordinate_msg/share/coordinate_msg/cmake/export_coordinate_msg__rosidl_generator_cExport.cmake
[50.648s] -- Up-to-date: /home/yamashita/car_ws/install/coordinate_msg/share/coordinate_msg/cmake/export_coordinate_msg__rosidl_generator_cExport-noconfig.cmake
[50.649s] -- Up-to-date: /home/yamashita/car_ws/install/coordinate_msg/share/coordinate_msg/cmake/export_coordinate_msg__rosidl_typesupport_fastrtps_cExport.cmake
[50.651s] -- Up-to-date: /home/yamashita/car_ws/install/coordinate_msg/share/coordinate_msg/cmake/export_coordinate_msg__rosidl_typesupport_fastrtps_cExport-noconfig.cmake
[50.652s] -- Up-to-date: /home/yamashita/car_ws/install/coordinate_msg/share/coordinate_msg/cmake/coordinate_msg__rosidl_typesupport_introspection_cExport.cmake
[50.654s] -- Up-to-date: /home/yamashita/car_ws/install/coordinate_msg/share/coordinate_msg/cmake/coordinate_msg__rosidl_typesupport_introspection_cExport-noconfig.cmake
[50.655s] -- Up-to-date: /home/yamashita/car_ws/install/coordinate_msg/share/coordinate_msg/cmake/coordinate_msg__rosidl_typesupport_cExport.cmake
[50.657s] -- Up-to-date: /home/yamashita/car_ws/install/coordinate_msg/share/coordinate_msg/cmake/coordinate_msg__rosidl_typesupport_cExport-noconfig.cmake
[50.658s] -- Up-to-date: /home/yamashita/car_ws/install/coordinate_msg/share/coordinate_msg/cmake/export_coordinate_msg__rosidl_generator_cppExport.cmake
[50.660s] -- Up-to-date: /home/yamashita/car_ws/install/coordinate_msg/share/coordinate_msg/cmake/export_coordinate_msg__rosidl_typesupport_fastrtps_cppExport.cmake
[50.661s] -- Up-to-date: /home/yamashita/car_ws/install/coordinate_msg/share/coordinate_msg/cmake/export_coordinate_msg__rosidl_typesupport_fastrtps_cppExport-noconfig.cmake
[50.663s] -- Up-to-date: /home/yamashita/car_ws/install/coordinate_msg/share/coordinate_msg/cmake/coordinate_msg__rosidl_typesupport_introspection_cppExport.cmake
[50.664s] -- Up-to-date: /home/yamashita/car_ws/install/coordinate_msg/share/coordinate_msg/cmake/coordinate_msg__rosidl_typesupport_introspection_cppExport-noconfig.cmake
[50.666s] -- Up-to-date: /home/yamashita/car_ws/install/coordinate_msg/share/coordinate_msg/cmake/coordinate_msg__rosidl_typesupport_cppExport.cmake
[50.668s] -- Up-to-date: /home/yamashita/car_ws/install/coordinate_msg/share/coordinate_msg/cmake/coordinate_msg__rosidl_typesupport_cppExport-noconfig.cmake
[50.669s] -- Up-to-date: /home/yamashita/car_ws/install/coordinate_msg/share/coordinate_msg/cmake/export_coordinate_msg__rosidl_generator_pyExport.cmake
[50.671s] -- Up-to-date: /home/yamashita/car_ws/install/coordinate_msg/share/coordinate_msg/cmake/export_coordinate_msg__rosidl_generator_pyExport-noconfig.cmake
[50.672s] -- Up-to-date: /home/yamashita/car_ws/install/coordinate_msg/share/coordinate_msg/cmake/rosidl_cmake-extras.cmake
[50.674s] -- Up-to-date: /home/yamashita/car_ws/install/coordinate_msg/share/coordinate_msg/cmake/ament_cmake_export_include_directories-extras.cmake
[50.675s] -- Up-to-date: /home/yamashita/car_ws/install/coordinate_msg/share/coordinate_msg/cmake/ament_cmake_export_libraries-extras.cmake
[50.677s] -- Up-to-date: /home/yamashita/car_ws/install/coordinate_msg/share/coordinate_msg/cmake/ament_cmake_export_targets-extras.cmake
[50.679s] -- Up-to-date: /home/yamashita/car_ws/install/coordinate_msg/share/coordinate_msg/cmake/rosidl_cmake_export_typesupport_targets-extras.cmake
[50.680s] -- Up-to-date: /home/yamashita/car_ws/install/coordinate_msg/share/coordinate_msg/cmake/ament_cmake_export_dependencies-extras.cmake
[50.681s] -- Up-to-date: /home/yamashita/car_ws/install/coordinate_msg/share/coordinate_msg/cmake/rosidl_cmake_export_typesupport_libraries-extras.cmake
[50.682s] -- Up-to-date: /home/yamashita/car_ws/install/coordinate_msg/share/coordinate_msg/cmake/coordinate_msgConfig.cmake
[50.683s] -- Up-to-date: /home/yamashita/car_ws/install/coordinate_msg/share/coordinate_msg/cmake/coordinate_msgConfig-version.cmake
[50.684s] -- Up-to-date: /home/yamashita/car_ws/install/coordinate_msg/share/coordinate_msg/package.xml
[50.697s] Invoked command in '/home/yamashita/car_ws/build/coordinate_msg' returned '0': CMAKE_PREFIX_PATH=/home/yamashita/car_ws/install/mypkg:/home/yamashita/serial_ws/install/ros_serial:/home/yamashita/ros2_ws/install/robo231:/opt/ros/humble /usr/bin/cmake --install /home/yamashita/car_ws/build/coordinate_msg
