[0.666s] Invoking command in '/home/yamashita/car_ws/build/coordinate_msg': CMAKE_PREFIX_PATH=${CMAKE_PREFIX_PATH}:/home/yamashita/car_ws/install/mypkg:/opt/ros/humble /usr/bin/cmake --build /home/yamashita/car_ws/build/coordinate_msg -- -j4 -l4
[0.913s] [  3%] Built target coordinate_msg__cpp
[0.926s] [ 12%] Built target coordinate_msg__rosidl_generator_c
[0.999s] [ 12%] Built target ament_cmake_python_copy_coordinate_msg
[1.072s] [ 22%] Built target coordinate_msg__rosidl_typesupport_cpp
[1.096s] [ 32%] Built target coordinate_msg__rosidl_typesupport_introspection_cpp
[1.114s] [ 41%] Built target coordinate_msg__rosidl_typesupport_fastrtps_cpp
[1.147s] [ 51%] Built target coordinate_msg__rosidl_typesupport_fastrtps_c
[1.207s] [ 61%] Built target coordinate_msg__rosidl_typesupport_introspection_c
[1.222s] [ 70%] Built target coordinate_msg__rosidl_typesupport_c
[1.324s] [ 70%] Built target coordinate_msg
[1.431s] [ 74%] Built target coordinate_msg__py
[1.555s] [ 80%] Built target coordinate_msg__rosidl_generator_py
[1.740s] [ 87%] Built target coordinate_msg__rosidl_typesupport_fastrtps_c__pyext
[1.755s] [ 93%] Built target coordinate_msg__rosidl_typesupport_c__pyext
[1.767s] [100%] Built target coordinate_msg__rosidl_typesupport_introspection_c__pyext
[2.753s] running egg_info
[2.757s] writing coordinate_msg.egg-info/PKG-INFO
[2.758s] writing dependency_links to coordinate_msg.egg-info/dependency_links.txt
[2.759s] writing top-level names to coordinate_msg.egg-info/top_level.txt
[2.770s] reading manifest file 'coordinate_msg.egg-info/SOURCES.txt'
[2.772s] writing manifest file 'coordinate_msg.egg-info/SOURCES.txt'
[2.921s] [100%] Built target ament_cmake_python_build_coordinate_msg_egg
[2.965s] Invoked command in '/home/yamashita/car_ws/build/coordinate_msg' returned '0': CMAKE_PREFIX_PATH=${CMAKE_PREFIX_PATH}:/home/yamashita/car_ws/install/mypkg:/opt/ros/humble /usr/bin/cmake --build /home/yamashita/car_ws/build/coordinate_msg -- -j4 -l4
[3.337s] Invoking command in '/home/yamashita/car_ws/build/coordinate_msg': CMAKE_PREFIX_PATH=${CMAKE_PREFIX_PATH}:/home/yamashita/car_ws/install/mypkg:/opt/ros/humble /usr/bin/cmake --install /home/yamashita/car_ws/build/coordinate_msg
[3.366s] -- Install configuration: ""
[3.367s] -- Up-to-date: /home/yamashita/car_ws/install/coordinate_msg/share/ament_index/resource_index/rosidl_interfaces/coordinate_msg
[3.367s] -- Up-to-date: /home/yamashita/car_ws/install/coordinate_msg/include/coordinate_msg/coordinate_msg
[3.368s] -- Up-to-date: /home/yamashita/car_ws/install/coordinate_msg/include/coordinate_msg/coordinate_msg/msg
[3.369s] -- Up-to-date: /home/yamashita/car_ws/install/coordinate_msg/include/coordinate_msg/coordinate_msg/msg/detail
[3.369s] -- Up-to-date: /home/yamashita/car_ws/install/coordinate_msg/include/coordinate_msg/coordinate_msg/msg/detail/coordinate__functions.h
[3.370s] -- Up-to-date: /home/yamashita/car_ws/install/coordinate_msg/include/coordinate_msg/coordinate_msg/msg/detail/coordinate__type_support.h
[3.371s] -- Up-to-date: /home/yamashita/car_ws/install/coordinate_msg/include/coordinate_msg/coordinate_msg/msg/detail/coordinate__functions.c
[3.371s] -- Up-to-date: /home/yamashita/car_ws/install/coordinate_msg/include/coordinate_msg/coordinate_msg/msg/detail/coordinate__struct.h
[3.372s] -- Up-to-date: /home/yamashita/car_ws/install/coordinate_msg/include/coordinate_msg/coordinate_msg/msg/rosidl_generator_c__visibility_control.h
[3.372s] -- Up-to-date: /home/yamashita/car_ws/install/coordinate_msg/include/coordinate_msg/coordinate_msg/msg/coordinate.h
[3.373s] -- Up-to-date: /home/yamashita/car_ws/install/coordinate_msg/share/coordinate_msg/environment/library_path.sh
[3.374s] -- Up-to-date: /home/yamashita/car_ws/install/coordinate_msg/share/coordinate_msg/environment/library_path.dsv
[3.374s] -- Up-to-date: /home/yamashita/car_ws/install/coordinate_msg/lib/libcoordinate_msg__rosidl_generator_c.so
[3.375s] -- Up-to-date: /home/yamashita/car_ws/install/coordinate_msg/include/coordinate_msg/coordinate_msg
[3.376s] -- Up-to-date: /home/yamashita/car_ws/install/coordinate_msg/include/coordinate_msg/coordinate_msg/msg
[3.377s] -- Up-to-date: /home/yamashita/car_ws/install/coordinate_msg/include/coordinate_msg/coordinate_msg/msg/rosidl_typesupport_fastrtps_c__visibility_control.h
[3.377s] -- Up-to-date: /home/yamashita/car_ws/install/coordinate_msg/include/coordinate_msg/coordinate_msg/msg/detail
[3.378s] -- Up-to-date: /home/yamashita/car_ws/install/coordinate_msg/include/coordinate_msg/coordinate_msg/msg/detail/coordinate__rosidl_typesupport_fastrtps_c.h
[3.379s] -- Up-to-date: /home/yamashita/car_ws/install/coordinate_msg/lib/libcoordinate_msg__rosidl_typesupport_fastrtps_c.so
[3.380s] -- Up-to-date: /home/yamashita/car_ws/install/coordinate_msg/include/coordinate_msg/coordinate_msg
[3.381s] -- Up-to-date: /home/yamashita/car_ws/install/coordinate_msg/include/coordinate_msg/coordinate_msg/msg
[3.381s] -- Up-to-date: /home/yamashita/car_ws/install/coordinate_msg/include/coordinate_msg/coordinate_msg/msg/detail
[3.382s] -- Up-to-date: /home/yamashita/car_ws/install/coordinate_msg/include/coordinate_msg/coordinate_msg/msg/detail/coordinate__rosidl_typesupport_introspection_c.h
[3.382s] -- Up-to-date: /home/yamashita/car_ws/install/coordinate_msg/include/coordinate_msg/coordinate_msg/msg/detail/coordinate__type_support.c
[3.383s] -- Up-to-date: /home/yamashita/car_ws/install/coordinate_msg/include/coordinate_msg/coordinate_msg/msg/rosidl_typesupport_introspection_c__visibility_control.h
[3.383s] -- Up-to-date: /home/yamashita/car_ws/install/coordinate_msg/lib/libcoordinate_msg__rosidl_typesupport_introspection_c.so
[3.384s] -- Up-to-date: /home/yamashita/car_ws/install/coordinate_msg/lib/libcoordinate_msg__rosidl_typesupport_c.so
[3.386s] -- Up-to-date: /home/yamashita/car_ws/install/coordinate_msg/include/coordinate_msg/coordinate_msg
[3.387s] -- Up-to-date: /home/yamashita/car_ws/install/coordinate_msg/include/coordinate_msg/coordinate_msg/msg
[3.390s] -- Up-to-date: /home/yamashita/car_ws/install/coordinate_msg/include/coordinate_msg/coordinate_msg/msg/coordinate.hpp
[3.391s] -- Up-to-date: /home/yamashita/car_ws/install/coordinate_msg/include/coordinate_msg/coordinate_msg/msg/detail
[3.392s] -- Up-to-date: /home/yamashita/car_ws/install/coordinate_msg/include/coordinate_msg/coordinate_msg/msg/detail/coordinate__struct.hpp
[3.393s] -- Up-to-date: /home/yamashita/car_ws/install/coordinate_msg/include/coordinate_msg/coordinate_msg/msg/detail/coordinate__traits.hpp
[3.393s] -- Up-to-date: /home/yamashita/car_ws/install/coordinate_msg/include/coordinate_msg/coordinate_msg/msg/detail/coordinate__builder.hpp
[3.394s] -- Up-to-date: /home/yamashita/car_ws/install/coordinate_msg/include/coordinate_msg/coordinate_msg
[3.395s] -- Up-to-date: /home/yamashita/car_ws/install/coordinate_msg/include/coordinate_msg/coordinate_msg/msg
[3.396s] -- Up-to-date: /home/yamashita/car_ws/install/coordinate_msg/include/coordinate_msg/coordinate_msg/msg/rosidl_typesupport_fastrtps_cpp__visibility_control.h
[3.396s] -- Up-to-date: /home/yamashita/car_ws/install/coordinate_msg/include/coordinate_msg/coordinate_msg/msg/detail
[3.397s] -- Up-to-date: /home/yamashita/car_ws/install/coordinate_msg/include/coordinate_msg/coordinate_msg/msg/detail/coordinate__rosidl_typesupport_fastrtps_cpp.hpp
[3.397s] -- Up-to-date: /home/yamashita/car_ws/install/coordinate_msg/include/coordinate_msg/coordinate_msg/msg/detail/dds_fastrtps
[3.398s] -- Up-to-date: /home/yamashita/car_ws/install/coordinate_msg/lib/libcoordinate_msg__rosidl_typesupport_fastrtps_cpp.so
[3.398s] -- Up-to-date: /home/yamashita/car_ws/install/coordinate_msg/include/coordinate_msg/coordinate_msg
[3.399s] -- Up-to-date: /home/yamashita/car_ws/install/coordinate_msg/include/coordinate_msg/coordinate_msg/msg
[3.399s] -- Up-to-date: /home/yamashita/car_ws/install/coordinate_msg/include/coordinate_msg/coordinate_msg/msg/detail
[3.400s] -- Up-to-date: /home/yamashita/car_ws/install/coordinate_msg/include/coordinate_msg/coordinate_msg/msg/detail/coordinate__type_support.cpp
[3.400s] -- Up-to-date: /home/yamashita/car_ws/install/coordinate_msg/include/coordinate_msg/coordinate_msg/msg/detail/coordinate__rosidl_typesupport_introspection_cpp.hpp
[3.401s] -- Up-to-date: /home/yamashita/car_ws/install/coordinate_msg/lib/libcoordinate_msg__rosidl_typesupport_introspection_cpp.so
[3.402s] -- Up-to-date: /home/yamashita/car_ws/install/coordinate_msg/lib/libcoordinate_msg__rosidl_typesupport_cpp.so
[3.402s] -- Up-to-date: /home/yamashita/car_ws/install/coordinate_msg/share/coordinate_msg/environment/pythonpath.sh
[3.403s] -- Up-to-date: /home/yamashita/car_ws/install/coordinate_msg/share/coordinate_msg/environment/pythonpath.dsv
[3.403s] -- Up-to-date: /home/yamashita/car_ws/install/coordinate_msg/local/lib/python3.10/dist-packages/coordinate_msg-0.0.0-py3.10.egg-info
[3.404s] -- Installing: /home/yamashita/car_ws/install/coordinate_msg/local/lib/python3.10/dist-packages/coordinate_msg-0.0.0-py3.10.egg-info/SOURCES.txt
[3.404s] -- Installing: /home/yamashita/car_ws/install/coordinate_msg/local/lib/python3.10/dist-packages/coordinate_msg-0.0.0-py3.10.egg-info/dependency_links.txt
[3.405s] -- Installing: /home/yamashita/car_ws/install/coordinate_msg/local/lib/python3.10/dist-packages/coordinate_msg-0.0.0-py3.10.egg-info/PKG-INFO
[3.406s] -- Installing: /home/yamashita/car_ws/install/coordinate_msg/local/lib/python3.10/dist-packages/coordinate_msg-0.0.0-py3.10.egg-info/top_level.txt
[3.407s] -- Up-to-date: /home/yamashita/car_ws/install/coordinate_msg/local/lib/python3.10/dist-packages/coordinate_msg
[3.409s] -- Up-to-date: /home/yamashita/car_ws/install/coordinate_msg/local/lib/python3.10/dist-packages/coordinate_msg/__init__.py
[3.410s] -- Up-to-date: /home/yamashita/car_ws/install/coordinate_msg/local/lib/python3.10/dist-packages/coordinate_msg/coordinate_msg_s__rosidl_typesupport_fastrtps_c.cpython-310-aarch64-linux-gnu.so
[3.410s] -- Up-to-date: /home/yamashita/car_ws/install/coordinate_msg/local/lib/python3.10/dist-packages/coordinate_msg/libcoordinate_msg__rosidl_generator_py.so
[3.411s] -- Up-to-date: /home/yamashita/car_ws/install/coordinate_msg/local/lib/python3.10/dist-packages/coordinate_msg/_coordinate_msg_s.ep.rosidl_typesupport_fastrtps_c.c
[3.412s] -- Up-to-date: /home/yamashita/car_ws/install/coordinate_msg/local/lib/python3.10/dist-packages/coordinate_msg/coordinate_msg_s__rosidl_typesupport_c.cpython-310-aarch64-linux-gnu.so
[3.412s] -- Up-to-date: /home/yamashita/car_ws/install/coordinate_msg/local/lib/python3.10/dist-packages/coordinate_msg/coordinate_msg_s__rosidl_typesupport_introspection_c.cpython-310-aarch64-linux-gnu.so
[3.413s] -- Up-to-date: /home/yamashita/car_ws/install/coordinate_msg/local/lib/python3.10/dist-packages/coordinate_msg/_coordinate_msg_s.ep.rosidl_typesupport_c.c
[3.413s] -- Up-to-date: /home/yamashita/car_ws/install/coordinate_msg/local/lib/python3.10/dist-packages/coordinate_msg/msg
[3.413s] -- Up-to-date: /home/yamashita/car_ws/install/coordinate_msg/local/lib/python3.10/dist-packages/coordinate_msg/msg/__init__.py
[3.414s] -- Up-to-date: /home/yamashita/car_ws/install/coordinate_msg/local/lib/python3.10/dist-packages/coordinate_msg/msg/_coordinate_s.c
[3.414s] -- Up-to-date: /home/yamashita/car_ws/install/coordinate_msg/local/lib/python3.10/dist-packages/coordinate_msg/msg/_coordinate.py
[3.415s] -- Up-to-date: /home/yamashita/car_ws/install/coordinate_msg/local/lib/python3.10/dist-packages/coordinate_msg/_coordinate_msg_s.ep.rosidl_typesupport_introspection_c.c
[3.569s] Listing '/home/yamashita/car_ws/install/coordinate_msg/local/lib/python3.10/dist-packages/coordinate_msg'...
[3.571s] Listing '/home/yamashita/car_ws/install/coordinate_msg/local/lib/python3.10/dist-packages/coordinate_msg/msg'...
[3.596s] -- Up-to-date: /home/yamashita/car_ws/install/coordinate_msg/local/lib/python3.10/dist-packages/coordinate_msg/coordinate_msg_s__rosidl_typesupport_fastrtps_c.cpython-310-aarch64-linux-gnu.so
[3.599s] -- Up-to-date: /home/yamashita/car_ws/install/coordinate_msg/local/lib/python3.10/dist-packages/coordinate_msg/coordinate_msg_s__rosidl_typesupport_introspection_c.cpython-310-aarch64-linux-gnu.so
[3.601s] -- Up-to-date: /home/yamashita/car_ws/install/coordinate_msg/local/lib/python3.10/dist-packages/coordinate_msg/coordinate_msg_s__rosidl_typesupport_c.cpython-310-aarch64-linux-gnu.so
[3.604s] -- Up-to-date: /home/yamashita/car_ws/install/coordinate_msg/lib/libcoordinate_msg__rosidl_generator_py.so
[3.605s] -- Up-to-date: /home/yamashita/car_ws/install/coordinate_msg/share/coordinate_msg/msg/Coordinate.idl
[3.605s] -- Up-to-date: /home/yamashita/car_ws/install/coordinate_msg/share/coordinate_msg/msg/Coordinate.msg
[3.606s] -- Up-to-date: /home/yamashita/car_ws/install/coordinate_msg/share/ament_index/resource_index/package_run_dependencies/coordinate_msg
[3.607s] -- Up-to-date: /home/yamashita/car_ws/install/coordinate_msg/share/ament_index/resource_index/parent_prefix_path/coordinate_msg
[3.608s] -- Up-to-date: /home/yamashita/car_ws/install/coordinate_msg/share/coordinate_msg/environment/ament_prefix_path.sh
[3.608s] -- Up-to-date: /home/yamashita/car_ws/install/coordinate_msg/share/coordinate_msg/environment/ament_prefix_path.dsv
[3.609s] -- Up-to-date: /home/yamashita/car_ws/install/coordinate_msg/share/coordinate_msg/environment/path.sh
[3.610s] -- Up-to-date: /home/yamashita/car_ws/install/coordinate_msg/share/coordinate_msg/environment/path.dsv
[3.610s] -- Up-to-date: /home/yamashita/car_ws/install/coordinate_msg/share/coordinate_msg/local_setup.bash
[3.611s] -- Up-to-date: /home/yamashita/car_ws/install/coordinate_msg/share/coordinate_msg/local_setup.sh
[3.612s] -- Up-to-date: /home/yamashita/car_ws/install/coordinate_msg/share/coordinate_msg/local_setup.zsh
[3.612s] -- Up-to-date: /home/yamashita/car_ws/install/coordinate_msg/share/coordinate_msg/local_setup.dsv
[3.613s] -- Installing: /home/yamashita/car_ws/install/coordinate_msg/share/coordinate_msg/package.dsv
[3.615s] -- Up-to-date: /home/yamashita/car_ws/install/coordinate_msg/share/ament_index/resource_index/packages/coordinate_msg
[3.615s] -- Up-to-date: /home/yamashita/car_ws/install/coordinate_msg/share/coordinate_msg/cmake/export_coordinate_msg__rosidl_generator_cExport.cmake
[3.616s] -- Up-to-date: /home/yamashita/car_ws/install/coordinate_msg/share/coordinate_msg/cmake/export_coordinate_msg__rosidl_generator_cExport-noconfig.cmake
[3.617s] -- Up-to-date: /home/yamashita/car_ws/install/coordinate_msg/share/coordinate_msg/cmake/export_coordinate_msg__rosidl_typesupport_fastrtps_cExport.cmake
[3.617s] -- Up-to-date: /home/yamashita/car_ws/install/coordinate_msg/share/coordinate_msg/cmake/export_coordinate_msg__rosidl_typesupport_fastrtps_cExport-noconfig.cmake
[3.619s] -- Up-to-date: /home/yamashita/car_ws/install/coordinate_msg/share/coordinate_msg/cmake/coordinate_msg__rosidl_typesupport_introspection_cExport.cmake
[3.619s] -- Up-to-date: /home/yamashita/car_ws/install/coordinate_msg/share/coordinate_msg/cmake/coordinate_msg__rosidl_typesupport_introspection_cExport-noconfig.cmake
[3.620s] -- Up-to-date: /home/yamashita/car_ws/install/coordinate_msg/share/coordinate_msg/cmake/coordinate_msg__rosidl_typesupport_cExport.cmake
[3.621s] -- Up-to-date: /home/yamashita/car_ws/install/coordinate_msg/share/coordinate_msg/cmake/coordinate_msg__rosidl_typesupport_cExport-noconfig.cmake
[3.622s] -- Up-to-date: /home/yamashita/car_ws/install/coordinate_msg/share/coordinate_msg/cmake/export_coordinate_msg__rosidl_generator_cppExport.cmake
[3.622s] -- Up-to-date: /home/yamashita/car_ws/install/coordinate_msg/share/coordinate_msg/cmake/export_coordinate_msg__rosidl_typesupport_fastrtps_cppExport.cmake
[3.623s] -- Up-to-date: /home/yamashita/car_ws/install/coordinate_msg/share/coordinate_msg/cmake/export_coordinate_msg__rosidl_typesupport_fastrtps_cppExport-noconfig.cmake
[3.624s] -- Up-to-date: /home/yamashita/car_ws/install/coordinate_msg/share/coordinate_msg/cmake/coordinate_msg__rosidl_typesupport_introspection_cppExport.cmake
[3.625s] -- Up-to-date: /home/yamashita/car_ws/install/coordinate_msg/share/coordinate_msg/cmake/coordinate_msg__rosidl_typesupport_introspection_cppExport-noconfig.cmake
[3.626s] -- Up-to-date: /home/yamashita/car_ws/install/coordinate_msg/share/coordinate_msg/cmake/coordinate_msg__rosidl_typesupport_cppExport.cmake
[3.627s] -- Up-to-date: /home/yamashita/car_ws/install/coordinate_msg/share/coordinate_msg/cmake/coordinate_msg__rosidl_typesupport_cppExport-noconfig.cmake
[3.628s] -- Up-to-date: /home/yamashita/car_ws/install/coordinate_msg/share/coordinate_msg/cmake/export_coordinate_msg__rosidl_generator_pyExport.cmake
[3.628s] -- Up-to-date: /home/yamashita/car_ws/install/coordinate_msg/share/coordinate_msg/cmake/export_coordinate_msg__rosidl_generator_pyExport-noconfig.cmake
[3.629s] -- Up-to-date: /home/yamashita/car_ws/install/coordinate_msg/share/coordinate_msg/cmake/rosidl_cmake-extras.cmake
[3.629s] -- Up-to-date: /home/yamashita/car_ws/install/coordinate_msg/share/coordinate_msg/cmake/ament_cmake_export_include_directories-extras.cmake
[3.631s] -- Up-to-date: /home/yamashita/car_ws/install/coordinate_msg/share/coordinate_msg/cmake/ament_cmake_export_libraries-extras.cmake
[3.632s] -- Up-to-date: /home/yamashita/car_ws/install/coordinate_msg/share/coordinate_msg/cmake/ament_cmake_export_targets-extras.cmake
[3.633s] -- Up-to-date: /home/yamashita/car_ws/install/coordinate_msg/share/coordinate_msg/cmake/rosidl_cmake_export_typesupport_targets-extras.cmake
[3.633s] -- Up-to-date: /home/yamashita/car_ws/install/coordinate_msg/share/coordinate_msg/cmake/ament_cmake_export_dependencies-extras.cmake
[3.634s] -- Up-to-date: /home/yamashita/car_ws/install/coordinate_msg/share/coordinate_msg/cmake/rosidl_cmake_export_typesupport_libraries-extras.cmake
[3.634s] -- Up-to-date: /home/yamashita/car_ws/install/coordinate_msg/share/coordinate_msg/cmake/coordinate_msgConfig.cmake
[3.635s] -- Up-to-date: /home/yamashita/car_ws/install/coordinate_msg/share/coordinate_msg/cmake/coordinate_msgConfig-version.cmake
[3.635s] -- Up-to-date: /home/yamashita/car_ws/install/coordinate_msg/share/coordinate_msg/package.xml
[3.642s] Invoked command in '/home/yamashita/car_ws/build/coordinate_msg' returned '0': CMAKE_PREFIX_PATH=${CMAKE_PREFIX_PATH}:/home/yamashita/car_ws/install/mypkg:/opt/ros/humble /usr/bin/cmake --install /home/yamashita/car_ws/build/coordinate_msg
