[4.572s] Invoking command in '/home/yamashita/car_ws/src/mypkg': PYTHONPATH=/home/yamashita/car_ws/build/mypkg/prefix_override:/home/yamashita/car_ws/install/mypkg/lib/python3.10/site-packages:${PYTHONPATH} /usr/bin/python3 setup.py egg_info --egg-base ../../build/mypkg build --build-base /home/yamashita/car_ws/build/mypkg/build install --record /home/yamashita/car_ws/build/mypkg/install.log --single-version-externally-managed
[5.748s] running egg_info
[5.750s] writing ../../build/mypkg/mypkg.egg-info/PKG-INFO
[5.751s] writing dependency_links to ../../build/mypkg/mypkg.egg-info/dependency_links.txt
[5.752s] writing entry points to ../../build/mypkg/mypkg.egg-info/entry_points.txt
[5.753s] writing requirements to ../../build/mypkg/mypkg.egg-info/requires.txt
[5.754s] writing top-level names to ../../build/mypkg/mypkg.egg-info/top_level.txt
[5.763s] reading manifest file '../../build/mypkg/mypkg.egg-info/SOURCES.txt'
[5.766s] writing manifest file '../../build/mypkg/mypkg.egg-info/SOURCES.txt'
[5.767s] running build
[5.767s] running build_py
[5.768s] copying mypkg/receiver.py -> /home/yamashita/car_ws/build/mypkg/build/lib/mypkg
[5.769s] copying mypkg/new_receiver.py -> /home/yamashita/car_ws/build/mypkg/build/lib/mypkg
[5.771s] running install
[5.772s] running install_lib
[5.775s] copying /home/yamashita/car_ws/build/mypkg/build/lib/mypkg/receiver.py -> /home/yamashita/car_ws/install/mypkg/lib/python3.10/site-packages/mypkg
[5.776s] copying /home/yamashita/car_ws/build/mypkg/build/lib/mypkg/new_receiver.py -> /home/yamashita/car_ws/install/mypkg/lib/python3.10/site-packages/mypkg
[5.779s] byte-compiling /home/yamashita/car_ws/install/mypkg/lib/python3.10/site-packages/mypkg/receiver.py to receiver.cpython-310.pyc
[5.785s] byte-compiling /home/yamashita/car_ws/install/mypkg/lib/python3.10/site-packages/mypkg/new_receiver.py to new_receiver.cpython-310.pyc
[5.790s] running install_data
[5.792s] running install_egg_info
[5.799s] removing '/home/yamashita/car_ws/install/mypkg/lib/python3.10/site-packages/mypkg-0.0.0-py3.10.egg-info' (and everything under it)
[5.801s] Copying ../../build/mypkg/mypkg.egg-info to /home/yamashita/car_ws/install/mypkg/lib/python3.10/site-packages/mypkg-0.0.0-py3.10.egg-info
[5.806s] running install_scripts
[5.883s] Installing camera script to /home/yamashita/car_ws/install/mypkg/lib/mypkg
[5.884s] Installing camera0 script to /home/yamashita/car_ws/install/mypkg/lib/mypkg
[5.884s] Installing serial script to /home/yamashita/car_ws/install/mypkg/lib/mypkg
[5.886s] writing list of installed files to '/home/yamashita/car_ws/build/mypkg/install.log'
[6.020s] Invoked command in '/home/yamashita/car_ws/src/mypkg' returned '0': PYTHONPATH=/home/yamashita/car_ws/build/mypkg/prefix_override:/home/yamashita/car_ws/install/mypkg/lib/python3.10/site-packages:${PYTHONPATH} /usr/bin/python3 setup.py egg_info --egg-base ../../build/mypkg build --build-base /home/yamashita/car_ws/build/mypkg/build install --record /home/yamashita/car_ws/build/mypkg/install.log --single-version-externally-managed
