[10.238s] Invoking command in '/home/yamashita/car_ws/src/mypkg': PYTHONPATH=/home/yamashita/car_ws/build/mypkg/prefix_override:/home/yamashita/car_ws/install/mypkg/lib/python3.10/site-packages:${PYTHONPATH} /usr/bin/python3 setup.py egg_info --egg-base ../../build/mypkg build --build-base /home/yamashita/car_ws/build/mypkg/build install --record /home/yamashita/car_ws/build/mypkg/install.log --single-version-externally-managed
[12.886s] running egg_info
[12.890s] writing ../../build/mypkg/mypkg.egg-info/PKG-INFO
[12.893s] writing dependency_links to ../../build/mypkg/mypkg.egg-info/dependency_links.txt
[12.894s] writing entry points to ../../build/mypkg/mypkg.egg-info/entry_points.txt
[12.896s] writing requirements to ../../build/mypkg/mypkg.egg-info/requires.txt
[12.898s] writing top-level names to ../../build/mypkg/mypkg.egg-info/top_level.txt
[12.915s] reading manifest file '../../build/mypkg/mypkg.egg-info/SOURCES.txt'
[12.923s] writing manifest file '../../build/mypkg/mypkg.egg-info/SOURCES.txt'
[12.924s] running build
[12.925s] running build_py
[12.926s] copying mypkg/receiver.py -> /home/yamashita/car_ws/build/mypkg/build/lib/mypkg
[12.930s] running install
[12.932s] running install_lib
[12.939s] copying /home/yamashita/car_ws/build/mypkg/build/lib/mypkg/receiver.py -> /home/yamashita/car_ws/install/mypkg/lib/python3.10/site-packages/mypkg
[12.945s] byte-compiling /home/yamashita/car_ws/install/mypkg/lib/python3.10/site-packages/mypkg/receiver.py to receiver.cpython-310.pyc
[12.958s] running install_data
[12.963s] running install_egg_info
[12.977s] removing '/home/yamashita/car_ws/install/mypkg/lib/python3.10/site-packages/mypkg-0.0.0-py3.10.egg-info' (and everything under it)
[12.980s] Copying ../../build/mypkg/mypkg.egg-info to /home/yamashita/car_ws/install/mypkg/lib/python3.10/site-packages/mypkg-0.0.0-py3.10.egg-info
[12.990s] running install_scripts
[13.152s] Installing camera script to /home/yamashita/car_ws/install/mypkg/lib/mypkg
[13.154s] Installing serial script to /home/yamashita/car_ws/install/mypkg/lib/mypkg
[13.157s] writing list of installed files to '/home/yamashita/car_ws/build/mypkg/install.log'
[13.435s] Invoked command in '/home/yamashita/car_ws/src/mypkg' returned '0': PYTHONPATH=/home/yamashita/car_ws/build/mypkg/prefix_override:/home/yamashita/car_ws/install/mypkg/lib/python3.10/site-packages:${PYTHONPATH} /usr/bin/python3 setup.py egg_info --egg-base ../../build/mypkg build --build-base /home/yamashita/car_ws/build/mypkg/build install --record /home/yamashita/car_ws/build/mypkg/install.log --single-version-externally-managed
