[3.709s] Invoking command in '/home/yamashita/car_ws/src/mypkg': PYTHONPATH=/home/yamashita/car_ws/build/mypkg/prefix_override:/home/yamashita/car_ws/install/mypkg/lib/python3.10/site-packages:${PYTHONPATH} /usr/bin/python3 -W ignore:setup.py install is deprecated setup.py egg_info --egg-base ../../build/mypkg build --build-base /home/yamashita/car_ws/build/mypkg/build install --record /home/yamashita/car_ws/build/mypkg/install.log --single-version-externally-managed install_data
[5.144s] running egg_info
[5.146s] writing ../../build/mypkg/mypkg.egg-info/PKG-INFO
[5.147s] writing dependency_links to ../../build/mypkg/mypkg.egg-info/dependency_links.txt
[5.148s] writing entry points to ../../build/mypkg/mypkg.egg-info/entry_points.txt
[5.149s] writing requirements to ../../build/mypkg/mypkg.egg-info/requires.txt
[5.150s] writing top-level names to ../../build/mypkg/mypkg.egg-info/top_level.txt
[5.159s] reading manifest file '../../build/mypkg/mypkg.egg-info/SOURCES.txt'
[5.163s] writing manifest file '../../build/mypkg/mypkg.egg-info/SOURCES.txt'
[5.164s] running build
[5.164s] running build_py
[5.166s] running install
[5.167s] running install_lib
[5.174s] running install_data
[5.175s] running install_egg_info
[5.182s] removing '/home/yamashita/car_ws/install/mypkg/lib/python3.10/site-packages/mypkg-0.0.0-py3.10.egg-info' (and everything under it)
[5.184s] Copying ../../build/mypkg/mypkg.egg-info to /home/yamashita/car_ws/install/mypkg/lib/python3.10/site-packages/mypkg-0.0.0-py3.10.egg-info
[5.189s] running install_scripts
[5.280s] Installing CircleImgPub script to /home/yamashita/car_ws/install/mypkg/lib/mypkg
[5.282s] Installing camera script to /home/yamashita/car_ws/install/mypkg/lib/mypkg
[5.284s] Installing serial script to /home/yamashita/car_ws/install/mypkg/lib/mypkg
[5.288s] writing list of installed files to '/home/yamashita/car_ws/build/mypkg/install.log'
[5.491s] Invoked command in '/home/yamashita/car_ws/src/mypkg' returned '0': PYTHONPATH=/home/yamashita/car_ws/build/mypkg/prefix_override:/home/yamashita/car_ws/install/mypkg/lib/python3.10/site-packages:${PYTHONPATH} /usr/bin/python3 -W ignore:setup.py install is deprecated setup.py egg_info --egg-base ../../build/mypkg build --build-base /home/yamashita/car_ws/build/mypkg/build install --record /home/yamashita/car_ws/build/mypkg/install.log --single-version-externally-managed install_data
