[2.205s] Invoking command in '/home/yamashita/car_ws/build/coordinate_msg': CMAKE_PREFIX_PATH=${CMAKE_PREFIX_PATH}:/home/yamashita/car_ws/install/mypkg:/opt/ros/humble /usr/bin/cmake --build /home/yamashita/car_ws/build/coordinate_msg -- -j4 -l4
[2.928s] [  3%] Built target coordinate_msg__cpp
[2.934s] [ 12%] Built target coordinate_msg__rosidl_generator_c
[3.157s] [ 12%] Built target ament_cmake_python_copy_coordinate_msg
[3.338s] [ 22%] Built target coordinate_msg__rosidl_typesupport_introspection_cpp
[3.406s] [ 32%] Built target coordinate_msg__rosidl_typesupport_fastrtps_cpp
[3.428s] [ 41%] Built target coordinate_msg__rosidl_typesupport_cpp
[3.625s] [ 51%] Built target coordinate_msg__rosidl_typesupport_fastrtps_c
[3.703s] [ 61%] Built target coordinate_msg__rosidl_typesupport_introspection_c
[3.857s] [ 70%] Built target coordinate_msg__rosidl_typesupport_c
[4.116s] [ 70%] Built target coordinate_msg
[4.342s] [ 74%] Built target coordinate_msg__py
[4.589s] [ 80%] Built target coordinate_msg__rosidl_generator_py
[4.939s] [ 87%] Built target coordinate_msg__rosidl_typesupport_fastrtps_c__pyext
[5.060s] [ 93%] Built target coordinate_msg__rosidl_typesupport_introspection_c__pyext
[5.094s] [100%] Built target coordinate_msg__rosidl_typesupport_c__pyext
[8.053s] running egg_info
[8.059s] writing coordinate_msg.egg-info/PKG-INFO
[8.063s] writing dependency_links to coordinate_msg.egg-info/dependency_links.txt
[8.068s] writing top-level names to coordinate_msg.egg-info/top_level.txt
[8.092s] reading manifest file 'coordinate_msg.egg-info/SOURCES.txt'
[8.100s] writing manifest file 'coordinate_msg.egg-info/SOURCES.txt'
[8.460s] [100%] Built target ament_cmake_python_build_coordinate_msg_egg
[8.554s] Invoked command in '/home/yamashita/car_ws/build/coordinate_msg' returned '0': CMAKE_PREFIX_PATH=${CMAKE_PREFIX_PATH}:/home/yamashita/car_ws/install/mypkg:/opt/ros/humble /usr/bin/cmake --build /home/yamashita/car_ws/build/coordinate_msg -- -j4 -l4
[9.413s] Invoking command in '/home/yamashita/car_ws/build/coordinate_msg': CMAKE_PREFIX_PATH=${CMAKE_PREFIX_PATH}:/home/yamashita/car_ws/install/mypkg:/opt/ros/humble /usr/bin/cmake --install /home/yamashita/car_ws/build/coordinate_msg
[9.496s] -- Install configuration: ""
[9.504s] -- Up-to-date: /home/yamashita/car_ws/install/coordinate_msg/share/ament_index/resource_index/rosidl_interfaces/coordinate_msg
[9.509s] -- Up-to-date: /home/yamashita/car_ws/install/coordinate_msg/include/coordinate_msg/coordinate_msg
[9.512s] -- Up-to-date: /home/yamashita/car_ws/install/coordinate_msg/include/coordinate_msg/coordinate_msg/msg
[9.514s] -- Up-to-date: /home/yamashita/car_ws/install/coordinate_msg/include/coordinate_msg/coordinate_msg/msg/detail
[9.516s] -- Up-to-date: /home/yamashita/car_ws/install/coordinate_msg/include/coordinate_msg/coordinate_msg/msg/detail/coordinate__functions.h
[9.518s] -- Up-to-date: /home/yamashita/car_ws/install/coordinate_msg/include/coordinate_msg/coordinate_msg/msg/detail/coordinate__functions.c
[9.522s] -- Up-to-date: /home/yamashita/car_ws/install/coordinate_msg/include/coordinate_msg/coordinate_msg/msg/detail/coordinate__struct.h
[9.524s] -- Up-to-date: /home/yamashita/car_ws/install/coordinate_msg/include/coordinate_msg/coordinate_msg/msg/detail/coordinate__type_support.h
[9.527s] -- Up-to-date: /home/yamashita/car_ws/install/coordinate_msg/include/coordinate_msg/coordinate_msg/msg/coordinate.h
[9.529s] -- Up-to-date: /home/yamashita/car_ws/install/coordinate_msg/include/coordinate_msg/coordinate_msg/msg/rosidl_generator_c__visibility_control.h
[9.532s] -- Up-to-date: /home/yamashita/car_ws/install/coordinate_msg/share/coordinate_msg/environment/library_path.sh
[9.536s] -- Up-to-date: /home/yamashita/car_ws/install/coordinate_msg/share/coordinate_msg/environment/library_path.dsv
[9.538s] -- Up-to-date: /home/yamashita/car_ws/install/coordinate_msg/lib/libcoordinate_msg__rosidl_generator_c.so
[9.540s] -- Up-to-date: /home/yamashita/car_ws/install/coordinate_msg/include/coordinate_msg/coordinate_msg
[9.542s] -- Up-to-date: /home/yamashita/car_ws/install/coordinate_msg/include/coordinate_msg/coordinate_msg/msg
[9.544s] -- Up-to-date: /home/yamashita/car_ws/install/coordinate_msg/include/coordinate_msg/coordinate_msg/msg/rosidl_typesupport_fastrtps_c__visibility_control.h
[9.548s] -- Up-to-date: /home/yamashita/car_ws/install/coordinate_msg/include/coordinate_msg/coordinate_msg/msg/detail
[9.553s] -- Up-to-date: /home/yamashita/car_ws/install/coordinate_msg/include/coordinate_msg/coordinate_msg/msg/detail/coordinate__rosidl_typesupport_fastrtps_c.h
[9.556s] -- Up-to-date: /home/yamashita/car_ws/install/coordinate_msg/lib/libcoordinate_msg__rosidl_typesupport_fastrtps_c.so
[9.558s] -- Up-to-date: /home/yamashita/car_ws/install/coordinate_msg/include/coordinate_msg/coordinate_msg
[9.560s] -- Up-to-date: /home/yamashita/car_ws/install/coordinate_msg/include/coordinate_msg/coordinate_msg/msg
[9.564s] -- Up-to-date: /home/yamashita/car_ws/install/coordinate_msg/include/coordinate_msg/coordinate_msg/msg/detail
[9.567s] -- Up-to-date: /home/yamashita/car_ws/install/coordinate_msg/include/coordinate_msg/coordinate_msg/msg/detail/coordinate__rosidl_typesupport_introspection_c.h
[9.569s] -- Up-to-date: /home/yamashita/car_ws/install/coordinate_msg/include/coordinate_msg/coordinate_msg/msg/detail/coordinate__type_support.c
[9.571s] -- Up-to-date: /home/yamashita/car_ws/install/coordinate_msg/include/coordinate_msg/coordinate_msg/msg/rosidl_typesupport_introspection_c__visibility_control.h
[9.578s] -- Up-to-date: /home/yamashita/car_ws/install/coordinate_msg/lib/libcoordinate_msg__rosidl_typesupport_introspection_c.so
[9.581s] -- Up-to-date: /home/yamashita/car_ws/install/coordinate_msg/lib/libcoordinate_msg__rosidl_typesupport_c.so
[9.584s] -- Up-to-date: /home/yamashita/car_ws/install/coordinate_msg/include/coordinate_msg/coordinate_msg
[9.585s] -- Up-to-date: /home/yamashita/car_ws/install/coordinate_msg/include/coordinate_msg/coordinate_msg/msg
[9.588s] -- Up-to-date: /home/yamashita/car_ws/install/coordinate_msg/include/coordinate_msg/coordinate_msg/msg/detail
[9.589s] -- Up-to-date: /home/yamashita/car_ws/install/coordinate_msg/include/coordinate_msg/coordinate_msg/msg/detail/coordinate__builder.hpp
[9.591s] -- Up-to-date: /home/yamashita/car_ws/install/coordinate_msg/include/coordinate_msg/coordinate_msg/msg/detail/coordinate__traits.hpp
[9.593s] -- Up-to-date: /home/yamashita/car_ws/install/coordinate_msg/include/coordinate_msg/coordinate_msg/msg/detail/coordinate__struct.hpp
[9.594s] -- Up-to-date: /home/yamashita/car_ws/install/coordinate_msg/include/coordinate_msg/coordinate_msg/msg/coordinate.hpp
[9.596s] -- Up-to-date: /home/yamashita/car_ws/install/coordinate_msg/include/coordinate_msg/coordinate_msg
[9.598s] -- Up-to-date: /home/yamashita/car_ws/install/coordinate_msg/include/coordinate_msg/coordinate_msg/msg
[9.600s] -- Up-to-date: /home/yamashita/car_ws/install/coordinate_msg/include/coordinate_msg/coordinate_msg/msg/detail
[9.603s] -- Up-to-date: /home/yamashita/car_ws/install/coordinate_msg/include/coordinate_msg/coordinate_msg/msg/detail/coordinate__rosidl_typesupport_fastrtps_cpp.hpp
[9.605s] -- Up-to-date: /home/yamashita/car_ws/install/coordinate_msg/include/coordinate_msg/coordinate_msg/msg/detail/dds_fastrtps
[9.607s] -- Up-to-date: /home/yamashita/car_ws/install/coordinate_msg/include/coordinate_msg/coordinate_msg/msg/rosidl_typesupport_fastrtps_cpp__visibility_control.h
[9.609s] -- Up-to-date: /home/yamashita/car_ws/install/coordinate_msg/lib/libcoordinate_msg__rosidl_typesupport_fastrtps_cpp.so
[9.610s] -- Up-to-date: /home/yamashita/car_ws/install/coordinate_msg/include/coordinate_msg/coordinate_msg
[9.612s] -- Up-to-date: /home/yamashita/car_ws/install/coordinate_msg/include/coordinate_msg/coordinate_msg/msg
[9.614s] -- Up-to-date: /home/yamashita/car_ws/install/coordinate_msg/include/coordinate_msg/coordinate_msg/msg/detail
[9.615s] -- Up-to-date: /home/yamashita/car_ws/install/coordinate_msg/include/coordinate_msg/coordinate_msg/msg/detail/coordinate__type_support.cpp
[9.617s] -- Up-to-date: /home/yamashita/car_ws/install/coordinate_msg/include/coordinate_msg/coordinate_msg/msg/detail/coordinate__rosidl_typesupport_introspection_cpp.hpp
[9.618s] -- Up-to-date: /home/yamashita/car_ws/install/coordinate_msg/lib/libcoordinate_msg__rosidl_typesupport_introspection_cpp.so
[9.620s] -- Up-to-date: /home/yamashita/car_ws/install/coordinate_msg/lib/libcoordinate_msg__rosidl_typesupport_cpp.so
[9.621s] -- Up-to-date: /home/yamashita/car_ws/install/coordinate_msg/share/coordinate_msg/environment/pythonpath.sh
[9.623s] -- Up-to-date: /home/yamashita/car_ws/install/coordinate_msg/share/coordinate_msg/environment/pythonpath.dsv
[9.624s] -- Up-to-date: /home/yamashita/car_ws/install/coordinate_msg/local/lib/python3.10/dist-packages/coordinate_msg-0.0.0-py3.10.egg-info
[9.626s] -- Installing: /home/yamashita/car_ws/install/coordinate_msg/local/lib/python3.10/dist-packages/coordinate_msg-0.0.0-py3.10.egg-info/SOURCES.txt
[9.627s] -- Installing: /home/yamashita/car_ws/install/coordinate_msg/local/lib/python3.10/dist-packages/coordinate_msg-0.0.0-py3.10.egg-info/dependency_links.txt
[9.629s] -- Installing: /home/yamashita/car_ws/install/coordinate_msg/local/lib/python3.10/dist-packages/coordinate_msg-0.0.0-py3.10.egg-info/PKG-INFO
[9.631s] -- Installing: /home/yamashita/car_ws/install/coordinate_msg/local/lib/python3.10/dist-packages/coordinate_msg-0.0.0-py3.10.egg-info/top_level.txt
[9.633s] -- Up-to-date: /home/yamashita/car_ws/install/coordinate_msg/local/lib/python3.10/dist-packages/coordinate_msg
[9.634s] -- Up-to-date: /home/yamashita/car_ws/install/coordinate_msg/local/lib/python3.10/dist-packages/coordinate_msg/coordinate_msg_s__rosidl_typesupport_introspection_c.cpython-310-aarch64-linux-gnu.so
[9.636s] -- Up-to-date: /home/yamashita/car_ws/install/coordinate_msg/local/lib/python3.10/dist-packages/coordinate_msg/coordinate_msg_s__rosidl_typesupport_c.cpython-310-aarch64-linux-gnu.so
[9.638s] -- Up-to-date: /home/yamashita/car_ws/install/coordinate_msg/local/lib/python3.10/dist-packages/coordinate_msg/msg
[9.640s] -- Up-to-date: /home/yamashita/car_ws/install/coordinate_msg/local/lib/python3.10/dist-packages/coordinate_msg/msg/_coordinate_s.c
[9.641s] -- Up-to-date: /home/yamashita/car_ws/install/coordinate_msg/local/lib/python3.10/dist-packages/coordinate_msg/msg/__init__.py
[9.643s] -- Up-to-date: /home/yamashita/car_ws/install/coordinate_msg/local/lib/python3.10/dist-packages/coordinate_msg/msg/_coordinate.py
[9.645s] -- Up-to-date: /home/yamashita/car_ws/install/coordinate_msg/local/lib/python3.10/dist-packages/coordinate_msg/_coordinate_msg_s.ep.rosidl_typesupport_introspection_c.c
[9.646s] -- Up-to-date: /home/yamashita/car_ws/install/coordinate_msg/local/lib/python3.10/dist-packages/coordinate_msg/libcoordinate_msg__rosidl_generator_py.so
[9.648s] -- Up-to-date: /home/yamashita/car_ws/install/coordinate_msg/local/lib/python3.10/dist-packages/coordinate_msg/__init__.py
[9.650s] -- Up-to-date: /home/yamashita/car_ws/install/coordinate_msg/local/lib/python3.10/dist-packages/coordinate_msg/coordinate_msg_s__rosidl_typesupport_fastrtps_c.cpython-310-aarch64-linux-gnu.so
[9.651s] -- Up-to-date: /home/yamashita/car_ws/install/coordinate_msg/local/lib/python3.10/dist-packages/coordinate_msg/_coordinate_msg_s.ep.rosidl_typesupport_c.c
[9.653s] -- Up-to-date: /home/yamashita/car_ws/install/coordinate_msg/local/lib/python3.10/dist-packages/coordinate_msg/_coordinate_msg_s.ep.rosidl_typesupport_fastrtps_c.c
[10.046s] Listing '/home/yamashita/car_ws/install/coordinate_msg/local/lib/python3.10/dist-packages/coordinate_msg'...
[10.048s] Listing '/home/yamashita/car_ws/install/coordinate_msg/local/lib/python3.10/dist-packages/coordinate_msg/msg'...
[10.135s] -- Up-to-date: /home/yamashita/car_ws/install/coordinate_msg/local/lib/python3.10/dist-packages/coordinate_msg/coordinate_msg_s__rosidl_typesupport_fastrtps_c.cpython-310-aarch64-linux-gnu.so
[10.142s] -- Up-to-date: /home/yamashita/car_ws/install/coordinate_msg/local/lib/python3.10/dist-packages/coordinate_msg/coordinate_msg_s__rosidl_typesupport_introspection_c.cpython-310-aarch64-linux-gnu.so
[10.149s] -- Up-to-date: /home/yamashita/car_ws/install/coordinate_msg/local/lib/python3.10/dist-packages/coordinate_msg/coordinate_msg_s__rosidl_typesupport_c.cpython-310-aarch64-linux-gnu.so
[10.157s] -- Up-to-date: /home/yamashita/car_ws/install/coordinate_msg/lib/libcoordinate_msg__rosidl_generator_py.so
[10.162s] -- Up-to-date: /home/yamashita/car_ws/install/coordinate_msg/share/coordinate_msg/msg/Coordinate.idl
[10.165s] -- Up-to-date: /home/yamashita/car_ws/install/coordinate_msg/share/coordinate_msg/msg/Coordinate.msg
[10.169s] -- Up-to-date: /home/yamashita/car_ws/install/coordinate_msg/share/ament_index/resource_index/package_run_dependencies/coordinate_msg
[10.172s] -- Up-to-date: /home/yamashita/car_ws/install/coordinate_msg/share/ament_index/resource_index/parent_prefix_path/coordinate_msg
[10.183s] -- Up-to-date: /home/yamashita/car_ws/install/coordinate_msg/share/coordinate_msg/environment/ament_prefix_path.sh
[10.189s] -- Up-to-date: /home/yamashita/car_ws/install/coordinate_msg/share/coordinate_msg/environment/ament_prefix_path.dsv
[10.190s] -- Up-to-date: /home/yamashita/car_ws/install/coordinate_msg/share/coordinate_msg/environment/path.sh
[10.192s] -- Up-to-date: /home/yamashita/car_ws/install/coordinate_msg/share/coordinate_msg/environment/path.dsv
[10.196s] -- Up-to-date: /home/yamashita/car_ws/install/coordinate_msg/share/coordinate_msg/local_setup.bash
[10.197s] -- Up-to-date: /home/yamashita/car_ws/install/coordinate_msg/share/coordinate_msg/local_setup.sh
[10.199s] -- Up-to-date: /home/yamashita/car_ws/install/coordinate_msg/share/coordinate_msg/local_setup.zsh
[10.200s] -- Up-to-date: /home/yamashita/car_ws/install/coordinate_msg/share/coordinate_msg/local_setup.dsv
[10.202s] -- Installing: /home/yamashita/car_ws/install/coordinate_msg/share/coordinate_msg/package.dsv
[10.335s] -- Up-to-date: /home/yamashita/car_ws/install/coordinate_msg/share/ament_index/resource_index/packages/coordinate_msg
[10.346s] -- Up-to-date: /home/yamashita/car_ws/install/coordinate_msg/share/coordinate_msg/cmake/export_coordinate_msg__rosidl_generator_cExport.cmake
[10.348s] -- Up-to-date: /home/yamashita/car_ws/install/coordinate_msg/share/coordinate_msg/cmake/export_coordinate_msg__rosidl_generator_cExport-noconfig.cmake
[10.353s] -- Up-to-date: /home/yamashita/car_ws/install/coordinate_msg/share/coordinate_msg/cmake/export_coordinate_msg__rosidl_typesupport_fastrtps_cExport.cmake
[10.355s] -- Up-to-date: /home/yamashita/car_ws/install/coordinate_msg/share/coordinate_msg/cmake/export_coordinate_msg__rosidl_typesupport_fastrtps_cExport-noconfig.cmake
[10.364s] -- Up-to-date: /home/yamashita/car_ws/install/coordinate_msg/share/coordinate_msg/cmake/coordinate_msg__rosidl_typesupport_introspection_cExport.cmake
[10.365s] -- Up-to-date: /home/yamashita/car_ws/install/coordinate_msg/share/coordinate_msg/cmake/coordinate_msg__rosidl_typesupport_introspection_cExport-noconfig.cmake
[10.366s] -- Up-to-date: /home/yamashita/car_ws/install/coordinate_msg/share/coordinate_msg/cmake/coordinate_msg__rosidl_typesupport_cExport.cmake
[10.367s] -- Up-to-date: /home/yamashita/car_ws/install/coordinate_msg/share/coordinate_msg/cmake/coordinate_msg__rosidl_typesupport_cExport-noconfig.cmake
[10.381s] -- Up-to-date: /home/yamashita/car_ws/install/coordinate_msg/share/coordinate_msg/cmake/export_coordinate_msg__rosidl_generator_cppExport.cmake
[10.382s] -- Up-to-date: /home/yamashita/car_ws/install/coordinate_msg/share/coordinate_msg/cmake/export_coordinate_msg__rosidl_typesupport_fastrtps_cppExport.cmake
[10.386s] -- Up-to-date: /home/yamashita/car_ws/install/coordinate_msg/share/coordinate_msg/cmake/export_coordinate_msg__rosidl_typesupport_fastrtps_cppExport-noconfig.cmake
[10.390s] -- Up-to-date: /home/yamashita/car_ws/install/coordinate_msg/share/coordinate_msg/cmake/coordinate_msg__rosidl_typesupport_introspection_cppExport.cmake
[10.392s] -- Up-to-date: /home/yamashita/car_ws/install/coordinate_msg/share/coordinate_msg/cmake/coordinate_msg__rosidl_typesupport_introspection_cppExport-noconfig.cmake
[10.394s] -- Up-to-date: /home/yamashita/car_ws/install/coordinate_msg/share/coordinate_msg/cmake/coordinate_msg__rosidl_typesupport_cppExport.cmake
[10.396s] -- Up-to-date: /home/yamashita/car_ws/install/coordinate_msg/share/coordinate_msg/cmake/coordinate_msg__rosidl_typesupport_cppExport-noconfig.cmake
[10.399s] -- Up-to-date: /home/yamashita/car_ws/install/coordinate_msg/share/coordinate_msg/cmake/export_coordinate_msg__rosidl_generator_pyExport.cmake
[10.402s] -- Up-to-date: /home/yamashita/car_ws/install/coordinate_msg/share/coordinate_msg/cmake/export_coordinate_msg__rosidl_generator_pyExport-noconfig.cmake
[10.406s] -- Up-to-date: /home/yamashita/car_ws/install/coordinate_msg/share/coordinate_msg/cmake/rosidl_cmake-extras.cmake
[10.410s] -- Up-to-date: /home/yamashita/car_ws/install/coordinate_msg/share/coordinate_msg/cmake/ament_cmake_export_include_directories-extras.cmake
[10.412s] -- Up-to-date: /home/yamashita/car_ws/install/coordinate_msg/share/coordinate_msg/cmake/ament_cmake_export_libraries-extras.cmake
[10.414s] -- Up-to-date: /home/yamashita/car_ws/install/coordinate_msg/share/coordinate_msg/cmake/ament_cmake_export_targets-extras.cmake
[10.416s] -- Up-to-date: /home/yamashita/car_ws/install/coordinate_msg/share/coordinate_msg/cmake/rosidl_cmake_export_typesupport_targets-extras.cmake
[10.418s] -- Up-to-date: /home/yamashita/car_ws/install/coordinate_msg/share/coordinate_msg/cmake/ament_cmake_export_dependencies-extras.cmake
[10.419s] -- Up-to-date: /home/yamashita/car_ws/install/coordinate_msg/share/coordinate_msg/cmake/rosidl_cmake_export_typesupport_libraries-extras.cmake
[10.421s] -- Up-to-date: /home/yamashita/car_ws/install/coordinate_msg/share/coordinate_msg/cmake/coordinate_msgConfig.cmake
[10.423s] -- Up-to-date: /home/yamashita/car_ws/install/coordinate_msg/share/coordinate_msg/cmake/coordinate_msgConfig-version.cmake
[10.424s] -- Up-to-date: /home/yamashita/car_ws/install/coordinate_msg/share/coordinate_msg/package.xml
[10.434s] Invoked command in '/home/yamashita/car_ws/build/coordinate_msg' returned '0': CMAKE_PREFIX_PATH=${CMAKE_PREFIX_PATH}:/home/yamashita/car_ws/install/mypkg:/opt/ros/humble /usr/bin/cmake --install /home/yamashita/car_ws/build/coordinate_msg
