[10.322s] Invoking command in '/home/yamashita/car_ws/src/mypkg': PYTHONPATH=/home/yamashita/car_ws/build/mypkg/prefix_override:/home/yamashita/car_ws/install/mypkg/lib/python3.10/site-packages:${PYTHONPATH} /usr/bin/python3 setup.py egg_info --egg-base ../../build/mypkg build --build-base /home/yamashita/car_ws/build/mypkg/build install --record /home/yamashita/car_ws/build/mypkg/install.log --single-version-externally-managed
[12.978s] running egg_info
[12.982s] writing ../../build/mypkg/mypkg.egg-info/PKG-INFO
[12.985s] writing dependency_links to ../../build/mypkg/mypkg.egg-info/dependency_links.txt
[12.986s] writing entry points to ../../build/mypkg/mypkg.egg-info/entry_points.txt
[12.988s] writing requirements to ../../build/mypkg/mypkg.egg-info/requires.txt
[12.989s] writing top-level names to ../../build/mypkg/mypkg.egg-info/top_level.txt
[13.007s] reading manifest file '../../build/mypkg/mypkg.egg-info/SOURCES.txt'
[13.015s] writing manifest file '../../build/mypkg/mypkg.egg-info/SOURCES.txt'
[13.016s] running build
[13.017s] running build_py
[13.019s] copying mypkg/receiver.py -> /home/yamashita/car_ws/build/mypkg/build/lib/mypkg
[13.022s] running install
[13.025s] running install_lib
[13.031s] copying /home/yamashita/car_ws/build/mypkg/build/lib/mypkg/receiver.py -> /home/yamashita/car_ws/install/mypkg/lib/python3.10/site-packages/mypkg
[13.037s] byte-compiling /home/yamashita/car_ws/install/mypkg/lib/python3.10/site-packages/mypkg/receiver.py to receiver.cpython-310.pyc
[13.049s] running install_data
[13.055s] running install_egg_info
[13.069s] removing '/home/yamashita/car_ws/install/mypkg/lib/python3.10/site-packages/mypkg-0.0.0-py3.10.egg-info' (and everything under it)
[13.072s] Copying ../../build/mypkg/mypkg.egg-info to /home/yamashita/car_ws/install/mypkg/lib/python3.10/site-packages/mypkg-0.0.0-py3.10.egg-info
[13.083s] running install_scripts
[13.245s] Installing camera script to /home/yamashita/car_ws/install/mypkg/lib/mypkg
[13.247s] Installing serial script to /home/yamashita/car_ws/install/mypkg/lib/mypkg
[13.250s] writing list of installed files to '/home/yamashita/car_ws/build/mypkg/install.log'
[13.532s] Invoked command in '/home/yamashita/car_ws/src/mypkg' returned '0': PYTHONPATH=/home/yamashita/car_ws/build/mypkg/prefix_override:/home/yamashita/car_ws/install/mypkg/lib/python3.10/site-packages:${PYTHONPATH} /usr/bin/python3 setup.py egg_info --egg-base ../../build/mypkg build --build-base /home/yamashita/car_ws/build/mypkg/build install --record /home/yamashita/car_ws/build/mypkg/install.log --single-version-externally-managed
