[3.765s] Invoking command in '/home/yamashita/car_ws/src/mypkg': PYTHONPATH=/home/yamashita/car_ws/build/mypkg/prefix_override:/home/yamashita/car_ws/install/mypkg/lib/python3.10/site-packages:${PYTHONPATH} /usr/bin/python3 -W ignore:setup.py install is deprecated setup.py egg_info --egg-base ../../build/mypkg build --build-base /home/yamashita/car_ws/build/mypkg/build install --record /home/yamashita/car_ws/build/mypkg/install.log --single-version-externally-managed install_data
[5.236s] running egg_info
[5.239s] writing ../../build/mypkg/mypkg.egg-info/PKG-INFO
[5.240s] writing dependency_links to ../../build/mypkg/mypkg.egg-info/dependency_links.txt
[5.241s] writing entry points to ../../build/mypkg/mypkg.egg-info/entry_points.txt
[5.241s] writing requirements to ../../build/mypkg/mypkg.egg-info/requires.txt
[5.242s] writing top-level names to ../../build/mypkg/mypkg.egg-info/top_level.txt
[5.252s] reading manifest file '../../build/mypkg/mypkg.egg-info/SOURCES.txt'
[5.256s] writing manifest file '../../build/mypkg/mypkg.egg-info/SOURCES.txt'
[5.257s] running build
[5.257s] running build_py
[5.259s] running install
[5.261s] running install_lib
[5.268s] running install_data
[5.269s] running install_egg_info
[5.277s] removing '/home/yamashita/car_ws/install/mypkg/lib/python3.10/site-packages/mypkg-0.0.0-py3.10.egg-info' (and everything under it)
[5.278s] Copying ../../build/mypkg/mypkg.egg-info to /home/yamashita/car_ws/install/mypkg/lib/python3.10/site-packages/mypkg-0.0.0-py3.10.egg-info
[5.284s] running install_scripts
[5.372s] Installing CircleImgPub script to /home/yamashita/car_ws/install/mypkg/lib/mypkg
[5.373s] Installing camera script to /home/yamashita/car_ws/install/mypkg/lib/mypkg
[5.374s] Installing serial script to /home/yamashita/car_ws/install/mypkg/lib/mypkg
[5.376s] writing list of installed files to '/home/yamashita/car_ws/build/mypkg/install.log'
[5.513s] Invoked command in '/home/yamashita/car_ws/src/mypkg' returned '0': PYTHONPATH=/home/yamashita/car_ws/build/mypkg/prefix_override:/home/yamashita/car_ws/install/mypkg/lib/python3.10/site-packages:${PYTHONPATH} /usr/bin/python3 -W ignore:setup.py install is deprecated setup.py egg_info --egg-base ../../build/mypkg build --build-base /home/yamashita/car_ws/build/mypkg/build install --record /home/yamashita/car_ws/build/mypkg/install.log --single-version-externally-managed install_data
