[4.575s] Invoking command in '/home/yamashita/car_ws/src/mypkg': PYTHONPATH=/home/yamashita/car_ws/build/mypkg/prefix_override:/home/yamashita/car_ws/install/mypkg/lib/python3.10/site-packages:${PYTHONPATH} /usr/bin/python3 setup.py egg_info --egg-base ../../build/mypkg build --build-base /home/yamashita/car_ws/build/mypkg/build install --record /home/yamashita/car_ws/build/mypkg/install.log --single-version-externally-managed
[5.739s] running egg_info
[5.741s] writing ../../build/mypkg/mypkg.egg-info/PKG-INFO
[5.742s] writing dependency_links to ../../build/mypkg/mypkg.egg-info/dependency_links.txt
[5.743s] writing entry points to ../../build/mypkg/mypkg.egg-info/entry_points.txt
[5.743s] writing requirements to ../../build/mypkg/mypkg.egg-info/requires.txt
[5.744s] writing top-level names to ../../build/mypkg/mypkg.egg-info/top_level.txt
[5.752s] reading manifest file '../../build/mypkg/mypkg.egg-info/SOURCES.txt'
[5.756s] writing manifest file '../../build/mypkg/mypkg.egg-info/SOURCES.txt'
[5.756s] running build
[5.757s] running build_py
[5.758s] copying mypkg/CircleImgPub.py -> /home/yamashita/car_ws/build/mypkg/build/lib/mypkg
[5.759s] running install
[5.760s] running install_lib
[5.765s] copying /home/yamashita/car_ws/build/mypkg/build/lib/mypkg/CircleImgPub.py -> /home/yamashita/car_ws/install/mypkg/lib/python3.10/site-packages/mypkg
[5.768s] byte-compiling /home/yamashita/car_ws/install/mypkg/lib/python3.10/site-packages/mypkg/CircleImgPub.py to CircleImgPub.cpython-310.pyc
[5.771s] running install_data
[5.774s] running install_egg_info
[5.781s] removing '/home/yamashita/car_ws/install/mypkg/lib/python3.10/site-packages/mypkg-0.0.0-py3.10.egg-info' (and everything under it)
[5.782s] Copying ../../build/mypkg/mypkg.egg-info to /home/yamashita/car_ws/install/mypkg/lib/python3.10/site-packages/mypkg-0.0.0-py3.10.egg-info
[5.788s] running install_scripts
[5.864s] Installing CircleImgPub script to /home/yamashita/car_ws/install/mypkg/lib/mypkg
[5.865s] Installing camera0 script to /home/yamashita/car_ws/install/mypkg/lib/mypkg
[5.866s] Installing serial script to /home/yamashita/car_ws/install/mypkg/lib/mypkg
[5.868s] writing list of installed files to '/home/yamashita/car_ws/build/mypkg/install.log'
[6.001s] Invoked command in '/home/yamashita/car_ws/src/mypkg' returned '0': PYTHONPATH=/home/yamashita/car_ws/build/mypkg/prefix_override:/home/yamashita/car_ws/install/mypkg/lib/python3.10/site-packages:${PYTHONPATH} /usr/bin/python3 setup.py egg_info --egg-base ../../build/mypkg build --build-base /home/yamashita/car_ws/build/mypkg/build install --record /home/yamashita/car_ws/build/mypkg/install.log --single-version-externally-managed
