[0.000000] (-) TimerEvent: {}
[0.003445] (mypkg) JobQueued: {'identifier': 'mypkg', 'dependencies': OrderedDict()}
[0.004958] (mypkg) JobStarted: {'identifier': 'mypkg'}
[0.097958] (-) TimerEvent: {}
[0.199931] (-) TimerEvent: {}
[0.311772] (-) TimerEvent: {}
[0.414537] (-) TimerEvent: {}
[0.516456] (-) TimerEvent: {}
[0.617788] (-) TimerEvent: {}
[0.719077] (-) TimerEvent: {}
[0.820909] (-) TimerEvent: {}
[0.922605] (-) TimerEvent: {}
[1.023928] (-) TimerEvent: {}
[1.125589] (-) TimerEvent: {}
[1.226983] (-) TimerEvent: {}
[1.328220] (-) TimerEvent: {}
[1.430115] (-) TimerEvent: {}
[1.531810] (-) TimerEvent: {}
[1.633492] (-) TimerEvent: {}
[1.735414] (-) TimerEvent: {}
[1.836993] (-) TimerEvent: {}
[1.938828] (-) TimerEvent: {}
[2.040312] (-) TimerEvent: {}
[2.141611] (-) TimerEvent: {}
[2.243423] (-) TimerEvent: {}
[2.345210] (-) TimerEvent: {}
[2.446664] (-) TimerEvent: {}
[2.548238] (-) TimerEvent: {}
[2.649650] (-) TimerEvent: {}
[2.751115] (-) TimerEvent: {}
[2.852557] (-) TimerEvent: {}
[2.953958] (-) TimerEvent: {}
[3.055314] (-) TimerEvent: {}
[3.156821] (-) TimerEvent: {}
[3.259248] (-) TimerEvent: {}
[3.363029] (-) TimerEvent: {}
[3.467118] (-) TimerEvent: {}
[3.569973] (-) TimerEvent: {}
[3.683999] (-) TimerEvent: {}
[3.792505] (-) TimerEvent: {}
[3.894172] (-) TimerEvent: {}
[4.097469] (-) TimerEvent: {}
[4.200118] (-) TimerEvent: {}
[4.302529] (-) TimerEvent: {}
[4.407573] (-) TimerEvent: {}
[4.510263] (-) TimerEvent: {}
[4.611905] (-) TimerEvent: {}
[4.714521] (-) TimerEvent: {}
[4.816381] (-) TimerEvent: {}
[4.919195] (-) TimerEvent: {}
[5.022950] (-) TimerEvent: {}
[5.126547] (-) TimerEvent: {}
[5.229392] (-) TimerEvent: {}
[5.332242] (-) TimerEvent: {}
[5.435304] (-) TimerEvent: {}
[5.537624] (-) TimerEvent: {}
[5.554452] (mypkg) StderrLine: {'line': b'Traceback (most recent call last):\n  File "/usr/lib/python3/dist-packages/colcon_core/executor/__init__.py", line 91, in __call__\n    rc = await self.task(*args, **kwargs)\n  File "/usr/lib/python3/dist-packages/colcon_core/task/__init__.py", line 93, in __call__\n    return await task_method(*args, **kwargs)\n  File "/usr/lib/python3/dist-packages/colcon_ros/task/ament_python/build.py", line 51, in build\n    setup_py_data = get_setup_data(self.context.pkg, env)\n  File "/usr/lib/python3/dist-packages/colcon_core/task/python/__init__.py", line 20, in get_setup_data\n    return dict(pkg.metadata[key](env))\n  File "/usr/lib/python3/dist-packages/colcon_ros/package_augmentation/ros_ament_python.py", line 57, in getter\n    return get_setup_information(\n  File "/usr/lib/python3/dist-packages/colcon_python_setup_py/package_identification/python_setup_py.py", line 241, in get_setup_information\n    _setup_information_cache[hashable_env] = _get_setup_information(\n  File "/usr/lib/python3/dist-packages/colcon_python_setup_py/package_identification/python_setup_py.py", line 288, in _get_setup_information\n    result = subprocess.run(\n  File "/usr/lib/python3.10/subprocess.py", line 526, in run\n    raise CalledProcessError(retcode, process.args,\nsubprocess.CalledProcessError: Command \'[\'/usr/bin/python3\', \'-c\', \'import sys;from contextlib import suppress;exec("with suppress(ImportError):    from setuptools.extern.packaging.specifiers    import SpecifierSet");exec("with suppress(ImportError):    from packaging.specifiers import SpecifierSet");from distutils.core import run_setup;dist = run_setup(    \\\'setup.py\\\', script_args=(\\\'--dry-run\\\',), stop_after=\\\'config\\\');skip_keys = (\\\'cmdclass\\\', \\\'distclass\\\', \\\'ext_modules\\\', \\\'metadata\\\');data = {    key: value for key, value in dist.__dict__.items()     if (        not key.startswith(\\\'_\\\') and         not callable(value) and         key not in skip_keys and         key not in dist.display_option_names    )};data[\\\'metadata\\\'] = {    k: v for k, v in dist.metadata.__dict__.items()     if k not in (\\\'license_files\\\', \\\'provides_extras\\\')};sys.stdout.buffer.write(repr(data).encode(\\\'utf-8\\\'))\']\' returned non-zero exit status 1.\n'}
[5.558352] (mypkg) JobEnded: {'identifier': 'mypkg', 'rc': 1}
[5.569959] (-) EventReactorShutdown: {}
