[10.152s] Invoking command in '/home/yamashita/car_ws/src/mypkg': PYTHONPATH=/home/yamashita/car_ws/build/mypkg/prefix_override:/home/yamashita/car_ws/install/mypkg/lib/python3.10/site-packages:${PYTHONPATH} /usr/bin/python3 setup.py egg_info --egg-base ../../build/mypkg build --build-base /home/yamashita/car_ws/build/mypkg/build install --record /home/yamashita/car_ws/build/mypkg/install.log --single-version-externally-managed
[12.786s] running egg_info
[12.790s] writing ../../build/mypkg/mypkg.egg-info/PKG-INFO
[12.792s] writing dependency_links to ../../build/mypkg/mypkg.egg-info/dependency_links.txt
[12.794s] writing entry points to ../../build/mypkg/mypkg.egg-info/entry_points.txt
[12.796s] writing requirements to ../../build/mypkg/mypkg.egg-info/requires.txt
[12.797s] writing top-level names to ../../build/mypkg/mypkg.egg-info/top_level.txt
[12.816s] reading manifest file '../../build/mypkg/mypkg.egg-info/SOURCES.txt'
[12.823s] writing manifest file '../../build/mypkg/mypkg.egg-info/SOURCES.txt'
[12.824s] running build
[12.825s] running build_py
[12.828s] running install
[12.831s] running install_lib
[12.842s] running install_data
[12.847s] copying launch/car.launch.py -> /home/yamashita/car_ws/install/mypkg/share/mypkg
[12.848s] running install_egg_info
[12.862s] removing '/home/yamashita/car_ws/install/mypkg/lib/python3.10/site-packages/mypkg-0.0.0-py3.10.egg-info' (and everything under it)
[12.866s] Copying ../../build/mypkg/mypkg.egg-info to /home/yamashita/car_ws/install/mypkg/lib/python3.10/site-packages/mypkg-0.0.0-py3.10.egg-info
[12.876s] running install_scripts
[13.039s] Installing camera script to /home/yamashita/car_ws/install/mypkg/lib/mypkg
[13.041s] Installing serial script to /home/yamashita/car_ws/install/mypkg/lib/mypkg
[13.044s] writing list of installed files to '/home/yamashita/car_ws/build/mypkg/install.log'
[13.323s] Invoked command in '/home/yamashita/car_ws/src/mypkg' returned '0': PYTHONPATH=/home/yamashita/car_ws/build/mypkg/prefix_override:/home/yamashita/car_ws/install/mypkg/lib/python3.10/site-packages:${PYTHONPATH} /usr/bin/python3 setup.py egg_info --egg-base ../../build/mypkg build --build-base /home/yamashita/car_ws/build/mypkg/build install --record /home/yamashita/car_ws/build/mypkg/install.log --single-version-externally-managed
