[4.570s] Invoking command in '/home/yamashita/car_ws/src/mypkg': PYTHONPATH=/home/yamashita/car_ws/build/mypkg/prefix_override:/home/yamashita/car_ws/install/mypkg/lib/python3.10/site-packages:${PYTHONPATH} /usr/bin/python3 setup.py egg_info --egg-base ../../build/mypkg build --build-base /home/yamashita/car_ws/build/mypkg/build install --record /home/yamashita/car_ws/build/mypkg/install.log --single-version-externally-managed
[5.734s] running egg_info
[5.737s] writing ../../build/mypkg/mypkg.egg-info/PKG-INFO
[5.738s] writing dependency_links to ../../build/mypkg/mypkg.egg-info/dependency_links.txt
[5.739s] writing entry points to ../../build/mypkg/mypkg.egg-info/entry_points.txt
[5.740s] writing requirements to ../../build/mypkg/mypkg.egg-info/requires.txt
[5.740s] writing top-level names to ../../build/mypkg/mypkg.egg-info/top_level.txt
[5.749s] reading manifest file '../../build/mypkg/mypkg.egg-info/SOURCES.txt'
[5.752s] writing manifest file '../../build/mypkg/mypkg.egg-info/SOURCES.txt'
[5.753s] running build
[5.753s] running build_py
[5.755s] running install
[5.756s] running install_lib
[5.763s] running install_data
[5.765s] copying launch/car.launch.py -> /home/yamashita/car_ws/install/mypkg/share/mypkg
[5.766s] running install_egg_info
[5.773s] removing '/home/yamashita/car_ws/install/mypkg/lib/python3.10/site-packages/mypkg-0.0.0-py3.10.egg-info' (and everything under it)
[5.774s] Copying ../../build/mypkg/mypkg.egg-info to /home/yamashita/car_ws/install/mypkg/lib/python3.10/site-packages/mypkg-0.0.0-py3.10.egg-info
[5.779s] running install_scripts
[5.857s] Installing CircleImgPub script to /home/yamashita/car_ws/install/mypkg/lib/mypkg
[5.858s] Installing camera0 script to /home/yamashita/car_ws/install/mypkg/lib/mypkg
[5.858s] Installing serial script to /home/yamashita/car_ws/install/mypkg/lib/mypkg
[5.860s] writing list of installed files to '/home/yamashita/car_ws/build/mypkg/install.log'
[5.993s] Invoked command in '/home/yamashita/car_ws/src/mypkg' returned '0': PYTHONPATH=/home/yamashita/car_ws/build/mypkg/prefix_override:/home/yamashita/car_ws/install/mypkg/lib/python3.10/site-packages:${PYTHONPATH} /usr/bin/python3 setup.py egg_info --egg-base ../../build/mypkg build --build-base /home/yamashita/car_ws/build/mypkg/build install --record /home/yamashita/car_ws/build/mypkg/install.log --single-version-externally-managed
