[12.484s] Invoking command in '/home/yamashita/car_ws/src/mypkg': PYTHONPATH=/home/yamashita/car_ws/build/mypkg/prefix_override:/home/yamashita/car_ws/install/mypkg/lib/python3.10/site-packages:${PYTHONPATH} /usr/bin/python3 setup.py egg_info --egg-base ../../build/mypkg build --build-base /home/yamashita/car_ws/build/mypkg/build install --record /home/yamashita/car_ws/build/mypkg/install.log --single-version-externally-managed
[15.154s] running egg_info
[15.159s] writing ../../build/mypkg/mypkg.egg-info/PKG-INFO
[15.161s] writing dependency_links to ../../build/mypkg/mypkg.egg-info/dependency_links.txt
[15.163s] writing entry points to ../../build/mypkg/mypkg.egg-info/entry_points.txt
[15.164s] writing requirements to ../../build/mypkg/mypkg.egg-info/requires.txt
[15.166s] writing top-level names to ../../build/mypkg/mypkg.egg-info/top_level.txt
[15.184s] reading manifest file '../../build/mypkg/mypkg.egg-info/SOURCES.txt'
[15.192s] writing manifest file '../../build/mypkg/mypkg.egg-info/SOURCES.txt'
[15.193s] running build
[15.194s] running build_py
[15.196s] copying mypkg/receiver.py -> /home/yamashita/car_ws/build/mypkg/build/lib/mypkg
[15.199s] running install
[15.201s] running install_lib
[15.208s] copying /home/yamashita/car_ws/build/mypkg/build/lib/mypkg/receiver.py -> /home/yamashita/car_ws/install/mypkg/lib/python3.10/site-packages/mypkg
[15.214s] byte-compiling /home/yamashita/car_ws/install/mypkg/lib/python3.10/site-packages/mypkg/receiver.py to receiver.cpython-310.pyc
[15.225s] running install_data
[15.231s] running install_egg_info
[15.245s] removing '/home/yamashita/car_ws/install/mypkg/lib/python3.10/site-packages/mypkg-0.0.0-py3.10.egg-info' (and everything under it)
[15.248s] Copying ../../build/mypkg/mypkg.egg-info to /home/yamashita/car_ws/install/mypkg/lib/python3.10/site-packages/mypkg-0.0.0-py3.10.egg-info
[15.259s] running install_scripts
[15.420s] Installing camera script to /home/yamashita/car_ws/install/mypkg/lib/mypkg
[15.423s] Installing serial script to /home/yamashita/car_ws/install/mypkg/lib/mypkg
[15.426s] writing list of installed files to '/home/yamashita/car_ws/build/mypkg/install.log'
[15.708s] Invoked command in '/home/yamashita/car_ws/src/mypkg' returned '0': PYTHONPATH=/home/yamashita/car_ws/build/mypkg/prefix_override:/home/yamashita/car_ws/install/mypkg/lib/python3.10/site-packages:${PYTHONPATH} /usr/bin/python3 setup.py egg_info --egg-base ../../build/mypkg build --build-base /home/yamashita/car_ws/build/mypkg/build install --record /home/yamashita/car_ws/build/mypkg/install.log --single-version-externally-managed
