[10.827s] Invoking command in '/home/yamashita/car_ws/src/mypkg': PYTHONPATH=/home/yamashita/car_ws/build/mypkg/prefix_override:/home/yamashita/car_ws/install/mypkg/lib/python3.10/site-packages:${PYTHONPATH} /usr/bin/python3 setup.py egg_info --egg-base ../../build/mypkg build --build-base /home/yamashita/car_ws/build/mypkg/build install --record /home/yamashita/car_ws/build/mypkg/install.log --single-version-externally-managed
[13.641s] running egg_info
[13.645s] writing ../../build/mypkg/mypkg.egg-info/PKG-INFO
[13.647s] writing dependency_links to ../../build/mypkg/mypkg.egg-info/dependency_links.txt
[13.650s] writing entry points to ../../build/mypkg/mypkg.egg-info/entry_points.txt
[13.652s] writing requirements to ../../build/mypkg/mypkg.egg-info/requires.txt
[13.653s] writing top-level names to ../../build/mypkg/mypkg.egg-info/top_level.txt
[13.673s] reading manifest file '../../build/mypkg/mypkg.egg-info/SOURCES.txt'
[13.681s] writing manifest file '../../build/mypkg/mypkg.egg-info/SOURCES.txt'
[13.682s] running build
[13.683s] running build_py
[13.685s] copying mypkg/receiver.py -> /home/yamashita/car_ws/build/mypkg/build/lib/mypkg
[13.688s] running install
[13.691s] running install_lib
[13.698s] copying /home/yamashita/car_ws/build/mypkg/build/lib/mypkg/receiver.py -> /home/yamashita/car_ws/install/mypkg/lib/python3.10/site-packages/mypkg
[13.704s] byte-compiling /home/yamashita/car_ws/install/mypkg/lib/python3.10/site-packages/mypkg/receiver.py to receiver.cpython-310.pyc
[13.715s] running install_data
[13.720s] copying package.xml -> /home/yamashita/car_ws/install/mypkg/share/mypkg
[13.722s] running install_egg_info
[13.737s] removing '/home/yamashita/car_ws/install/mypkg/lib/python3.10/site-packages/mypkg-0.0.0-py3.10.egg-info' (and everything under it)
[13.741s] Copying ../../build/mypkg/mypkg.egg-info to /home/yamashita/car_ws/install/mypkg/lib/python3.10/site-packages/mypkg-0.0.0-py3.10.egg-info
[13.752s] running install_scripts
[13.921s] Installing camera script to /home/yamashita/car_ws/install/mypkg/lib/mypkg
[13.922s] Installing serial script to /home/yamashita/car_ws/install/mypkg/lib/mypkg
[13.926s] writing list of installed files to '/home/yamashita/car_ws/build/mypkg/install.log'
[14.214s] Invoked command in '/home/yamashita/car_ws/src/mypkg' returned '0': PYTHONPATH=/home/yamashita/car_ws/build/mypkg/prefix_override:/home/yamashita/car_ws/install/mypkg/lib/python3.10/site-packages:${PYTHONPATH} /usr/bin/python3 setup.py egg_info --egg-base ../../build/mypkg build --build-base /home/yamashita/car_ws/build/mypkg/build install --record /home/yamashita/car_ws/build/mypkg/install.log --single-version-externally-managed
