[10.282s] Invoking command in '/home/yamashita/car_ws/src/mypkg': PYTHONPATH=/home/yamashita/car_ws/build/mypkg/prefix_override:/home/yamashita/car_ws/install/mypkg/lib/python3.10/site-packages:${PYTHONPATH} /usr/bin/python3 setup.py egg_info --egg-base ../../build/mypkg build --build-base /home/yamashita/car_ws/build/mypkg/build install --record /home/yamashita/car_ws/build/mypkg/install.log --single-version-externally-managed
[12.934s] running egg_info
[12.939s] writing ../../build/mypkg/mypkg.egg-info/PKG-INFO
[12.941s] writing dependency_links to ../../build/mypkg/mypkg.egg-info/dependency_links.txt
[12.943s] writing entry points to ../../build/mypkg/mypkg.egg-info/entry_points.txt
[12.945s] writing requirements to ../../build/mypkg/mypkg.egg-info/requires.txt
[12.946s] writing top-level names to ../../build/mypkg/mypkg.egg-info/top_level.txt
[12.964s] reading manifest file '../../build/mypkg/mypkg.egg-info/SOURCES.txt'
[12.971s] writing manifest file '../../build/mypkg/mypkg.egg-info/SOURCES.txt'
[12.973s] running build
[12.974s] running build_py
[12.976s] copying mypkg/receiver.py -> /home/yamashita/car_ws/build/mypkg/build/lib/mypkg
[12.979s] running install
[12.981s] running install_lib
[12.988s] copying /home/yamashita/car_ws/build/mypkg/build/lib/mypkg/receiver.py -> /home/yamashita/car_ws/install/mypkg/lib/python3.10/site-packages/mypkg
[12.994s] byte-compiling /home/yamashita/car_ws/install/mypkg/lib/python3.10/site-packages/mypkg/receiver.py to receiver.cpython-310.pyc
[13.006s] running install_data
[13.011s] running install_egg_info
[13.026s] removing '/home/yamashita/car_ws/install/mypkg/lib/python3.10/site-packages/mypkg-0.0.0-py3.10.egg-info' (and everything under it)
[13.029s] Copying ../../build/mypkg/mypkg.egg-info to /home/yamashita/car_ws/install/mypkg/lib/python3.10/site-packages/mypkg-0.0.0-py3.10.egg-info
[13.039s] running install_scripts
[13.203s] Installing camera script to /home/yamashita/car_ws/install/mypkg/lib/mypkg
[13.204s] Installing serial script to /home/yamashita/car_ws/install/mypkg/lib/mypkg
[13.208s] writing list of installed files to '/home/yamashita/car_ws/build/mypkg/install.log'
[13.491s] Invoked command in '/home/yamashita/car_ws/src/mypkg' returned '0': PYTHONPATH=/home/yamashita/car_ws/build/mypkg/prefix_override:/home/yamashita/car_ws/install/mypkg/lib/python3.10/site-packages:${PYTHONPATH} /usr/bin/python3 setup.py egg_info --egg-base ../../build/mypkg build --build-base /home/yamashita/car_ws/build/mypkg/build install --record /home/yamashita/car_ws/build/mypkg/install.log --single-version-externally-managed
