[5.297s] Invoking command in '/home/yamashita/car_ws/src/mypkg': PYTHONPATH=/home/yamashita/car_ws/build/mypkg/prefix_override:/home/yamashita/car_ws/install/mypkg/lib/python3.10/site-packages:${PYTHONPATH} /usr/bin/python3 setup.py egg_info --egg-base ../../build/mypkg build --build-base /home/yamashita/car_ws/build/mypkg/build install --record /home/yamashita/car_ws/build/mypkg/install.log --single-version-externally-managed
[6.488s] running egg_info
[6.490s] writing ../../build/mypkg/mypkg.egg-info/PKG-INFO
[6.491s] writing dependency_links to ../../build/mypkg/mypkg.egg-info/dependency_links.txt
[6.492s] writing entry points to ../../build/mypkg/mypkg.egg-info/entry_points.txt
[6.493s] writing requirements to ../../build/mypkg/mypkg.egg-info/requires.txt
[6.494s] writing top-level names to ../../build/mypkg/mypkg.egg-info/top_level.txt
[6.503s] reading manifest file '../../build/mypkg/mypkg.egg-info/SOURCES.txt'
[6.507s] writing manifest file '../../build/mypkg/mypkg.egg-info/SOURCES.txt'
[6.507s] running build
[6.508s] running build_py
[6.509s] copying mypkg/CircleImgPub.py -> /home/yamashita/car_ws/build/mypkg/build/lib/mypkg
[6.510s] running install
[6.512s] running install_lib
[6.516s] copying /home/yamashita/car_ws/build/mypkg/build/lib/mypkg/CircleImgPub.py -> /home/yamashita/car_ws/install/mypkg/lib/python3.10/site-packages/mypkg
[6.519s] byte-compiling /home/yamashita/car_ws/install/mypkg/lib/python3.10/site-packages/mypkg/CircleImgPub.py to CircleImgPub.cpython-310.pyc
[6.523s] running install_data
[6.526s] running install_egg_info
[6.532s] removing '/home/yamashita/car_ws/install/mypkg/lib/python3.10/site-packages/mypkg-0.0.0-py3.10.egg-info' (and everything under it)
[6.534s] Copying ../../build/mypkg/mypkg.egg-info to /home/yamashita/car_ws/install/mypkg/lib/python3.10/site-packages/mypkg-0.0.0-py3.10.egg-info
[6.539s] running install_scripts
[6.619s] Installing CircleImgPub script to /home/yamashita/car_ws/install/mypkg/lib/mypkg
[6.620s] Installing camera0 script to /home/yamashita/car_ws/install/mypkg/lib/mypkg
[6.621s] Installing serial script to /home/yamashita/car_ws/install/mypkg/lib/mypkg
[6.623s] writing list of installed files to '/home/yamashita/car_ws/build/mypkg/install.log'
[6.755s] Invoked command in '/home/yamashita/car_ws/src/mypkg' returned '0': PYTHONPATH=/home/yamashita/car_ws/build/mypkg/prefix_override:/home/yamashita/car_ws/install/mypkg/lib/python3.10/site-packages:${PYTHONPATH} /usr/bin/python3 setup.py egg_info --egg-base ../../build/mypkg build --build-base /home/yamashita/car_ws/build/mypkg/build install --record /home/yamashita/car_ws/build/mypkg/install.log --single-version-externally-managed
