[10.688s] Invoking command in '/home/yamashita/car_ws/src/mypkg': PYTHONPATH=/home/yamashita/car_ws/build/mypkg/prefix_override:/home/yamashita/car_ws/install/mypkg/lib/python3.10/site-packages:${PYTHONPATH} /usr/bin/python3 setup.py egg_info --egg-base ../../build/mypkg build --build-base /home/yamashita/car_ws/build/mypkg/build install --record /home/yamashita/car_ws/build/mypkg/install.log --single-version-externally-managed
[13.455s] running egg_info
[13.459s] writing ../../build/mypkg/mypkg.egg-info/PKG-INFO
[13.461s] writing dependency_links to ../../build/mypkg/mypkg.egg-info/dependency_links.txt
[13.463s] writing entry points to ../../build/mypkg/mypkg.egg-info/entry_points.txt
[13.465s] writing requirements to ../../build/mypkg/mypkg.egg-info/requires.txt
[13.467s] writing top-level names to ../../build/mypkg/mypkg.egg-info/top_level.txt
[13.485s] reading manifest file '../../build/mypkg/mypkg.egg-info/SOURCES.txt'
[13.493s] writing manifest file '../../build/mypkg/mypkg.egg-info/SOURCES.txt'
[13.494s] running build
[13.495s] running build_py
[13.497s] copying mypkg/receiver.py -> /home/yamashita/car_ws/build/mypkg/build/lib/mypkg
[13.500s] running install
[13.502s] running install_lib
[13.510s] copying /home/yamashita/car_ws/build/mypkg/build/lib/mypkg/receiver.py -> /home/yamashita/car_ws/install/mypkg/lib/python3.10/site-packages/mypkg
[13.515s] byte-compiling /home/yamashita/car_ws/install/mypkg/lib/python3.10/site-packages/mypkg/receiver.py to receiver.cpython-310.pyc
[13.518s]   File "/home/yamashita/car_ws/install/mypkg/lib/python3.10/site-packages/mypkg/receiver.py", line 5
[13.519s]     from std_msgs.msgimport String
[13.520s]                             ^^^^^^
[13.521s] SyntaxError: invalid syntax
[13.521s] 
[13.522s] running install_data
[13.524s] running install_egg_info
[13.539s] removing '/home/yamashita/car_ws/install/mypkg/lib/python3.10/site-packages/mypkg-0.0.0-py3.10.egg-info' (and everything under it)
[13.543s] Copying ../../build/mypkg/mypkg.egg-info to /home/yamashita/car_ws/install/mypkg/lib/python3.10/site-packages/mypkg-0.0.0-py3.10.egg-info
[13.554s] running install_scripts
[13.720s] Installing camera script to /home/yamashita/car_ws/install/mypkg/lib/mypkg
[13.722s] Installing serial script to /home/yamashita/car_ws/install/mypkg/lib/mypkg
[13.726s] writing list of installed files to '/home/yamashita/car_ws/build/mypkg/install.log'
[14.014s] Invoked command in '/home/yamashita/car_ws/src/mypkg' returned '0': PYTHONPATH=/home/yamashita/car_ws/build/mypkg/prefix_override:/home/yamashita/car_ws/install/mypkg/lib/python3.10/site-packages:${PYTHONPATH} /usr/bin/python3 setup.py egg_info --egg-base ../../build/mypkg build --build-base /home/yamashita/car_ws/build/mypkg/build install --record /home/yamashita/car_ws/build/mypkg/install.log --single-version-externally-managed
