[1.692s] Invoking command in '/home/yamashita/car_ws/build/coordinate_msg': CMAKE_PREFIX_PATH=${CMAKE_PREFIX_PATH}:/home/yamashita/car_ws/install/mypkg:/opt/ros/humble /usr/bin/cmake --build /home/yamashita/car_ws/build/coordinate_msg -- -j4 -l4
[2.160s] [  3%] Built target coordinate_msg__cpp
[2.239s] [ 12%] Built target coordinate_msg__rosidl_generator_c
[2.357s] [ 12%] Built target ament_cmake_python_copy_coordinate_msg
[2.433s] [ 22%] Built target coordinate_msg__rosidl_typesupport_introspection_cpp
[2.467s] [ 32%] Built target coordinate_msg__rosidl_typesupport_fastrtps_cpp
[2.572s] [ 41%] Built target coordinate_msg__rosidl_typesupport_cpp
[2.711s] [ 51%] Built target coordinate_msg__rosidl_typesupport_fastrtps_c
[2.769s] [ 61%] Built target coordinate_msg__rosidl_typesupport_introspection_c
[2.776s] [ 70%] Built target coordinate_msg__rosidl_typesupport_c
[3.002s] [ 70%] Built target coordinate_msg
[3.221s] [ 74%] Built target coordinate_msg__py
[3.458s] [ 80%] Built target coordinate_msg__rosidl_generator_py
[3.835s] [ 87%] Built target coordinate_msg__rosidl_typesupport_introspection_c__pyext
[3.843s] [ 93%] Built target coordinate_msg__rosidl_typesupport_fastrtps_c__pyext
[3.873s] [100%] Built target coordinate_msg__rosidl_typesupport_c__pyext
[6.238s] running egg_info
[6.245s] writing coordinate_msg.egg-info/PKG-INFO
[6.250s] writing dependency_links to coordinate_msg.egg-info/dependency_links.txt
[6.253s] writing top-level names to coordinate_msg.egg-info/top_level.txt
[6.273s] reading manifest file 'coordinate_msg.egg-info/SOURCES.txt'
[6.282s] writing manifest file 'coordinate_msg.egg-info/SOURCES.txt'
[6.614s] [100%] Built target ament_cmake_python_build_coordinate_msg_egg
[6.837s] Invoked command in '/home/yamashita/car_ws/build/coordinate_msg' returned '0': CMAKE_PREFIX_PATH=${CMAKE_PREFIX_PATH}:/home/yamashita/car_ws/install/mypkg:/opt/ros/humble /usr/bin/cmake --build /home/yamashita/car_ws/build/coordinate_msg -- -j4 -l4
[7.548s] Invoking command in '/home/yamashita/car_ws/build/coordinate_msg': CMAKE_PREFIX_PATH=${CMAKE_PREFIX_PATH}:/home/yamashita/car_ws/install/mypkg:/opt/ros/humble /usr/bin/cmake --install /home/yamashita/car_ws/build/coordinate_msg
[7.611s] -- Install configuration: ""
[7.614s] -- Up-to-date: /home/yamashita/car_ws/install/coordinate_msg/share/ament_index/resource_index/rosidl_interfaces/coordinate_msg
[7.615s] -- Up-to-date: /home/yamashita/car_ws/install/coordinate_msg/include/coordinate_msg/coordinate_msg
[7.617s] -- Up-to-date: /home/yamashita/car_ws/install/coordinate_msg/include/coordinate_msg/coordinate_msg/msg
[7.620s] -- Up-to-date: /home/yamashita/car_ws/install/coordinate_msg/include/coordinate_msg/coordinate_msg/msg/detail
[7.622s] -- Up-to-date: /home/yamashita/car_ws/install/coordinate_msg/include/coordinate_msg/coordinate_msg/msg/detail/coordinate__functions.h
[7.623s] -- Up-to-date: /home/yamashita/car_ws/install/coordinate_msg/include/coordinate_msg/coordinate_msg/msg/detail/coordinate__functions.c
[7.624s] -- Up-to-date: /home/yamashita/car_ws/install/coordinate_msg/include/coordinate_msg/coordinate_msg/msg/detail/coordinate__struct.h
[7.627s] -- Up-to-date: /home/yamashita/car_ws/install/coordinate_msg/include/coordinate_msg/coordinate_msg/msg/detail/coordinate__type_support.h
[7.628s] -- Up-to-date: /home/yamashita/car_ws/install/coordinate_msg/include/coordinate_msg/coordinate_msg/msg/coordinate.h
[7.630s] -- Up-to-date: /home/yamashita/car_ws/install/coordinate_msg/include/coordinate_msg/coordinate_msg/msg/rosidl_generator_c__visibility_control.h
[7.633s] -- Up-to-date: /home/yamashita/car_ws/install/coordinate_msg/share/coordinate_msg/environment/library_path.sh
[7.634s] -- Up-to-date: /home/yamashita/car_ws/install/coordinate_msg/share/coordinate_msg/environment/library_path.dsv
[7.637s] -- Up-to-date: /home/yamashita/car_ws/install/coordinate_msg/lib/libcoordinate_msg__rosidl_generator_c.so
[7.639s] -- Up-to-date: /home/yamashita/car_ws/install/coordinate_msg/include/coordinate_msg/coordinate_msg
[7.640s] -- Up-to-date: /home/yamashita/car_ws/install/coordinate_msg/include/coordinate_msg/coordinate_msg/msg
[7.642s] -- Up-to-date: /home/yamashita/car_ws/install/coordinate_msg/include/coordinate_msg/coordinate_msg/msg/rosidl_typesupport_fastrtps_c__visibility_control.h
[7.644s] -- Up-to-date: /home/yamashita/car_ws/install/coordinate_msg/include/coordinate_msg/coordinate_msg/msg/detail
[7.645s] -- Up-to-date: /home/yamashita/car_ws/install/coordinate_msg/include/coordinate_msg/coordinate_msg/msg/detail/coordinate__rosidl_typesupport_fastrtps_c.h
[7.647s] -- Up-to-date: /home/yamashita/car_ws/install/coordinate_msg/lib/libcoordinate_msg__rosidl_typesupport_fastrtps_c.so
[7.648s] -- Up-to-date: /home/yamashita/car_ws/install/coordinate_msg/include/coordinate_msg/coordinate_msg
[7.651s] -- Up-to-date: /home/yamashita/car_ws/install/coordinate_msg/include/coordinate_msg/coordinate_msg/msg
[7.654s] -- Up-to-date: /home/yamashita/car_ws/install/coordinate_msg/include/coordinate_msg/coordinate_msg/msg/detail
[7.656s] -- Up-to-date: /home/yamashita/car_ws/install/coordinate_msg/include/coordinate_msg/coordinate_msg/msg/detail/coordinate__rosidl_typesupport_introspection_c.h
[7.659s] -- Up-to-date: /home/yamashita/car_ws/install/coordinate_msg/include/coordinate_msg/coordinate_msg/msg/detail/coordinate__type_support.c
[7.660s] -- Up-to-date: /home/yamashita/car_ws/install/coordinate_msg/include/coordinate_msg/coordinate_msg/msg/rosidl_typesupport_introspection_c__visibility_control.h
[7.662s] -- Up-to-date: /home/yamashita/car_ws/install/coordinate_msg/lib/libcoordinate_msg__rosidl_typesupport_introspection_c.so
[7.663s] -- Up-to-date: /home/yamashita/car_ws/install/coordinate_msg/lib/libcoordinate_msg__rosidl_typesupport_c.so
[7.666s] -- Up-to-date: /home/yamashita/car_ws/install/coordinate_msg/include/coordinate_msg/coordinate_msg
[7.668s] -- Up-to-date: /home/yamashita/car_ws/install/coordinate_msg/include/coordinate_msg/coordinate_msg/msg
[7.669s] -- Up-to-date: /home/yamashita/car_ws/install/coordinate_msg/include/coordinate_msg/coordinate_msg/msg/detail
[7.672s] -- Up-to-date: /home/yamashita/car_ws/install/coordinate_msg/include/coordinate_msg/coordinate_msg/msg/detail/coordinate__builder.hpp
[7.673s] -- Up-to-date: /home/yamashita/car_ws/install/coordinate_msg/include/coordinate_msg/coordinate_msg/msg/detail/coordinate__traits.hpp
[7.674s] -- Up-to-date: /home/yamashita/car_ws/install/coordinate_msg/include/coordinate_msg/coordinate_msg/msg/detail/coordinate__struct.hpp
[7.676s] -- Up-to-date: /home/yamashita/car_ws/install/coordinate_msg/include/coordinate_msg/coordinate_msg/msg/coordinate.hpp
[7.679s] -- Up-to-date: /home/yamashita/car_ws/install/coordinate_msg/include/coordinate_msg/coordinate_msg
[7.682s] -- Up-to-date: /home/yamashita/car_ws/install/coordinate_msg/include/coordinate_msg/coordinate_msg/msg
[7.684s] -- Up-to-date: /home/yamashita/car_ws/install/coordinate_msg/include/coordinate_msg/coordinate_msg/msg/detail
[7.685s] -- Up-to-date: /home/yamashita/car_ws/install/coordinate_msg/include/coordinate_msg/coordinate_msg/msg/detail/coordinate__rosidl_typesupport_fastrtps_cpp.hpp
[7.687s] -- Up-to-date: /home/yamashita/car_ws/install/coordinate_msg/include/coordinate_msg/coordinate_msg/msg/detail/dds_fastrtps
[7.688s] -- Up-to-date: /home/yamashita/car_ws/install/coordinate_msg/include/coordinate_msg/coordinate_msg/msg/rosidl_typesupport_fastrtps_cpp__visibility_control.h
[7.689s] -- Up-to-date: /home/yamashita/car_ws/install/coordinate_msg/lib/libcoordinate_msg__rosidl_typesupport_fastrtps_cpp.so
[7.690s] -- Up-to-date: /home/yamashita/car_ws/install/coordinate_msg/include/coordinate_msg/coordinate_msg
[7.692s] -- Up-to-date: /home/yamashita/car_ws/install/coordinate_msg/include/coordinate_msg/coordinate_msg/msg
[7.693s] -- Up-to-date: /home/yamashita/car_ws/install/coordinate_msg/include/coordinate_msg/coordinate_msg/msg/detail
[7.694s] -- Up-to-date: /home/yamashita/car_ws/install/coordinate_msg/include/coordinate_msg/coordinate_msg/msg/detail/coordinate__type_support.cpp
[7.697s] -- Up-to-date: /home/yamashita/car_ws/install/coordinate_msg/include/coordinate_msg/coordinate_msg/msg/detail/coordinate__rosidl_typesupport_introspection_cpp.hpp
[7.699s] -- Up-to-date: /home/yamashita/car_ws/install/coordinate_msg/lib/libcoordinate_msg__rosidl_typesupport_introspection_cpp.so
[7.701s] -- Up-to-date: /home/yamashita/car_ws/install/coordinate_msg/lib/libcoordinate_msg__rosidl_typesupport_cpp.so
[7.703s] -- Up-to-date: /home/yamashita/car_ws/install/coordinate_msg/share/coordinate_msg/environment/pythonpath.sh
[7.705s] -- Up-to-date: /home/yamashita/car_ws/install/coordinate_msg/share/coordinate_msg/environment/pythonpath.dsv
[7.706s] -- Up-to-date: /home/yamashita/car_ws/install/coordinate_msg/local/lib/python3.10/dist-packages/coordinate_msg-0.0.0-py3.10.egg-info
[7.707s] -- Installing: /home/yamashita/car_ws/install/coordinate_msg/local/lib/python3.10/dist-packages/coordinate_msg-0.0.0-py3.10.egg-info/SOURCES.txt
[7.708s] -- Installing: /home/yamashita/car_ws/install/coordinate_msg/local/lib/python3.10/dist-packages/coordinate_msg-0.0.0-py3.10.egg-info/dependency_links.txt
[7.710s] -- Installing: /home/yamashita/car_ws/install/coordinate_msg/local/lib/python3.10/dist-packages/coordinate_msg-0.0.0-py3.10.egg-info/PKG-INFO
[7.711s] -- Installing: /home/yamashita/car_ws/install/coordinate_msg/local/lib/python3.10/dist-packages/coordinate_msg-0.0.0-py3.10.egg-info/top_level.txt
[7.712s] -- Up-to-date: /home/yamashita/car_ws/install/coordinate_msg/local/lib/python3.10/dist-packages/coordinate_msg
[7.713s] -- Up-to-date: /home/yamashita/car_ws/install/coordinate_msg/local/lib/python3.10/dist-packages/coordinate_msg/coordinate_msg_s__rosidl_typesupport_introspection_c.cpython-310-aarch64-linux-gnu.so
[7.715s] -- Up-to-date: /home/yamashita/car_ws/install/coordinate_msg/local/lib/python3.10/dist-packages/coordinate_msg/coordinate_msg_s__rosidl_typesupport_c.cpython-310-aarch64-linux-gnu.so
[7.715s] -- Up-to-date: /home/yamashita/car_ws/install/coordinate_msg/local/lib/python3.10/dist-packages/coordinate_msg/msg
[7.717s] -- Up-to-date: /home/yamashita/car_ws/install/coordinate_msg/local/lib/python3.10/dist-packages/coordinate_msg/msg/_coordinate_s.c
[7.718s] -- Up-to-date: /home/yamashita/car_ws/install/coordinate_msg/local/lib/python3.10/dist-packages/coordinate_msg/msg/__init__.py
[7.719s] -- Up-to-date: /home/yamashita/car_ws/install/coordinate_msg/local/lib/python3.10/dist-packages/coordinate_msg/msg/_coordinate.py
[7.720s] -- Up-to-date: /home/yamashita/car_ws/install/coordinate_msg/local/lib/python3.10/dist-packages/coordinate_msg/_coordinate_msg_s.ep.rosidl_typesupport_introspection_c.c
[7.722s] -- Up-to-date: /home/yamashita/car_ws/install/coordinate_msg/local/lib/python3.10/dist-packages/coordinate_msg/libcoordinate_msg__rosidl_generator_py.so
[7.723s] -- Up-to-date: /home/yamashita/car_ws/install/coordinate_msg/local/lib/python3.10/dist-packages/coordinate_msg/__init__.py
[7.725s] -- Up-to-date: /home/yamashita/car_ws/install/coordinate_msg/local/lib/python3.10/dist-packages/coordinate_msg/coordinate_msg_s__rosidl_typesupport_fastrtps_c.cpython-310-aarch64-linux-gnu.so
[7.726s] -- Up-to-date: /home/yamashita/car_ws/install/coordinate_msg/local/lib/python3.10/dist-packages/coordinate_msg/_coordinate_msg_s.ep.rosidl_typesupport_c.c
[7.727s] -- Up-to-date: /home/yamashita/car_ws/install/coordinate_msg/local/lib/python3.10/dist-packages/coordinate_msg/_coordinate_msg_s.ep.rosidl_typesupport_fastrtps_c.c
[8.062s] Listing '/home/yamashita/car_ws/install/coordinate_msg/local/lib/python3.10/dist-packages/coordinate_msg'...
[8.064s] Listing '/home/yamashita/car_ws/install/coordinate_msg/local/lib/python3.10/dist-packages/coordinate_msg/msg'...
[8.130s] -- Up-to-date: /home/yamashita/car_ws/install/coordinate_msg/local/lib/python3.10/dist-packages/coordinate_msg/coordinate_msg_s__rosidl_typesupport_fastrtps_c.cpython-310-aarch64-linux-gnu.so
[8.135s] -- Up-to-date: /home/yamashita/car_ws/install/coordinate_msg/local/lib/python3.10/dist-packages/coordinate_msg/coordinate_msg_s__rosidl_typesupport_introspection_c.cpython-310-aarch64-linux-gnu.so
[8.140s] -- Up-to-date: /home/yamashita/car_ws/install/coordinate_msg/local/lib/python3.10/dist-packages/coordinate_msg/coordinate_msg_s__rosidl_typesupport_c.cpython-310-aarch64-linux-gnu.so
[8.145s] -- Up-to-date: /home/yamashita/car_ws/install/coordinate_msg/lib/libcoordinate_msg__rosidl_generator_py.so
[8.148s] -- Up-to-date: /home/yamashita/car_ws/install/coordinate_msg/share/coordinate_msg/msg/Coordinate.idl
[8.150s] -- Up-to-date: /home/yamashita/car_ws/install/coordinate_msg/share/coordinate_msg/msg/Coordinate.msg
[8.152s] -- Up-to-date: /home/yamashita/car_ws/install/coordinate_msg/share/ament_index/resource_index/package_run_dependencies/coordinate_msg
[8.154s] -- Up-to-date: /home/yamashita/car_ws/install/coordinate_msg/share/ament_index/resource_index/parent_prefix_path/coordinate_msg
[8.157s] -- Up-to-date: /home/yamashita/car_ws/install/coordinate_msg/share/coordinate_msg/environment/ament_prefix_path.sh
[8.159s] -- Up-to-date: /home/yamashita/car_ws/install/coordinate_msg/share/coordinate_msg/environment/ament_prefix_path.dsv
[8.160s] -- Up-to-date: /home/yamashita/car_ws/install/coordinate_msg/share/coordinate_msg/environment/path.sh
[8.163s] -- Up-to-date: /home/yamashita/car_ws/install/coordinate_msg/share/coordinate_msg/environment/path.dsv
[8.166s] -- Up-to-date: /home/yamashita/car_ws/install/coordinate_msg/share/coordinate_msg/local_setup.bash
[8.168s] -- Up-to-date: /home/yamashita/car_ws/install/coordinate_msg/share/coordinate_msg/local_setup.sh
[8.170s] -- Up-to-date: /home/yamashita/car_ws/install/coordinate_msg/share/coordinate_msg/local_setup.zsh
[8.173s] -- Up-to-date: /home/yamashita/car_ws/install/coordinate_msg/share/coordinate_msg/local_setup.dsv
[8.176s] -- Installing: /home/yamashita/car_ws/install/coordinate_msg/share/coordinate_msg/package.dsv
[8.177s] -- Up-to-date: /home/yamashita/car_ws/install/coordinate_msg/share/ament_index/resource_index/packages/coordinate_msg
[8.180s] -- Up-to-date: /home/yamashita/car_ws/install/coordinate_msg/share/coordinate_msg/cmake/export_coordinate_msg__rosidl_generator_cExport.cmake
[8.185s] -- Up-to-date: /home/yamashita/car_ws/install/coordinate_msg/share/coordinate_msg/cmake/export_coordinate_msg__rosidl_generator_cExport-noconfig.cmake
[8.187s] -- Up-to-date: /home/yamashita/car_ws/install/coordinate_msg/share/coordinate_msg/cmake/export_coordinate_msg__rosidl_typesupport_fastrtps_cExport.cmake
[8.189s] -- Up-to-date: /home/yamashita/car_ws/install/coordinate_msg/share/coordinate_msg/cmake/export_coordinate_msg__rosidl_typesupport_fastrtps_cExport-noconfig.cmake
[8.192s] -- Up-to-date: /home/yamashita/car_ws/install/coordinate_msg/share/coordinate_msg/cmake/coordinate_msg__rosidl_typesupport_introspection_cExport.cmake
[8.196s] -- Up-to-date: /home/yamashita/car_ws/install/coordinate_msg/share/coordinate_msg/cmake/coordinate_msg__rosidl_typesupport_introspection_cExport-noconfig.cmake
[8.199s] -- Up-to-date: /home/yamashita/car_ws/install/coordinate_msg/share/coordinate_msg/cmake/coordinate_msg__rosidl_typesupport_cExport.cmake
[8.202s] -- Up-to-date: /home/yamashita/car_ws/install/coordinate_msg/share/coordinate_msg/cmake/coordinate_msg__rosidl_typesupport_cExport-noconfig.cmake
[8.204s] -- Up-to-date: /home/yamashita/car_ws/install/coordinate_msg/share/coordinate_msg/cmake/export_coordinate_msg__rosidl_generator_cppExport.cmake
[8.206s] -- Up-to-date: /home/yamashita/car_ws/install/coordinate_msg/share/coordinate_msg/cmake/export_coordinate_msg__rosidl_typesupport_fastrtps_cppExport.cmake
[8.207s] -- Up-to-date: /home/yamashita/car_ws/install/coordinate_msg/share/coordinate_msg/cmake/export_coordinate_msg__rosidl_typesupport_fastrtps_cppExport-noconfig.cmake
[8.209s] -- Up-to-date: /home/yamashita/car_ws/install/coordinate_msg/share/coordinate_msg/cmake/coordinate_msg__rosidl_typesupport_introspection_cppExport.cmake
[8.210s] -- Up-to-date: /home/yamashita/car_ws/install/coordinate_msg/share/coordinate_msg/cmake/coordinate_msg__rosidl_typesupport_introspection_cppExport-noconfig.cmake
[8.211s] -- Up-to-date: /home/yamashita/car_ws/install/coordinate_msg/share/coordinate_msg/cmake/coordinate_msg__rosidl_typesupport_cppExport.cmake
[8.213s] -- Up-to-date: /home/yamashita/car_ws/install/coordinate_msg/share/coordinate_msg/cmake/coordinate_msg__rosidl_typesupport_cppExport-noconfig.cmake
[8.214s] -- Up-to-date: /home/yamashita/car_ws/install/coordinate_msg/share/coordinate_msg/cmake/export_coordinate_msg__rosidl_generator_pyExport.cmake
[8.216s] -- Up-to-date: /home/yamashita/car_ws/install/coordinate_msg/share/coordinate_msg/cmake/export_coordinate_msg__rosidl_generator_pyExport-noconfig.cmake
[8.223s] -- Up-to-date: /home/yamashita/car_ws/install/coordinate_msg/share/coordinate_msg/cmake/rosidl_cmake-extras.cmake
[8.225s] -- Up-to-date: /home/yamashita/car_ws/install/coordinate_msg/share/coordinate_msg/cmake/ament_cmake_export_include_directories-extras.cmake
[8.228s] -- Up-to-date: /home/yamashita/car_ws/install/coordinate_msg/share/coordinate_msg/cmake/ament_cmake_export_libraries-extras.cmake
[8.231s] -- Up-to-date: /home/yamashita/car_ws/install/coordinate_msg/share/coordinate_msg/cmake/ament_cmake_export_targets-extras.cmake
[8.234s] -- Up-to-date: /home/yamashita/car_ws/install/coordinate_msg/share/coordinate_msg/cmake/rosidl_cmake_export_typesupport_targets-extras.cmake
[8.236s] -- Up-to-date: /home/yamashita/car_ws/install/coordinate_msg/share/coordinate_msg/cmake/ament_cmake_export_dependencies-extras.cmake
[8.239s] -- Up-to-date: /home/yamashita/car_ws/install/coordinate_msg/share/coordinate_msg/cmake/rosidl_cmake_export_typesupport_libraries-extras.cmake
[8.244s] -- Up-to-date: /home/yamashita/car_ws/install/coordinate_msg/share/coordinate_msg/cmake/coordinate_msgConfig.cmake
[8.247s] -- Up-to-date: /home/yamashita/car_ws/install/coordinate_msg/share/coordinate_msg/cmake/coordinate_msgConfig-version.cmake
[8.250s] -- Up-to-date: /home/yamashita/car_ws/install/coordinate_msg/share/coordinate_msg/package.xml
[8.252s] Invoked command in '/home/yamashita/car_ws/build/coordinate_msg' returned '0': CMAKE_PREFIX_PATH=${CMAKE_PREFIX_PATH}:/home/yamashita/car_ws/install/mypkg:/opt/ros/humble /usr/bin/cmake --install /home/yamashita/car_ws/build/coordinate_msg
