[0.633s] Invoking command in '/home/yamashita/car_ws/build/coordinate_msg': CMAKE_PREFIX_PATH=${CMAKE_PREFIX_PATH}:/home/yamashita/car_ws/install/mypkg:/opt/ros/humble /usr/bin/cmake --build /home/yamashita/car_ws/build/coordinate_msg -- -j4 -l4
[0.854s] [  3%] Built target coordinate_msg__cpp
[0.867s] [ 12%] Built target coordinate_msg__rosidl_generator_c
[0.922s] [ 12%] Built target ament_cmake_python_copy_coordinate_msg
[0.980s] [ 22%] Built target coordinate_msg__rosidl_typesupport_cpp
[1.004s] [ 32%] Built target coordinate_msg__rosidl_typesupport_fastrtps_cpp
[1.032s] [ 41%] Built target coordinate_msg__rosidl_typesupport_introspection_cpp
[1.085s] [ 51%] Built target coordinate_msg__rosidl_typesupport_fastrtps_c
[1.124s] [ 61%] Built target coordinate_msg__rosidl_typesupport_introspection_c
[1.132s] [ 70%] Built target coordinate_msg__rosidl_typesupport_c
[1.224s] [ 70%] Built target coordinate_msg
[1.316s] [ 74%] Built target coordinate_msg__py
[1.416s] [ 80%] Built target coordinate_msg__rosidl_generator_py
[1.570s] [ 87%] Built target coordinate_msg__rosidl_typesupport_fastrtps_c__pyext
[1.576s] [ 93%] Built target coordinate_msg__rosidl_typesupport_introspection_c__pyext
[1.594s] [100%] Built target coordinate_msg__rosidl_typesupport_c__pyext
[2.517s] running egg_info
[2.520s] writing coordinate_msg.egg-info/PKG-INFO
[2.522s] writing dependency_links to coordinate_msg.egg-info/dependency_links.txt
[2.523s] writing top-level names to coordinate_msg.egg-info/top_level.txt
[2.534s] reading manifest file 'coordinate_msg.egg-info/SOURCES.txt'
[2.536s] writing manifest file 'coordinate_msg.egg-info/SOURCES.txt'
[2.671s] [100%] Built target ament_cmake_python_build_coordinate_msg_egg
[2.712s] Invoked command in '/home/yamashita/car_ws/build/coordinate_msg' returned '0': CMAKE_PREFIX_PATH=${CMAKE_PREFIX_PATH}:/home/yamashita/car_ws/install/mypkg:/opt/ros/humble /usr/bin/cmake --build /home/yamashita/car_ws/build/coordinate_msg -- -j4 -l4
[3.062s] Invoking command in '/home/yamashita/car_ws/build/coordinate_msg': CMAKE_PREFIX_PATH=${CMAKE_PREFIX_PATH}:/home/yamashita/car_ws/install/mypkg:/opt/ros/humble /usr/bin/cmake --install /home/yamashita/car_ws/build/coordinate_msg
[3.090s] -- Install configuration: ""
[3.090s] -- Up-to-date: /home/yamashita/car_ws/install/coordinate_msg/share/ament_index/resource_index/rosidl_interfaces/coordinate_msg
[3.091s] -- Up-to-date: /home/yamashita/car_ws/install/coordinate_msg/include/coordinate_msg/coordinate_msg
[3.091s] -- Up-to-date: /home/yamashita/car_ws/install/coordinate_msg/include/coordinate_msg/coordinate_msg/msg
[3.092s] -- Up-to-date: /home/yamashita/car_ws/install/coordinate_msg/include/coordinate_msg/coordinate_msg/msg/detail
[3.092s] -- Up-to-date: /home/yamashita/car_ws/install/coordinate_msg/include/coordinate_msg/coordinate_msg/msg/detail/coordinate__functions.h
[3.093s] -- Up-to-date: /home/yamashita/car_ws/install/coordinate_msg/include/coordinate_msg/coordinate_msg/msg/detail/coordinate__type_support.h
[3.093s] -- Up-to-date: /home/yamashita/car_ws/install/coordinate_msg/include/coordinate_msg/coordinate_msg/msg/detail/coordinate__functions.c
[3.094s] -- Up-to-date: /home/yamashita/car_ws/install/coordinate_msg/include/coordinate_msg/coordinate_msg/msg/detail/coordinate__struct.h
[3.094s] -- Up-to-date: /home/yamashita/car_ws/install/coordinate_msg/include/coordinate_msg/coordinate_msg/msg/rosidl_generator_c__visibility_control.h
[3.095s] -- Up-to-date: /home/yamashita/car_ws/install/coordinate_msg/include/coordinate_msg/coordinate_msg/msg/coordinate.h
[3.095s] -- Up-to-date: /home/yamashita/car_ws/install/coordinate_msg/share/coordinate_msg/environment/library_path.sh
[3.095s] -- Up-to-date: /home/yamashita/car_ws/install/coordinate_msg/share/coordinate_msg/environment/library_path.dsv
[3.096s] -- Up-to-date: /home/yamashita/car_ws/install/coordinate_msg/lib/libcoordinate_msg__rosidl_generator_c.so
[3.096s] -- Up-to-date: /home/yamashita/car_ws/install/coordinate_msg/include/coordinate_msg/coordinate_msg
[3.097s] -- Up-to-date: /home/yamashita/car_ws/install/coordinate_msg/include/coordinate_msg/coordinate_msg/msg
[3.098s] -- Up-to-date: /home/yamashita/car_ws/install/coordinate_msg/include/coordinate_msg/coordinate_msg/msg/rosidl_typesupport_fastrtps_c__visibility_control.h
[3.098s] -- Up-to-date: /home/yamashita/car_ws/install/coordinate_msg/include/coordinate_msg/coordinate_msg/msg/detail
[3.099s] -- Up-to-date: /home/yamashita/car_ws/install/coordinate_msg/include/coordinate_msg/coordinate_msg/msg/detail/coordinate__rosidl_typesupport_fastrtps_c.h
[3.099s] -- Up-to-date: /home/yamashita/car_ws/install/coordinate_msg/lib/libcoordinate_msg__rosidl_typesupport_fastrtps_c.so
[3.101s] -- Up-to-date: /home/yamashita/car_ws/install/coordinate_msg/include/coordinate_msg/coordinate_msg
[3.102s] -- Up-to-date: /home/yamashita/car_ws/install/coordinate_msg/include/coordinate_msg/coordinate_msg/msg
[3.102s] -- Up-to-date: /home/yamashita/car_ws/install/coordinate_msg/include/coordinate_msg/coordinate_msg/msg/detail
[3.103s] -- Up-to-date: /home/yamashita/car_ws/install/coordinate_msg/include/coordinate_msg/coordinate_msg/msg/detail/coordinate__rosidl_typesupport_introspection_c.h
[3.103s] -- Up-to-date: /home/yamashita/car_ws/install/coordinate_msg/include/coordinate_msg/coordinate_msg/msg/detail/coordinate__type_support.c
[3.103s] -- Up-to-date: /home/yamashita/car_ws/install/coordinate_msg/include/coordinate_msg/coordinate_msg/msg/rosidl_typesupport_introspection_c__visibility_control.h
[3.104s] -- Up-to-date: /home/yamashita/car_ws/install/coordinate_msg/lib/libcoordinate_msg__rosidl_typesupport_introspection_c.so
[3.108s] -- Up-to-date: /home/yamashita/car_ws/install/coordinate_msg/lib/libcoordinate_msg__rosidl_typesupport_c.so
[3.109s] -- Up-to-date: /home/yamashita/car_ws/install/coordinate_msg/include/coordinate_msg/coordinate_msg
[3.110s] -- Up-to-date: /home/yamashita/car_ws/install/coordinate_msg/include/coordinate_msg/coordinate_msg/msg
[3.110s] -- Up-to-date: /home/yamashita/car_ws/install/coordinate_msg/include/coordinate_msg/coordinate_msg/msg/coordinate.hpp
[3.111s] -- Up-to-date: /home/yamashita/car_ws/install/coordinate_msg/include/coordinate_msg/coordinate_msg/msg/detail
[3.111s] -- Up-to-date: /home/yamashita/car_ws/install/coordinate_msg/include/coordinate_msg/coordinate_msg/msg/detail/coordinate__struct.hpp
[3.112s] -- Up-to-date: /home/yamashita/car_ws/install/coordinate_msg/include/coordinate_msg/coordinate_msg/msg/detail/coordinate__traits.hpp
[3.112s] -- Up-to-date: /home/yamashita/car_ws/install/coordinate_msg/include/coordinate_msg/coordinate_msg/msg/detail/coordinate__builder.hpp
[3.113s] -- Up-to-date: /home/yamashita/car_ws/install/coordinate_msg/include/coordinate_msg/coordinate_msg
[3.113s] -- Up-to-date: /home/yamashita/car_ws/install/coordinate_msg/include/coordinate_msg/coordinate_msg/msg
[3.114s] -- Up-to-date: /home/yamashita/car_ws/install/coordinate_msg/include/coordinate_msg/coordinate_msg/msg/rosidl_typesupport_fastrtps_cpp__visibility_control.h
[3.114s] -- Up-to-date: /home/yamashita/car_ws/install/coordinate_msg/include/coordinate_msg/coordinate_msg/msg/detail
[3.115s] -- Up-to-date: /home/yamashita/car_ws/install/coordinate_msg/include/coordinate_msg/coordinate_msg/msg/detail/coordinate__rosidl_typesupport_fastrtps_cpp.hpp
[3.115s] -- Up-to-date: /home/yamashita/car_ws/install/coordinate_msg/include/coordinate_msg/coordinate_msg/msg/detail/dds_fastrtps
[3.115s] -- Up-to-date: /home/yamashita/car_ws/install/coordinate_msg/lib/libcoordinate_msg__rosidl_typesupport_fastrtps_cpp.so
[3.116s] -- Up-to-date: /home/yamashita/car_ws/install/coordinate_msg/include/coordinate_msg/coordinate_msg
[3.116s] -- Up-to-date: /home/yamashita/car_ws/install/coordinate_msg/include/coordinate_msg/coordinate_msg/msg
[3.117s] -- Up-to-date: /home/yamashita/car_ws/install/coordinate_msg/include/coordinate_msg/coordinate_msg/msg/detail
[3.117s] -- Up-to-date: /home/yamashita/car_ws/install/coordinate_msg/include/coordinate_msg/coordinate_msg/msg/detail/coordinate__type_support.cpp
[3.117s] -- Up-to-date: /home/yamashita/car_ws/install/coordinate_msg/include/coordinate_msg/coordinate_msg/msg/detail/coordinate__rosidl_typesupport_introspection_cpp.hpp
[3.118s] -- Up-to-date: /home/yamashita/car_ws/install/coordinate_msg/lib/libcoordinate_msg__rosidl_typesupport_introspection_cpp.so
[3.120s] -- Up-to-date: /home/yamashita/car_ws/install/coordinate_msg/lib/libcoordinate_msg__rosidl_typesupport_cpp.so
[3.122s] -- Up-to-date: /home/yamashita/car_ws/install/coordinate_msg/share/coordinate_msg/environment/pythonpath.sh
[3.122s] -- Up-to-date: /home/yamashita/car_ws/install/coordinate_msg/share/coordinate_msg/environment/pythonpath.dsv
[3.123s] -- Up-to-date: /home/yamashita/car_ws/install/coordinate_msg/local/lib/python3.10/dist-packages/coordinate_msg-0.0.0-py3.10.egg-info
[3.124s] -- Installing: /home/yamashita/car_ws/install/coordinate_msg/local/lib/python3.10/dist-packages/coordinate_msg-0.0.0-py3.10.egg-info/SOURCES.txt
[3.124s] -- Installing: /home/yamashita/car_ws/install/coordinate_msg/local/lib/python3.10/dist-packages/coordinate_msg-0.0.0-py3.10.egg-info/dependency_links.txt
[3.126s] -- Installing: /home/yamashita/car_ws/install/coordinate_msg/local/lib/python3.10/dist-packages/coordinate_msg-0.0.0-py3.10.egg-info/PKG-INFO
[3.127s] -- Installing: /home/yamashita/car_ws/install/coordinate_msg/local/lib/python3.10/dist-packages/coordinate_msg-0.0.0-py3.10.egg-info/top_level.txt
[3.128s] -- Up-to-date: /home/yamashita/car_ws/install/coordinate_msg/local/lib/python3.10/dist-packages/coordinate_msg
[3.129s] -- Up-to-date: /home/yamashita/car_ws/install/coordinate_msg/local/lib/python3.10/dist-packages/coordinate_msg/__init__.py
[3.130s] -- Up-to-date: /home/yamashita/car_ws/install/coordinate_msg/local/lib/python3.10/dist-packages/coordinate_msg/coordinate_msg_s__rosidl_typesupport_fastrtps_c.cpython-310-aarch64-linux-gnu.so
[3.130s] -- Up-to-date: /home/yamashita/car_ws/install/coordinate_msg/local/lib/python3.10/dist-packages/coordinate_msg/libcoordinate_msg__rosidl_generator_py.so
[3.131s] -- Up-to-date: /home/yamashita/car_ws/install/coordinate_msg/local/lib/python3.10/dist-packages/coordinate_msg/_coordinate_msg_s.ep.rosidl_typesupport_fastrtps_c.c
[3.131s] -- Up-to-date: /home/yamashita/car_ws/install/coordinate_msg/local/lib/python3.10/dist-packages/coordinate_msg/coordinate_msg_s__rosidl_typesupport_c.cpython-310-aarch64-linux-gnu.so
[3.132s] -- Up-to-date: /home/yamashita/car_ws/install/coordinate_msg/local/lib/python3.10/dist-packages/coordinate_msg/coordinate_msg_s__rosidl_typesupport_introspection_c.cpython-310-aarch64-linux-gnu.so
[3.132s] -- Up-to-date: /home/yamashita/car_ws/install/coordinate_msg/local/lib/python3.10/dist-packages/coordinate_msg/_coordinate_msg_s.ep.rosidl_typesupport_c.c
[3.133s] -- Up-to-date: /home/yamashita/car_ws/install/coordinate_msg/local/lib/python3.10/dist-packages/coordinate_msg/msg
[3.133s] -- Up-to-date: /home/yamashita/car_ws/install/coordinate_msg/local/lib/python3.10/dist-packages/coordinate_msg/msg/__init__.py
[3.134s] -- Up-to-date: /home/yamashita/car_ws/install/coordinate_msg/local/lib/python3.10/dist-packages/coordinate_msg/msg/_coordinate_s.c
[3.134s] -- Up-to-date: /home/yamashita/car_ws/install/coordinate_msg/local/lib/python3.10/dist-packages/coordinate_msg/msg/_coordinate.py
[3.134s] -- Up-to-date: /home/yamashita/car_ws/install/coordinate_msg/local/lib/python3.10/dist-packages/coordinate_msg/_coordinate_msg_s.ep.rosidl_typesupport_introspection_c.c
[3.280s] Listing '/home/yamashita/car_ws/install/coordinate_msg/local/lib/python3.10/dist-packages/coordinate_msg'...
[3.281s] Listing '/home/yamashita/car_ws/install/coordinate_msg/local/lib/python3.10/dist-packages/coordinate_msg/msg'...
[3.305s] -- Up-to-date: /home/yamashita/car_ws/install/coordinate_msg/local/lib/python3.10/dist-packages/coordinate_msg/coordinate_msg_s__rosidl_typesupport_fastrtps_c.cpython-310-aarch64-linux-gnu.so
[3.307s] -- Up-to-date: /home/yamashita/car_ws/install/coordinate_msg/local/lib/python3.10/dist-packages/coordinate_msg/coordinate_msg_s__rosidl_typesupport_introspection_c.cpython-310-aarch64-linux-gnu.so
[3.309s] -- Up-to-date: /home/yamashita/car_ws/install/coordinate_msg/local/lib/python3.10/dist-packages/coordinate_msg/coordinate_msg_s__rosidl_typesupport_c.cpython-310-aarch64-linux-gnu.so
[3.312s] -- Up-to-date: /home/yamashita/car_ws/install/coordinate_msg/lib/libcoordinate_msg__rosidl_generator_py.so
[3.313s] -- Up-to-date: /home/yamashita/car_ws/install/coordinate_msg/share/coordinate_msg/msg/Coordinate.idl
[3.313s] -- Up-to-date: /home/yamashita/car_ws/install/coordinate_msg/share/coordinate_msg/msg/Coordinate.msg
[3.314s] -- Up-to-date: /home/yamashita/car_ws/install/coordinate_msg/share/ament_index/resource_index/package_run_dependencies/coordinate_msg
[3.315s] -- Up-to-date: /home/yamashita/car_ws/install/coordinate_msg/share/ament_index/resource_index/parent_prefix_path/coordinate_msg
[3.315s] -- Up-to-date: /home/yamashita/car_ws/install/coordinate_msg/share/coordinate_msg/environment/ament_prefix_path.sh
[3.316s] -- Up-to-date: /home/yamashita/car_ws/install/coordinate_msg/share/coordinate_msg/environment/ament_prefix_path.dsv
[3.316s] -- Up-to-date: /home/yamashita/car_ws/install/coordinate_msg/share/coordinate_msg/environment/path.sh
[3.317s] -- Up-to-date: /home/yamashita/car_ws/install/coordinate_msg/share/coordinate_msg/environment/path.dsv
[3.317s] -- Up-to-date: /home/yamashita/car_ws/install/coordinate_msg/share/coordinate_msg/local_setup.bash
[3.318s] -- Up-to-date: /home/yamashita/car_ws/install/coordinate_msg/share/coordinate_msg/local_setup.sh
[3.319s] -- Up-to-date: /home/yamashita/car_ws/install/coordinate_msg/share/coordinate_msg/local_setup.zsh
[3.319s] -- Up-to-date: /home/yamashita/car_ws/install/coordinate_msg/share/coordinate_msg/local_setup.dsv
[3.319s] -- Installing: /home/yamashita/car_ws/install/coordinate_msg/share/coordinate_msg/package.dsv
[3.320s] -- Up-to-date: /home/yamashita/car_ws/install/coordinate_msg/share/ament_index/resource_index/packages/coordinate_msg
[3.321s] -- Up-to-date: /home/yamashita/car_ws/install/coordinate_msg/share/coordinate_msg/cmake/export_coordinate_msg__rosidl_generator_cExport.cmake
[3.322s] -- Up-to-date: /home/yamashita/car_ws/install/coordinate_msg/share/coordinate_msg/cmake/export_coordinate_msg__rosidl_generator_cExport-noconfig.cmake
[3.323s] -- Up-to-date: /home/yamashita/car_ws/install/coordinate_msg/share/coordinate_msg/cmake/export_coordinate_msg__rosidl_typesupport_fastrtps_cExport.cmake
[3.324s] -- Up-to-date: /home/yamashita/car_ws/install/coordinate_msg/share/coordinate_msg/cmake/export_coordinate_msg__rosidl_typesupport_fastrtps_cExport-noconfig.cmake
[3.325s] -- Up-to-date: /home/yamashita/car_ws/install/coordinate_msg/share/coordinate_msg/cmake/coordinate_msg__rosidl_typesupport_introspection_cExport.cmake
[3.325s] -- Up-to-date: /home/yamashita/car_ws/install/coordinate_msg/share/coordinate_msg/cmake/coordinate_msg__rosidl_typesupport_introspection_cExport-noconfig.cmake
[3.326s] -- Up-to-date: /home/yamashita/car_ws/install/coordinate_msg/share/coordinate_msg/cmake/coordinate_msg__rosidl_typesupport_cExport.cmake
[3.326s] -- Up-to-date: /home/yamashita/car_ws/install/coordinate_msg/share/coordinate_msg/cmake/coordinate_msg__rosidl_typesupport_cExport-noconfig.cmake
[3.327s] -- Up-to-date: /home/yamashita/car_ws/install/coordinate_msg/share/coordinate_msg/cmake/export_coordinate_msg__rosidl_generator_cppExport.cmake
[3.328s] -- Up-to-date: /home/yamashita/car_ws/install/coordinate_msg/share/coordinate_msg/cmake/export_coordinate_msg__rosidl_typesupport_fastrtps_cppExport.cmake
[3.329s] -- Up-to-date: /home/yamashita/car_ws/install/coordinate_msg/share/coordinate_msg/cmake/export_coordinate_msg__rosidl_typesupport_fastrtps_cppExport-noconfig.cmake
[3.330s] -- Up-to-date: /home/yamashita/car_ws/install/coordinate_msg/share/coordinate_msg/cmake/coordinate_msg__rosidl_typesupport_introspection_cppExport.cmake
[3.330s] -- Up-to-date: /home/yamashita/car_ws/install/coordinate_msg/share/coordinate_msg/cmake/coordinate_msg__rosidl_typesupport_introspection_cppExport-noconfig.cmake
[3.331s] -- Up-to-date: /home/yamashita/car_ws/install/coordinate_msg/share/coordinate_msg/cmake/coordinate_msg__rosidl_typesupport_cppExport.cmake
[3.332s] -- Up-to-date: /home/yamashita/car_ws/install/coordinate_msg/share/coordinate_msg/cmake/coordinate_msg__rosidl_typesupport_cppExport-noconfig.cmake
[3.332s] -- Up-to-date: /home/yamashita/car_ws/install/coordinate_msg/share/coordinate_msg/cmake/export_coordinate_msg__rosidl_generator_pyExport.cmake
[3.333s] -- Up-to-date: /home/yamashita/car_ws/install/coordinate_msg/share/coordinate_msg/cmake/export_coordinate_msg__rosidl_generator_pyExport-noconfig.cmake
[3.334s] -- Up-to-date: /home/yamashita/car_ws/install/coordinate_msg/share/coordinate_msg/cmake/rosidl_cmake-extras.cmake
[3.334s] -- Up-to-date: /home/yamashita/car_ws/install/coordinate_msg/share/coordinate_msg/cmake/ament_cmake_export_include_directories-extras.cmake
[3.335s] -- Up-to-date: /home/yamashita/car_ws/install/coordinate_msg/share/coordinate_msg/cmake/ament_cmake_export_libraries-extras.cmake
[3.336s] -- Up-to-date: /home/yamashita/car_ws/install/coordinate_msg/share/coordinate_msg/cmake/ament_cmake_export_targets-extras.cmake
[3.336s] -- Up-to-date: /home/yamashita/car_ws/install/coordinate_msg/share/coordinate_msg/cmake/rosidl_cmake_export_typesupport_targets-extras.cmake
[3.337s] -- Up-to-date: /home/yamashita/car_ws/install/coordinate_msg/share/coordinate_msg/cmake/ament_cmake_export_dependencies-extras.cmake
[3.338s] -- Up-to-date: /home/yamashita/car_ws/install/coordinate_msg/share/coordinate_msg/cmake/rosidl_cmake_export_typesupport_libraries-extras.cmake
[3.338s] -- Up-to-date: /home/yamashita/car_ws/install/coordinate_msg/share/coordinate_msg/cmake/coordinate_msgConfig.cmake
[3.338s] -- Up-to-date: /home/yamashita/car_ws/install/coordinate_msg/share/coordinate_msg/cmake/coordinate_msgConfig-version.cmake
[3.339s] -- Up-to-date: /home/yamashita/car_ws/install/coordinate_msg/share/coordinate_msg/package.xml
[3.345s] Invoked command in '/home/yamashita/car_ws/build/coordinate_msg' returned '0': CMAKE_PREFIX_PATH=${CMAKE_PREFIX_PATH}:/home/yamashita/car_ws/install/mypkg:/opt/ros/humble /usr/bin/cmake --install /home/yamashita/car_ws/build/coordinate_msg
