[0.650s] Invoking command in '/home/yamashita/car_ws/build/coordinate_msg': CMAKE_PREFIX_PATH=${CMAKE_PREFIX_PATH}:/home/yamashita/car_ws/install/mypkg:/opt/ros/humble /usr/bin/cmake --build /home/yamashita/car_ws/build/coordinate_msg -- -j4 -l4
[0.890s] [  3%] Built target coordinate_msg__cpp
[0.906s] [ 12%] Built target coordinate_msg__rosidl_generator_c
[0.952s] [ 12%] Built target ament_cmake_python_copy_coordinate_msg
[1.047s] [ 22%] Built target coordinate_msg__rosidl_typesupport_fastrtps_cpp
[1.062s] [ 32%] Built target coordinate_msg__rosidl_typesupport_introspection_cpp
[1.072s] [ 41%] Built target coordinate_msg__rosidl_typesupport_cpp
[1.124s] [ 51%] Built target coordinate_msg__rosidl_typesupport_fastrtps_c
[1.169s] [ 61%] Built target coordinate_msg__rosidl_typesupport_introspection_c
[1.178s] [ 70%] Built target coordinate_msg__rosidl_typesupport_c
[1.281s] [ 70%] Built target coordinate_msg
[1.387s] [ 74%] Built target coordinate_msg__py
[1.507s] [ 80%] Built target coordinate_msg__rosidl_generator_py
[1.660s] [ 87%] Built target coordinate_msg__rosidl_typesupport_introspection_c__pyext
[1.665s] [ 93%] Built target coordinate_msg__rosidl_typesupport_fastrtps_c__pyext
[1.708s] [100%] Built target coordinate_msg__rosidl_typesupport_c__pyext
[2.678s] running egg_info
[2.681s] writing coordinate_msg.egg-info/PKG-INFO
[2.683s] writing dependency_links to coordinate_msg.egg-info/dependency_links.txt
[2.684s] writing top-level names to coordinate_msg.egg-info/top_level.txt
[2.694s] reading manifest file 'coordinate_msg.egg-info/SOURCES.txt'
[2.697s] writing manifest file 'coordinate_msg.egg-info/SOURCES.txt'
[2.840s] [100%] Built target ament_cmake_python_build_coordinate_msg_egg
[2.884s] Invoked command in '/home/yamashita/car_ws/build/coordinate_msg' returned '0': CMAKE_PREFIX_PATH=${CMAKE_PREFIX_PATH}:/home/yamashita/car_ws/install/mypkg:/opt/ros/humble /usr/bin/cmake --build /home/yamashita/car_ws/build/coordinate_msg -- -j4 -l4
[3.251s] Invoking command in '/home/yamashita/car_ws/build/coordinate_msg': CMAKE_PREFIX_PATH=${CMAKE_PREFIX_PATH}:/home/yamashita/car_ws/install/mypkg:/opt/ros/humble /usr/bin/cmake --install /home/yamashita/car_ws/build/coordinate_msg
[3.279s] -- Install configuration: ""
[3.280s] -- Up-to-date: /home/yamashita/car_ws/install/coordinate_msg/share/ament_index/resource_index/rosidl_interfaces/coordinate_msg
[3.280s] -- Up-to-date: /home/yamashita/car_ws/install/coordinate_msg/include/coordinate_msg/coordinate_msg
[3.281s] -- Up-to-date: /home/yamashita/car_ws/install/coordinate_msg/include/coordinate_msg/coordinate_msg/msg
[3.282s] -- Up-to-date: /home/yamashita/car_ws/install/coordinate_msg/include/coordinate_msg/coordinate_msg/msg/detail
[3.282s] -- Up-to-date: /home/yamashita/car_ws/install/coordinate_msg/include/coordinate_msg/coordinate_msg/msg/detail/coordinate__functions.h
[3.284s] -- Up-to-date: /home/yamashita/car_ws/install/coordinate_msg/include/coordinate_msg/coordinate_msg/msg/detail/coordinate__type_support.h
[3.284s] -- Up-to-date: /home/yamashita/car_ws/install/coordinate_msg/include/coordinate_msg/coordinate_msg/msg/detail/coordinate__functions.c
[3.285s] -- Up-to-date: /home/yamashita/car_ws/install/coordinate_msg/include/coordinate_msg/coordinate_msg/msg/detail/coordinate__struct.h
[3.285s] -- Up-to-date: /home/yamashita/car_ws/install/coordinate_msg/include/coordinate_msg/coordinate_msg/msg/rosidl_generator_c__visibility_control.h
[3.286s] -- Up-to-date: /home/yamashita/car_ws/install/coordinate_msg/include/coordinate_msg/coordinate_msg/msg/coordinate.h
[3.286s] -- Up-to-date: /home/yamashita/car_ws/install/coordinate_msg/share/coordinate_msg/environment/library_path.sh
[3.287s] -- Up-to-date: /home/yamashita/car_ws/install/coordinate_msg/share/coordinate_msg/environment/library_path.dsv
[3.288s] -- Up-to-date: /home/yamashita/car_ws/install/coordinate_msg/lib/libcoordinate_msg__rosidl_generator_c.so
[3.289s] -- Up-to-date: /home/yamashita/car_ws/install/coordinate_msg/include/coordinate_msg/coordinate_msg
[3.290s] -- Up-to-date: /home/yamashita/car_ws/install/coordinate_msg/include/coordinate_msg/coordinate_msg/msg
[3.291s] -- Up-to-date: /home/yamashita/car_ws/install/coordinate_msg/include/coordinate_msg/coordinate_msg/msg/rosidl_typesupport_fastrtps_c__visibility_control.h
[3.292s] -- Up-to-date: /home/yamashita/car_ws/install/coordinate_msg/include/coordinate_msg/coordinate_msg/msg/detail
[3.294s] -- Up-to-date: /home/yamashita/car_ws/install/coordinate_msg/include/coordinate_msg/coordinate_msg/msg/detail/coordinate__rosidl_typesupport_fastrtps_c.h
[3.295s] -- Up-to-date: /home/yamashita/car_ws/install/coordinate_msg/lib/libcoordinate_msg__rosidl_typesupport_fastrtps_c.so
[3.295s] -- Up-to-date: /home/yamashita/car_ws/install/coordinate_msg/include/coordinate_msg/coordinate_msg
[3.296s] -- Up-to-date: /home/yamashita/car_ws/install/coordinate_msg/include/coordinate_msg/coordinate_msg/msg
[3.296s] -- Up-to-date: /home/yamashita/car_ws/install/coordinate_msg/include/coordinate_msg/coordinate_msg/msg/detail
[3.296s] -- Up-to-date: /home/yamashita/car_ws/install/coordinate_msg/include/coordinate_msg/coordinate_msg/msg/detail/coordinate__rosidl_typesupport_introspection_c.h
[3.297s] -- Up-to-date: /home/yamashita/car_ws/install/coordinate_msg/include/coordinate_msg/coordinate_msg/msg/detail/coordinate__type_support.c
[3.297s] -- Up-to-date: /home/yamashita/car_ws/install/coordinate_msg/include/coordinate_msg/coordinate_msg/msg/rosidl_typesupport_introspection_c__visibility_control.h
[3.298s] -- Up-to-date: /home/yamashita/car_ws/install/coordinate_msg/lib/libcoordinate_msg__rosidl_typesupport_introspection_c.so
[3.298s] -- Up-to-date: /home/yamashita/car_ws/install/coordinate_msg/lib/libcoordinate_msg__rosidl_typesupport_c.so
[3.299s] -- Up-to-date: /home/yamashita/car_ws/install/coordinate_msg/include/coordinate_msg/coordinate_msg
[3.299s] -- Up-to-date: /home/yamashita/car_ws/install/coordinate_msg/include/coordinate_msg/coordinate_msg/msg
[3.300s] -- Up-to-date: /home/yamashita/car_ws/install/coordinate_msg/include/coordinate_msg/coordinate_msg/msg/coordinate.hpp
[3.300s] -- Up-to-date: /home/yamashita/car_ws/install/coordinate_msg/include/coordinate_msg/coordinate_msg/msg/detail
[3.301s] -- Up-to-date: /home/yamashita/car_ws/install/coordinate_msg/include/coordinate_msg/coordinate_msg/msg/detail/coordinate__struct.hpp
[3.301s] -- Up-to-date: /home/yamashita/car_ws/install/coordinate_msg/include/coordinate_msg/coordinate_msg/msg/detail/coordinate__traits.hpp
[3.302s] -- Up-to-date: /home/yamashita/car_ws/install/coordinate_msg/include/coordinate_msg/coordinate_msg/msg/detail/coordinate__builder.hpp
[3.302s] -- Up-to-date: /home/yamashita/car_ws/install/coordinate_msg/include/coordinate_msg/coordinate_msg
[3.303s] -- Up-to-date: /home/yamashita/car_ws/install/coordinate_msg/include/coordinate_msg/coordinate_msg/msg
[3.303s] -- Up-to-date: /home/yamashita/car_ws/install/coordinate_msg/include/coordinate_msg/coordinate_msg/msg/rosidl_typesupport_fastrtps_cpp__visibility_control.h
[3.303s] -- Up-to-date: /home/yamashita/car_ws/install/coordinate_msg/include/coordinate_msg/coordinate_msg/msg/detail
[3.304s] -- Up-to-date: /home/yamashita/car_ws/install/coordinate_msg/include/coordinate_msg/coordinate_msg/msg/detail/coordinate__rosidl_typesupport_fastrtps_cpp.hpp
[3.304s] -- Up-to-date: /home/yamashita/car_ws/install/coordinate_msg/include/coordinate_msg/coordinate_msg/msg/detail/dds_fastrtps
[3.305s] -- Up-to-date: /home/yamashita/car_ws/install/coordinate_msg/lib/libcoordinate_msg__rosidl_typesupport_fastrtps_cpp.so
[3.305s] -- Up-to-date: /home/yamashita/car_ws/install/coordinate_msg/include/coordinate_msg/coordinate_msg
[3.307s] -- Up-to-date: /home/yamashita/car_ws/install/coordinate_msg/include/coordinate_msg/coordinate_msg/msg
[3.307s] -- Up-to-date: /home/yamashita/car_ws/install/coordinate_msg/include/coordinate_msg/coordinate_msg/msg/detail
[3.307s] -- Up-to-date: /home/yamashita/car_ws/install/coordinate_msg/include/coordinate_msg/coordinate_msg/msg/detail/coordinate__type_support.cpp
[3.308s] -- Up-to-date: /home/yamashita/car_ws/install/coordinate_msg/include/coordinate_msg/coordinate_msg/msg/detail/coordinate__rosidl_typesupport_introspection_cpp.hpp
[3.308s] -- Up-to-date: /home/yamashita/car_ws/install/coordinate_msg/lib/libcoordinate_msg__rosidl_typesupport_introspection_cpp.so
[3.310s] -- Up-to-date: /home/yamashita/car_ws/install/coordinate_msg/lib/libcoordinate_msg__rosidl_typesupport_cpp.so
[3.311s] -- Up-to-date: /home/yamashita/car_ws/install/coordinate_msg/share/coordinate_msg/environment/pythonpath.sh
[3.312s] -- Up-to-date: /home/yamashita/car_ws/install/coordinate_msg/share/coordinate_msg/environment/pythonpath.dsv
[3.312s] -- Up-to-date: /home/yamashita/car_ws/install/coordinate_msg/local/lib/python3.10/dist-packages/coordinate_msg-0.0.0-py3.10.egg-info
[3.313s] -- Installing: /home/yamashita/car_ws/install/coordinate_msg/local/lib/python3.10/dist-packages/coordinate_msg-0.0.0-py3.10.egg-info/SOURCES.txt
[3.314s] -- Installing: /home/yamashita/car_ws/install/coordinate_msg/local/lib/python3.10/dist-packages/coordinate_msg-0.0.0-py3.10.egg-info/dependency_links.txt
[3.315s] -- Installing: /home/yamashita/car_ws/install/coordinate_msg/local/lib/python3.10/dist-packages/coordinate_msg-0.0.0-py3.10.egg-info/PKG-INFO
[3.317s] -- Installing: /home/yamashita/car_ws/install/coordinate_msg/local/lib/python3.10/dist-packages/coordinate_msg-0.0.0-py3.10.egg-info/top_level.txt
[3.319s] -- Up-to-date: /home/yamashita/car_ws/install/coordinate_msg/local/lib/python3.10/dist-packages/coordinate_msg
[3.319s] -- Up-to-date: /home/yamashita/car_ws/install/coordinate_msg/local/lib/python3.10/dist-packages/coordinate_msg/__init__.py
[3.320s] -- Up-to-date: /home/yamashita/car_ws/install/coordinate_msg/local/lib/python3.10/dist-packages/coordinate_msg/coordinate_msg_s__rosidl_typesupport_fastrtps_c.cpython-310-aarch64-linux-gnu.so
[3.320s] -- Up-to-date: /home/yamashita/car_ws/install/coordinate_msg/local/lib/python3.10/dist-packages/coordinate_msg/libcoordinate_msg__rosidl_generator_py.so
[3.321s] -- Up-to-date: /home/yamashita/car_ws/install/coordinate_msg/local/lib/python3.10/dist-packages/coordinate_msg/_coordinate_msg_s.ep.rosidl_typesupport_fastrtps_c.c
[3.322s] -- Up-to-date: /home/yamashita/car_ws/install/coordinate_msg/local/lib/python3.10/dist-packages/coordinate_msg/coordinate_msg_s__rosidl_typesupport_c.cpython-310-aarch64-linux-gnu.so
[3.322s] -- Up-to-date: /home/yamashita/car_ws/install/coordinate_msg/local/lib/python3.10/dist-packages/coordinate_msg/coordinate_msg_s__rosidl_typesupport_introspection_c.cpython-310-aarch64-linux-gnu.so
[3.323s] -- Up-to-date: /home/yamashita/car_ws/install/coordinate_msg/local/lib/python3.10/dist-packages/coordinate_msg/_coordinate_msg_s.ep.rosidl_typesupport_c.c
[3.323s] -- Up-to-date: /home/yamashita/car_ws/install/coordinate_msg/local/lib/python3.10/dist-packages/coordinate_msg/msg
[3.324s] -- Up-to-date: /home/yamashita/car_ws/install/coordinate_msg/local/lib/python3.10/dist-packages/coordinate_msg/msg/__init__.py
[3.324s] -- Up-to-date: /home/yamashita/car_ws/install/coordinate_msg/local/lib/python3.10/dist-packages/coordinate_msg/msg/_coordinate_s.c
[3.324s] -- Up-to-date: /home/yamashita/car_ws/install/coordinate_msg/local/lib/python3.10/dist-packages/coordinate_msg/msg/_coordinate.py
[3.325s] -- Up-to-date: /home/yamashita/car_ws/install/coordinate_msg/local/lib/python3.10/dist-packages/coordinate_msg/_coordinate_msg_s.ep.rosidl_typesupport_introspection_c.c
[3.478s] Listing '/home/yamashita/car_ws/install/coordinate_msg/local/lib/python3.10/dist-packages/coordinate_msg'...
[3.479s] Listing '/home/yamashita/car_ws/install/coordinate_msg/local/lib/python3.10/dist-packages/coordinate_msg/msg'...
[3.505s] -- Up-to-date: /home/yamashita/car_ws/install/coordinate_msg/local/lib/python3.10/dist-packages/coordinate_msg/coordinate_msg_s__rosidl_typesupport_fastrtps_c.cpython-310-aarch64-linux-gnu.so
[3.508s] -- Up-to-date: /home/yamashita/car_ws/install/coordinate_msg/local/lib/python3.10/dist-packages/coordinate_msg/coordinate_msg_s__rosidl_typesupport_introspection_c.cpython-310-aarch64-linux-gnu.so
[3.510s] -- Up-to-date: /home/yamashita/car_ws/install/coordinate_msg/local/lib/python3.10/dist-packages/coordinate_msg/coordinate_msg_s__rosidl_typesupport_c.cpython-310-aarch64-linux-gnu.so
[3.512s] -- Up-to-date: /home/yamashita/car_ws/install/coordinate_msg/lib/libcoordinate_msg__rosidl_generator_py.so
[3.514s] -- Up-to-date: /home/yamashita/car_ws/install/coordinate_msg/share/coordinate_msg/msg/Coordinate.idl
[3.515s] -- Up-to-date: /home/yamashita/car_ws/install/coordinate_msg/share/coordinate_msg/msg/Coordinate.msg
[3.516s] -- Up-to-date: /home/yamashita/car_ws/install/coordinate_msg/share/ament_index/resource_index/package_run_dependencies/coordinate_msg
[3.517s] -- Up-to-date: /home/yamashita/car_ws/install/coordinate_msg/share/ament_index/resource_index/parent_prefix_path/coordinate_msg
[3.517s] -- Up-to-date: /home/yamashita/car_ws/install/coordinate_msg/share/coordinate_msg/environment/ament_prefix_path.sh
[3.518s] -- Up-to-date: /home/yamashita/car_ws/install/coordinate_msg/share/coordinate_msg/environment/ament_prefix_path.dsv
[3.519s] -- Up-to-date: /home/yamashita/car_ws/install/coordinate_msg/share/coordinate_msg/environment/path.sh
[3.519s] -- Up-to-date: /home/yamashita/car_ws/install/coordinate_msg/share/coordinate_msg/environment/path.dsv
[3.520s] -- Up-to-date: /home/yamashita/car_ws/install/coordinate_msg/share/coordinate_msg/local_setup.bash
[3.520s] -- Up-to-date: /home/yamashita/car_ws/install/coordinate_msg/share/coordinate_msg/local_setup.sh
[3.521s] -- Up-to-date: /home/yamashita/car_ws/install/coordinate_msg/share/coordinate_msg/local_setup.zsh
[3.521s] -- Up-to-date: /home/yamashita/car_ws/install/coordinate_msg/share/coordinate_msg/local_setup.dsv
[3.522s] -- Installing: /home/yamashita/car_ws/install/coordinate_msg/share/coordinate_msg/package.dsv
[3.522s] -- Up-to-date: /home/yamashita/car_ws/install/coordinate_msg/share/ament_index/resource_index/packages/coordinate_msg
[3.523s] -- Up-to-date: /home/yamashita/car_ws/install/coordinate_msg/share/coordinate_msg/cmake/export_coordinate_msg__rosidl_generator_cExport.cmake
[3.523s] -- Up-to-date: /home/yamashita/car_ws/install/coordinate_msg/share/coordinate_msg/cmake/export_coordinate_msg__rosidl_generator_cExport-noconfig.cmake
[3.524s] -- Up-to-date: /home/yamashita/car_ws/install/coordinate_msg/share/coordinate_msg/cmake/export_coordinate_msg__rosidl_typesupport_fastrtps_cExport.cmake
[3.525s] -- Up-to-date: /home/yamashita/car_ws/install/coordinate_msg/share/coordinate_msg/cmake/export_coordinate_msg__rosidl_typesupport_fastrtps_cExport-noconfig.cmake
[3.525s] -- Up-to-date: /home/yamashita/car_ws/install/coordinate_msg/share/coordinate_msg/cmake/coordinate_msg__rosidl_typesupport_introspection_cExport.cmake
[3.526s] -- Up-to-date: /home/yamashita/car_ws/install/coordinate_msg/share/coordinate_msg/cmake/coordinate_msg__rosidl_typesupport_introspection_cExport-noconfig.cmake
[3.527s] -- Up-to-date: /home/yamashita/car_ws/install/coordinate_msg/share/coordinate_msg/cmake/coordinate_msg__rosidl_typesupport_cExport.cmake
[3.527s] -- Up-to-date: /home/yamashita/car_ws/install/coordinate_msg/share/coordinate_msg/cmake/coordinate_msg__rosidl_typesupport_cExport-noconfig.cmake
[3.528s] -- Up-to-date: /home/yamashita/car_ws/install/coordinate_msg/share/coordinate_msg/cmake/export_coordinate_msg__rosidl_generator_cppExport.cmake
[3.529s] -- Up-to-date: /home/yamashita/car_ws/install/coordinate_msg/share/coordinate_msg/cmake/export_coordinate_msg__rosidl_typesupport_fastrtps_cppExport.cmake
[3.530s] -- Up-to-date: /home/yamashita/car_ws/install/coordinate_msg/share/coordinate_msg/cmake/export_coordinate_msg__rosidl_typesupport_fastrtps_cppExport-noconfig.cmake
[3.531s] -- Up-to-date: /home/yamashita/car_ws/install/coordinate_msg/share/coordinate_msg/cmake/coordinate_msg__rosidl_typesupport_introspection_cppExport.cmake
[3.531s] -- Up-to-date: /home/yamashita/car_ws/install/coordinate_msg/share/coordinate_msg/cmake/coordinate_msg__rosidl_typesupport_introspection_cppExport-noconfig.cmake
[3.532s] -- Up-to-date: /home/yamashita/car_ws/install/coordinate_msg/share/coordinate_msg/cmake/coordinate_msg__rosidl_typesupport_cppExport.cmake
[3.533s] -- Up-to-date: /home/yamashita/car_ws/install/coordinate_msg/share/coordinate_msg/cmake/coordinate_msg__rosidl_typesupport_cppExport-noconfig.cmake
[3.533s] -- Up-to-date: /home/yamashita/car_ws/install/coordinate_msg/share/coordinate_msg/cmake/export_coordinate_msg__rosidl_generator_pyExport.cmake
[3.534s] -- Up-to-date: /home/yamashita/car_ws/install/coordinate_msg/share/coordinate_msg/cmake/export_coordinate_msg__rosidl_generator_pyExport-noconfig.cmake
[3.535s] -- Up-to-date: /home/yamashita/car_ws/install/coordinate_msg/share/coordinate_msg/cmake/rosidl_cmake-extras.cmake
[3.535s] -- Up-to-date: /home/yamashita/car_ws/install/coordinate_msg/share/coordinate_msg/cmake/ament_cmake_export_include_directories-extras.cmake
[3.537s] -- Up-to-date: /home/yamashita/car_ws/install/coordinate_msg/share/coordinate_msg/cmake/ament_cmake_export_libraries-extras.cmake
[3.538s] -- Up-to-date: /home/yamashita/car_ws/install/coordinate_msg/share/coordinate_msg/cmake/ament_cmake_export_targets-extras.cmake
[3.539s] -- Up-to-date: /home/yamashita/car_ws/install/coordinate_msg/share/coordinate_msg/cmake/rosidl_cmake_export_typesupport_targets-extras.cmake
[3.539s] -- Up-to-date: /home/yamashita/car_ws/install/coordinate_msg/share/coordinate_msg/cmake/ament_cmake_export_dependencies-extras.cmake
[3.540s] -- Up-to-date: /home/yamashita/car_ws/install/coordinate_msg/share/coordinate_msg/cmake/rosidl_cmake_export_typesupport_libraries-extras.cmake
[3.540s] -- Up-to-date: /home/yamashita/car_ws/install/coordinate_msg/share/coordinate_msg/cmake/coordinate_msgConfig.cmake
[3.541s] -- Up-to-date: /home/yamashita/car_ws/install/coordinate_msg/share/coordinate_msg/cmake/coordinate_msgConfig-version.cmake
[3.541s] -- Up-to-date: /home/yamashita/car_ws/install/coordinate_msg/share/coordinate_msg/package.xml
[3.548s] Invoked command in '/home/yamashita/car_ws/build/coordinate_msg' returned '0': CMAKE_PREFIX_PATH=${CMAKE_PREFIX_PATH}:/home/yamashita/car_ws/install/mypkg:/opt/ros/humble /usr/bin/cmake --install /home/yamashita/car_ws/build/coordinate_msg
