[4.369s] Invoking command in '/home/yamashita/car_ws/src/mypkg': PYTHONPATH=/home/yamashita/car_ws/build/mypkg/prefix_override:/home/yamashita/car_ws/install/mypkg/lib/python3.10/site-packages:${PYTHONPATH} /usr/bin/python3 setup.py egg_info --egg-base ../../build/mypkg build --build-base /home/yamashita/car_ws/build/mypkg/build install --record /home/yamashita/car_ws/build/mypkg/install.log --single-version-externally-managed
[5.970s] running egg_info
[5.973s] writing ../../build/mypkg/mypkg.egg-info/PKG-INFO
[5.975s] writing dependency_links to ../../build/mypkg/mypkg.egg-info/dependency_links.txt
[5.976s] writing entry points to ../../build/mypkg/mypkg.egg-info/entry_points.txt
[5.977s] writing requirements to ../../build/mypkg/mypkg.egg-info/requires.txt
[5.978s] writing top-level names to ../../build/mypkg/mypkg.egg-info/top_level.txt
[5.992s] reading manifest file '../../build/mypkg/mypkg.egg-info/SOURCES.txt'
[5.998s] writing manifest file '../../build/mypkg/mypkg.egg-info/SOURCES.txt'
[5.998s] running build
[5.999s] running build_py
[6.001s] running install
[6.003s] running install_lib
[6.012s] running install_data
[6.015s] running install_egg_info
[6.027s] removing '/home/yamashita/car_ws/install/mypkg/lib/python3.10/site-packages/mypkg-0.0.0-py3.10.egg-info' (and everything under it)
[6.029s] Copying ../../build/mypkg/mypkg.egg-info to /home/yamashita/car_ws/install/mypkg/lib/python3.10/site-packages/mypkg-0.0.0-py3.10.egg-info
[6.037s] running install_scripts
[6.138s] Installing camera script to /home/yamashita/car_ws/install/mypkg/lib/mypkg
[6.140s] Installing serial script to /home/yamashita/car_ws/install/mypkg/lib/mypkg
[6.143s] writing list of installed files to '/home/yamashita/car_ws/build/mypkg/install.log'
[6.333s] Invoked command in '/home/yamashita/car_ws/src/mypkg' returned '0': PYTHONPATH=/home/yamashita/car_ws/build/mypkg/prefix_override:/home/yamashita/car_ws/install/mypkg/lib/python3.10/site-packages:${PYTHONPATH} /usr/bin/python3 setup.py egg_info --egg-base ../../build/mypkg build --build-base /home/yamashita/car_ws/build/mypkg/build install --record /home/yamashita/car_ws/build/mypkg/install.log --single-version-externally-managed
