[13.553s] Invoking command in '/home/yamashita/car_ws/src/mypkg': PYTHONPATH=/home/yamashita/car_ws/build/mypkg/prefix_override:/home/yamashita/car_ws/install/mypkg/lib/python3.10/site-packages:${PYTHONPATH} /usr/bin/python3 setup.py egg_info --egg-base ../../build/mypkg build --build-base /home/yamashita/car_ws/build/mypkg/build install --record /home/yamashita/car_ws/build/mypkg/install.log --single-version-externally-managed
[16.347s] running egg_info
[16.351s] writing ../../build/mypkg/mypkg.egg-info/PKG-INFO
[16.353s] writing dependency_links to ../../build/mypkg/mypkg.egg-info/dependency_links.txt
[16.355s] writing entry points to ../../build/mypkg/mypkg.egg-info/entry_points.txt
[16.357s] writing requirements to ../../build/mypkg/mypkg.egg-info/requires.txt
[16.358s] writing top-level names to ../../build/mypkg/mypkg.egg-info/top_level.txt
[16.375s] reading manifest file '../../build/mypkg/mypkg.egg-info/SOURCES.txt'
[16.628s] writing manifest file '../../build/mypkg/mypkg.egg-info/SOURCES.txt'
[16.629s] running build
[16.630s] running build_py
[16.868s] copying mypkg/receiver.py -> /home/yamashita/car_ws/build/mypkg/build/lib/mypkg
[16.873s] running install
[16.878s] running install_lib
[16.887s] copying /home/yamashita/car_ws/build/mypkg/build/lib/mypkg/receiver.py -> /home/yamashita/car_ws/install/mypkg/lib/python3.10/site-packages/mypkg
[16.893s] byte-compiling /home/yamashita/car_ws/install/mypkg/lib/python3.10/site-packages/mypkg/receiver.py to receiver.cpython-310.pyc
[16.905s] running install_data
[16.910s] running install_egg_info
[16.924s] removing '/home/yamashita/car_ws/install/mypkg/lib/python3.10/site-packages/mypkg-0.0.0-py3.10.egg-info' (and everything under it)
[16.928s] Copying ../../build/mypkg/mypkg.egg-info to /home/yamashita/car_ws/install/mypkg/lib/python3.10/site-packages/mypkg-0.0.0-py3.10.egg-info
[16.938s] running install_scripts
[17.146s] Installing camera script to /home/yamashita/car_ws/install/mypkg/lib/mypkg
[17.148s] Installing serial script to /home/yamashita/car_ws/install/mypkg/lib/mypkg
[17.151s] writing list of installed files to '/home/yamashita/car_ws/build/mypkg/install.log'
[17.690s] Invoked command in '/home/yamashita/car_ws/src/mypkg' returned '0': PYTHONPATH=/home/yamashita/car_ws/build/mypkg/prefix_override:/home/yamashita/car_ws/install/mypkg/lib/python3.10/site-packages:${PYTHONPATH} /usr/bin/python3 setup.py egg_info --egg-base ../../build/mypkg build --build-base /home/yamashita/car_ws/build/mypkg/build install --record /home/yamashita/car_ws/build/mypkg/install.log --single-version-externally-managed
