running egg_info
creating ../../build/mypkg/mypkg.egg-info
writing ../../build/mypkg/mypkg.egg-info/PKG-INFO
writing dependency_links to ../../build/mypkg/mypkg.egg-info/dependency_links.txt
writing entry points to ../../build/mypkg/mypkg.egg-info/entry_points.txt
writing requirements to ../../build/mypkg/mypkg.egg-info/requires.txt
writing top-level names to ../../build/mypkg/mypkg.egg-info/top_level.txt
writing manifest file '../../build/mypkg/mypkg.egg-info/SOURCES.txt'
reading manifest file '../../build/mypkg/mypkg.egg-info/SOURCES.txt'
writing manifest file '../../build/mypkg/mypkg.egg-info/SOURCES.txt'
running build
running build_py
creating /home/yamashita/car_ws/build/mypkg/build
creating /home/yamashita/car_ws/build/mypkg/build/lib
creating /home/yamashita/car_ws/build/mypkg/build/lib/mypkg
copying mypkg/serial.py -> /home/yamashita/car_ws/build/mypkg/build/lib/mypkg
copying mypkg/receiver.py -> /home/yamashita/car_ws/build/mypkg/build/lib/mypkg
copying mypkg/__init__.py -> /home/yamashita/car_ws/build/mypkg/build/lib/mypkg
running install
/home/yamashita/.local/lib/python3.10/site-packages/setuptools/_distutils/cmd.py:66: SetuptoolsDeprecationWarning: setup.py install is deprecated.
!!

        ********************************************************************************
        Please avoid running ``setup.py`` directly.
        Instead, use pypa/build, pypa/installer or other
        standards-based tools.

        See https://blog.ganssle.io/articles/2021/10/setup-py-deprecated.html for details.
        ********************************************************************************

!!
  self.initialize_options()
running install_lib
creating /home/yamashita/car_ws/install/mypkg/lib/python3.10/site-packages/mypkg
copying /home/yamashita/car_ws/build/mypkg/build/lib/mypkg/serial.py -> /home/yamashita/car_ws/install/mypkg/lib/python3.10/site-packages/mypkg
copying /home/yamashita/car_ws/build/mypkg/build/lib/mypkg/receiver.py -> /home/yamashita/car_ws/install/mypkg/lib/python3.10/site-packages/mypkg
copying /home/yamashita/car_ws/build/mypkg/build/lib/mypkg/__init__.py -> /home/yamashita/car_ws/install/mypkg/lib/python3.10/site-packages/mypkg
byte-compiling /home/yamashita/car_ws/install/mypkg/lib/python3.10/site-packages/mypkg/serial.py to serial.cpython-310.pyc
byte-compiling /home/yamashita/car_ws/install/mypkg/lib/python3.10/site-packages/mypkg/receiver.py to receiver.cpython-310.pyc
byte-compiling /home/yamashita/car_ws/install/mypkg/lib/python3.10/site-packages/mypkg/__init__.py to __init__.cpython-310.pyc
running install_data
creating /home/yamashita/car_ws/install/mypkg/share/ament_index
creating /home/yamashita/car_ws/install/mypkg/share/ament_index/resource_index
creating /home/yamashita/car_ws/install/mypkg/share/ament_index/resource_index/packages
copying resource/mypkg -> /home/yamashita/car_ws/install/mypkg/share/ament_index/resource_index/packages
copying package.xml -> /home/yamashita/car_ws/install/mypkg/share/mypkg
copying launch/car.launch.py -> /home/yamashita/car_ws/install/mypkg/share/mypkg
running install_egg_info
Copying ../../build/mypkg/mypkg.egg-info to /home/yamashita/car_ws/install/mypkg/lib/python3.10/site-packages/mypkg-0.0.0-py3.10.egg-info
running install_scripts
Installing camera script to /home/yamashita/car_ws/install/mypkg/lib/mypkg
Installing serial script to /home/yamashita/car_ws/install/mypkg/lib/mypkg
writing list of installed files to '/home/yamashita/car_ws/build/mypkg/install.log'
