[10.265s] Invoking command in '/home/yamashita/car_ws/src/mypkg': PYTHONPATH=/home/yamashita/car_ws/build/mypkg/prefix_override:/home/yamashita/car_ws/install/mypkg/lib/python3.10/site-packages:${PYTHONPATH} /usr/bin/python3 setup.py egg_info --egg-base ../../build/mypkg build --build-base /home/yamashita/car_ws/build/mypkg/build install --record /home/yamashita/car_ws/build/mypkg/install.log --single-version-externally-managed
[12.916s] running egg_info
[12.923s] writing ../../build/mypkg/mypkg.egg-info/PKG-INFO
[12.924s] writing dependency_links to ../../build/mypkg/mypkg.egg-info/dependency_links.txt
[12.925s] writing entry points to ../../build/mypkg/mypkg.egg-info/entry_points.txt
[12.927s] writing requirements to ../../build/mypkg/mypkg.egg-info/requires.txt
[12.929s] writing top-level names to ../../build/mypkg/mypkg.egg-info/top_level.txt
[12.946s] reading manifest file '../../build/mypkg/mypkg.egg-info/SOURCES.txt'
[12.954s] writing manifest file '../../build/mypkg/mypkg.egg-info/SOURCES.txt'
[12.956s] running build
[12.957s] running build_py
[12.958s] copying mypkg/receiver.py -> /home/yamashita/car_ws/build/mypkg/build/lib/mypkg
[12.962s] running install
[12.964s] running install_lib
[12.971s] copying /home/yamashita/car_ws/build/mypkg/build/lib/mypkg/receiver.py -> /home/yamashita/car_ws/install/mypkg/lib/python3.10/site-packages/mypkg
[12.977s] byte-compiling /home/yamashita/car_ws/install/mypkg/lib/python3.10/site-packages/mypkg/receiver.py to receiver.cpython-310.pyc
[12.987s]   File "/home/yamashita/car_ws/install/mypkg/lib/python3.10/site-packages/mypkg/receiver.py", line 102
[12.988s]     global frame = data * alpha
[12.989s]                  ^
[12.990s] SyntaxError: invalid syntax
[12.991s] 
[12.991s] running install_data
[12.993s] running install_egg_info
[13.007s] removing '/home/yamashita/car_ws/install/mypkg/lib/python3.10/site-packages/mypkg-0.0.0-py3.10.egg-info' (and everything under it)
[13.010s] Copying ../../build/mypkg/mypkg.egg-info to /home/yamashita/car_ws/install/mypkg/lib/python3.10/site-packages/mypkg-0.0.0-py3.10.egg-info
[13.021s] running install_scripts
[13.186s] Installing camera script to /home/yamashita/car_ws/install/mypkg/lib/mypkg
[13.187s] Installing serial script to /home/yamashita/car_ws/install/mypkg/lib/mypkg
[13.191s] writing list of installed files to '/home/yamashita/car_ws/build/mypkg/install.log'
[13.470s] Invoked command in '/home/yamashita/car_ws/src/mypkg' returned '0': PYTHONPATH=/home/yamashita/car_ws/build/mypkg/prefix_override:/home/yamashita/car_ws/install/mypkg/lib/python3.10/site-packages:${PYTHONPATH} /usr/bin/python3 setup.py egg_info --egg-base ../../build/mypkg build --build-base /home/yamashita/car_ws/build/mypkg/build install --record /home/yamashita/car_ws/build/mypkg/install.log --single-version-externally-managed
