[3.702s] Invoking command in '/home/yamashita/car_ws/src/mypkg': PYTHONPATH=/home/yamashita/car_ws/build/mypkg/prefix_override:/home/yamashita/car_ws/install/mypkg/lib/python3.10/site-packages:${PYTHONPATH} /usr/bin/python3 -W ignore:setup.py install is deprecated setup.py egg_info --egg-base ../../build/mypkg build --build-base /home/yamashita/car_ws/build/mypkg/build install --record /home/yamashita/car_ws/build/mypkg/install.log --single-version-externally-managed install_data
[4.857s] running egg_info
[4.859s] writing ../../build/mypkg/mypkg.egg-info/PKG-INFO
[4.860s] writing dependency_links to ../../build/mypkg/mypkg.egg-info/dependency_links.txt
[4.860s] writing entry points to ../../build/mypkg/mypkg.egg-info/entry_points.txt
[4.861s] writing requirements to ../../build/mypkg/mypkg.egg-info/requires.txt
[4.861s] writing top-level names to ../../build/mypkg/mypkg.egg-info/top_level.txt
[4.870s] reading manifest file '../../build/mypkg/mypkg.egg-info/SOURCES.txt'
[4.873s] writing manifest file '../../build/mypkg/mypkg.egg-info/SOURCES.txt'
[4.874s] running build
[4.874s] running build_py
[4.875s] copying mypkg/CircleImgPub.py -> /home/yamashita/car_ws/build/mypkg/build/lib/mypkg
[4.876s] running install
[4.877s] running install_lib
[4.881s] copying /home/yamashita/car_ws/build/mypkg/build/lib/mypkg/CircleImgPub.py -> /home/yamashita/car_ws/install/mypkg/lib/python3.10/site-packages/mypkg
[4.885s] byte-compiling /home/yamashita/car_ws/install/mypkg/lib/python3.10/site-packages/mypkg/CircleImgPub.py to CircleImgPub.cpython-310.pyc
[4.892s] running install_data
[4.893s] running install_egg_info
[4.899s] removing '/home/yamashita/car_ws/install/mypkg/lib/python3.10/site-packages/mypkg-0.0.0-py3.10.egg-info' (and everything under it)
[4.901s] Copying ../../build/mypkg/mypkg.egg-info to /home/yamashita/car_ws/install/mypkg/lib/python3.10/site-packages/mypkg-0.0.0-py3.10.egg-info
[4.905s] running install_scripts
[4.981s] Installing CircleImgPub script to /home/yamashita/car_ws/install/mypkg/lib/mypkg
[4.981s] Installing camera script to /home/yamashita/car_ws/install/mypkg/lib/mypkg
[4.982s] Installing serial script to /home/yamashita/car_ws/install/mypkg/lib/mypkg
[4.984s] writing list of installed files to '/home/yamashita/car_ws/build/mypkg/install.log'
[5.108s] Invoked command in '/home/yamashita/car_ws/src/mypkg' returned '0': PYTHONPATH=/home/yamashita/car_ws/build/mypkg/prefix_override:/home/yamashita/car_ws/install/mypkg/lib/python3.10/site-packages:${PYTHONPATH} /usr/bin/python3 -W ignore:setup.py install is deprecated setup.py egg_info --egg-base ../../build/mypkg build --build-base /home/yamashita/car_ws/build/mypkg/build install --record /home/yamashita/car_ws/build/mypkg/install.log --single-version-externally-managed install_data
