[4.834s] Invoking command in '/home/yamashita/car_ws/src/mypkg': PYTHONPATH=/home/yamashita/car_ws/build/mypkg/prefix_override:/home/yamashita/car_ws/install/mypkg/lib/python3.10/site-packages:${PYTHONPATH} /usr/bin/python3 setup.py egg_info --egg-base ../../build/mypkg build --build-base /home/yamashita/car_ws/build/mypkg/build install --record /home/yamashita/car_ws/build/mypkg/install.log --single-version-externally-managed
[5.947s] running egg_info
[5.949s] writing ../../build/mypkg/mypkg.egg-info/PKG-INFO
[5.951s] writing dependency_links to ../../build/mypkg/mypkg.egg-info/dependency_links.txt
[5.952s] writing entry points to ../../build/mypkg/mypkg.egg-info/entry_points.txt
[5.952s] writing requirements to ../../build/mypkg/mypkg.egg-info/requires.txt
[5.953s] writing top-level names to ../../build/mypkg/mypkg.egg-info/top_level.txt
[5.961s] reading manifest file '../../build/mypkg/mypkg.egg-info/SOURCES.txt'
[5.966s] writing manifest file '../../build/mypkg/mypkg.egg-info/SOURCES.txt'
[5.966s] running build
[5.967s] running build_py
[5.969s] copying mypkg/CircleImgPub.py -> /home/yamashita/car_ws/build/mypkg/build/lib/mypkg
[5.971s] running install
[5.972s] running install_lib
[5.977s] copying /home/yamashita/car_ws/build/mypkg/build/lib/mypkg/CircleImgPub.py -> /home/yamashita/car_ws/install/mypkg/lib/python3.10/site-packages/mypkg
[5.981s] byte-compiling /home/yamashita/car_ws/install/mypkg/lib/python3.10/site-packages/mypkg/CircleImgPub.py to CircleImgPub.cpython-310.pyc
[5.987s] running install_data
[5.990s] copying launch/car.launch.py -> /home/yamashita/car_ws/install/mypkg/share/mypkg
[5.991s] running install_egg_info
[5.998s] removing '/home/yamashita/car_ws/install/mypkg/lib/python3.10/site-packages/mypkg-0.0.0-py3.10.egg-info' (and everything under it)
[5.999s] Copying ../../build/mypkg/mypkg.egg-info to /home/yamashita/car_ws/install/mypkg/lib/python3.10/site-packages/mypkg-0.0.0-py3.10.egg-info
[6.005s] running install_scripts
[6.078s] Installing CircleImgPub script to /home/yamashita/car_ws/install/mypkg/lib/mypkg
[6.080s] Installing camera script to /home/yamashita/car_ws/install/mypkg/lib/mypkg
[6.080s] Installing serial script to /home/yamashita/car_ws/install/mypkg/lib/mypkg
[6.082s] writing list of installed files to '/home/yamashita/car_ws/build/mypkg/install.log'
[6.205s] Invoked command in '/home/yamashita/car_ws/src/mypkg' returned '0': PYTHONPATH=/home/yamashita/car_ws/build/mypkg/prefix_override:/home/yamashita/car_ws/install/mypkg/lib/python3.10/site-packages:${PYTHONPATH} /usr/bin/python3 setup.py egg_info --egg-base ../../build/mypkg build --build-base /home/yamashita/car_ws/build/mypkg/build install --record /home/yamashita/car_ws/build/mypkg/install.log --single-version-externally-managed
