In file included from [01m[K/home/yamashita/car_ws/build/coordinate_msg/rosidl_generator_c/coordinate_msg/msg/detail/coordinate__functions.h:19[m[K,
                 from [01m[K/home/yamashita/car_ws/build/coordinate_msg/rosidl_generator_c/coordinate_msg/msg/detail/coordinate__functions.c:4[m[K:
[01m[K/home/yamashita/car_ws/build/coordinate_msg/rosidl_generator_c/coordinate_msg/msg/detail/coordinate__struct.h:22:10:[m[K [01;31m[Kfatal error: [m[Kcoordinate_msg/msg/detail/uint8__struct.h: No such file or directory
   22 | #include [01;31m[K"coordinate_msg/msg/detail/uint8__struct.h"[m[K
      |          [01;31m[K^~~~~~~~~~~~~~~~~~~~~~~~~~~~~~~~~~~~~~~~~~~[m[K
compilation terminated.
gmake[2]: *** [CMakeFiles/coordinate_msg__rosidl_generator_c.dir/build.make:105: CMakeFiles/coordinate_msg__rosidl_generator_c.dir/rosidl_generator_c/coordinate_msg/msg/detail/coordinate__functions.c.o] Error 1
gmake[1]: *** [CMakeFiles/Makefile2:213: CMakeFiles/coordinate_msg__rosidl_generator_c.dir/all] Error 2
gmake[1]: *** Waiting for unfinished jobs....
In file included from [01m[K/home/yamashita/car_ws/build/coordinate_msg/rosidl_typesupport_fastrtps_cpp/coordinate_msg/msg/detail/coordinate__rosidl_typesupport_fastrtps_cpp.hpp:11[m[K,
                 from [01m[K/home/yamashita/car_ws/build/coordinate_msg/rosidl_typesupport_fastrtps_cpp/coordinate_msg/msg/detail/dds_fastrtps/coordinate__type_support.cpp:4[m[K:
[01m[K/home/yamashita/car_ws/build/coordinate_msg/rosidl_generator_cpp/coordinate_msg/msg/detail/coordinate__struct.hpp:20:10:[m[K [01;31m[Kfatal error: [m[Kcoordinate_msg/msg/detail/uint8__struct.hpp: No such file or directory
   20 | #include [01;31m[K"coordinate_msg/msg/detail/uint8__struct.hpp"[m[K
      |          [01;31m[K^~~~~~~~~~~~~~~~~~~~~~~~~~~~~~~~~~~~~~~~~~~~~[m[K
compilation terminated.
In file included from [01m[K/home/yamashita/car_ws/build/coordinate_msg/rosidl_typesupport_cpp/coordinate_msg/msg/coordinate__type_support.cpp:7[m[K:
[01m[K/home/yamashita/car_ws/build/coordinate_msg/rosidl_generator_cpp/coordinate_msg/msg/detail/coordinate__struct.hpp:20:10:[m[K [01;31m[Kfatal error: [m[Kcoordinate_msg/msg/detail/uint8__struct.hpp: No such file or directory
   20 | #include [01;31m[K"coordinate_msg/msg/detail/uint8__struct.hpp"[m[K
      |          [01;31m[K^~~~~~~~~~~~~~~~~~~~~~~~~~~~~~~~~~~~~~~~~~~~~[m[K
compilation terminated.
gmake[2]: *** [CMakeFiles/coordinate_msg__rosidl_typesupport_fastrtps_cpp.dir/build.make:91: CMakeFiles/coordinate_msg__rosidl_typesupport_fastrtps_cpp.dir/rosidl_typesupport_fastrtps_cpp/coordinate_msg/msg/detail/dds_fastrtps/coordinate__type_support.cpp.o] Error 1
gmake[1]: *** [CMakeFiles/Makefile2:343: CMakeFiles/coordinate_msg__rosidl_typesupport_fastrtps_cpp.dir/all] Error 2
gmake[2]: *** [CMakeFiles/coordinate_msg__rosidl_typesupport_cpp.dir/build.make:86: CMakeFiles/coordinate_msg__rosidl_typesupport_cpp.dir/rosidl_typesupport_cpp/coordinate_msg/msg/coordinate__type_support.cpp.o] Error 1
gmake[1]: *** [CMakeFiles/Makefile2:395: CMakeFiles/coordinate_msg__rosidl_typesupport_cpp.dir/all] Error 2
gmake: *** [Makefile:146: all] Error 2
