-- Found ament_cmake: 1.3.8 (/opt/ros/humble/share/ament_cmake/cmake)
-- Found rosidl_default_generators: 1.2.0 (/opt/ros/humble/share/rosidl_default_generators/cmake)
-- Using all available rosidl_typesupport_c: rosidl_typesupport_fastrtps_c;rosidl_typesupport_introspection_c
-- Found rosidl_adapter: 3.1.5 (/opt/ros/humble/share/rosidl_adapter/cmake)
-- Using all available rosidl_typesupport_cpp: rosidl_typesupport_fastrtps_cpp;rosidl_typesupport_introspection_cpp
-- Found ament_cmake_ros: 0.10.0 (/opt/ros/humble/share/ament_cmake_ros/cmake)
-- Using all available rosidl_typesupport_c: rosidl_typesupport_fastrtps_c;rosidl_typesupport_introspection_c
-- Using all available rosidl_typesupport_cpp: rosidl_typesupport_fastrtps_cpp;rosidl_typesupport_introspection_cpp
-- Found python_cmake_module: 0.10.0 (/opt/ros/humble/share/python_cmake_module/cmake)
-- Using PYTHON_EXECUTABLE: /usr/bin/python3
-- Using PYTHON_INCLUDE_DIRS: /usr/include/python3.10
-- Using PYTHON_LIBRARIES: /usr/lib/aarch64-linux-gnu/libpython3.10.so
-- Found ament_lint_auto: 0.12.10 (/opt/ros/humble/share/ament_lint_auto/cmake)
-- Added test 'lint_cmake' to check CMake code style
-- Added test 'xmllint' to check XML markup files
-- Configuring done
-- Generating done
-- Build files have been written to: /home/yamashita/car_ws/build/coordinate_msg
[  3%] [34m[1mGenerating C code for ROS interfaces[0m
[  6%] [34m[1mGenerating C++ code for ROS interfaces[0m
[  6%] Built target ament_cmake_python_copy_coordinate_msg
[35m[1mConsolidate compiler generated dependencies of target coordinate_msg__rosidl_generator_c[0m
[  6%] Built target coordinate_msg__cpp
[  9%] [32mBuilding C object CMakeFiles/coordinate_msg__rosidl_generator_c.dir/rosidl_generator_c/coordinate_msg/msg/detail/coordinate__functions.c.o[0m
[ 16%] [34m[1mGenerating C++ type support for eProsima Fast-RTPS[0m
[ 16%] [34m[1mGenerating C++ type support dispatch for ROS interfaces[0m
running egg_info
writing coordinate_msg.egg-info/PKG-INFO
writing dependency_links to coordinate_msg.egg-info/dependency_links.txt
writing top-level names to coordinate_msg.egg-info/top_level.txt
reading manifest file 'coordinate_msg.egg-info/SOURCES.txt'
writing manifest file 'coordinate_msg.egg-info/SOURCES.txt'
[ 16%] Built target ament_cmake_python_build_coordinate_msg_egg
[35m[1mConsolidate compiler generated dependencies of target coordinate_msg__rosidl_typesupport_cpp[0m
[ 19%] [32mBuilding CXX object CMakeFiles/coordinate_msg__rosidl_typesupport_cpp.dir/rosidl_typesupport_cpp/coordinate_msg/msg/coordinate__type_support.cpp.o[0m
[35m[1mConsolidate compiler generated dependencies of target coordinate_msg__rosidl_typesupport_fastrtps_cpp[0m
[ 22%] [32mBuilding CXX object CMakeFiles/coordinate_msg__rosidl_typesupport_fastrtps_cpp.dir/rosidl_typesupport_fastrtps_cpp/coordinate_msg/msg/detail/dds_fastrtps/coordinate__type_support.cpp.o[0m
