[0.084s] Invoking command in '/home/yamashita/car_ws/build/coordinate_msg': CMAKE_PREFIX_PATH=${CMAKE_PREFIX_PATH}:/home/yamashita/robot_2024/install/robot_2024:/home/yamashita/robot_2024/install/gazebo_robot_2024:/home/yamashita/LegControll/install/test_controll:/home/yamashita/LegControll/install/monitor_node:/home/yamashita/LegControll/install/monitor:/home/yamashita/car_ws/install/mypkg:/opt/ros/humble /usr/bin/cmake --build /home/yamashita/car_ws/build/coordinate_msg -- -j4 -l4
[0.213s] -- Found ament_cmake: 1.3.8 (/opt/ros/humble/share/ament_cmake/cmake)
[0.942s] -- Found rosidl_default_generators: 1.2.0 (/opt/ros/humble/share/rosidl_default_generators/cmake)
[0.959s] -- Using all available rosidl_typesupport_c: rosidl_typesupport_fastrtps_c;rosidl_typesupport_introspection_c
[0.977s] -- Found rosidl_adapter: 3.1.5 (/opt/ros/humble/share/rosidl_adapter/cmake)
[1.203s] -- Using all available rosidl_typesupport_cpp: rosidl_typesupport_fastrtps_cpp;rosidl_typesupport_introspection_cpp
[2.668s] -- Found ament_cmake_ros: 0.10.0 (/opt/ros/humble/share/ament_cmake_ros/cmake)
[3.628s] -- Using all available rosidl_typesupport_c: rosidl_typesupport_fastrtps_c;rosidl_typesupport_introspection_c
[4.899s] -- Using all available rosidl_typesupport_cpp: rosidl_typesupport_fastrtps_cpp;rosidl_typesupport_introspection_cpp
[5.025s] -- Found python_cmake_module: 0.10.0 (/opt/ros/humble/share/python_cmake_module/cmake)
[5.149s] -- Using PYTHON_EXECUTABLE: /usr/bin/python3
[5.150s] -- Using PYTHON_INCLUDE_DIRS: /usr/include/python3.10
[5.150s] -- Using PYTHON_LIBRARIES: /usr/lib/aarch64-linux-gnu/libpython3.10.so
[5.211s] -- Found ament_lint_auto: 0.12.10 (/opt/ros/humble/share/ament_lint_auto/cmake)
[5.309s] -- Added test 'lint_cmake' to check CMake code style
[5.316s] -- Added test 'xmllint' to check XML markup files
[5.335s] -- Configuring done
[5.584s] -- Generating done
[5.603s] -- Build files have been written to: /home/yamashita/car_ws/build/coordinate_msg
[5.702s] [  3%] [34m[1mGenerating C code for ROS interfaces[0m
[5.745s] [  6%] [34m[1mGenerating C++ code for ROS interfaces[0m
[5.798s] [  6%] Built target ament_cmake_python_copy_coordinate_msg
[7.028s] [35m[1mConsolidate compiler generated dependencies of target coordinate_msg__rosidl_generator_c[0m
[7.064s] [  6%] Built target coordinate_msg__cpp
[7.082s] [  9%] [32mBuilding C object CMakeFiles/coordinate_msg__rosidl_generator_c.dir/rosidl_generator_c/coordinate_msg/msg/detail/coordinate__functions.c.o[0m
[7.116s] [ 16%] [34m[1mGenerating C++ type support for eProsima Fast-RTPS[0m
[7.117s] [ 16%] [34m[1mGenerating C++ type support dispatch for ROS interfaces[0m
[7.488s] In file included from [01m[K/home/yamashita/car_ws/build/coordinate_msg/rosidl_generator_c/coordinate_msg/msg/detail/coordinate__functions.h:19[m[K,
[7.490s]                  from [01m[K/home/yamashita/car_ws/build/coordinate_msg/rosidl_generator_c/coordinate_msg/msg/detail/coordinate__functions.c:4[m[K:
[7.491s] [01m[K/home/yamashita/car_ws/build/coordinate_msg/rosidl_generator_c/coordinate_msg/msg/detail/coordinate__struct.h:22:10:[m[K [01;31m[Kfatal error: [m[Kcoordinate_msg/msg/detail/uint8__struct.h: No such file or directory
[7.492s]    22 | #include [01;31m[K"coordinate_msg/msg/detail/uint8__struct.h"[m[K
[7.493s]       |          [01;31m[K^~~~~~~~~~~~~~~~~~~~~~~~~~~~~~~~~~~~~~~~~~~[m[K
[7.494s] compilation terminated.
[7.502s] gmake[2]: *** [CMakeFiles/coordinate_msg__rosidl_generator_c.dir/build.make:105: CMakeFiles/coordinate_msg__rosidl_generator_c.dir/rosidl_generator_c/coordinate_msg/msg/detail/coordinate__functions.c.o] Error 1
[7.503s] gmake[1]: *** [CMakeFiles/Makefile2:213: CMakeFiles/coordinate_msg__rosidl_generator_c.dir/all] Error 2
[7.503s] gmake[1]: *** Waiting for unfinished jobs....
[7.604s] running egg_info
[7.609s] writing coordinate_msg.egg-info/PKG-INFO
[7.610s] writing dependency_links to coordinate_msg.egg-info/dependency_links.txt
[7.611s] writing top-level names to coordinate_msg.egg-info/top_level.txt
[7.622s] reading manifest file 'coordinate_msg.egg-info/SOURCES.txt'
[7.625s] writing manifest file 'coordinate_msg.egg-info/SOURCES.txt'
[7.775s] [ 16%] Built target ament_cmake_python_build_coordinate_msg_egg
[8.192s] [35m[1mConsolidate compiler generated dependencies of target coordinate_msg__rosidl_typesupport_cpp[0m
[8.268s] [ 19%] [32mBuilding CXX object CMakeFiles/coordinate_msg__rosidl_typesupport_cpp.dir/rosidl_typesupport_cpp/coordinate_msg/msg/coordinate__type_support.cpp.o[0m
[8.350s] [35m[1mConsolidate compiler generated dependencies of target coordinate_msg__rosidl_typesupport_fastrtps_cpp[0m
[8.411s] [ 22%] [32mBuilding CXX object CMakeFiles/coordinate_msg__rosidl_typesupport_fastrtps_cpp.dir/rosidl_typesupport_fastrtps_cpp/coordinate_msg/msg/detail/dds_fastrtps/coordinate__type_support.cpp.o[0m
[8.949s] In file included from [01m[K/home/yamashita/car_ws/build/coordinate_msg/rosidl_typesupport_fastrtps_cpp/coordinate_msg/msg/detail/coordinate__rosidl_typesupport_fastrtps_cpp.hpp:11[m[K,
[8.950s]                  from [01m[K/home/yamashita/car_ws/build/coordinate_msg/rosidl_typesupport_fastrtps_cpp/coordinate_msg/msg/detail/dds_fastrtps/coordinate__type_support.cpp:4[m[K:
[8.950s] [01m[K/home/yamashita/car_ws/build/coordinate_msg/rosidl_generator_cpp/coordinate_msg/msg/detail/coordinate__struct.hpp:20:10:[m[K [01;31m[Kfatal error: [m[Kcoordinate_msg/msg/detail/uint8__struct.hpp: No such file or directory
[8.951s]    20 | #include [01;31m[K"coordinate_msg/msg/detail/uint8__struct.hpp"[m[K
[8.952s]       |          [01;31m[K^~~~~~~~~~~~~~~~~~~~~~~~~~~~~~~~~~~~~~~~~~~~~[m[K
[8.953s] compilation terminated.
[8.953s] In file included from [01m[K/home/yamashita/car_ws/build/coordinate_msg/rosidl_typesupport_cpp/coordinate_msg/msg/coordinate__type_support.cpp:7[m[K:
[8.954s] [01m[K/home/yamashita/car_ws/build/coordinate_msg/rosidl_generator_cpp/coordinate_msg/msg/detail/coordinate__struct.hpp:20:10:[m[K [01;31m[Kfatal error: [m[Kcoordinate_msg/msg/detail/uint8__struct.hpp: No such file or directory
[8.954s]    20 | #include [01;31m[K"coordinate_msg/msg/detail/uint8__struct.hpp"[m[K
[8.955s]       |          [01;31m[K^~~~~~~~~~~~~~~~~~~~~~~~~~~~~~~~~~~~~~~~~~~~~[m[K
[8.955s] compilation terminated.
[8.956s] gmake[2]: *** [CMakeFiles/coordinate_msg__rosidl_typesupport_fastrtps_cpp.dir/build.make:91: CMakeFiles/coordinate_msg__rosidl_typesupport_fastrtps_cpp.dir/rosidl_typesupport_fastrtps_cpp/coordinate_msg/msg/detail/dds_fastrtps/coordinate__type_support.cpp.o] Error 1
[8.956s] gmake[1]: *** [CMakeFiles/Makefile2:343: CMakeFiles/coordinate_msg__rosidl_typesupport_fastrtps_cpp.dir/all] Error 2
[8.957s] gmake[2]: *** [CMakeFiles/coordinate_msg__rosidl_typesupport_cpp.dir/build.make:86: CMakeFiles/coordinate_msg__rosidl_typesupport_cpp.dir/rosidl_typesupport_cpp/coordinate_msg/msg/coordinate__type_support.cpp.o] Error 1
[8.957s] gmake[1]: *** [CMakeFiles/Makefile2:395: CMakeFiles/coordinate_msg__rosidl_typesupport_cpp.dir/all] Error 2
[8.958s] gmake: *** [Makefile:146: all] Error 2
[8.963s] Invoked command in '/home/yamashita/car_ws/build/coordinate_msg' returned '2': CMAKE_PREFIX_PATH=${CMAKE_PREFIX_PATH}:/home/yamashita/robot_2024/install/robot_2024:/home/yamashita/robot_2024/install/gazebo_robot_2024:/home/yamashita/LegControll/install/test_controll:/home/yamashita/LegControll/install/monitor_node:/home/yamashita/LegControll/install/monitor:/home/yamashita/car_ws/install/mypkg:/opt/ros/humble /usr/bin/cmake --build /home/yamashita/car_ws/build/coordinate_msg -- -j4 -l4
