[5.183s] Invoking command in '/home/yamashita/car_ws/src/mypkg': PYTHONPATH=/home/yamashita/car_ws/build/mypkg/prefix_override:/home/yamashita/car_ws/install/mypkg/lib/python3.10/site-packages:${PYTHONPATH} /usr/bin/python3 setup.py egg_info --egg-base ../../build/mypkg build --build-base /home/yamashita/car_ws/build/mypkg/build install --record /home/yamashita/car_ws/build/mypkg/install.log --single-version-externally-managed
[6.523s] running egg_info
[6.527s] writing ../../build/mypkg/mypkg.egg-info/PKG-INFO
[6.528s] writing dependency_links to ../../build/mypkg/mypkg.egg-info/dependency_links.txt
[6.529s] writing entry points to ../../build/mypkg/mypkg.egg-info/entry_points.txt
[6.529s] writing requirements to ../../build/mypkg/mypkg.egg-info/requires.txt
[6.530s] writing top-level names to ../../build/mypkg/mypkg.egg-info/top_level.txt
[6.539s] reading manifest file '../../build/mypkg/mypkg.egg-info/SOURCES.txt'
[6.543s] writing manifest file '../../build/mypkg/mypkg.egg-info/SOURCES.txt'
[6.545s] running build
[6.545s] running build_py
[6.546s] running install
[6.548s] running install_lib
[6.554s] running install_data
[6.557s] running install_egg_info
[6.564s] removing '/home/yamashita/car_ws/install/mypkg/lib/python3.10/site-packages/mypkg-0.0.0-py3.10.egg-info' (and everything under it)
[6.566s] Copying ../../build/mypkg/mypkg.egg-info to /home/yamashita/car_ws/install/mypkg/lib/python3.10/site-packages/mypkg-0.0.0-py3.10.egg-info
[6.572s] running install_scripts
[6.656s] Installing CircleImgPub script to /home/yamashita/car_ws/install/mypkg/lib/mypkg
[6.657s] Installing camera0 script to /home/yamashita/car_ws/install/mypkg/lib/mypkg
[6.658s] Installing serial script to /home/yamashita/car_ws/install/mypkg/lib/mypkg
[6.660s] writing list of installed files to '/home/yamashita/car_ws/build/mypkg/install.log'
[6.804s] Invoked command in '/home/yamashita/car_ws/src/mypkg' returned '0': PYTHONPATH=/home/yamashita/car_ws/build/mypkg/prefix_override:/home/yamashita/car_ws/install/mypkg/lib/python3.10/site-packages:${PYTHONPATH} /usr/bin/python3 setup.py egg_info --egg-base ../../build/mypkg build --build-base /home/yamashita/car_ws/build/mypkg/build install --record /home/yamashita/car_ws/build/mypkg/install.log --single-version-externally-managed
