[4.314s] Invoking command in '/home/yamashita/car_ws/src/mypkg': PYTHONPATH=/home/yamashita/car_ws/build/mypkg/prefix_override:/home/yamashita/car_ws/install/mypkg/lib/python3.10/site-packages:${PYTHONPATH} /usr/bin/python3 setup.py egg_info --egg-base ../../build/mypkg build --build-base /home/yamashita/car_ws/build/mypkg/build install --record /home/yamashita/car_ws/build/mypkg/install.log --single-version-externally-managed
[5.425s] running egg_info
[5.427s] writing ../../build/mypkg/mypkg.egg-info/PKG-INFO
[5.428s] writing dependency_links to ../../build/mypkg/mypkg.egg-info/dependency_links.txt
[5.429s] writing entry points to ../../build/mypkg/mypkg.egg-info/entry_points.txt
[5.430s] writing requirements to ../../build/mypkg/mypkg.egg-info/requires.txt
[5.430s] writing top-level names to ../../build/mypkg/mypkg.egg-info/top_level.txt
[5.439s] reading manifest file '../../build/mypkg/mypkg.egg-info/SOURCES.txt'
[5.442s] writing manifest file '../../build/mypkg/mypkg.egg-info/SOURCES.txt'
[5.443s] running build
[5.443s] running build_py
[5.444s] copying mypkg/CircleImgPub.py -> /home/yamashita/car_ws/build/mypkg/build/lib/mypkg
[5.445s] running install
[5.447s] running install_lib
[5.450s] copying /home/yamashita/car_ws/build/mypkg/build/lib/mypkg/CircleImgPub.py -> /home/yamashita/car_ws/install/mypkg/lib/python3.10/site-packages/mypkg
[5.453s] byte-compiling /home/yamashita/car_ws/install/mypkg/lib/python3.10/site-packages/mypkg/CircleImgPub.py to CircleImgPub.cpython-310.pyc
[5.457s] running install_data
[5.459s] running install_egg_info
[5.466s] removing '/home/yamashita/car_ws/install/mypkg/lib/python3.10/site-packages/mypkg-0.0.0-py3.10.egg-info' (and everything under it)
[5.467s] Copying ../../build/mypkg/mypkg.egg-info to /home/yamashita/car_ws/install/mypkg/lib/python3.10/site-packages/mypkg-0.0.0-py3.10.egg-info
[5.472s] running install_scripts
[5.546s] Installing CircleImgPub script to /home/yamashita/car_ws/install/mypkg/lib/mypkg
[5.546s] Installing camera0 script to /home/yamashita/car_ws/install/mypkg/lib/mypkg
[5.547s] Installing serial script to /home/yamashita/car_ws/install/mypkg/lib/mypkg
[5.549s] writing list of installed files to '/home/yamashita/car_ws/build/mypkg/install.log'
[5.672s] Invoked command in '/home/yamashita/car_ws/src/mypkg' returned '0': PYTHONPATH=/home/yamashita/car_ws/build/mypkg/prefix_override:/home/yamashita/car_ws/install/mypkg/lib/python3.10/site-packages:${PYTHONPATH} /usr/bin/python3 setup.py egg_info --egg-base ../../build/mypkg build --build-base /home/yamashita/car_ws/build/mypkg/build install --record /home/yamashita/car_ws/build/mypkg/install.log --single-version-externally-managed
