[4.346s] DEBUG:colcon:Command line arguments: ['/usr/bin/colcon', 'build']
[4.346s] DEBUG:colcon:Parsed command line arguments: Namespace(log_base=None, log_level=None, verb_name='build', build_base='build', install_base='install', merge_install=False, symlink_install=False, test_result_base=None, continue_on_error=False, executor='parallel', parallel_workers=4, event_handlers=None, ignore_user_meta=False, metas=['./colcon.meta'], base_paths=['.'], packages_ignore=None, packages_ignore_regex=None, paths=None, packages_up_to=None, packages_up_to_regex=None, packages_above=None, packages_above_and_dependencies=None, packages_above_depth=None, packages_select_by_dep=None, packages_skip_by_dep=None, packages_skip_up_to=None, packages_select_build_failed=False, packages_skip_build_finished=False, packages_select_test_failures=False, packages_skip_test_passed=False, packages_select=None, packages_skip=None, packages_select_regex=None, packages_skip_regex=None, packages_start=None, packages_end=None, allow_overriding=[], cmake_args=None, cmake_target=None, cmake_target_skip_unavailable=False, cmake_clean_cache=False, cmake_clean_first=False, cmake_force_configure=False, ament_cmake_args=None, catkin_cmake_args=None, catkin_skip_building_tests=False, verb_parser=<colcon_defaults.argument_parser.defaults.DefaultArgumentsDecorator object at 0xffff9dbc7400>, verb_extension=<colcon_core.verb.build.BuildVerb object at 0xffff9deeea40>, main=<bound method BuildVerb.main of <colcon_core.verb.build.BuildVerb object at 0xffff9deeea40>>)
[4.539s] Level 1:colcon.colcon_core.package_discovery:discover_packages(colcon_meta) check parameters
[4.539s] Level 1:colcon.colcon_core.package_discovery:discover_packages(recursive) check parameters
[4.540s] Level 1:colcon.colcon_core.package_discovery:discover_packages(ignore) check parameters
[4.540s] Level 1:colcon.colcon_core.package_discovery:discover_packages(path) check parameters
[4.540s] Level 1:colcon.colcon_core.package_discovery:discover_packages(colcon_meta) discover
[4.540s] Level 1:colcon.colcon_core.package_discovery:discover_packages(recursive) discover
[4.540s] INFO:colcon.colcon_core.package_discovery:Crawling recursively for packages in '/home/yamashita/car_ws'
[4.541s] Level 1:colcon.colcon_core.package_identification:_identify(.) by extensions ['ignore', 'ignore_ament_install']
[4.541s] Level 1:colcon.colcon_core.package_identification:_identify(.) by extension 'ignore'
[4.541s] Level 1:colcon.colcon_core.package_identification:_identify(.) by extension 'ignore_ament_install'
[4.541s] Level 1:colcon.colcon_core.package_identification:_identify(.) by extensions ['colcon_pkg']
[4.541s] Level 1:colcon.colcon_core.package_identification:_identify(.) by extension 'colcon_pkg'
[4.542s] Level 1:colcon.colcon_core.package_identification:_identify(.) by extensions ['colcon_meta']
[4.542s] Level 1:colcon.colcon_core.package_identification:_identify(.) by extension 'colcon_meta'
[4.542s] Level 1:colcon.colcon_core.package_identification:_identify(.) by extensions ['ros']
[4.542s] Level 1:colcon.colcon_core.package_identification:_identify(.) by extension 'ros'
[4.588s] Level 1:colcon.colcon_core.package_identification:_identify(.) by extensions ['cmake', 'python']
[4.588s] Level 1:colcon.colcon_core.package_identification:_identify(.) by extension 'cmake'
[4.588s] Level 1:colcon.colcon_core.package_identification:_identify(.) by extension 'python'
[4.588s] Level 1:colcon.colcon_core.package_identification:_identify(.) by extensions ['python_setup_py']
[4.588s] Level 1:colcon.colcon_core.package_identification:_identify(.) by extension 'python_setup_py'
[4.589s] Level 1:colcon.colcon_core.package_identification:_identify(build) by extensions ['ignore', 'ignore_ament_install']
[4.589s] Level 1:colcon.colcon_core.package_identification:_identify(build) by extension 'ignore'
[4.589s] Level 1:colcon.colcon_core.package_identification:_identify(build) ignored
[4.590s] Level 1:colcon.colcon_core.package_identification:_identify(install) by extensions ['ignore', 'ignore_ament_install']
[4.590s] Level 1:colcon.colcon_core.package_identification:_identify(install) by extension 'ignore'
[4.590s] Level 1:colcon.colcon_core.package_identification:_identify(install) ignored
[4.592s] Level 1:colcon.colcon_core.package_identification:_identify(log) by extensions ['ignore', 'ignore_ament_install']
[4.592s] Level 1:colcon.colcon_core.package_identification:_identify(log) by extension 'ignore'
[4.593s] Level 1:colcon.colcon_core.package_identification:_identify(log) ignored
[4.593s] Level 1:colcon.colcon_core.package_identification:_identify(src) by extensions ['ignore', 'ignore_ament_install']
[4.593s] Level 1:colcon.colcon_core.package_identification:_identify(src) by extension 'ignore'
[4.593s] Level 1:colcon.colcon_core.package_identification:_identify(src) by extension 'ignore_ament_install'
[4.594s] Level 1:colcon.colcon_core.package_identification:_identify(src) by extensions ['colcon_pkg']
[4.594s] Level 1:colcon.colcon_core.package_identification:_identify(src) by extension 'colcon_pkg'
[4.594s] Level 1:colcon.colcon_core.package_identification:_identify(src) by extensions ['colcon_meta']
[4.594s] Level 1:colcon.colcon_core.package_identification:_identify(src) by extension 'colcon_meta'
[4.594s] Level 1:colcon.colcon_core.package_identification:_identify(src) by extensions ['ros']
[4.594s] Level 1:colcon.colcon_core.package_identification:_identify(src) by extension 'ros'
[4.595s] Level 1:colcon.colcon_core.package_identification:_identify(src) by extensions ['cmake', 'python']
[4.595s] Level 1:colcon.colcon_core.package_identification:_identify(src) by extension 'cmake'
[4.595s] Level 1:colcon.colcon_core.package_identification:_identify(src) by extension 'python'
[4.595s] Level 1:colcon.colcon_core.package_identification:_identify(src) by extensions ['python_setup_py']
[4.595s] Level 1:colcon.colcon_core.package_identification:_identify(src) by extension 'python_setup_py'
[4.596s] Level 1:colcon.colcon_core.package_identification:_identify(src/coordinate_msg) by extensions ['ignore', 'ignore_ament_install']
[4.596s] Level 1:colcon.colcon_core.package_identification:_identify(src/coordinate_msg) by extension 'ignore'
[4.596s] Level 1:colcon.colcon_core.package_identification:_identify(src/coordinate_msg) by extension 'ignore_ament_install'
[4.596s] Level 1:colcon.colcon_core.package_identification:_identify(src/coordinate_msg) by extensions ['colcon_pkg']
[4.596s] Level 1:colcon.colcon_core.package_identification:_identify(src/coordinate_msg) by extension 'colcon_pkg'
[4.597s] Level 1:colcon.colcon_core.package_identification:_identify(src/coordinate_msg) by extensions ['colcon_meta']
[4.597s] Level 1:colcon.colcon_core.package_identification:_identify(src/coordinate_msg) by extension 'colcon_meta'
[4.597s] Level 1:colcon.colcon_core.package_identification:_identify(src/coordinate_msg) by extensions ['ros']
[4.597s] Level 1:colcon.colcon_core.package_identification:_identify(src/coordinate_msg) by extension 'ros'
[4.606s] DEBUG:colcon.colcon_core.package_identification:Package 'src/coordinate_msg' with type 'ros.ament_cmake' and name 'coordinate_msg'
[4.606s] Level 1:colcon.colcon_core.package_identification:_identify(src/mypkg) by extensions ['ignore', 'ignore_ament_install']
[4.607s] Level 1:colcon.colcon_core.package_identification:_identify(src/mypkg) by extension 'ignore'
[4.607s] Level 1:colcon.colcon_core.package_identification:_identify(src/mypkg) by extension 'ignore_ament_install'
[4.607s] Level 1:colcon.colcon_core.package_identification:_identify(src/mypkg) by extensions ['colcon_pkg']
[4.607s] Level 1:colcon.colcon_core.package_identification:_identify(src/mypkg) by extension 'colcon_pkg'
[4.607s] Level 1:colcon.colcon_core.package_identification:_identify(src/mypkg) by extensions ['colcon_meta']
[4.607s] Level 1:colcon.colcon_core.package_identification:_identify(src/mypkg) by extension 'colcon_meta'
[4.608s] Level 1:colcon.colcon_core.package_identification:_identify(src/mypkg) by extensions ['ros']
[4.608s] Level 1:colcon.colcon_core.package_identification:_identify(src/mypkg) by extension 'ros'
[4.610s] DEBUG:colcon.colcon_core.package_identification:Package 'src/mypkg' with type 'ros.ament_python' and name 'mypkg'
[4.610s] Level 1:colcon.colcon_core.package_discovery:discover_packages(recursive) using defaults
[4.610s] Level 1:colcon.colcon_core.package_discovery:discover_packages(ignore) discover
[4.610s] Level 1:colcon.colcon_core.package_discovery:discover_packages(ignore) using defaults
[4.610s] Level 1:colcon.colcon_core.package_discovery:discover_packages(path) discover
[4.611s] Level 1:colcon.colcon_core.package_discovery:discover_packages(path) using defaults
[4.984s] Level 1:colcon.colcon_core.package_discovery:discover_packages(prefix_path) check parameters
[4.984s] Level 1:colcon.colcon_core.package_discovery:discover_packages(prefix_path) discover
[5.114s] DEBUG:colcon.colcon_installed_package_information.package_discovery:Found 2 installed packages in /home/yamashita/car_ws/install
[5.183s] DEBUG:colcon.colcon_installed_package_information.package_discovery:Found 299 installed packages in /opt/ros/humble
[5.189s] Level 1:colcon.colcon_core.package_discovery:discover_packages(prefix_path) using defaults
[5.599s] Level 5:colcon.colcon_core.verb:set package 'coordinate_msg' build argument 'cmake_args' from command line to 'None'
[5.599s] Level 5:colcon.colcon_core.verb:set package 'coordinate_msg' build argument 'cmake_target' from command line to 'None'
[5.600s] Level 5:colcon.colcon_core.verb:set package 'coordinate_msg' build argument 'cmake_target_skip_unavailable' from command line to 'False'
[5.600s] Level 5:colcon.colcon_core.verb:set package 'coordinate_msg' build argument 'cmake_clean_cache' from command line to 'False'
[5.600s] Level 5:colcon.colcon_core.verb:set package 'coordinate_msg' build argument 'cmake_clean_first' from command line to 'False'
[5.600s] Level 5:colcon.colcon_core.verb:set package 'coordinate_msg' build argument 'cmake_force_configure' from command line to 'False'
[5.600s] Level 5:colcon.colcon_core.verb:set package 'coordinate_msg' build argument 'ament_cmake_args' from command line to 'None'
[5.600s] Level 5:colcon.colcon_core.verb:set package 'coordinate_msg' build argument 'catkin_cmake_args' from command line to 'None'
[5.600s] Level 5:colcon.colcon_core.verb:set package 'coordinate_msg' build argument 'catkin_skip_building_tests' from command line to 'False'
[5.600s] DEBUG:colcon.colcon_core.verb:Building package 'coordinate_msg' with the following arguments: {'ament_cmake_args': None, 'build_base': '/home/yamashita/car_ws/build/coordinate_msg', 'catkin_cmake_args': None, 'catkin_skip_building_tests': False, 'cmake_args': None, 'cmake_clean_cache': False, 'cmake_clean_first': False, 'cmake_force_configure': False, 'cmake_target': None, 'cmake_target_skip_unavailable': False, 'install_base': '/home/yamashita/car_ws/install/coordinate_msg', 'merge_install': False, 'path': '/home/yamashita/car_ws/src/coordinate_msg', 'symlink_install': False, 'test_result_base': None}
[5.661s] Level 5:colcon.colcon_core.verb:set package 'mypkg' build argument 'cmake_args' from command line to 'None'
[5.661s] Level 5:colcon.colcon_core.verb:set package 'mypkg' build argument 'cmake_target' from command line to 'None'
[5.661s] Level 5:colcon.colcon_core.verb:set package 'mypkg' build argument 'cmake_target_skip_unavailable' from command line to 'False'
[5.662s] Level 5:colcon.colcon_core.verb:set package 'mypkg' build argument 'cmake_clean_cache' from command line to 'False'
[5.662s] Level 5:colcon.colcon_core.verb:set package 'mypkg' build argument 'cmake_clean_first' from command line to 'False'
[5.662s] Level 5:colcon.colcon_core.verb:set package 'mypkg' build argument 'cmake_force_configure' from command line to 'False'
[5.662s] Level 5:colcon.colcon_core.verb:set package 'mypkg' build argument 'ament_cmake_args' from command line to 'None'
[5.662s] Level 5:colcon.colcon_core.verb:set package 'mypkg' build argument 'catkin_cmake_args' from command line to 'None'
[5.662s] Level 5:colcon.colcon_core.verb:set package 'mypkg' build argument 'catkin_skip_building_tests' from command line to 'False'
[5.662s] DEBUG:colcon.colcon_core.verb:Building package 'mypkg' with the following arguments: {'ament_cmake_args': None, 'build_base': '/home/yamashita/car_ws/build/mypkg', 'catkin_cmake_args': None, 'catkin_skip_building_tests': False, 'cmake_args': None, 'cmake_clean_cache': False, 'cmake_clean_first': False, 'cmake_force_configure': False, 'cmake_target': None, 'cmake_target_skip_unavailable': False, 'install_base': '/home/yamashita/car_ws/install/mypkg', 'merge_install': False, 'path': '/home/yamashita/car_ws/src/mypkg', 'symlink_install': False, 'test_result_base': None}
[5.722s] INFO:colcon.colcon_core.executor:Executing jobs using 'parallel' executor
[5.784s] DEBUG:colcon.colcon_parallel_executor.executor.parallel:run_until_complete
[5.785s] INFO:colcon.colcon_ros.task.ament_cmake.build:Building ROS package in '/home/yamashita/car_ws/src/coordinate_msg' with build type 'ament_cmake'
[5.786s] INFO:colcon.colcon_cmake.task.cmake.build:Building CMake package in '/home/yamashita/car_ws/src/coordinate_msg'
[5.856s] INFO:colcon.colcon_core.plugin_system:Skipping extension 'colcon_core.shell.bat': Not used on non-Windows systems
[5.856s] INFO:colcon.colcon_core.shell:Skip shell extension 'powershell' for command environment: Not usable outside of PowerShell
[5.857s] DEBUG:colcon.colcon_core.shell:Skip shell extension 'dsv' for command environment
[6.057s] INFO:colcon.colcon_ros.task.ament_python.build:Building ROS package in '/home/yamashita/car_ws/src/mypkg' with build type 'ament_python'
[6.058s] Level 1:colcon.colcon_core.shell:create_environment_hook('mypkg', 'ament_prefix_path')
[6.122s] INFO:colcon.colcon_core.shell:Creating environment hook '/home/yamashita/car_ws/install/mypkg/share/mypkg/hook/ament_prefix_path.ps1'
[6.128s] INFO:colcon.colcon_core.shell:Creating environment descriptor '/home/yamashita/car_ws/install/mypkg/share/mypkg/hook/ament_prefix_path.dsv'
[6.130s] INFO:colcon.colcon_core.shell:Creating environment hook '/home/yamashita/car_ws/install/mypkg/share/mypkg/hook/ament_prefix_path.sh'
[6.197s] INFO:colcon.colcon_core.shell:Skip shell extension 'powershell' for command environment: Not usable outside of PowerShell
[6.197s] DEBUG:colcon.colcon_core.shell:Skip shell extension 'dsv' for command environment
[6.410s] DEBUG:colcon.colcon_core.event_handler.log_command:Invoking command in '/home/yamashita/car_ws/build/coordinate_msg': CMAKE_PREFIX_PATH=${CMAKE_PREFIX_PATH}:/home/yamashita/car_ws/install/mypkg:/opt/ros/humble /usr/bin/cmake --build /home/yamashita/car_ws/build/coordinate_msg -- -j4 -l4
[8.049s] INFO:colcon.colcon_core.task.python.build:Building Python package in '/home/yamashita/car_ws/src/mypkg'
[8.126s] INFO:colcon.colcon_core.shell:Skip shell extension 'powershell' for command environment: Not usable outside of PowerShell
[8.127s] DEBUG:colcon.colcon_core.shell:Skip shell extension 'dsv' for command environment
[8.485s] DEBUG:colcon.colcon_core.event_handler.log_command:Invoked command in '/home/yamashita/car_ws/build/coordinate_msg' returned '0': CMAKE_PREFIX_PATH=${CMAKE_PREFIX_PATH}:/home/yamashita/car_ws/install/mypkg:/opt/ros/humble /usr/bin/cmake --build /home/yamashita/car_ws/build/coordinate_msg -- -j4 -l4
[8.836s] DEBUG:colcon.colcon_core.event_handler.log_command:Invoking command in '/home/yamashita/car_ws/build/coordinate_msg': CMAKE_PREFIX_PATH=${CMAKE_PREFIX_PATH}:/home/yamashita/car_ws/install/mypkg:/opt/ros/humble /usr/bin/cmake --install /home/yamashita/car_ws/build/coordinate_msg
[9.117s] Level 1:colcon.colcon_core.environment:create_environment_scripts_only(coordinate_msg)
[9.119s] DEBUG:colcon.colcon_core.event_handler.log_command:Invoked command in '/home/yamashita/car_ws/build/coordinate_msg' returned '0': CMAKE_PREFIX_PATH=${CMAKE_PREFIX_PATH}:/home/yamashita/car_ws/install/mypkg:/opt/ros/humble /usr/bin/cmake --install /home/yamashita/car_ws/build/coordinate_msg
[9.204s] Level 1:colcon.colcon_core.environment:checking '/home/yamashita/car_ws/install/coordinate_msg' for CMake module files
[9.209s] Level 1:colcon.colcon_core.environment:checking '/home/yamashita/car_ws/install/coordinate_msg' for CMake config files
[9.213s] Level 1:colcon.colcon_core.shell:create_environment_hook('coordinate_msg', 'cmake_prefix_path')
[9.284s] INFO:colcon.colcon_core.shell:Creating environment hook '/home/yamashita/car_ws/install/coordinate_msg/share/coordinate_msg/hook/cmake_prefix_path.ps1'
[9.286s] INFO:colcon.colcon_core.shell:Creating environment descriptor '/home/yamashita/car_ws/install/coordinate_msg/share/coordinate_msg/hook/cmake_prefix_path.dsv'
[9.287s] INFO:colcon.colcon_core.shell:Creating environment hook '/home/yamashita/car_ws/install/coordinate_msg/share/coordinate_msg/hook/cmake_prefix_path.sh'
[9.290s] Level 1:colcon.colcon_core.environment:checking '/home/yamashita/car_ws/install/coordinate_msg/lib'
[9.291s] Level 1:colcon.colcon_core.shell:create_environment_hook('coordinate_msg', 'ld_library_path_lib')
[9.364s] INFO:colcon.colcon_core.shell:Creating environment hook '/home/yamashita/car_ws/install/coordinate_msg/share/coordinate_msg/hook/ld_library_path_lib.ps1'
[9.366s] INFO:colcon.colcon_core.shell:Creating environment descriptor '/home/yamashita/car_ws/install/coordinate_msg/share/coordinate_msg/hook/ld_library_path_lib.dsv'
[9.368s] INFO:colcon.colcon_core.shell:Creating environment hook '/home/yamashita/car_ws/install/coordinate_msg/share/coordinate_msg/hook/ld_library_path_lib.sh'
[9.370s] Level 1:colcon.colcon_core.environment:checking '/home/yamashita/car_ws/install/coordinate_msg/bin'
[9.371s] Level 1:colcon.colcon_core.environment:checking '/home/yamashita/car_ws/install/coordinate_msg/lib/pkgconfig/coordinate_msg.pc'
[9.371s] Level 1:colcon.colcon_core.environment:checking '/home/yamashita/car_ws/install/coordinate_msg/lib/python3.10/site-packages'
[9.372s] Level 1:colcon.colcon_core.environment:checking '/home/yamashita/car_ws/install/coordinate_msg/bin'
[9.444s] INFO:colcon.colcon_core.shell:Creating package script '/home/yamashita/car_ws/install/coordinate_msg/share/coordinate_msg/package.ps1'
[9.448s] INFO:colcon.colcon_core.shell:Creating package descriptor '/home/yamashita/car_ws/install/coordinate_msg/share/coordinate_msg/package.dsv'
[9.451s] INFO:colcon.colcon_core.shell:Creating package script '/home/yamashita/car_ws/install/coordinate_msg/share/coordinate_msg/package.sh'
[9.454s] INFO:colcon.colcon_core.shell:Creating package script '/home/yamashita/car_ws/install/coordinate_msg/share/coordinate_msg/package.bash'
[9.457s] INFO:colcon.colcon_core.shell:Creating package script '/home/yamashita/car_ws/install/coordinate_msg/share/coordinate_msg/package.zsh'
[9.461s] Level 1:colcon.colcon_core.environment:create_file_with_runtime_dependencies(/home/yamashita/car_ws/install/coordinate_msg/share/colcon-core/packages/coordinate_msg)
[9.852s] Level 1:colcon.colcon_core.environment:create_environment_scripts_only(coordinate_msg)
[9.936s] Level 1:colcon.colcon_core.environment:checking '/home/yamashita/car_ws/install/coordinate_msg' for CMake module files
[9.941s] Level 1:colcon.colcon_core.environment:checking '/home/yamashita/car_ws/install/coordinate_msg' for CMake config files
[9.945s] Level 1:colcon.colcon_core.shell:create_environment_hook('coordinate_msg', 'cmake_prefix_path')
[10.017s] INFO:colcon.colcon_core.shell:Creating environment hook '/home/yamashita/car_ws/install/coordinate_msg/share/coordinate_msg/hook/cmake_prefix_path.ps1'
[10.020s] INFO:colcon.colcon_core.shell:Creating environment descriptor '/home/yamashita/car_ws/install/coordinate_msg/share/coordinate_msg/hook/cmake_prefix_path.dsv'
[10.022s] INFO:colcon.colcon_core.shell:Creating environment hook '/home/yamashita/car_ws/install/coordinate_msg/share/coordinate_msg/hook/cmake_prefix_path.sh'
[10.024s] Level 1:colcon.colcon_core.environment:checking '/home/yamashita/car_ws/install/coordinate_msg/lib'
[10.025s] Level 1:colcon.colcon_core.shell:create_environment_hook('coordinate_msg', 'ld_library_path_lib')
[10.095s] INFO:colcon.colcon_core.shell:Creating environment hook '/home/yamashita/car_ws/install/coordinate_msg/share/coordinate_msg/hook/ld_library_path_lib.ps1'
[10.099s] INFO:colcon.colcon_core.shell:Creating environment descriptor '/home/yamashita/car_ws/install/coordinate_msg/share/coordinate_msg/hook/ld_library_path_lib.dsv'
[10.101s] INFO:colcon.colcon_core.shell:Creating environment hook '/home/yamashita/car_ws/install/coordinate_msg/share/coordinate_msg/hook/ld_library_path_lib.sh'
[10.103s] Level 1:colcon.colcon_core.environment:checking '/home/yamashita/car_ws/install/coordinate_msg/bin'
[10.103s] Level 1:colcon.colcon_core.environment:checking '/home/yamashita/car_ws/install/coordinate_msg/lib/pkgconfig/coordinate_msg.pc'
[10.104s] Level 1:colcon.colcon_core.environment:checking '/home/yamashita/car_ws/install/coordinate_msg/lib/python3.10/site-packages'
[10.105s] Level 1:colcon.colcon_core.environment:checking '/home/yamashita/car_ws/install/coordinate_msg/bin'
[10.184s] INFO:colcon.colcon_core.shell:Creating package script '/home/yamashita/car_ws/install/coordinate_msg/share/coordinate_msg/package.ps1'
[10.187s] INFO:colcon.colcon_core.shell:Creating package descriptor '/home/yamashita/car_ws/install/coordinate_msg/share/coordinate_msg/package.dsv'
[10.191s] INFO:colcon.colcon_core.shell:Creating package script '/home/yamashita/car_ws/install/coordinate_msg/share/coordinate_msg/package.sh'
[10.196s] INFO:colcon.colcon_core.shell:Creating package script '/home/yamashita/car_ws/install/coordinate_msg/share/coordinate_msg/package.bash'
[10.200s] INFO:colcon.colcon_core.shell:Creating package script '/home/yamashita/car_ws/install/coordinate_msg/share/coordinate_msg/package.zsh'
[10.204s] Level 1:colcon.colcon_core.environment:create_file_with_runtime_dependencies(/home/yamashita/car_ws/install/coordinate_msg/share/colcon-core/packages/coordinate_msg)
[10.359s] DEBUG:colcon.colcon_core.event_handler.log_command:Invoking command in '/home/yamashita/car_ws/src/mypkg': PYTHONPATH=/home/yamashita/car_ws/build/mypkg/prefix_override:/home/yamashita/car_ws/install/mypkg/lib/python3.10/site-packages:${PYTHONPATH} /usr/bin/python3 setup.py egg_info --egg-base ../../build/mypkg build --build-base /home/yamashita/car_ws/build/mypkg/build install --record /home/yamashita/car_ws/build/mypkg/install.log --single-version-externally-managed
[11.719s] DEBUG:colcon.colcon_core.event_handler.log_command:Invoked command in '/home/yamashita/car_ws/src/mypkg' returned '0': PYTHONPATH=/home/yamashita/car_ws/build/mypkg/prefix_override:/home/yamashita/car_ws/install/mypkg/lib/python3.10/site-packages:${PYTHONPATH} /usr/bin/python3 setup.py egg_info --egg-base ../../build/mypkg build --build-base /home/yamashita/car_ws/build/mypkg/build install --record /home/yamashita/car_ws/build/mypkg/install.log --single-version-externally-managed
[11.783s] Level 1:colcon.colcon_core.environment:checking '/home/yamashita/car_ws/install/mypkg' for CMake module files
[11.786s] Level 1:colcon.colcon_core.environment:checking '/home/yamashita/car_ws/install/mypkg' for CMake config files
[11.789s] Level 1:colcon.colcon_core.environment:checking '/home/yamashita/car_ws/install/mypkg/lib'
[11.790s] Level 1:colcon.colcon_core.environment:checking '/home/yamashita/car_ws/install/mypkg/bin'
[11.790s] Level 1:colcon.colcon_core.environment:checking '/home/yamashita/car_ws/install/mypkg/lib/pkgconfig/mypkg.pc'
[11.791s] Level 1:colcon.colcon_core.environment:checking '/home/yamashita/car_ws/install/mypkg/lib/python3.10/site-packages'
[11.791s] Level 1:colcon.colcon_core.shell:create_environment_hook('mypkg', 'pythonpath')
[11.853s] INFO:colcon.colcon_core.shell:Creating environment hook '/home/yamashita/car_ws/install/mypkg/share/mypkg/hook/pythonpath.ps1'
[11.855s] INFO:colcon.colcon_core.shell:Creating environment descriptor '/home/yamashita/car_ws/install/mypkg/share/mypkg/hook/pythonpath.dsv'
[11.856s] INFO:colcon.colcon_core.shell:Creating environment hook '/home/yamashita/car_ws/install/mypkg/share/mypkg/hook/pythonpath.sh'
[11.859s] Level 1:colcon.colcon_core.environment:checking '/home/yamashita/car_ws/install/mypkg/bin'
[11.859s] Level 1:colcon.colcon_core.environment:create_environment_scripts_only(mypkg)
[11.921s] INFO:colcon.colcon_core.shell:Creating package script '/home/yamashita/car_ws/install/mypkg/share/mypkg/package.ps1'
[11.923s] INFO:colcon.colcon_core.shell:Creating package descriptor '/home/yamashita/car_ws/install/mypkg/share/mypkg/package.dsv'
[11.925s] INFO:colcon.colcon_core.shell:Creating package script '/home/yamashita/car_ws/install/mypkg/share/mypkg/package.sh'
[11.927s] INFO:colcon.colcon_core.shell:Creating package script '/home/yamashita/car_ws/install/mypkg/share/mypkg/package.bash'
[11.929s] INFO:colcon.colcon_core.shell:Creating package script '/home/yamashita/car_ws/install/mypkg/share/mypkg/package.zsh'
[11.931s] Level 1:colcon.colcon_core.environment:create_file_with_runtime_dependencies(/home/yamashita/car_ws/install/mypkg/share/colcon-core/packages/mypkg)
[11.932s] DEBUG:colcon.colcon_parallel_executor.executor.parallel:closing loop
[11.933s] DEBUG:colcon.colcon_parallel_executor.executor.parallel:loop closed
[11.934s] DEBUG:colcon.colcon_parallel_executor.executor.parallel:run_until_complete finished with '0'
[11.934s] DEBUG:colcon.colcon_core.event_reactor:joining thread
[12.017s] INFO:colcon.colcon_core.plugin_system:Skipping extension 'colcon_notification.desktop_notification.notify_send': Could not find 'notify-send'
[12.017s] INFO:colcon.colcon_core.plugin_system:Skipping extension 'colcon_notification.desktop_notification.terminal_notifier': Not used on non-Darwin systems
[12.017s] INFO:colcon.colcon_core.plugin_system:Skipping extension 'colcon_notification.desktop_notification.win32': Not used on non-Windows systems
[12.017s] INFO:colcon.colcon_notification.desktop_notification:Sending desktop notification using 'notify2'
[12.020s] DEBUG:colcon.colcon_notification.desktop_notification.notify2:Failed to initialize notify2: org.freedesktop.DBus.Error.ServiceUnknown: The name org.freedesktop.Notifications was not provided by any .service files
[12.021s] DEBUG:colcon.colcon_core.event_reactor:joined thread
[12.086s] INFO:colcon.colcon_core.shell:Creating prefix script '/home/yamashita/car_ws/install/local_setup.ps1'
[12.090s] INFO:colcon.colcon_core.shell:Creating prefix util module '/home/yamashita/car_ws/install/_local_setup_util_ps1.py'
[12.095s] INFO:colcon.colcon_core.shell:Creating prefix chain script '/home/yamashita/car_ws/install/setup.ps1'
[12.159s] INFO:colcon.colcon_core.shell:Creating prefix script '/home/yamashita/car_ws/install/local_setup.sh'
[12.162s] INFO:colcon.colcon_core.shell:Creating prefix util module '/home/yamashita/car_ws/install/_local_setup_util_sh.py'
[12.164s] INFO:colcon.colcon_core.shell:Creating prefix chain script '/home/yamashita/car_ws/install/setup.sh'
[12.228s] INFO:colcon.colcon_core.shell:Creating prefix script '/home/yamashita/car_ws/install/local_setup.bash'
[12.230s] INFO:colcon.colcon_core.shell:Creating prefix chain script '/home/yamashita/car_ws/install/setup.bash'
[12.294s] INFO:colcon.colcon_core.shell:Creating prefix script '/home/yamashita/car_ws/install/local_setup.zsh'
[12.296s] INFO:colcon.colcon_core.shell:Creating prefix chain script '/home/yamashita/car_ws/install/setup.zsh'
