[17.575s] Invoking command in '/home/yamashita/car_ws/src/mypkg': PYTHONPATH=/home/yamashita/car_ws/build/mypkg/prefix_override:/home/yamashita/car_ws/install/mypkg/lib/python3.10/site-packages:${PYTHONPATH} /usr/bin/python3 setup.py egg_info --egg-base ../../build/mypkg build --build-base /home/yamashita/car_ws/build/mypkg/build install --record /home/yamashita/car_ws/build/mypkg/install.log --single-version-externally-managed
[21.472s] running egg_info
[21.796s] writing ../../build/mypkg/mypkg.egg-info/PKG-INFO
[21.800s] writing dependency_links to ../../build/mypkg/mypkg.egg-info/dependency_links.txt
[21.802s] writing entry points to ../../build/mypkg/mypkg.egg-info/entry_points.txt
[21.805s] writing requirements to ../../build/mypkg/mypkg.egg-info/requires.txt
[21.809s] writing top-level names to ../../build/mypkg/mypkg.egg-info/top_level.txt
[22.459s] reading manifest file '../../build/mypkg/mypkg.egg-info/SOURCES.txt'
[22.469s] writing manifest file '../../build/mypkg/mypkg.egg-info/SOURCES.txt'
[22.471s] running build
[22.472s] running build_py
[22.476s] copying mypkg/serial.py -> /home/yamashita/car_ws/build/mypkg/build/lib/mypkg
[22.480s] copying mypkg/receiver.py -> /home/yamashita/car_ws/build/mypkg/build/lib/mypkg
[22.483s] copying mypkg/__init__.py -> /home/yamashita/car_ws/build/mypkg/build/lib/mypkg
[22.488s] running install
[22.494s] /home/yamashita/.local/lib/python3.10/site-packages/setuptools/_distutils/cmd.py:66: SetuptoolsDeprecationWarning: setup.py install is deprecated.
[22.497s] !!
[22.498s] 
[22.500s]         ********************************************************************************
[22.507s]         Please avoid running ``setup.py`` directly.
[22.508s]         Instead, use pypa/build, pypa/installer or other
[22.509s]         standards-based tools.
[22.510s] 
[22.512s]         See https://blog.ganssle.io/articles/2021/10/setup-py-deprecated.html for details.
[22.513s]         ********************************************************************************
[22.514s] 
[22.516s] !!
[22.517s]   self.initialize_options()
[22.572s] running install_lib
[22.915s] running install_data
[23.233s] copying resource/mypkg -> /home/yamashita/car_ws/install/mypkg/share/ament_index/resource_index/packages
[23.235s] copying package.xml -> /home/yamashita/car_ws/install/mypkg/share/mypkg
[23.243s] copying launch/car.launch.py -> /home/yamashita/car_ws/install/mypkg/share/mypkg
[23.245s] running install_egg_info
[23.574s] removing '/home/yamashita/car_ws/install/mypkg/lib/python3.10/site-packages/mypkg-0.0.0-py3.10.egg-info' (and everything under it)
[23.578s] Copying ../../build/mypkg/mypkg.egg-info to /home/yamashita/car_ws/install/mypkg/lib/python3.10/site-packages/mypkg-0.0.0-py3.10.egg-info
[23.593s] running install_scripts
[26.598s] Installing camera script to /home/yamashita/car_ws/install/mypkg/lib/mypkg
[26.600s] Installing serial script to /home/yamashita/car_ws/install/mypkg/lib/mypkg
[26.606s] writing list of installed files to '/home/yamashita/car_ws/build/mypkg/install.log'
[27.058s] Invoked command in '/home/yamashita/car_ws/src/mypkg' returned '0': PYTHONPATH=/home/yamashita/car_ws/build/mypkg/prefix_override:/home/yamashita/car_ws/install/mypkg/lib/python3.10/site-packages:${PYTHONPATH} /usr/bin/python3 setup.py egg_info --egg-base ../../build/mypkg build --build-base /home/yamashita/car_ws/build/mypkg/build install --record /home/yamashita/car_ws/build/mypkg/install.log --single-version-externally-managed
