[10.667s] Invoking command in '/home/yamashita/car_ws/src/mypkg': PYTHONPATH=/home/yamashita/car_ws/build/mypkg/prefix_override:/home/yamashita/car_ws/install/mypkg/lib/python3.10/site-packages:${PYTHONPATH} /usr/bin/python3 setup.py egg_info --egg-base ../../build/mypkg build --build-base /home/yamashita/car_ws/build/mypkg/build install --record /home/yamashita/car_ws/build/mypkg/install.log --single-version-externally-managed
[13.435s] running egg_info
[13.440s] writing ../../build/mypkg/mypkg.egg-info/PKG-INFO
[13.442s] writing dependency_links to ../../build/mypkg/mypkg.egg-info/dependency_links.txt
[13.444s] writing entry points to ../../build/mypkg/mypkg.egg-info/entry_points.txt
[13.446s] writing requirements to ../../build/mypkg/mypkg.egg-info/requires.txt
[13.447s] writing top-level names to ../../build/mypkg/mypkg.egg-info/top_level.txt
[13.466s] reading manifest file '../../build/mypkg/mypkg.egg-info/SOURCES.txt'
[13.474s] writing manifest file '../../build/mypkg/mypkg.egg-info/SOURCES.txt'
[13.475s] running build
[13.476s] running build_py
[13.477s] copying mypkg/receiver.py -> /home/yamashita/car_ws/build/mypkg/build/lib/mypkg
[13.481s] running install
[13.484s] running install_lib
[13.490s] copying /home/yamashita/car_ws/build/mypkg/build/lib/mypkg/receiver.py -> /home/yamashita/car_ws/install/mypkg/lib/python3.10/site-packages/mypkg
[13.496s] byte-compiling /home/yamashita/car_ws/install/mypkg/lib/python3.10/site-packages/mypkg/receiver.py to receiver.cpython-310.pyc
[13.508s] running install_data
[13.514s] running install_egg_info
[13.528s] removing '/home/yamashita/car_ws/install/mypkg/lib/python3.10/site-packages/mypkg-0.0.0-py3.10.egg-info' (and everything under it)
[13.531s] Copying ../../build/mypkg/mypkg.egg-info to /home/yamashita/car_ws/install/mypkg/lib/python3.10/site-packages/mypkg-0.0.0-py3.10.egg-info
[13.542s] running install_scripts
[13.710s] Installing camera script to /home/yamashita/car_ws/install/mypkg/lib/mypkg
[13.712s] Installing serial script to /home/yamashita/car_ws/install/mypkg/lib/mypkg
[13.715s] writing list of installed files to '/home/yamashita/car_ws/build/mypkg/install.log'
[14.004s] Invoked command in '/home/yamashita/car_ws/src/mypkg' returned '0': PYTHONPATH=/home/yamashita/car_ws/build/mypkg/prefix_override:/home/yamashita/car_ws/install/mypkg/lib/python3.10/site-packages:${PYTHONPATH} /usr/bin/python3 setup.py egg_info --egg-base ../../build/mypkg build --build-base /home/yamashita/car_ws/build/mypkg/build install --record /home/yamashita/car_ws/build/mypkg/install.log --single-version-externally-managed
