[13.685s] Invoking command in '/home/yamashita/car_ws/src/mypkg': PYTHONPATH=/home/yamashita/car_ws/build/mypkg/prefix_override:/home/yamashita/car_ws/install/mypkg/lib/python3.10/site-packages:${PYTHONPATH} /usr/bin/python3 setup.py egg_info --egg-base ../../build/mypkg build --build-base /home/yamashita/car_ws/build/mypkg/build install --record /home/yamashita/car_ws/build/mypkg/install.log --single-version-externally-managed
[18.235s] running egg_info
[18.705s] writing ../../build/mypkg/mypkg.egg-info/PKG-INFO
[18.723s] writing dependency_links to ../../build/mypkg/mypkg.egg-info/dependency_links.txt
[18.727s] writing entry points to ../../build/mypkg/mypkg.egg-info/entry_points.txt
[18.733s] writing requirements to ../../build/mypkg/mypkg.egg-info/requires.txt
[18.735s] writing top-level names to ../../build/mypkg/mypkg.egg-info/top_level.txt
[19.573s] reading manifest file '../../build/mypkg/mypkg.egg-info/SOURCES.txt'
[19.595s] writing manifest file '../../build/mypkg/mypkg.egg-info/SOURCES.txt'
[19.614s] running build
[19.617s] running build_py
[19.619s] copying mypkg/serial.py -> /home/yamashita/car_ws/build/mypkg/build/lib/mypkg
[19.624s] copying mypkg/receiver.py -> /home/yamashita/car_ws/build/mypkg/build/lib/mypkg
[19.629s] copying mypkg/__init__.py -> /home/yamashita/car_ws/build/mypkg/build/lib/mypkg
[19.645s] running install
[19.648s] /home/yamashita/.local/lib/python3.10/site-packages/setuptools/_distutils/cmd.py:66: SetuptoolsDeprecationWarning: setup.py install is deprecated.
[19.650s] !!
[19.651s] 
[19.653s]         ********************************************************************************
[19.654s]         Please avoid running ``setup.py`` directly.
[19.664s]         Instead, use pypa/build, pypa/installer or other
[19.666s]         standards-based tools.
[19.668s] 
[19.669s]         See https://blog.ganssle.io/articles/2021/10/setup-py-deprecated.html for details.
[19.671s]         ********************************************************************************
[19.673s] 
[19.674s] !!
[19.675s]   self.initialize_options()
[19.758s] running install_lib
[20.238s] running install_data
[20.642s] copying resource/mypkg -> /home/yamashita/car_ws/install/mypkg/share/ament_index/resource_index/packages
[20.645s] copying package.xml -> /home/yamashita/car_ws/install/mypkg/share/mypkg
[20.648s] copying launch/car.launch.py -> /home/yamashita/car_ws/install/mypkg/share/mypkg
[20.651s] running install_egg_info
[21.192s] removing '/home/yamashita/car_ws/install/mypkg/lib/python3.10/site-packages/mypkg-0.0.0-py3.10.egg-info' (and everything under it)
[21.199s] Copying ../../build/mypkg/mypkg.egg-info to /home/yamashita/car_ws/install/mypkg/lib/python3.10/site-packages/mypkg-0.0.0-py3.10.egg-info
[21.220s] running install_scripts
[25.990s] Installing camera script to /home/yamashita/car_ws/install/mypkg/lib/mypkg
[34.664s] Installing serial script to /home/yamashita/car_ws/install/mypkg/lib/mypkg
[34.673s] writing list of installed files to '/home/yamashita/car_ws/build/mypkg/install.log'
[35.007s] Invoked command in '/home/yamashita/car_ws/src/mypkg' returned '0': PYTHONPATH=/home/yamashita/car_ws/build/mypkg/prefix_override:/home/yamashita/car_ws/install/mypkg/lib/python3.10/site-packages:${PYTHONPATH} /usr/bin/python3 setup.py egg_info --egg-base ../../build/mypkg build --build-base /home/yamashita/car_ws/build/mypkg/build install --record /home/yamashita/car_ws/build/mypkg/install.log --single-version-externally-managed
