[4.575s] Invoking command in '/home/yamashita/car_ws/src/mypkg': PYTHONPATH=/home/yamashita/car_ws/build/mypkg/prefix_override:/home/yamashita/car_ws/install/mypkg/lib/python3.10/site-packages:${PYTHONPATH} /usr/bin/python3 setup.py egg_info --egg-base ../../build/mypkg build --build-base /home/yamashita/car_ws/build/mypkg/build install --record /home/yamashita/car_ws/build/mypkg/install.log --single-version-externally-managed
[5.733s] running egg_info
[5.736s] writing ../../build/mypkg/mypkg.egg-info/PKG-INFO
[5.737s] writing dependency_links to ../../build/mypkg/mypkg.egg-info/dependency_links.txt
[5.738s] writing entry points to ../../build/mypkg/mypkg.egg-info/entry_points.txt
[5.738s] writing requirements to ../../build/mypkg/mypkg.egg-info/requires.txt
[5.739s] writing top-level names to ../../build/mypkg/mypkg.egg-info/top_level.txt
[5.748s] reading manifest file '../../build/mypkg/mypkg.egg-info/SOURCES.txt'
[5.751s] writing manifest file '../../build/mypkg/mypkg.egg-info/SOURCES.txt'
[5.752s] running build
[5.752s] running build_py
[5.754s] running install
[5.755s] running install_lib
[5.760s] running install_data
[5.763s] copying launch/car.launch.py -> /home/yamashita/car_ws/install/mypkg/share/mypkg
[5.763s] running install_egg_info
[5.770s] removing '/home/yamashita/car_ws/install/mypkg/lib/python3.10/site-packages/mypkg-0.0.0-py3.10.egg-info' (and everything under it)
[5.772s] Copying ../../build/mypkg/mypkg.egg-info to /home/yamashita/car_ws/install/mypkg/lib/python3.10/site-packages/mypkg-0.0.0-py3.10.egg-info
[5.777s] running install_scripts
[5.853s] Installing camera script to /home/yamashita/car_ws/install/mypkg/lib/mypkg
[5.854s] Installing serial script to /home/yamashita/car_ws/install/mypkg/lib/mypkg
[5.856s] writing list of installed files to '/home/yamashita/car_ws/build/mypkg/install.log'
[5.987s] Invoked command in '/home/yamashita/car_ws/src/mypkg' returned '0': PYTHONPATH=/home/yamashita/car_ws/build/mypkg/prefix_override:/home/yamashita/car_ws/install/mypkg/lib/python3.10/site-packages:${PYTHONPATH} /usr/bin/python3 setup.py egg_info --egg-base ../../build/mypkg build --build-base /home/yamashita/car_ws/build/mypkg/build install --record /home/yamashita/car_ws/build/mypkg/install.log --single-version-externally-managed
