[0.616s] Invoking command in '/home/yamashita/car_ws/build/coordinate_msg': CMAKE_PREFIX_PATH=${CMAKE_PREFIX_PATH}:/home/yamashita/car_ws/install/mypkg:/opt/ros/humble /usr/bin/cmake --build /home/yamashita/car_ws/build/coordinate_msg -- -j4 -l4
[0.725s] -- Found ament_cmake: 1.3.8 (/opt/ros/humble/share/ament_cmake/cmake)
[1.356s] -- Found rosidl_default_generators: 1.2.0 (/opt/ros/humble/share/rosidl_default_generators/cmake)
[1.364s] -- Using all available rosidl_typesupport_c: rosidl_typesupport_fastrtps_c;rosidl_typesupport_introspection_c
[1.377s] -- Found rosidl_adapter: 3.1.5 (/opt/ros/humble/share/rosidl_adapter/cmake)
[1.552s] -- Using all available rosidl_typesupport_cpp: rosidl_typesupport_fastrtps_cpp;rosidl_typesupport_introspection_cpp
[2.920s] -- Found ament_cmake_ros: 0.10.0 (/opt/ros/humble/share/ament_cmake_ros/cmake)
[3.800s] -- Using all available rosidl_typesupport_c: rosidl_typesupport_fastrtps_c;rosidl_typesupport_introspection_c
[5.053s] -- Using all available rosidl_typesupport_cpp: rosidl_typesupport_fastrtps_cpp;rosidl_typesupport_introspection_cpp
[5.169s] -- Found python_cmake_module: 0.10.0 (/opt/ros/humble/share/python_cmake_module/cmake)
[5.282s] -- Using PYTHON_EXECUTABLE: /usr/bin/python3
[5.282s] -- Using PYTHON_INCLUDE_DIRS: /usr/include/python3.10
[5.283s] -- Using PYTHON_LIBRARIES: /usr/lib/aarch64-linux-gnu/libpython3.10.so
[5.328s] -- Found ament_lint_auto: 0.12.10 (/opt/ros/humble/share/ament_lint_auto/cmake)
[5.382s] -- Added test 'lint_cmake' to check CMake code style
[5.388s] -- Added test 'xmllint' to check XML markup files
[5.399s] -- Configuring done
[5.578s] -- Generating done
[5.599s] -- Build files have been written to: /home/yamashita/car_ws/build/coordinate_msg
[5.698s] [  3%] [34m[1mGenerating C code for ROS interfaces[0m
[5.746s] [  6%] [34m[1mGenerating C++ code for ROS interfaces[0m
[5.818s] [  6%] Built target ament_cmake_python_copy_coordinate_msg
[7.198s] [35m[1mConsolidate compiler generated dependencies of target coordinate_msg__rosidl_generator_c[0m
[7.244s] [  6%] Built target coordinate_msg__cpp
[7.249s] [  9%] [32mBuilding C object CMakeFiles/coordinate_msg__rosidl_generator_c.dir/rosidl_generator_c/coordinate_msg/msg/detail/coordinate__functions.c.o[0m
[7.293s] [ 12%] [34m[1mGenerating C++ type support dispatch for ROS interfaces[0m
[7.300s] [ 16%] [34m[1mGenerating C++ type support for eProsima Fast-RTPS[0m
[7.586s] [ 19%] [32m[1mLinking C shared library libcoordinate_msg__rosidl_generator_c.so[0m
[7.827s] [ 19%] Built target coordinate_msg__rosidl_generator_c
[7.882s] [ 22%] [34m[1mGenerating C++ introspection for ROS interfaces[0m
[7.949s] running egg_info
[7.954s] writing coordinate_msg.egg-info/PKG-INFO
[7.957s] writing dependency_links to coordinate_msg.egg-info/dependency_links.txt
[7.960s] writing top-level names to coordinate_msg.egg-info/top_level.txt
[7.979s] reading manifest file 'coordinate_msg.egg-info/SOURCES.txt'
[7.984s] writing manifest file 'coordinate_msg.egg-info/SOURCES.txt'
[8.176s] [ 22%] Built target ament_cmake_python_build_coordinate_msg_egg
[8.231s] [ 25%] [34m[1mGenerating C type support for eProsima Fast-RTPS[0m
[8.538s] [35m[1mConsolidate compiler generated dependencies of target coordinate_msg__rosidl_typesupport_cpp[0m
[8.634s] [ 29%] [32mBuilding CXX object CMakeFiles/coordinate_msg__rosidl_typesupport_cpp.dir/rosidl_typesupport_cpp/coordinate_msg/msg/coordinate__type_support.cpp.o[0m
[8.747s] [35m[1mConsolidate compiler generated dependencies of target coordinate_msg__rosidl_typesupport_fastrtps_cpp[0m
[8.825s] [ 32%] [32mBuilding CXX object CMakeFiles/coordinate_msg__rosidl_typesupport_fastrtps_cpp.dir/rosidl_typesupport_fastrtps_cpp/coordinate_msg/msg/detail/dds_fastrtps/coordinate__type_support.cpp.o[0m
[9.229s] [35m[1mConsolidate compiler generated dependencies of target coordinate_msg__rosidl_typesupport_introspection_cpp[0m
[9.297s] [ 35%] [32mBuilding CXX object CMakeFiles/coordinate_msg__rosidl_typesupport_introspection_cpp.dir/rosidl_typesupport_introspection_cpp/coordinate_msg/msg/detail/coordinate__type_support.cpp.o[0m
[9.673s] [35m[1mConsolidate compiler generated dependencies of target coordinate_msg__rosidl_typesupport_fastrtps_c[0m
[9.747s] [ 38%] [32mBuilding CXX object CMakeFiles/coordinate_msg__rosidl_typesupport_fastrtps_c.dir/rosidl_typesupport_fastrtps_c/coordinate_msg/msg/detail/coordinate__type_support_c.cpp.o[0m
[10.353s] [ 41%] [32m[1mLinking CXX shared library libcoordinate_msg__rosidl_typesupport_cpp.so[0m
[10.571s] [ 41%] Built target coordinate_msg__rosidl_typesupport_cpp
[10.633s] [ 45%] [34m[1mGenerating C introspection for ROS interfaces[0m
[11.451s] [ 48%] [32m[1mLinking CXX shared library libcoordinate_msg__rosidl_typesupport_fastrtps_cpp.so[0m
[11.884s] [ 48%] Built target coordinate_msg__rosidl_typesupport_fastrtps_cpp
[11.901s] [ 51%] [32m[1mLinking CXX shared library libcoordinate_msg__rosidl_typesupport_introspection_cpp.so[0m
[11.935s] [ 54%] [34m[1mGenerating C type support dispatch for ROS interfaces[0m
[12.115s] [ 58%] [32m[1mLinking CXX shared library libcoordinate_msg__rosidl_typesupport_fastrtps_c.so[0m
[12.141s] [ 58%] Built target coordinate_msg__rosidl_typesupport_introspection_cpp
[12.183s] [35m[1mConsolidate compiler generated dependencies of target coordinate_msg__rosidl_typesupport_introspection_c[0m
[12.242s] [ 61%] [32mBuilding C object CMakeFiles/coordinate_msg__rosidl_typesupport_introspection_c.dir/rosidl_typesupport_introspection_c/coordinate_msg/msg/detail/coordinate__type_support.c.o[0m
[12.453s] [ 64%] [32m[1mLinking C shared library libcoordinate_msg__rosidl_typesupport_introspection_c.so[0m
[12.522s] [ 64%] Built target coordinate_msg__rosidl_typesupport_fastrtps_c
[12.589s] [ 64%] Built target coordinate_msg__rosidl_typesupport_introspection_c
[13.005s] [35m[1mConsolidate compiler generated dependencies of target coordinate_msg__rosidl_typesupport_c[0m
[13.052s] [ 67%] [32mBuilding CXX object CMakeFiles/coordinate_msg__rosidl_typesupport_c.dir/rosidl_typesupport_c/coordinate_msg/msg/coordinate__type_support.cpp.o[0m
[13.192s] [ 70%] [32m[1mLinking CXX shared library libcoordinate_msg__rosidl_typesupport_c.so[0m
[13.351s] [ 70%] Built target coordinate_msg__rosidl_typesupport_c
[13.437s] [ 70%] Built target coordinate_msg
[13.522s] [ 74%] Built target coordinate_msg__py
[13.566s] [35m[1mConsolidate compiler generated dependencies of target coordinate_msg__rosidl_generator_py[0m
[13.626s] [ 77%] [32mBuilding C object CMakeFiles/coordinate_msg__rosidl_generator_py.dir/rosidl_generator_py/coordinate_msg/msg/_coordinate_s.c.o[0m
[14.081s] [ 80%] [32m[1mLinking C shared library rosidl_generator_py/coordinate_msg/libcoordinate_msg__rosidl_generator_py.so[0m
[14.258s] [ 80%] Built target coordinate_msg__rosidl_generator_py
[14.303s] [35m[1mConsolidate compiler generated dependencies of target coordinate_msg__rosidl_typesupport_fastrtps_c__pyext[0m
[14.304s] [35m[1mConsolidate compiler generated dependencies of target coordinate_msg__rosidl_typesupport_introspection_c__pyext[0m
[14.306s] [35m[1mConsolidate compiler generated dependencies of target coordinate_msg__rosidl_typesupport_c__pyext[0m
[14.363s] [ 87%] [32mBuilding C object CMakeFiles/coordinate_msg__rosidl_typesupport_introspection_c__pyext.dir/rosidl_generator_py/coordinate_msg/_coordinate_msg_s.ep.rosidl_typesupport_introspection_c.c.o[0m
[14.364s] [ 87%] [32mBuilding C object CMakeFiles/coordinate_msg__rosidl_typesupport_fastrtps_c__pyext.dir/rosidl_generator_py/coordinate_msg/_coordinate_msg_s.ep.rosidl_typesupport_fastrtps_c.c.o[0m
[14.370s] [ 90%] [32mBuilding C object CMakeFiles/coordinate_msg__rosidl_typesupport_c__pyext.dir/rosidl_generator_py/coordinate_msg/_coordinate_msg_s.ep.rosidl_typesupport_c.c.o[0m
[14.809s] [ 93%] [32m[1mLinking C shared library rosidl_generator_py/coordinate_msg/coordinate_msg_s__rosidl_typesupport_c.cpython-310-aarch64-linux-gnu.so[0m
[14.818s] [ 96%] [32m[1mLinking C shared library rosidl_generator_py/coordinate_msg/coordinate_msg_s__rosidl_typesupport_introspection_c.cpython-310-aarch64-linux-gnu.so[0m
[14.861s] [100%] [32m[1mLinking C shared library rosidl_generator_py/coordinate_msg/coordinate_msg_s__rosidl_typesupport_fastrtps_c.cpython-310-aarch64-linux-gnu.so[0m
[14.985s] [100%] Built target coordinate_msg__rosidl_typesupport_c__pyext
[14.998s] [100%] Built target coordinate_msg__rosidl_typesupport_introspection_c__pyext
[15.046s] [100%] Built target coordinate_msg__rosidl_typesupport_fastrtps_c__pyext
[15.088s] Invoked command in '/home/yamashita/car_ws/build/coordinate_msg' returned '0': CMAKE_PREFIX_PATH=${CMAKE_PREFIX_PATH}:/home/yamashita/car_ws/install/mypkg:/opt/ros/humble /usr/bin/cmake --build /home/yamashita/car_ws/build/coordinate_msg -- -j4 -l4
[15.510s] Invoking command in '/home/yamashita/car_ws/build/coordinate_msg': CMAKE_PREFIX_PATH=${CMAKE_PREFIX_PATH}:/home/yamashita/car_ws/install/mypkg:/opt/ros/humble /usr/bin/cmake --install /home/yamashita/car_ws/build/coordinate_msg
[15.539s] -- Install configuration: ""
[15.540s] -- Up-to-date: /home/yamashita/car_ws/install/coordinate_msg/share/ament_index/resource_index/rosidl_interfaces/coordinate_msg
[15.540s] -- Up-to-date: /home/yamashita/car_ws/install/coordinate_msg/include/coordinate_msg/coordinate_msg
[15.541s] -- Up-to-date: /home/yamashita/car_ws/install/coordinate_msg/include/coordinate_msg/coordinate_msg/msg
[15.541s] -- Up-to-date: /home/yamashita/car_ws/install/coordinate_msg/include/coordinate_msg/coordinate_msg/msg/detail
[15.541s] -- Installing: /home/yamashita/car_ws/install/coordinate_msg/include/coordinate_msg/coordinate_msg/msg/detail/coordinate__functions.h
[15.542s] -- Installing: /home/yamashita/car_ws/install/coordinate_msg/include/coordinate_msg/coordinate_msg/msg/detail/coordinate__type_support.h
[15.544s] -- Installing: /home/yamashita/car_ws/install/coordinate_msg/include/coordinate_msg/coordinate_msg/msg/detail/coordinate__functions.c
[15.545s] -- Installing: /home/yamashita/car_ws/install/coordinate_msg/include/coordinate_msg/coordinate_msg/msg/detail/coordinate__struct.h
[15.546s] -- Up-to-date: /home/yamashita/car_ws/install/coordinate_msg/include/coordinate_msg/coordinate_msg/msg/rosidl_generator_c__visibility_control.h
[15.547s] -- Installing: /home/yamashita/car_ws/install/coordinate_msg/include/coordinate_msg/coordinate_msg/msg/coordinate.h
[15.548s] -- Installing: /home/yamashita/car_ws/install/coordinate_msg/share/coordinate_msg/environment/library_path.sh
[15.549s] -- Installing: /home/yamashita/car_ws/install/coordinate_msg/share/coordinate_msg/environment/library_path.dsv
[15.551s] -- Installing: /home/yamashita/car_ws/install/coordinate_msg/lib/libcoordinate_msg__rosidl_generator_c.so
[15.553s] -- Set runtime path of "/home/yamashita/car_ws/install/coordinate_msg/lib/libcoordinate_msg__rosidl_generator_c.so" to ""
[15.554s] -- Up-to-date: /home/yamashita/car_ws/install/coordinate_msg/include/coordinate_msg/coordinate_msg
[15.554s] -- Up-to-date: /home/yamashita/car_ws/install/coordinate_msg/include/coordinate_msg/coordinate_msg/msg
[15.555s] -- Up-to-date: /home/yamashita/car_ws/install/coordinate_msg/include/coordinate_msg/coordinate_msg/msg/rosidl_typesupport_fastrtps_c__visibility_control.h
[15.555s] -- Up-to-date: /home/yamashita/car_ws/install/coordinate_msg/include/coordinate_msg/coordinate_msg/msg/detail
[15.555s] -- Installing: /home/yamashita/car_ws/install/coordinate_msg/include/coordinate_msg/coordinate_msg/msg/detail/coordinate__rosidl_typesupport_fastrtps_c.h
[15.557s] -- Installing: /home/yamashita/car_ws/install/coordinate_msg/lib/libcoordinate_msg__rosidl_typesupport_fastrtps_c.so
[15.560s] -- Set runtime path of "/home/yamashita/car_ws/install/coordinate_msg/lib/libcoordinate_msg__rosidl_typesupport_fastrtps_c.so" to ""
[15.560s] -- Up-to-date: /home/yamashita/car_ws/install/coordinate_msg/include/coordinate_msg/coordinate_msg
[15.561s] -- Up-to-date: /home/yamashita/car_ws/install/coordinate_msg/include/coordinate_msg/coordinate_msg/msg
[15.561s] -- Up-to-date: /home/yamashita/car_ws/install/coordinate_msg/include/coordinate_msg/coordinate_msg/msg/detail
[15.561s] -- Installing: /home/yamashita/car_ws/install/coordinate_msg/include/coordinate_msg/coordinate_msg/msg/detail/coordinate__rosidl_typesupport_introspection_c.h
[15.563s] -- Installing: /home/yamashita/car_ws/install/coordinate_msg/include/coordinate_msg/coordinate_msg/msg/detail/coordinate__type_support.c
[15.564s] -- Up-to-date: /home/yamashita/car_ws/install/coordinate_msg/include/coordinate_msg/coordinate_msg/msg/rosidl_typesupport_introspection_c__visibility_control.h
[15.565s] -- Installing: /home/yamashita/car_ws/install/coordinate_msg/lib/libcoordinate_msg__rosidl_typesupport_introspection_c.so
[15.567s] -- Set runtime path of "/home/yamashita/car_ws/install/coordinate_msg/lib/libcoordinate_msg__rosidl_typesupport_introspection_c.so" to ""
[15.568s] -- Installing: /home/yamashita/car_ws/install/coordinate_msg/lib/libcoordinate_msg__rosidl_typesupport_c.so
[15.571s] -- Set runtime path of "/home/yamashita/car_ws/install/coordinate_msg/lib/libcoordinate_msg__rosidl_typesupport_c.so" to ""
[15.571s] -- Up-to-date: /home/yamashita/car_ws/install/coordinate_msg/include/coordinate_msg/coordinate_msg
[15.571s] -- Up-to-date: /home/yamashita/car_ws/install/coordinate_msg/include/coordinate_msg/coordinate_msg/msg
[15.572s] -- Installing: /home/yamashita/car_ws/install/coordinate_msg/include/coordinate_msg/coordinate_msg/msg/coordinate.hpp
[15.573s] -- Up-to-date: /home/yamashita/car_ws/install/coordinate_msg/include/coordinate_msg/coordinate_msg/msg/detail
[15.573s] -- Installing: /home/yamashita/car_ws/install/coordinate_msg/include/coordinate_msg/coordinate_msg/msg/detail/coordinate__struct.hpp
[15.575s] -- Installing: /home/yamashita/car_ws/install/coordinate_msg/include/coordinate_msg/coordinate_msg/msg/detail/coordinate__traits.hpp
[15.576s] -- Installing: /home/yamashita/car_ws/install/coordinate_msg/include/coordinate_msg/coordinate_msg/msg/detail/coordinate__builder.hpp
[15.577s] -- Up-to-date: /home/yamashita/car_ws/install/coordinate_msg/include/coordinate_msg/coordinate_msg
[15.577s] -- Up-to-date: /home/yamashita/car_ws/install/coordinate_msg/include/coordinate_msg/coordinate_msg/msg
[15.578s] -- Up-to-date: /home/yamashita/car_ws/install/coordinate_msg/include/coordinate_msg/coordinate_msg/msg/rosidl_typesupport_fastrtps_cpp__visibility_control.h
[15.578s] -- Up-to-date: /home/yamashita/car_ws/install/coordinate_msg/include/coordinate_msg/coordinate_msg/msg/detail
[15.579s] -- Installing: /home/yamashita/car_ws/install/coordinate_msg/include/coordinate_msg/coordinate_msg/msg/detail/coordinate__rosidl_typesupport_fastrtps_cpp.hpp
[15.580s] -- Installing: /home/yamashita/car_ws/install/coordinate_msg/include/coordinate_msg/coordinate_msg/msg/detail/dds_fastrtps
[15.581s] -- Installing: /home/yamashita/car_ws/install/coordinate_msg/lib/libcoordinate_msg__rosidl_typesupport_fastrtps_cpp.so
[15.584s] -- Set runtime path of "/home/yamashita/car_ws/install/coordinate_msg/lib/libcoordinate_msg__rosidl_typesupport_fastrtps_cpp.so" to ""
[15.584s] -- Up-to-date: /home/yamashita/car_ws/install/coordinate_msg/include/coordinate_msg/coordinate_msg
[15.585s] -- Up-to-date: /home/yamashita/car_ws/install/coordinate_msg/include/coordinate_msg/coordinate_msg/msg
[15.585s] -- Up-to-date: /home/yamashita/car_ws/install/coordinate_msg/include/coordinate_msg/coordinate_msg/msg/detail
[15.585s] -- Installing: /home/yamashita/car_ws/install/coordinate_msg/include/coordinate_msg/coordinate_msg/msg/detail/coordinate__type_support.cpp
[15.586s] -- Installing: /home/yamashita/car_ws/install/coordinate_msg/include/coordinate_msg/coordinate_msg/msg/detail/coordinate__rosidl_typesupport_introspection_cpp.hpp
[15.589s] -- Installing: /home/yamashita/car_ws/install/coordinate_msg/lib/libcoordinate_msg__rosidl_typesupport_introspection_cpp.so
[15.591s] -- Set runtime path of "/home/yamashita/car_ws/install/coordinate_msg/lib/libcoordinate_msg__rosidl_typesupport_introspection_cpp.so" to ""
[15.592s] -- Installing: /home/yamashita/car_ws/install/coordinate_msg/lib/libcoordinate_msg__rosidl_typesupport_cpp.so
[15.594s] -- Set runtime path of "/home/yamashita/car_ws/install/coordinate_msg/lib/libcoordinate_msg__rosidl_typesupport_cpp.so" to ""
[15.595s] -- Up-to-date: /home/yamashita/car_ws/install/coordinate_msg/share/coordinate_msg/environment/pythonpath.sh
[15.595s] -- Installing: /home/yamashita/car_ws/install/coordinate_msg/share/coordinate_msg/environment/pythonpath.dsv
[15.596s] -- Up-to-date: /home/yamashita/car_ws/install/coordinate_msg/local/lib/python3.10/dist-packages/coordinate_msg-0.0.0-py3.10.egg-info
[15.597s] -- Installing: /home/yamashita/car_ws/install/coordinate_msg/local/lib/python3.10/dist-packages/coordinate_msg-0.0.0-py3.10.egg-info/SOURCES.txt
[15.598s] -- Installing: /home/yamashita/car_ws/install/coordinate_msg/local/lib/python3.10/dist-packages/coordinate_msg-0.0.0-py3.10.egg-info/dependency_links.txt
[15.599s] -- Installing: /home/yamashita/car_ws/install/coordinate_msg/local/lib/python3.10/dist-packages/coordinate_msg-0.0.0-py3.10.egg-info/PKG-INFO
[15.600s] -- Installing: /home/yamashita/car_ws/install/coordinate_msg/local/lib/python3.10/dist-packages/coordinate_msg-0.0.0-py3.10.egg-info/top_level.txt
[15.601s] -- Up-to-date: /home/yamashita/car_ws/install/coordinate_msg/local/lib/python3.10/dist-packages/coordinate_msg
[15.602s] -- Installing: /home/yamashita/car_ws/install/coordinate_msg/local/lib/python3.10/dist-packages/coordinate_msg/__init__.py
[15.603s] -- Installing: /home/yamashita/car_ws/install/coordinate_msg/local/lib/python3.10/dist-packages/coordinate_msg/coordinate_msg_s__rosidl_typesupport_fastrtps_c.cpython-310-aarch64-linux-gnu.so
[15.604s] -- Installing: /home/yamashita/car_ws/install/coordinate_msg/local/lib/python3.10/dist-packages/coordinate_msg/libcoordinate_msg__rosidl_generator_py.so
[15.606s] -- Up-to-date: /home/yamashita/car_ws/install/coordinate_msg/local/lib/python3.10/dist-packages/coordinate_msg/_coordinate_msg_s.ep.rosidl_typesupport_fastrtps_c.c
[15.606s] -- Installing: /home/yamashita/car_ws/install/coordinate_msg/local/lib/python3.10/dist-packages/coordinate_msg/coordinate_msg_s__rosidl_typesupport_c.cpython-310-aarch64-linux-gnu.so
[15.608s] -- Installing: /home/yamashita/car_ws/install/coordinate_msg/local/lib/python3.10/dist-packages/coordinate_msg/coordinate_msg_s__rosidl_typesupport_introspection_c.cpython-310-aarch64-linux-gnu.so
[15.609s] -- Up-to-date: /home/yamashita/car_ws/install/coordinate_msg/local/lib/python3.10/dist-packages/coordinate_msg/_coordinate_msg_s.ep.rosidl_typesupport_c.c
[15.610s] -- Up-to-date: /home/yamashita/car_ws/install/coordinate_msg/local/lib/python3.10/dist-packages/coordinate_msg/msg
[15.610s] -- Up-to-date: /home/yamashita/car_ws/install/coordinate_msg/local/lib/python3.10/dist-packages/coordinate_msg/msg/__init__.py
[15.610s] -- Up-to-date: /home/yamashita/car_ws/install/coordinate_msg/local/lib/python3.10/dist-packages/coordinate_msg/msg/_coordinate_s.c
[15.611s] -- Up-to-date: /home/yamashita/car_ws/install/coordinate_msg/local/lib/python3.10/dist-packages/coordinate_msg/msg/_coordinate.py
[15.611s] -- Up-to-date: /home/yamashita/car_ws/install/coordinate_msg/local/lib/python3.10/dist-packages/coordinate_msg/_coordinate_msg_s.ep.rosidl_typesupport_introspection_c.c
[15.763s] Listing '/home/yamashita/car_ws/install/coordinate_msg/local/lib/python3.10/dist-packages/coordinate_msg'...
[15.764s] Compiling '/home/yamashita/car_ws/install/coordinate_msg/local/lib/python3.10/dist-packages/coordinate_msg/__init__.py'...
[15.766s] Listing '/home/yamashita/car_ws/install/coordinate_msg/local/lib/python3.10/dist-packages/coordinate_msg/msg'...
[15.766s] Compiling '/home/yamashita/car_ws/install/coordinate_msg/local/lib/python3.10/dist-packages/coordinate_msg/msg/__init__.py'...
[15.768s] Compiling '/home/yamashita/car_ws/install/coordinate_msg/local/lib/python3.10/dist-packages/coordinate_msg/msg/_coordinate.py'...
[15.789s] -- Installing: /home/yamashita/car_ws/install/coordinate_msg/local/lib/python3.10/dist-packages/coordinate_msg/coordinate_msg_s__rosidl_typesupport_fastrtps_c.cpython-310-aarch64-linux-gnu.so
[15.791s] -- Set runtime path of "/home/yamashita/car_ws/install/coordinate_msg/local/lib/python3.10/dist-packages/coordinate_msg/coordinate_msg_s__rosidl_typesupport_fastrtps_c.cpython-310-aarch64-linux-gnu.so" to ""
[15.793s] -- Installing: /home/yamashita/car_ws/install/coordinate_msg/local/lib/python3.10/dist-packages/coordinate_msg/coordinate_msg_s__rosidl_typesupport_introspection_c.cpython-310-aarch64-linux-gnu.so
[15.796s] -- Set runtime path of "/home/yamashita/car_ws/install/coordinate_msg/local/lib/python3.10/dist-packages/coordinate_msg/coordinate_msg_s__rosidl_typesupport_introspection_c.cpython-310-aarch64-linux-gnu.so" to ""
[15.797s] -- Installing: /home/yamashita/car_ws/install/coordinate_msg/local/lib/python3.10/dist-packages/coordinate_msg/coordinate_msg_s__rosidl_typesupport_c.cpython-310-aarch64-linux-gnu.so
[15.800s] -- Set runtime path of "/home/yamashita/car_ws/install/coordinate_msg/local/lib/python3.10/dist-packages/coordinate_msg/coordinate_msg_s__rosidl_typesupport_c.cpython-310-aarch64-linux-gnu.so" to ""
[15.801s] -- Installing: /home/yamashita/car_ws/install/coordinate_msg/lib/libcoordinate_msg__rosidl_generator_py.so
[15.804s] -- Set runtime path of "/home/yamashita/car_ws/install/coordinate_msg/lib/libcoordinate_msg__rosidl_generator_py.so" to ""
[15.804s] -- Up-to-date: /home/yamashita/car_ws/install/coordinate_msg/share/coordinate_msg/msg/Coordinate.idl
[15.805s] -- Up-to-date: /home/yamashita/car_ws/install/coordinate_msg/share/coordinate_msg/msg/Coordinate.msg
[15.805s] -- Up-to-date: /home/yamashita/car_ws/install/coordinate_msg/share/ament_index/resource_index/package_run_dependencies/coordinate_msg
[15.806s] -- Up-to-date: /home/yamashita/car_ws/install/coordinate_msg/share/ament_index/resource_index/parent_prefix_path/coordinate_msg
[15.806s] -- Installing: /home/yamashita/car_ws/install/coordinate_msg/share/coordinate_msg/environment/ament_prefix_path.sh
[15.807s] -- Installing: /home/yamashita/car_ws/install/coordinate_msg/share/coordinate_msg/environment/ament_prefix_path.dsv
[15.809s] -- Installing: /home/yamashita/car_ws/install/coordinate_msg/share/coordinate_msg/environment/path.sh
[15.810s] -- Installing: /home/yamashita/car_ws/install/coordinate_msg/share/coordinate_msg/environment/path.dsv
[15.811s] -- Up-to-date: /home/yamashita/car_ws/install/coordinate_msg/share/coordinate_msg/local_setup.bash
[15.812s] -- Up-to-date: /home/yamashita/car_ws/install/coordinate_msg/share/coordinate_msg/local_setup.sh
[15.812s] -- Up-to-date: /home/yamashita/car_ws/install/coordinate_msg/share/coordinate_msg/local_setup.zsh
[15.812s] -- Installing: /home/yamashita/car_ws/install/coordinate_msg/share/coordinate_msg/local_setup.dsv
[15.813s] -- Installing: /home/yamashita/car_ws/install/coordinate_msg/share/coordinate_msg/package.dsv
[15.815s] -- Up-to-date: /home/yamashita/car_ws/install/coordinate_msg/share/ament_index/resource_index/packages/coordinate_msg
[15.815s] -- Up-to-date: /home/yamashita/car_ws/install/coordinate_msg/share/coordinate_msg/cmake/export_coordinate_msg__rosidl_generator_cExport.cmake
[15.816s] -- Up-to-date: /home/yamashita/car_ws/install/coordinate_msg/share/coordinate_msg/cmake/export_coordinate_msg__rosidl_generator_cExport-noconfig.cmake
[15.817s] -- Up-to-date: /home/yamashita/car_ws/install/coordinate_msg/share/coordinate_msg/cmake/export_coordinate_msg__rosidl_typesupport_fastrtps_cExport.cmake
[15.817s] -- Up-to-date: /home/yamashita/car_ws/install/coordinate_msg/share/coordinate_msg/cmake/export_coordinate_msg__rosidl_typesupport_fastrtps_cExport-noconfig.cmake
[15.818s] -- Up-to-date: /home/yamashita/car_ws/install/coordinate_msg/share/coordinate_msg/cmake/coordinate_msg__rosidl_typesupport_introspection_cExport.cmake
[15.818s] -- Up-to-date: /home/yamashita/car_ws/install/coordinate_msg/share/coordinate_msg/cmake/coordinate_msg__rosidl_typesupport_introspection_cExport-noconfig.cmake
[15.819s] -- Up-to-date: /home/yamashita/car_ws/install/coordinate_msg/share/coordinate_msg/cmake/coordinate_msg__rosidl_typesupport_cExport.cmake
[15.819s] -- Up-to-date: /home/yamashita/car_ws/install/coordinate_msg/share/coordinate_msg/cmake/coordinate_msg__rosidl_typesupport_cExport-noconfig.cmake
[15.820s] -- Up-to-date: /home/yamashita/car_ws/install/coordinate_msg/share/coordinate_msg/cmake/export_coordinate_msg__rosidl_generator_cppExport.cmake
[15.821s] -- Up-to-date: /home/yamashita/car_ws/install/coordinate_msg/share/coordinate_msg/cmake/export_coordinate_msg__rosidl_typesupport_fastrtps_cppExport.cmake
[15.822s] -- Up-to-date: /home/yamashita/car_ws/install/coordinate_msg/share/coordinate_msg/cmake/export_coordinate_msg__rosidl_typesupport_fastrtps_cppExport-noconfig.cmake
[15.822s] -- Up-to-date: /home/yamashita/car_ws/install/coordinate_msg/share/coordinate_msg/cmake/coordinate_msg__rosidl_typesupport_introspection_cppExport.cmake
[15.823s] -- Up-to-date: /home/yamashita/car_ws/install/coordinate_msg/share/coordinate_msg/cmake/coordinate_msg__rosidl_typesupport_introspection_cppExport-noconfig.cmake
[15.824s] -- Up-to-date: /home/yamashita/car_ws/install/coordinate_msg/share/coordinate_msg/cmake/coordinate_msg__rosidl_typesupport_cppExport.cmake
[15.824s] -- Up-to-date: /home/yamashita/car_ws/install/coordinate_msg/share/coordinate_msg/cmake/coordinate_msg__rosidl_typesupport_cppExport-noconfig.cmake
[15.825s] -- Up-to-date: /home/yamashita/car_ws/install/coordinate_msg/share/coordinate_msg/cmake/export_coordinate_msg__rosidl_generator_pyExport.cmake
[15.825s] -- Up-to-date: /home/yamashita/car_ws/install/coordinate_msg/share/coordinate_msg/cmake/export_coordinate_msg__rosidl_generator_pyExport-noconfig.cmake
[15.826s] -- Up-to-date: /home/yamashita/car_ws/install/coordinate_msg/share/coordinate_msg/cmake/rosidl_cmake-extras.cmake
[15.826s] -- Up-to-date: /home/yamashita/car_ws/install/coordinate_msg/share/coordinate_msg/cmake/ament_cmake_export_include_directories-extras.cmake
[15.827s] -- Up-to-date: /home/yamashita/car_ws/install/coordinate_msg/share/coordinate_msg/cmake/ament_cmake_export_libraries-extras.cmake
[15.827s] -- Up-to-date: /home/yamashita/car_ws/install/coordinate_msg/share/coordinate_msg/cmake/ament_cmake_export_targets-extras.cmake
[15.827s] -- Up-to-date: /home/yamashita/car_ws/install/coordinate_msg/share/coordinate_msg/cmake/rosidl_cmake_export_typesupport_targets-extras.cmake
[15.828s] -- Up-to-date: /home/yamashita/car_ws/install/coordinate_msg/share/coordinate_msg/cmake/ament_cmake_export_dependencies-extras.cmake
[15.828s] -- Up-to-date: /home/yamashita/car_ws/install/coordinate_msg/share/coordinate_msg/cmake/rosidl_cmake_export_typesupport_libraries-extras.cmake
[15.829s] -- Up-to-date: /home/yamashita/car_ws/install/coordinate_msg/share/coordinate_msg/cmake/coordinate_msgConfig.cmake
[15.829s] -- Up-to-date: /home/yamashita/car_ws/install/coordinate_msg/share/coordinate_msg/cmake/coordinate_msgConfig-version.cmake
[15.829s] -- Up-to-date: /home/yamashita/car_ws/install/coordinate_msg/share/coordinate_msg/package.xml
[15.836s] Invoked command in '/home/yamashita/car_ws/build/coordinate_msg' returned '0': CMAKE_PREFIX_PATH=${CMAKE_PREFIX_PATH}:/home/yamashita/car_ws/install/mypkg:/opt/ros/humble /usr/bin/cmake --install /home/yamashita/car_ws/build/coordinate_msg
