[4.702s] Invoking command in '/home/yamashita/car_ws/src/mypkg': PYTHONPATH=/home/yamashita/car_ws/build/mypkg/prefix_override:/home/yamashita/car_ws/install/mypkg/lib/python3.10/site-packages:${PYTHONPATH} /usr/bin/python3 setup.py egg_info --egg-base ../../build/mypkg build --build-base /home/yamashita/car_ws/build/mypkg/build install --record /home/yamashita/car_ws/build/mypkg/install.log --single-version-externally-managed
[5.914s] running egg_info
[5.916s] writing ../../build/mypkg/mypkg.egg-info/PKG-INFO
[5.917s] writing dependency_links to ../../build/mypkg/mypkg.egg-info/dependency_links.txt
[5.918s] writing entry points to ../../build/mypkg/mypkg.egg-info/entry_points.txt
[5.919s] writing requirements to ../../build/mypkg/mypkg.egg-info/requires.txt
[5.920s] writing top-level names to ../../build/mypkg/mypkg.egg-info/top_level.txt
[5.929s] reading manifest file '../../build/mypkg/mypkg.egg-info/SOURCES.txt'
[5.933s] writing manifest file '../../build/mypkg/mypkg.egg-info/SOURCES.txt'
[5.933s] running build
[5.934s] running build_py
[5.935s] copying mypkg/CircleImgPub.py -> /home/yamashita/car_ws/build/mypkg/build/lib/mypkg
[5.936s] running install
[5.938s] running install_lib
[5.942s] copying /home/yamashita/car_ws/build/mypkg/build/lib/mypkg/CircleImgPub.py -> /home/yamashita/car_ws/install/mypkg/lib/python3.10/site-packages/mypkg
[5.945s] byte-compiling /home/yamashita/car_ws/install/mypkg/lib/python3.10/site-packages/mypkg/CircleImgPub.py to CircleImgPub.cpython-310.pyc
[5.948s] running install_data
[5.950s] running install_egg_info
[5.957s] removing '/home/yamashita/car_ws/install/mypkg/lib/python3.10/site-packages/mypkg-0.0.0-py3.10.egg-info' (and everything under it)
[5.959s] Copying ../../build/mypkg/mypkg.egg-info to /home/yamashita/car_ws/install/mypkg/lib/python3.10/site-packages/mypkg-0.0.0-py3.10.egg-info
[5.964s] running install_scripts
[6.043s] Installing CircleImgPub script to /home/yamashita/car_ws/install/mypkg/lib/mypkg
[6.044s] Installing camera0 script to /home/yamashita/car_ws/install/mypkg/lib/mypkg
[6.045s] Installing serial script to /home/yamashita/car_ws/install/mypkg/lib/mypkg
[6.047s] writing list of installed files to '/home/yamashita/car_ws/build/mypkg/install.log'
[6.183s] Invoked command in '/home/yamashita/car_ws/src/mypkg' returned '0': PYTHONPATH=/home/yamashita/car_ws/build/mypkg/prefix_override:/home/yamashita/car_ws/install/mypkg/lib/python3.10/site-packages:${PYTHONPATH} /usr/bin/python3 setup.py egg_info --egg-base ../../build/mypkg build --build-base /home/yamashita/car_ws/build/mypkg/build install --record /home/yamashita/car_ws/build/mypkg/install.log --single-version-externally-managed
