[5.212s] DEBUG:colcon:Command line arguments: ['/usr/bin/colcon', 'build']
[5.213s] DEBUG:colcon:Parsed command line arguments: Namespace(log_base=None, log_level=None, verb_name='build', build_base='build', install_base='install', merge_install=False, symlink_install=False, test_result_base=None, continue_on_error=False, executor='parallel', parallel_workers=4, event_handlers=None, ignore_user_meta=False, metas=['./colcon.meta'], base_paths=['.'], packages_ignore=None, packages_ignore_regex=None, paths=None, packages_up_to=None, packages_up_to_regex=None, packages_above=None, packages_above_and_dependencies=None, packages_above_depth=None, packages_select_by_dep=None, packages_skip_by_dep=None, packages_skip_up_to=None, packages_select_build_failed=False, packages_skip_build_finished=False, packages_select_test_failures=False, packages_skip_test_passed=False, packages_select=None, packages_skip=None, packages_select_regex=None, packages_skip_regex=None, packages_start=None, packages_end=None, allow_overriding=[], cmake_args=None, cmake_target=None, cmake_target_skip_unavailable=False, cmake_clean_cache=False, cmake_clean_first=False, cmake_force_configure=False, ament_cmake_args=None, catkin_cmake_args=None, catkin_skip_building_tests=False, verb_parser=<colcon_defaults.argument_parser.defaults.DefaultArgumentsDecorator object at 0xffffa2ee0d30>, verb_extension=<colcon_core.verb.build.BuildVerb object at 0xffffa320aa40>, main=<bound method BuildVerb.main of <colcon_core.verb.build.BuildVerb object at 0xffffa320aa40>>)
[5.499s] Level 1:colcon.colcon_core.package_discovery:discover_packages(colcon_meta) check parameters
[5.499s] Level 1:colcon.colcon_core.package_discovery:discover_packages(recursive) check parameters
[5.499s] Level 1:colcon.colcon_core.package_discovery:discover_packages(ignore) check parameters
[5.499s] Level 1:colcon.colcon_core.package_discovery:discover_packages(path) check parameters
[5.500s] Level 1:colcon.colcon_core.package_discovery:discover_packages(colcon_meta) discover
[5.500s] Level 1:colcon.colcon_core.package_discovery:discover_packages(recursive) discover
[5.500s] INFO:colcon.colcon_core.package_discovery:Crawling recursively for packages in '/home/yamashita/car_ws'
[5.500s] Level 1:colcon.colcon_core.package_identification:_identify(.) by extensions ['ignore', 'ignore_ament_install']
[5.501s] Level 1:colcon.colcon_core.package_identification:_identify(.) by extension 'ignore'
[5.501s] Level 1:colcon.colcon_core.package_identification:_identify(.) by extension 'ignore_ament_install'
[5.501s] Level 1:colcon.colcon_core.package_identification:_identify(.) by extensions ['colcon_pkg']
[5.501s] Level 1:colcon.colcon_core.package_identification:_identify(.) by extension 'colcon_pkg'
[5.502s] Level 1:colcon.colcon_core.package_identification:_identify(.) by extensions ['colcon_meta']
[5.502s] Level 1:colcon.colcon_core.package_identification:_identify(.) by extension 'colcon_meta'
[5.502s] Level 1:colcon.colcon_core.package_identification:_identify(.) by extensions ['ros']
[5.502s] Level 1:colcon.colcon_core.package_identification:_identify(.) by extension 'ros'
[5.576s] Level 1:colcon.colcon_core.package_identification:_identify(.) by extensions ['cmake', 'python']
[5.577s] Level 1:colcon.colcon_core.package_identification:_identify(.) by extension 'cmake'
[5.577s] Level 1:colcon.colcon_core.package_identification:_identify(.) by extension 'python'
[5.577s] Level 1:colcon.colcon_core.package_identification:_identify(.) by extensions ['python_setup_py']
[5.577s] Level 1:colcon.colcon_core.package_identification:_identify(.) by extension 'python_setup_py'
[5.578s] Level 1:colcon.colcon_core.package_identification:_identify(build) by extensions ['ignore', 'ignore_ament_install']
[5.578s] Level 1:colcon.colcon_core.package_identification:_identify(build) by extension 'ignore'
[5.578s] Level 1:colcon.colcon_core.package_identification:_identify(build) ignored
[5.579s] Level 1:colcon.colcon_core.package_identification:_identify(install) by extensions ['ignore', 'ignore_ament_install']
[5.579s] Level 1:colcon.colcon_core.package_identification:_identify(install) by extension 'ignore'
[5.579s] Level 1:colcon.colcon_core.package_identification:_identify(install) ignored
[5.581s] Level 1:colcon.colcon_core.package_identification:_identify(log) by extensions ['ignore', 'ignore_ament_install']
[5.582s] Level 1:colcon.colcon_core.package_identification:_identify(log) by extension 'ignore'
[5.582s] Level 1:colcon.colcon_core.package_identification:_identify(log) ignored
[5.582s] Level 1:colcon.colcon_core.package_identification:_identify(src) by extensions ['ignore', 'ignore_ament_install']
[5.582s] Level 1:colcon.colcon_core.package_identification:_identify(src) by extension 'ignore'
[5.583s] Level 1:colcon.colcon_core.package_identification:_identify(src) by extension 'ignore_ament_install'
[5.583s] Level 1:colcon.colcon_core.package_identification:_identify(src) by extensions ['colcon_pkg']
[5.583s] Level 1:colcon.colcon_core.package_identification:_identify(src) by extension 'colcon_pkg'
[5.583s] Level 1:colcon.colcon_core.package_identification:_identify(src) by extensions ['colcon_meta']
[5.583s] Level 1:colcon.colcon_core.package_identification:_identify(src) by extension 'colcon_meta'
[5.583s] Level 1:colcon.colcon_core.package_identification:_identify(src) by extensions ['ros']
[5.584s] Level 1:colcon.colcon_core.package_identification:_identify(src) by extension 'ros'
[5.584s] Level 1:colcon.colcon_core.package_identification:_identify(src) by extensions ['cmake', 'python']
[5.584s] Level 1:colcon.colcon_core.package_identification:_identify(src) by extension 'cmake'
[5.584s] Level 1:colcon.colcon_core.package_identification:_identify(src) by extension 'python'
[5.584s] Level 1:colcon.colcon_core.package_identification:_identify(src) by extensions ['python_setup_py']
[5.584s] Level 1:colcon.colcon_core.package_identification:_identify(src) by extension 'python_setup_py'
[5.586s] Level 1:colcon.colcon_core.package_identification:_identify(src/coordinate_msg) by extensions ['ignore', 'ignore_ament_install']
[5.586s] Level 1:colcon.colcon_core.package_identification:_identify(src/coordinate_msg) by extension 'ignore'
[5.586s] Level 1:colcon.colcon_core.package_identification:_identify(src/coordinate_msg) by extension 'ignore_ament_install'
[5.587s] Level 1:colcon.colcon_core.package_identification:_identify(src/coordinate_msg) by extensions ['colcon_pkg']
[5.587s] Level 1:colcon.colcon_core.package_identification:_identify(src/coordinate_msg) by extension 'colcon_pkg'
[5.587s] Level 1:colcon.colcon_core.package_identification:_identify(src/coordinate_msg) by extensions ['colcon_meta']
[5.587s] Level 1:colcon.colcon_core.package_identification:_identify(src/coordinate_msg) by extension 'colcon_meta'
[5.587s] Level 1:colcon.colcon_core.package_identification:_identify(src/coordinate_msg) by extensions ['ros']
[5.587s] Level 1:colcon.colcon_core.package_identification:_identify(src/coordinate_msg) by extension 'ros'
[5.600s] DEBUG:colcon.colcon_core.package_identification:Package 'src/coordinate_msg' with type 'ros.ament_cmake' and name 'coordinate_msg'
[5.600s] Level 1:colcon.colcon_core.package_identification:_identify(src/mypkg) by extensions ['ignore', 'ignore_ament_install']
[5.601s] Level 1:colcon.colcon_core.package_identification:_identify(src/mypkg) by extension 'ignore'
[5.601s] Level 1:colcon.colcon_core.package_identification:_identify(src/mypkg) by extension 'ignore_ament_install'
[5.601s] Level 1:colcon.colcon_core.package_identification:_identify(src/mypkg) by extensions ['colcon_pkg']
[5.601s] Level 1:colcon.colcon_core.package_identification:_identify(src/mypkg) by extension 'colcon_pkg'
[5.602s] Level 1:colcon.colcon_core.package_identification:_identify(src/mypkg) by extensions ['colcon_meta']
[5.602s] Level 1:colcon.colcon_core.package_identification:_identify(src/mypkg) by extension 'colcon_meta'
[5.602s] Level 1:colcon.colcon_core.package_identification:_identify(src/mypkg) by extensions ['ros']
[5.602s] Level 1:colcon.colcon_core.package_identification:_identify(src/mypkg) by extension 'ros'
[5.605s] DEBUG:colcon.colcon_core.package_identification:Package 'src/mypkg' with type 'ros.ament_python' and name 'mypkg'
[5.605s] Level 1:colcon.colcon_core.package_discovery:discover_packages(recursive) using defaults
[5.606s] Level 1:colcon.colcon_core.package_discovery:discover_packages(ignore) discover
[5.606s] Level 1:colcon.colcon_core.package_discovery:discover_packages(ignore) using defaults
[5.606s] Level 1:colcon.colcon_core.package_discovery:discover_packages(path) discover
[5.606s] Level 1:colcon.colcon_core.package_discovery:discover_packages(path) using defaults
[6.026s] Level 1:colcon.colcon_core.package_discovery:discover_packages(prefix_path) check parameters
[6.026s] Level 1:colcon.colcon_core.package_discovery:discover_packages(prefix_path) discover
[6.162s] DEBUG:colcon.colcon_installed_package_information.package_discovery:Found 2 installed packages in /home/yamashita/car_ws/install
[6.231s] DEBUG:colcon.colcon_installed_package_information.package_discovery:Found 299 installed packages in /opt/ros/humble
[6.237s] Level 1:colcon.colcon_core.package_discovery:discover_packages(prefix_path) using defaults
[6.657s] Level 5:colcon.colcon_core.verb:set package 'coordinate_msg' build argument 'cmake_args' from command line to 'None'
[6.657s] Level 5:colcon.colcon_core.verb:set package 'coordinate_msg' build argument 'cmake_target' from command line to 'None'
[6.657s] Level 5:colcon.colcon_core.verb:set package 'coordinate_msg' build argument 'cmake_target_skip_unavailable' from command line to 'False'
[6.657s] Level 5:colcon.colcon_core.verb:set package 'coordinate_msg' build argument 'cmake_clean_cache' from command line to 'False'
[6.657s] Level 5:colcon.colcon_core.verb:set package 'coordinate_msg' build argument 'cmake_clean_first' from command line to 'False'
[6.658s] Level 5:colcon.colcon_core.verb:set package 'coordinate_msg' build argument 'cmake_force_configure' from command line to 'False'
[6.658s] Level 5:colcon.colcon_core.verb:set package 'coordinate_msg' build argument 'ament_cmake_args' from command line to 'None'
[6.658s] Level 5:colcon.colcon_core.verb:set package 'coordinate_msg' build argument 'catkin_cmake_args' from command line to 'None'
[6.658s] Level 5:colcon.colcon_core.verb:set package 'coordinate_msg' build argument 'catkin_skip_building_tests' from command line to 'False'
[6.658s] DEBUG:colcon.colcon_core.verb:Building package 'coordinate_msg' with the following arguments: {'ament_cmake_args': None, 'build_base': '/home/yamashita/car_ws/build/coordinate_msg', 'catkin_cmake_args': None, 'catkin_skip_building_tests': False, 'cmake_args': None, 'cmake_clean_cache': False, 'cmake_clean_first': False, 'cmake_force_configure': False, 'cmake_target': None, 'cmake_target_skip_unavailable': False, 'install_base': '/home/yamashita/car_ws/install/coordinate_msg', 'merge_install': False, 'path': '/home/yamashita/car_ws/src/coordinate_msg', 'symlink_install': False, 'test_result_base': None}
[6.718s] Level 5:colcon.colcon_core.verb:set package 'mypkg' build argument 'cmake_args' from command line to 'None'
[6.719s] Level 5:colcon.colcon_core.verb:set package 'mypkg' build argument 'cmake_target' from command line to 'None'
[6.719s] Level 5:colcon.colcon_core.verb:set package 'mypkg' build argument 'cmake_target_skip_unavailable' from command line to 'False'
[6.719s] Level 5:colcon.colcon_core.verb:set package 'mypkg' build argument 'cmake_clean_cache' from command line to 'False'
[6.719s] Level 5:colcon.colcon_core.verb:set package 'mypkg' build argument 'cmake_clean_first' from command line to 'False'
[6.719s] Level 5:colcon.colcon_core.verb:set package 'mypkg' build argument 'cmake_force_configure' from command line to 'False'
[6.719s] Level 5:colcon.colcon_core.verb:set package 'mypkg' build argument 'ament_cmake_args' from command line to 'None'
[6.719s] Level 5:colcon.colcon_core.verb:set package 'mypkg' build argument 'catkin_cmake_args' from command line to 'None'
[6.719s] Level 5:colcon.colcon_core.verb:set package 'mypkg' build argument 'catkin_skip_building_tests' from command line to 'False'
[6.719s] DEBUG:colcon.colcon_core.verb:Building package 'mypkg' with the following arguments: {'ament_cmake_args': None, 'build_base': '/home/yamashita/car_ws/build/mypkg', 'catkin_cmake_args': None, 'catkin_skip_building_tests': False, 'cmake_args': None, 'cmake_clean_cache': False, 'cmake_clean_first': False, 'cmake_force_configure': False, 'cmake_target': None, 'cmake_target_skip_unavailable': False, 'install_base': '/home/yamashita/car_ws/install/mypkg', 'merge_install': False, 'path': '/home/yamashita/car_ws/src/mypkg', 'symlink_install': False, 'test_result_base': None}
[6.779s] INFO:colcon.colcon_core.executor:Executing jobs using 'parallel' executor
[6.841s] DEBUG:colcon.colcon_parallel_executor.executor.parallel:run_until_complete
[6.842s] INFO:colcon.colcon_ros.task.ament_cmake.build:Building ROS package in '/home/yamashita/car_ws/src/coordinate_msg' with build type 'ament_cmake'
[6.843s] INFO:colcon.colcon_cmake.task.cmake.build:Building CMake package in '/home/yamashita/car_ws/src/coordinate_msg'
[6.923s] INFO:colcon.colcon_core.plugin_system:Skipping extension 'colcon_core.shell.bat': Not used on non-Windows systems
[6.924s] INFO:colcon.colcon_core.shell:Skip shell extension 'powershell' for command environment: Not usable outside of PowerShell
[6.924s] DEBUG:colcon.colcon_core.shell:Skip shell extension 'dsv' for command environment
[7.127s] INFO:colcon.colcon_ros.task.ament_python.build:Building ROS package in '/home/yamashita/car_ws/src/mypkg' with build type 'ament_python'
[7.128s] Level 1:colcon.colcon_core.shell:create_environment_hook('mypkg', 'ament_prefix_path')
[7.192s] INFO:colcon.colcon_core.shell:Creating environment hook '/home/yamashita/car_ws/install/mypkg/share/mypkg/hook/ament_prefix_path.ps1'
[7.196s] INFO:colcon.colcon_core.shell:Creating environment descriptor '/home/yamashita/car_ws/install/mypkg/share/mypkg/hook/ament_prefix_path.dsv'
[7.198s] INFO:colcon.colcon_core.shell:Creating environment hook '/home/yamashita/car_ws/install/mypkg/share/mypkg/hook/ament_prefix_path.sh'
[7.263s] INFO:colcon.colcon_core.shell:Skip shell extension 'powershell' for command environment: Not usable outside of PowerShell
[7.264s] DEBUG:colcon.colcon_core.shell:Skip shell extension 'dsv' for command environment
[7.477s] DEBUG:colcon.colcon_core.event_handler.log_command:Invoking command in '/home/yamashita/car_ws/build/coordinate_msg': CMAKE_PREFIX_PATH=${CMAKE_PREFIX_PATH}:/home/yamashita/car_ws/install/mypkg:/opt/ros/humble /usr/bin/cmake --build /home/yamashita/car_ws/build/coordinate_msg -- -j4 -l4
[9.178s] INFO:colcon.colcon_core.task.python.build:Building Python package in '/home/yamashita/car_ws/src/mypkg'
[9.247s] INFO:colcon.colcon_core.shell:Skip shell extension 'powershell' for command environment: Not usable outside of PowerShell
[9.248s] DEBUG:colcon.colcon_core.shell:Skip shell extension 'dsv' for command environment
[9.914s] DEBUG:colcon.colcon_core.event_handler.log_command:Invoked command in '/home/yamashita/car_ws/build/coordinate_msg' returned '0': CMAKE_PREFIX_PATH=${CMAKE_PREFIX_PATH}:/home/yamashita/car_ws/install/mypkg:/opt/ros/humble /usr/bin/cmake --build /home/yamashita/car_ws/build/coordinate_msg -- -j4 -l4
[10.248s] DEBUG:colcon.colcon_core.event_handler.log_command:Invoking command in '/home/yamashita/car_ws/build/coordinate_msg': CMAKE_PREFIX_PATH=${CMAKE_PREFIX_PATH}:/home/yamashita/car_ws/install/mypkg:/opt/ros/humble /usr/bin/cmake --install /home/yamashita/car_ws/build/coordinate_msg
[10.573s] Level 1:colcon.colcon_core.environment:create_environment_scripts_only(coordinate_msg)
[10.575s] DEBUG:colcon.colcon_core.event_handler.log_command:Invoked command in '/home/yamashita/car_ws/build/coordinate_msg' returned '0': CMAKE_PREFIX_PATH=${CMAKE_PREFIX_PATH}:/home/yamashita/car_ws/install/mypkg:/opt/ros/humble /usr/bin/cmake --install /home/yamashita/car_ws/build/coordinate_msg
[10.674s] Level 1:colcon.colcon_core.environment:checking '/home/yamashita/car_ws/install/coordinate_msg' for CMake module files
[10.679s] Level 1:colcon.colcon_core.environment:checking '/home/yamashita/car_ws/install/coordinate_msg' for CMake config files
[10.683s] Level 1:colcon.colcon_core.shell:create_environment_hook('coordinate_msg', 'cmake_prefix_path')
[10.761s] INFO:colcon.colcon_core.shell:Creating environment hook '/home/yamashita/car_ws/install/coordinate_msg/share/coordinate_msg/hook/cmake_prefix_path.ps1'
[10.763s] INFO:colcon.colcon_core.shell:Creating environment descriptor '/home/yamashita/car_ws/install/coordinate_msg/share/coordinate_msg/hook/cmake_prefix_path.dsv'
[10.764s] INFO:colcon.colcon_core.shell:Creating environment hook '/home/yamashita/car_ws/install/coordinate_msg/share/coordinate_msg/hook/cmake_prefix_path.sh'
[10.767s] Level 1:colcon.colcon_core.environment:checking '/home/yamashita/car_ws/install/coordinate_msg/lib'
[10.768s] Level 1:colcon.colcon_core.shell:create_environment_hook('coordinate_msg', 'ld_library_path_lib')
[10.846s] INFO:colcon.colcon_core.shell:Creating environment hook '/home/yamashita/car_ws/install/coordinate_msg/share/coordinate_msg/hook/ld_library_path_lib.ps1'
[10.848s] INFO:colcon.colcon_core.shell:Creating environment descriptor '/home/yamashita/car_ws/install/coordinate_msg/share/coordinate_msg/hook/ld_library_path_lib.dsv'
[10.850s] INFO:colcon.colcon_core.shell:Creating environment hook '/home/yamashita/car_ws/install/coordinate_msg/share/coordinate_msg/hook/ld_library_path_lib.sh'
[10.853s] Level 1:colcon.colcon_core.environment:checking '/home/yamashita/car_ws/install/coordinate_msg/bin'
[10.853s] Level 1:colcon.colcon_core.environment:checking '/home/yamashita/car_ws/install/coordinate_msg/lib/pkgconfig/coordinate_msg.pc'
[10.854s] Level 1:colcon.colcon_core.environment:checking '/home/yamashita/car_ws/install/coordinate_msg/lib/python3.10/site-packages'
[10.855s] Level 1:colcon.colcon_core.environment:checking '/home/yamashita/car_ws/install/coordinate_msg/bin'
[10.934s] INFO:colcon.colcon_core.shell:Creating package script '/home/yamashita/car_ws/install/coordinate_msg/share/coordinate_msg/package.ps1'
[10.939s] INFO:colcon.colcon_core.shell:Creating package descriptor '/home/yamashita/car_ws/install/coordinate_msg/share/coordinate_msg/package.dsv'
[10.943s] INFO:colcon.colcon_core.shell:Creating package script '/home/yamashita/car_ws/install/coordinate_msg/share/coordinate_msg/package.sh'
[10.949s] INFO:colcon.colcon_core.shell:Creating package script '/home/yamashita/car_ws/install/coordinate_msg/share/coordinate_msg/package.bash'
[10.954s] INFO:colcon.colcon_core.shell:Creating package script '/home/yamashita/car_ws/install/coordinate_msg/share/coordinate_msg/package.zsh'
[10.959s] Level 1:colcon.colcon_core.environment:create_file_with_runtime_dependencies(/home/yamashita/car_ws/install/coordinate_msg/share/colcon-core/packages/coordinate_msg)
[11.368s] Level 1:colcon.colcon_core.environment:create_environment_scripts_only(coordinate_msg)
[11.440s] Level 1:colcon.colcon_core.environment:checking '/home/yamashita/car_ws/install/coordinate_msg' for CMake module files
[11.444s] Level 1:colcon.colcon_core.environment:checking '/home/yamashita/car_ws/install/coordinate_msg' for CMake config files
[11.448s] Level 1:colcon.colcon_core.shell:create_environment_hook('coordinate_msg', 'cmake_prefix_path')
[11.519s] INFO:colcon.colcon_core.shell:Creating environment hook '/home/yamashita/car_ws/install/coordinate_msg/share/coordinate_msg/hook/cmake_prefix_path.ps1'
[11.524s] INFO:colcon.colcon_core.shell:Creating environment descriptor '/home/yamashita/car_ws/install/coordinate_msg/share/coordinate_msg/hook/cmake_prefix_path.dsv'
[11.526s] INFO:colcon.colcon_core.shell:Creating environment hook '/home/yamashita/car_ws/install/coordinate_msg/share/coordinate_msg/hook/cmake_prefix_path.sh'
[11.529s] Level 1:colcon.colcon_core.environment:checking '/home/yamashita/car_ws/install/coordinate_msg/lib'
[11.529s] Level 1:colcon.colcon_core.shell:create_environment_hook('coordinate_msg', 'ld_library_path_lib')
[11.607s] INFO:colcon.colcon_core.shell:Creating environment hook '/home/yamashita/car_ws/install/coordinate_msg/share/coordinate_msg/hook/ld_library_path_lib.ps1'
[11.610s] INFO:colcon.colcon_core.shell:Creating environment descriptor '/home/yamashita/car_ws/install/coordinate_msg/share/coordinate_msg/hook/ld_library_path_lib.dsv'
[11.611s] INFO:colcon.colcon_core.shell:Creating environment hook '/home/yamashita/car_ws/install/coordinate_msg/share/coordinate_msg/hook/ld_library_path_lib.sh'
[11.613s] Level 1:colcon.colcon_core.environment:checking '/home/yamashita/car_ws/install/coordinate_msg/bin'
[11.614s] Level 1:colcon.colcon_core.environment:checking '/home/yamashita/car_ws/install/coordinate_msg/lib/pkgconfig/coordinate_msg.pc'
[11.616s] Level 1:colcon.colcon_core.environment:checking '/home/yamashita/car_ws/install/coordinate_msg/lib/python3.10/site-packages'
[11.617s] Level 1:colcon.colcon_core.environment:checking '/home/yamashita/car_ws/install/coordinate_msg/bin'
[11.699s] INFO:colcon.colcon_core.shell:Creating package script '/home/yamashita/car_ws/install/coordinate_msg/share/coordinate_msg/package.ps1'
[11.702s] INFO:colcon.colcon_core.shell:Creating package descriptor '/home/yamashita/car_ws/install/coordinate_msg/share/coordinate_msg/package.dsv'
[11.705s] INFO:colcon.colcon_core.shell:Creating package script '/home/yamashita/car_ws/install/coordinate_msg/share/coordinate_msg/package.sh'
[11.707s] INFO:colcon.colcon_core.shell:Creating package script '/home/yamashita/car_ws/install/coordinate_msg/share/coordinate_msg/package.bash'
[11.710s] INFO:colcon.colcon_core.shell:Creating package script '/home/yamashita/car_ws/install/coordinate_msg/share/coordinate_msg/package.zsh'
[11.712s] Level 1:colcon.colcon_core.environment:create_file_with_runtime_dependencies(/home/yamashita/car_ws/install/coordinate_msg/share/colcon-core/packages/coordinate_msg)
[11.962s] DEBUG:colcon.colcon_core.event_handler.log_command:Invoking command in '/home/yamashita/car_ws/src/mypkg': PYTHONPATH=/home/yamashita/car_ws/build/mypkg/prefix_override:/home/yamashita/car_ws/install/mypkg/lib/python3.10/site-packages:${PYTHONPATH} /usr/bin/python3 setup.py egg_info --egg-base ../../build/mypkg build --build-base /home/yamashita/car_ws/build/mypkg/build install --record /home/yamashita/car_ws/build/mypkg/install.log --single-version-externally-managed
[13.333s] DEBUG:colcon.colcon_core.event_handler.log_command:Invoked command in '/home/yamashita/car_ws/src/mypkg' returned '0': PYTHONPATH=/home/yamashita/car_ws/build/mypkg/prefix_override:/home/yamashita/car_ws/install/mypkg/lib/python3.10/site-packages:${PYTHONPATH} /usr/bin/python3 setup.py egg_info --egg-base ../../build/mypkg build --build-base /home/yamashita/car_ws/build/mypkg/build install --record /home/yamashita/car_ws/build/mypkg/install.log --single-version-externally-managed
[13.398s] Level 1:colcon.colcon_core.environment:checking '/home/yamashita/car_ws/install/mypkg' for CMake module files
[13.400s] Level 1:colcon.colcon_core.environment:checking '/home/yamashita/car_ws/install/mypkg' for CMake config files
[13.404s] Level 1:colcon.colcon_core.environment:checking '/home/yamashita/car_ws/install/mypkg/lib'
[13.404s] Level 1:colcon.colcon_core.environment:checking '/home/yamashita/car_ws/install/mypkg/bin'
[13.405s] Level 1:colcon.colcon_core.environment:checking '/home/yamashita/car_ws/install/mypkg/lib/pkgconfig/mypkg.pc'
[13.406s] Level 1:colcon.colcon_core.environment:checking '/home/yamashita/car_ws/install/mypkg/lib/python3.10/site-packages'
[13.406s] Level 1:colcon.colcon_core.shell:create_environment_hook('mypkg', 'pythonpath')
[13.471s] INFO:colcon.colcon_core.shell:Creating environment hook '/home/yamashita/car_ws/install/mypkg/share/mypkg/hook/pythonpath.ps1'
[13.473s] INFO:colcon.colcon_core.shell:Creating environment descriptor '/home/yamashita/car_ws/install/mypkg/share/mypkg/hook/pythonpath.dsv'
[13.474s] INFO:colcon.colcon_core.shell:Creating environment hook '/home/yamashita/car_ws/install/mypkg/share/mypkg/hook/pythonpath.sh'
[13.476s] Level 1:colcon.colcon_core.environment:checking '/home/yamashita/car_ws/install/mypkg/bin'
[13.477s] Level 1:colcon.colcon_core.environment:create_environment_scripts_only(mypkg)
[13.539s] INFO:colcon.colcon_core.shell:Creating package script '/home/yamashita/car_ws/install/mypkg/share/mypkg/package.ps1'
[13.541s] INFO:colcon.colcon_core.shell:Creating package descriptor '/home/yamashita/car_ws/install/mypkg/share/mypkg/package.dsv'
[13.543s] INFO:colcon.colcon_core.shell:Creating package script '/home/yamashita/car_ws/install/mypkg/share/mypkg/package.sh'
[13.545s] INFO:colcon.colcon_core.shell:Creating package script '/home/yamashita/car_ws/install/mypkg/share/mypkg/package.bash'
[13.546s] INFO:colcon.colcon_core.shell:Creating package script '/home/yamashita/car_ws/install/mypkg/share/mypkg/package.zsh'
[13.548s] Level 1:colcon.colcon_core.environment:create_file_with_runtime_dependencies(/home/yamashita/car_ws/install/mypkg/share/colcon-core/packages/mypkg)
[13.549s] DEBUG:colcon.colcon_parallel_executor.executor.parallel:closing loop
[13.550s] DEBUG:colcon.colcon_parallel_executor.executor.parallel:loop closed
[13.551s] DEBUG:colcon.colcon_parallel_executor.executor.parallel:run_until_complete finished with '0'
[13.551s] DEBUG:colcon.colcon_core.event_reactor:joining thread
[13.636s] INFO:colcon.colcon_core.plugin_system:Skipping extension 'colcon_notification.desktop_notification.notify_send': Could not find 'notify-send'
[13.637s] INFO:colcon.colcon_core.plugin_system:Skipping extension 'colcon_notification.desktop_notification.terminal_notifier': Not used on non-Darwin systems
[13.637s] INFO:colcon.colcon_core.plugin_system:Skipping extension 'colcon_notification.desktop_notification.win32': Not used on non-Windows systems
[13.637s] INFO:colcon.colcon_notification.desktop_notification:Sending desktop notification using 'notify2'
[13.687s] DEBUG:colcon.colcon_notification.desktop_notification.notify2:Failed to initialize notify2: org.freedesktop.DBus.Error.ServiceUnknown: The name org.freedesktop.Notifications was not provided by any .service files
[13.687s] DEBUG:colcon.colcon_core.event_reactor:joined thread
[13.753s] INFO:colcon.colcon_core.shell:Creating prefix script '/home/yamashita/car_ws/install/local_setup.ps1'
[13.758s] INFO:colcon.colcon_core.shell:Creating prefix util module '/home/yamashita/car_ws/install/_local_setup_util_ps1.py'
[13.765s] INFO:colcon.colcon_core.shell:Creating prefix chain script '/home/yamashita/car_ws/install/setup.ps1'
[13.832s] INFO:colcon.colcon_core.shell:Creating prefix script '/home/yamashita/car_ws/install/local_setup.sh'
[13.835s] INFO:colcon.colcon_core.shell:Creating prefix util module '/home/yamashita/car_ws/install/_local_setup_util_sh.py'
[13.837s] INFO:colcon.colcon_core.shell:Creating prefix chain script '/home/yamashita/car_ws/install/setup.sh'
[13.902s] INFO:colcon.colcon_core.shell:Creating prefix script '/home/yamashita/car_ws/install/local_setup.bash'
[13.905s] INFO:colcon.colcon_core.shell:Creating prefix chain script '/home/yamashita/car_ws/install/setup.bash'
[13.971s] INFO:colcon.colcon_core.shell:Creating prefix script '/home/yamashita/car_ws/install/local_setup.zsh'
[13.974s] INFO:colcon.colcon_core.shell:Creating prefix chain script '/home/yamashita/car_ws/install/setup.zsh'
