[3.702s] Invoking command in '/home/yamashita/car_ws/src/mypkg': PYTHONPATH=/home/yamashita/car_ws/build/mypkg/prefix_override:/home/yamashita/car_ws/install/mypkg/lib/python3.10/site-packages:${PYTHONPATH} /usr/bin/python3 -W ignore:setup.py install is deprecated setup.py egg_info --egg-base ../../build/mypkg build --build-base /home/yamashita/car_ws/build/mypkg/build install --record /home/yamashita/car_ws/build/mypkg/install.log --single-version-externally-managed install_data
[5.138s] running egg_info
[5.140s] writing ../../build/mypkg/mypkg.egg-info/PKG-INFO
[5.141s] writing dependency_links to ../../build/mypkg/mypkg.egg-info/dependency_links.txt
[5.142s] writing entry points to ../../build/mypkg/mypkg.egg-info/entry_points.txt
[5.143s] writing requirements to ../../build/mypkg/mypkg.egg-info/requires.txt
[5.144s] writing top-level names to ../../build/mypkg/mypkg.egg-info/top_level.txt
[5.153s] reading manifest file '../../build/mypkg/mypkg.egg-info/SOURCES.txt'
[5.157s] writing manifest file '../../build/mypkg/mypkg.egg-info/SOURCES.txt'
[5.157s] running build
[5.158s] running build_py
[5.160s] running install
[5.161s] running install_lib
[5.168s] running install_data
[5.168s] running install_egg_info
[5.176s] removing '/home/yamashita/car_ws/install/mypkg/lib/python3.10/site-packages/mypkg-0.0.0-py3.10.egg-info' (and everything under it)
[5.178s] Copying ../../build/mypkg/mypkg.egg-info to /home/yamashita/car_ws/install/mypkg/lib/python3.10/site-packages/mypkg-0.0.0-py3.10.egg-info
[5.186s] running install_scripts
[5.283s] Installing CircleImgPub script to /home/yamashita/car_ws/install/mypkg/lib/mypkg
[5.284s] Installing camera script to /home/yamashita/car_ws/install/mypkg/lib/mypkg
[5.286s] Installing serial script to /home/yamashita/car_ws/install/mypkg/lib/mypkg
[5.289s] writing list of installed files to '/home/yamashita/car_ws/build/mypkg/install.log'
[5.476s] Invoked command in '/home/yamashita/car_ws/src/mypkg' returned '0': PYTHONPATH=/home/yamashita/car_ws/build/mypkg/prefix_override:/home/yamashita/car_ws/install/mypkg/lib/python3.10/site-packages:${PYTHONPATH} /usr/bin/python3 -W ignore:setup.py install is deprecated setup.py egg_info --egg-base ../../build/mypkg build --build-base /home/yamashita/car_ws/build/mypkg/build install --record /home/yamashita/car_ws/build/mypkg/install.log --single-version-externally-managed install_data
