[11.569s] DEBUG:colcon:Command line arguments: ['/usr/bin/colcon', 'build']
[11.570s] DEBUG:colcon:Parsed command line arguments: Namespace(log_base=None, log_level=None, verb_name='build', build_base='build', install_base='install', merge_install=False, symlink_install=False, test_result_base=None, continue_on_error=False, executor='parallel', parallel_workers=4, event_handlers=None, ignore_user_meta=False, metas=['./colcon.meta'], base_paths=['.'], packages_ignore=None, packages_ignore_regex=None, paths=None, packages_up_to=None, packages_up_to_regex=None, packages_above=None, packages_above_and_dependencies=None, packages_above_depth=None, packages_select_by_dep=None, packages_skip_by_dep=None, packages_skip_up_to=None, packages_select_build_failed=False, packages_skip_build_finished=False, packages_select_test_failures=False, packages_skip_test_passed=False, packages_select=None, packages_skip=None, packages_select_regex=None, packages_skip_regex=None, packages_start=None, packages_end=None, allow_overriding=[], cmake_args=None, cmake_target=None, cmake_target_skip_unavailable=False, cmake_clean_cache=False, cmake_clean_first=False, cmake_force_configure=False, ament_cmake_args=None, catkin_cmake_args=None, catkin_skip_building_tests=False, verb_parser=<colcon_defaults.argument_parser.defaults.DefaultArgumentsDecorator object at 0xffffaaabcfd0>, verb_extension=<colcon_core.verb.build.BuildVerb object at 0xffffab038eb0>, main=<bound method BuildVerb.main of <colcon_core.verb.build.BuildVerb object at 0xffffab038eb0>>)
[12.186s] Level 1:colcon.colcon_core.package_discovery:discover_packages(colcon_meta) check parameters
[12.187s] Level 1:colcon.colcon_core.package_discovery:discover_packages(recursive) check parameters
[12.187s] Level 1:colcon.colcon_core.package_discovery:discover_packages(ignore) check parameters
[12.187s] Level 1:colcon.colcon_core.package_discovery:discover_packages(path) check parameters
[12.187s] Level 1:colcon.colcon_core.package_discovery:discover_packages(colcon_meta) discover
[12.188s] Level 1:colcon.colcon_core.package_discovery:discover_packages(recursive) discover
[12.188s] INFO:colcon.colcon_core.package_discovery:Crawling recursively for packages in '/home/yamashita/car_ws'
[12.189s] Level 1:colcon.colcon_core.package_identification:_identify(.) by extensions ['ignore', 'ignore_ament_install']
[12.190s] Level 1:colcon.colcon_core.package_identification:_identify(.) by extension 'ignore'
[12.191s] Level 1:colcon.colcon_core.package_identification:_identify(.) by extension 'ignore_ament_install'
[12.191s] Level 1:colcon.colcon_core.package_identification:_identify(.) by extensions ['colcon_pkg']
[12.192s] Level 1:colcon.colcon_core.package_identification:_identify(.) by extension 'colcon_pkg'
[12.192s] Level 1:colcon.colcon_core.package_identification:_identify(.) by extensions ['colcon_meta']
[12.192s] Level 1:colcon.colcon_core.package_identification:_identify(.) by extension 'colcon_meta'
[12.193s] Level 1:colcon.colcon_core.package_identification:_identify(.) by extensions ['ros']
[12.193s] Level 1:colcon.colcon_core.package_identification:_identify(.) by extension 'ros'
[12.327s] Level 1:colcon.colcon_core.package_identification:_identify(.) by extensions ['cmake', 'python']
[12.327s] Level 1:colcon.colcon_core.package_identification:_identify(.) by extension 'cmake'
[12.328s] Level 1:colcon.colcon_core.package_identification:_identify(.) by extension 'python'
[12.328s] Level 1:colcon.colcon_core.package_identification:_identify(.) by extensions ['python_setup_py']
[12.329s] Level 1:colcon.colcon_core.package_identification:_identify(.) by extension 'python_setup_py'
[12.330s] Level 1:colcon.colcon_core.package_identification:_identify(build) by extensions ['ignore', 'ignore_ament_install']
[12.331s] Level 1:colcon.colcon_core.package_identification:_identify(build) by extension 'ignore'
[12.331s] Level 1:colcon.colcon_core.package_identification:_identify(build) ignored
[12.332s] Level 1:colcon.colcon_core.package_identification:_identify(install) by extensions ['ignore', 'ignore_ament_install']
[12.334s] Level 1:colcon.colcon_core.package_identification:_identify(install) by extension 'ignore'
[12.334s] Level 1:colcon.colcon_core.package_identification:_identify(install) ignored
[12.335s] Level 1:colcon.colcon_core.package_identification:_identify(log) by extensions ['ignore', 'ignore_ament_install']
[12.336s] Level 1:colcon.colcon_core.package_identification:_identify(log) by extension 'ignore'
[12.337s] Level 1:colcon.colcon_core.package_identification:_identify(log) ignored
[12.338s] Level 1:colcon.colcon_core.package_identification:_identify(src) by extensions ['ignore', 'ignore_ament_install']
[12.338s] Level 1:colcon.colcon_core.package_identification:_identify(src) by extension 'ignore'
[12.339s] Level 1:colcon.colcon_core.package_identification:_identify(src) by extension 'ignore_ament_install'
[12.339s] Level 1:colcon.colcon_core.package_identification:_identify(src) by extensions ['colcon_pkg']
[12.340s] Level 1:colcon.colcon_core.package_identification:_identify(src) by extension 'colcon_pkg'
[12.340s] Level 1:colcon.colcon_core.package_identification:_identify(src) by extensions ['colcon_meta']
[12.340s] Level 1:colcon.colcon_core.package_identification:_identify(src) by extension 'colcon_meta'
[12.341s] Level 1:colcon.colcon_core.package_identification:_identify(src) by extensions ['ros']
[12.341s] Level 1:colcon.colcon_core.package_identification:_identify(src) by extension 'ros'
[12.342s] Level 1:colcon.colcon_core.package_identification:_identify(src) by extensions ['cmake', 'python']
[12.342s] Level 1:colcon.colcon_core.package_identification:_identify(src) by extension 'cmake'
[12.343s] Level 1:colcon.colcon_core.package_identification:_identify(src) by extension 'python'
[12.343s] Level 1:colcon.colcon_core.package_identification:_identify(src) by extensions ['python_setup_py']
[12.343s] Level 1:colcon.colcon_core.package_identification:_identify(src) by extension 'python_setup_py'
[12.345s] Level 1:colcon.colcon_core.package_identification:_identify(src/coordinate_msg) by extensions ['ignore', 'ignore_ament_install']
[12.346s] Level 1:colcon.colcon_core.package_identification:_identify(src/coordinate_msg) by extension 'ignore'
[12.346s] Level 1:colcon.colcon_core.package_identification:_identify(src/coordinate_msg) by extension 'ignore_ament_install'
[12.347s] Level 1:colcon.colcon_core.package_identification:_identify(src/coordinate_msg) by extensions ['colcon_pkg']
[12.347s] Level 1:colcon.colcon_core.package_identification:_identify(src/coordinate_msg) by extension 'colcon_pkg'
[12.347s] Level 1:colcon.colcon_core.package_identification:_identify(src/coordinate_msg) by extensions ['colcon_meta']
[12.348s] Level 1:colcon.colcon_core.package_identification:_identify(src/coordinate_msg) by extension 'colcon_meta'
[12.348s] Level 1:colcon.colcon_core.package_identification:_identify(src/coordinate_msg) by extensions ['ros']
[12.348s] Level 1:colcon.colcon_core.package_identification:_identify(src/coordinate_msg) by extension 'ros'
[12.356s] DEBUG:colcon.colcon_core.package_identification:Failed to parse potential ROS package manifest in'src/coordinate_msg': Error(s) in package 'src/coordinate_msg/package.xml':
The manifest contains invalid XML:
mismatched tag: line 14, column 45
[12.357s] Level 1:colcon.colcon_core.package_identification:_identify(src/coordinate_msg) by extensions ['cmake', 'python']
[12.358s] Level 1:colcon.colcon_core.package_identification:_identify(src/coordinate_msg) by extension 'cmake'
[12.369s] Level 1:colcon.colcon_core.package_identification:_identify(src/coordinate_msg) by extension 'python'
[12.370s] DEBUG:colcon.colcon_core.package_identification:Package 'src/coordinate_msg' with type 'cmake' and name 'coordinate_msg'
[12.371s] Level 1:colcon.colcon_core.package_identification:_identify(src/mypkg) by extensions ['ignore', 'ignore_ament_install']
[12.372s] Level 1:colcon.colcon_core.package_identification:_identify(src/mypkg) by extension 'ignore'
[12.373s] Level 1:colcon.colcon_core.package_identification:_identify(src/mypkg) by extension 'ignore_ament_install'
[12.373s] Level 1:colcon.colcon_core.package_identification:_identify(src/mypkg) by extensions ['colcon_pkg']
[12.374s] Level 1:colcon.colcon_core.package_identification:_identify(src/mypkg) by extension 'colcon_pkg'
[12.374s] Level 1:colcon.colcon_core.package_identification:_identify(src/mypkg) by extensions ['colcon_meta']
[12.374s] Level 1:colcon.colcon_core.package_identification:_identify(src/mypkg) by extension 'colcon_meta'
[12.375s] Level 1:colcon.colcon_core.package_identification:_identify(src/mypkg) by extensions ['ros']
[12.375s] Level 1:colcon.colcon_core.package_identification:_identify(src/mypkg) by extension 'ros'
[12.391s] DEBUG:colcon.colcon_core.package_identification:Package 'src/mypkg' with type 'ros.ament_python' and name 'mypkg'
[12.391s] Level 1:colcon.colcon_core.package_discovery:discover_packages(recursive) using defaults
[12.392s] Level 1:colcon.colcon_core.package_discovery:discover_packages(ignore) discover
[12.392s] Level 1:colcon.colcon_core.package_discovery:discover_packages(ignore) using defaults
[12.392s] Level 1:colcon.colcon_core.package_discovery:discover_packages(path) discover
[12.393s] Level 1:colcon.colcon_core.package_discovery:discover_packages(path) using defaults
[13.426s] Level 1:colcon.colcon_core.package_discovery:discover_packages(prefix_path) check parameters
[13.427s] Level 1:colcon.colcon_core.package_discovery:discover_packages(prefix_path) discover
[13.787s] DEBUG:colcon.colcon_installed_package_information.package_discovery:Found 1 installed packages in /home/yamashita/car_ws/install
[13.962s] DEBUG:colcon.colcon_installed_package_information.package_discovery:Found 1 installed packages in /home/yamashita/serial_ws/install
[14.134s] DEBUG:colcon.colcon_installed_package_information.package_discovery:Found 2 installed packages in /home/yamashita/ros2_ws/install
[14.321s] DEBUG:colcon.colcon_installed_package_information.package_discovery:Found 296 installed packages in /opt/ros/humble
[14.336s] Level 1:colcon.colcon_core.package_discovery:discover_packages(prefix_path) using defaults
[15.233s] Level 5:colcon.colcon_core.verb:set package 'coordinate_msg' build argument 'cmake_args' from command line to 'None'
[15.234s] Level 5:colcon.colcon_core.verb:set package 'coordinate_msg' build argument 'cmake_target' from command line to 'None'
[15.234s] Level 5:colcon.colcon_core.verb:set package 'coordinate_msg' build argument 'cmake_target_skip_unavailable' from command line to 'False'
[15.234s] Level 5:colcon.colcon_core.verb:set package 'coordinate_msg' build argument 'cmake_clean_cache' from command line to 'False'
[15.235s] Level 5:colcon.colcon_core.verb:set package 'coordinate_msg' build argument 'cmake_clean_first' from command line to 'False'
[15.235s] Level 5:colcon.colcon_core.verb:set package 'coordinate_msg' build argument 'cmake_force_configure' from command line to 'False'
[15.235s] Level 5:colcon.colcon_core.verb:set package 'coordinate_msg' build argument 'ament_cmake_args' from command line to 'None'
[15.235s] Level 5:colcon.colcon_core.verb:set package 'coordinate_msg' build argument 'catkin_cmake_args' from command line to 'None'
[15.235s] Level 5:colcon.colcon_core.verb:set package 'coordinate_msg' build argument 'catkin_skip_building_tests' from command line to 'False'
[15.236s] DEBUG:colcon.colcon_core.verb:Building package 'coordinate_msg' with the following arguments: {'ament_cmake_args': None, 'build_base': '/home/yamashita/car_ws/build/coordinate_msg', 'catkin_cmake_args': None, 'catkin_skip_building_tests': False, 'cmake_args': None, 'cmake_clean_cache': False, 'cmake_clean_first': False, 'cmake_force_configure': False, 'cmake_target': None, 'cmake_target_skip_unavailable': False, 'install_base': '/home/yamashita/car_ws/install/coordinate_msg', 'merge_install': False, 'path': '/home/yamashita/car_ws/src/coordinate_msg', 'symlink_install': False, 'test_result_base': None}
[15.409s] Level 5:colcon.colcon_core.verb:set package 'mypkg' build argument 'cmake_args' from command line to 'None'
[15.410s] Level 5:colcon.colcon_core.verb:set package 'mypkg' build argument 'cmake_target' from command line to 'None'
[15.410s] Level 5:colcon.colcon_core.verb:set package 'mypkg' build argument 'cmake_target_skip_unavailable' from command line to 'False'
[15.410s] Level 5:colcon.colcon_core.verb:set package 'mypkg' build argument 'cmake_clean_cache' from command line to 'False'
[15.411s] Level 5:colcon.colcon_core.verb:set package 'mypkg' build argument 'cmake_clean_first' from command line to 'False'
[15.411s] Level 5:colcon.colcon_core.verb:set package 'mypkg' build argument 'cmake_force_configure' from command line to 'False'
[15.411s] Level 5:colcon.colcon_core.verb:set package 'mypkg' build argument 'ament_cmake_args' from command line to 'None'
[15.411s] Level 5:colcon.colcon_core.verb:set package 'mypkg' build argument 'catkin_cmake_args' from command line to 'None'
[15.411s] Level 5:colcon.colcon_core.verb:set package 'mypkg' build argument 'catkin_skip_building_tests' from command line to 'False'
[15.412s] DEBUG:colcon.colcon_core.verb:Building package 'mypkg' with the following arguments: {'ament_cmake_args': None, 'build_base': '/home/yamashita/car_ws/build/mypkg', 'catkin_cmake_args': None, 'catkin_skip_building_tests': False, 'cmake_args': None, 'cmake_clean_cache': False, 'cmake_clean_first': False, 'cmake_force_configure': False, 'cmake_target': None, 'cmake_target_skip_unavailable': False, 'install_base': '/home/yamashita/car_ws/install/mypkg', 'merge_install': False, 'path': '/home/yamashita/car_ws/src/mypkg', 'symlink_install': False, 'test_result_base': None}
[15.677s] INFO:colcon.colcon_core.executor:Executing jobs using 'parallel' executor
[15.856s] DEBUG:colcon.colcon_parallel_executor.executor.parallel:run_until_complete
[15.858s] INFO:colcon.colcon_cmake.task.cmake.build:Building CMake package in '/home/yamashita/car_ws/src/coordinate_msg'
[16.059s] INFO:colcon.colcon_core.plugin_system:Skipping extension 'colcon_core.shell.bat': Not used on non-Windows systems
[16.061s] INFO:colcon.colcon_core.shell:Skip shell extension 'powershell' for command environment: Not usable outside of PowerShell
[16.062s] DEBUG:colcon.colcon_core.shell:Skip shell extension 'dsv' for command environment
[16.994s] INFO:colcon.colcon_ros.task.ament_python.build:Building ROS package in '/home/yamashita/car_ws/src/mypkg' with build type 'ament_python'
[16.996s] Level 1:colcon.colcon_core.shell:create_environment_hook('mypkg', 'ament_prefix_path')
[17.178s] INFO:colcon.colcon_core.shell:Creating environment hook '/home/yamashita/car_ws/install/mypkg/share/mypkg/hook/ament_prefix_path.ps1'
[17.184s] INFO:colcon.colcon_core.shell:Creating environment descriptor '/home/yamashita/car_ws/install/mypkg/share/mypkg/hook/ament_prefix_path.dsv'
[17.189s] INFO:colcon.colcon_core.shell:Creating environment hook '/home/yamashita/car_ws/install/mypkg/share/mypkg/hook/ament_prefix_path.sh'
[17.372s] INFO:colcon.colcon_core.shell:Skip shell extension 'powershell' for command environment: Not usable outside of PowerShell
[17.372s] DEBUG:colcon.colcon_core.shell:Skip shell extension 'dsv' for command environment
[18.325s] DEBUG:colcon.colcon_core.event_handler.log_command:Invoking command in '/home/yamashita/car_ws/build/coordinate_msg': /usr/bin/cmake /home/yamashita/car_ws/src/coordinate_msg -DCMAKE_INSTALL_PREFIX=/home/yamashita/car_ws/install/coordinate_msg
[20.922s] INFO:colcon.colcon_core.task.python.build:Building Python package in '/home/yamashita/car_ws/src/mypkg'
[21.174s] INFO:colcon.colcon_core.shell:Skip shell extension 'powershell' for command environment: Not usable outside of PowerShell
[21.174s] DEBUG:colcon.colcon_core.shell:Skip shell extension 'dsv' for command environment
[23.858s] DEBUG:colcon.colcon_core.event_handler.log_command:Invoked command in '/home/yamashita/car_ws/build/coordinate_msg' returned '1': /usr/bin/cmake /home/yamashita/car_ws/src/coordinate_msg -DCMAKE_INSTALL_PREFIX=/home/yamashita/car_ws/install/coordinate_msg
[28.950s] DEBUG:colcon.colcon_parallel_executor.executor.parallel:closing loop
[28.952s] DEBUG:colcon.colcon_parallel_executor.executor.parallel:loop closed
[28.952s] DEBUG:colcon.colcon_parallel_executor.executor.parallel:run_until_complete finished with '1'
[28.953s] DEBUG:colcon.colcon_core.event_reactor:joining thread
[29.173s] INFO:colcon.colcon_core.plugin_system:Skipping extension 'colcon_notification.desktop_notification.terminal_notifier': Not used on non-Darwin systems
[29.174s] INFO:colcon.colcon_core.plugin_system:Skipping extension 'colcon_notification.desktop_notification.win32': Not used on non-Windows systems
[29.174s] INFO:colcon.colcon_notification.desktop_notification:Sending desktop notification using 'notify2'
[29.210s] DEBUG:colcon.colcon_core.event_reactor:joined thread
[29.412s] INFO:colcon.colcon_core.shell:Creating prefix script '/home/yamashita/car_ws/install/local_setup.ps1'
[29.420s] INFO:colcon.colcon_core.shell:Creating prefix util module '/home/yamashita/car_ws/install/_local_setup_util_ps1.py'
[29.432s] INFO:colcon.colcon_core.shell:Creating prefix chain script '/home/yamashita/car_ws/install/setup.ps1'
[29.615s] INFO:colcon.colcon_core.shell:Creating prefix script '/home/yamashita/car_ws/install/local_setup.sh'
[29.620s] INFO:colcon.colcon_core.shell:Creating prefix util module '/home/yamashita/car_ws/install/_local_setup_util_sh.py'
[29.625s] INFO:colcon.colcon_core.shell:Creating prefix chain script '/home/yamashita/car_ws/install/setup.sh'
[29.807s] INFO:colcon.colcon_core.shell:Creating prefix script '/home/yamashita/car_ws/install/local_setup.bash'
[29.812s] INFO:colcon.colcon_core.shell:Creating prefix chain script '/home/yamashita/car_ws/install/setup.bash'
[29.992s] INFO:colcon.colcon_core.shell:Creating prefix script '/home/yamashita/car_ws/install/local_setup.zsh'
[29.997s] INFO:colcon.colcon_core.shell:Creating prefix chain script '/home/yamashita/car_ws/install/setup.zsh'
