[2.450s] Invoking command in '/home/yamashita/car_ws/build/coordinate_msg': CMAKE_PREFIX_PATH=/home/yamashita/car_ws/install/mypkg:/home/yamashita/serial_ws/install/ros_serial:/home/yamashita/ros2_ws/install/robo231:/opt/ros/humble /usr/bin/cmake --build /home/yamashita/car_ws/build/coordinate_msg -- -j4 -l4
[2.671s] -- Found ament_cmake: 1.3.6 (/opt/ros/humble/share/ament_cmake/cmake)
[4.426s] -- Found rosidl_default_generators: 1.2.0 (/opt/ros/humble/share/rosidl_default_generators/cmake)
[4.446s] -- Using all available rosidl_typesupport_c: rosidl_typesupport_fastrtps_c;rosidl_typesupport_introspection_c
[4.475s] -- Found rosidl_adapter: 3.1.5 (/opt/ros/humble/share/rosidl_adapter/cmake)
[4.907s] -- Using all available rosidl_typesupport_cpp: rosidl_typesupport_fastrtps_cpp;rosidl_typesupport_introspection_cpp
[7.137s] [31mCMake Error at /opt/ros/humble/share/rosidl_adapter/cmake/rosidl_adapt_interfaces.cmake:59 (message):
[7.139s]   execute_process(/usr/bin/python3.10 -m rosidl_adapter --package-name
[7.140s]   coordinate_msg --arguments-file
[7.141s]   /home/yamashita/car_ws/build/coordinate_msg/rosidl_adapter__arguments__coordinate_msg.json
[7.142s]   --output-dir
[7.143s]   /home/yamashita/car_ws/build/coordinate_msg/rosidl_adapter/coordinate_msg
[7.144s]   --output-file
[7.146s]   /home/yamashita/car_ws/build/coordinate_msg/rosidl_adapter/coordinate_msg.idls)
[7.147s]   returned error code 1:
[7.148s] 
[7.149s]   Error processing 'float64 x[100]' of 'coordinate_msg/Coordinate': ''x[100]'
[7.150s]   is an invalid field name.  It should have the pattern
[7.151s]   '^(?!.*__)(?!.*_$)[a-z][a-z0-9_]*$''
[7.152s] 
[7.154s]   Traceback (most recent call last):
[7.155s] 
[7.156s]     File "/usr/lib/python3.10/runpy.py", line 196, in _run_module_as_main
[7.157s]       return _run_code(code, main_globals, None,
[7.158s]     File "/usr/lib/python3.10/runpy.py", line 86, in _run_code
[7.160s]       exec(code, run_globals)
[7.161s]     File "/opt/ros/humble/local/lib/python3.10/dist-packages/rosidl_adapter/__main__.py", line 19, in <module>
[7.162s]       sys.exit(main())
[7.163s]     File "/opt/ros/humble/local/lib/python3.10/dist-packages/rosidl_adapter/main.py", line 53, in main
[7.164s]       abs_idl_file = convert_to_idl(
[7.166s]     File "/opt/ros/humble/local/lib/python3.10/dist-packages/rosidl_adapter/__init__.py", line 19, in convert_to_idl
[7.167s]       return convert_msg_to_idl(
[7.168s]     File "/opt/ros/humble/local/lib/python3.10/dist-packages/rosidl_adapter/msg/__init__.py", line 28, in convert_msg_to_idl
[7.169s]       msg = parse_message_string(package_name, input_file.stem, content)
[7.170s]     File "/opt/ros/humble/local/lib/python3.10/dist-packages/rosidl_adapter/parser.py", line 519, in parse_message_string
[7.171s]       fields.append(Field(
[7.172s]     File "/opt/ros/humble/local/lib/python3.10/dist-packages/rosidl_adapter/parser.py", line 354, in __init__
[7.173s]       raise NameError(
[7.175s] 
[7.176s]   NameError: 'x[100]' is an invalid field name.  It should have the pattern
[7.177s]   '^(?!.*__)(?!.*_$)[a-z][a-z0-9_]*$'
[7.178s] 
[7.182s] Call Stack (most recent call first):
[7.183s]   /opt/ros/humble/share/rosidl_cmake/cmake/rosidl_generate_interfaces.cmake:130 (rosidl_adapt_interfaces)
[7.184s]   CMakeLists.txt:13 (rosidl_generate_interfaces)
[7.185s] 
[7.187s] [0m
[7.188s] -- Configuring incomplete, errors occurred!
[7.191s] See also "/home/yamashita/car_ws/build/coordinate_msg/CMakeFiles/CMakeOutput.log".
[7.195s] gmake: *** [Makefile:747: cmake_check_build_system] Error 1
[7.199s] Invoked command in '/home/yamashita/car_ws/build/coordinate_msg' returned '2': CMAKE_PREFIX_PATH=/home/yamashita/car_ws/install/mypkg:/home/yamashita/serial_ws/install/ros_serial:/home/yamashita/ros2_ws/install/robo231:/opt/ros/humble /usr/bin/cmake --build /home/yamashita/car_ws/build/coordinate_msg -- -j4 -l4
