[12.036s] Invoking command in '/home/yamashita/car_ws/src/mypkg': PYTHONPATH=/home/yamashita/car_ws/build/mypkg/prefix_override:/home/yamashita/car_ws/install/mypkg/lib/python3.10/site-packages:${PYTHONPATH} /usr/bin/python3 setup.py egg_info --egg-base ../../build/mypkg build --build-base /home/yamashita/car_ws/build/mypkg/build install --record /home/yamashita/car_ws/build/mypkg/install.log --single-version-externally-managed
[14.913s] running egg_info
[14.918s] writing ../../build/mypkg/mypkg.egg-info/PKG-INFO
[14.920s] writing dependency_links to ../../build/mypkg/mypkg.egg-info/dependency_links.txt
[14.922s] writing entry points to ../../build/mypkg/mypkg.egg-info/entry_points.txt
[14.924s] writing requirements to ../../build/mypkg/mypkg.egg-info/requires.txt
[14.925s] writing top-level names to ../../build/mypkg/mypkg.egg-info/top_level.txt
[14.944s] reading manifest file '../../build/mypkg/mypkg.egg-info/SOURCES.txt'
[14.954s] writing manifest file '../../build/mypkg/mypkg.egg-info/SOURCES.txt'
[14.955s] running build
[14.956s] running build_py
[14.958s] copying mypkg/receiver.py -> /home/yamashita/car_ws/build/mypkg/build/lib/mypkg
[14.960s] running install
[14.963s] running install_lib
[14.970s] copying /home/yamashita/car_ws/build/mypkg/build/lib/mypkg/receiver.py -> /home/yamashita/car_ws/install/mypkg/lib/python3.10/site-packages/mypkg
[14.977s] byte-compiling /home/yamashita/car_ws/install/mypkg/lib/python3.10/site-packages/mypkg/receiver.py to receiver.cpython-310.pyc
[14.988s] running install_data
[14.994s] running install_egg_info
[15.008s] removing '/home/yamashita/car_ws/install/mypkg/lib/python3.10/site-packages/mypkg-0.0.0-py3.10.egg-info' (and everything under it)
[15.011s] Copying ../../build/mypkg/mypkg.egg-info to /home/yamashita/car_ws/install/mypkg/lib/python3.10/site-packages/mypkg-0.0.0-py3.10.egg-info
[15.024s] running install_scripts
[15.195s] Installing camera script to /home/yamashita/car_ws/install/mypkg/lib/mypkg
[15.196s] Installing serial script to /home/yamashita/car_ws/install/mypkg/lib/mypkg
[15.200s] writing list of installed files to '/home/yamashita/car_ws/build/mypkg/install.log'
[15.490s] Invoked command in '/home/yamashita/car_ws/src/mypkg' returned '0': PYTHONPATH=/home/yamashita/car_ws/build/mypkg/prefix_override:/home/yamashita/car_ws/install/mypkg/lib/python3.10/site-packages:${PYTHONPATH} /usr/bin/python3 setup.py egg_info --egg-base ../../build/mypkg build --build-base /home/yamashita/car_ws/build/mypkg/build install --record /home/yamashita/car_ws/build/mypkg/install.log --single-version-externally-managed
