[0.000000] (-) TimerEvent: {}
[0.003669] (mypkg) JobQueued: {'identifier': 'mypkg', 'dependencies': OrderedDict()}
[0.005353] (mypkg) JobStarted: {'identifier': 'mypkg'}
[0.098062] (-) TimerEvent: {}
[0.199621] (-) TimerEvent: {}
[0.301999] (-) TimerEvent: {}
[0.403896] (-) TimerEvent: {}
[0.506406] (-) TimerEvent: {}
[0.609893] (-) TimerEvent: {}
[0.718175] (-) TimerEvent: {}
[0.824885] (-) TimerEvent: {}
[0.940469] (-) TimerEvent: {}
[1.045061] (-) TimerEvent: {}
[1.154285] (-) TimerEvent: {}
[1.257519] (-) TimerEvent: {}
[1.363790] (-) TimerEvent: {}
[1.465551] (-) TimerEvent: {}
[1.567348] (-) TimerEvent: {}
[1.668922] (-) TimerEvent: {}
[1.770878] (-) TimerEvent: {}
[1.872714] (-) TimerEvent: {}
[1.974475] (-) TimerEvent: {}
[2.075988] (-) TimerEvent: {}
[2.177442] (-) TimerEvent: {}
[2.279186] (-) TimerEvent: {}
[2.380449] (-) TimerEvent: {}
[2.482002] (-) TimerEvent: {}
[2.583573] (-) TimerEvent: {}
[2.685143] (-) TimerEvent: {}
[2.786793] (-) TimerEvent: {}
[2.888348] (-) TimerEvent: {}
[2.989784] (-) TimerEvent: {}
[3.091316] (-) TimerEvent: {}
[3.192885] (-) TimerEvent: {}
[3.294454] (-) TimerEvent: {}
[3.396042] (-) TimerEvent: {}
[3.497692] (-) TimerEvent: {}
[3.599243] (-) TimerEvent: {}
[3.700849] (-) TimerEvent: {}
[3.802413] (-) TimerEvent: {}
[3.904056] (-) TimerEvent: {}
[4.005670] (-) TimerEvent: {}
[4.107108] (-) TimerEvent: {}
[4.208736] (-) TimerEvent: {}
[4.310176] (-) TimerEvent: {}
[4.411558] (-) TimerEvent: {}
[4.512984] (-) TimerEvent: {}
[4.614503] (-) TimerEvent: {}
[4.716046] (-) TimerEvent: {}
[4.817609] (-) TimerEvent: {}
[4.919132] (-) TimerEvent: {}
[5.020672] (-) TimerEvent: {}
[5.122249] (-) TimerEvent: {}
[5.223769] (-) TimerEvent: {}
[5.325431] (-) TimerEvent: {}
[5.426956] (-) TimerEvent: {}
[5.528564] (-) TimerEvent: {}
[5.630151] (-) TimerEvent: {}
[5.731807] (-) TimerEvent: {}
[5.833598] (-) TimerEvent: {}
[5.945257] (-) TimerEvent: {}
[6.020794] (mypkg) StderrLine: {'line': b'Traceback (most recent call last):\n  File "/usr/lib/python3/dist-packages/colcon_core/executor/__init__.py", line 91, in __call__\n    rc = await self.task(*args, **kwargs)\n  File "/usr/lib/python3/dist-packages/colcon_core/task/__init__.py", line 93, in __call__\n    return await task_method(*args, **kwargs)\n  File "/usr/lib/python3/dist-packages/colcon_ros/task/ament_python/build.py", line 51, in build\n    setup_py_data = get_setup_data(self.context.pkg, env)\n  File "/usr/lib/python3/dist-packages/colcon_core/task/python/__init__.py", line 20, in get_setup_data\n    return dict(pkg.metadata[key](env))\n  File "/usr/lib/python3/dist-packages/colcon_ros/package_augmentation/ros_ament_python.py", line 57, in getter\n    return get_setup_information(\n  File "/usr/lib/python3/dist-packages/colcon_python_setup_py/package_identification/python_setup_py.py", line 241, in get_setup_information\n    _setup_information_cache[hashable_env] = _get_setup_information(\n  File "/usr/lib/python3/dist-packages/colcon_python_setup_py/package_identification/python_setup_py.py", line 288, in _get_setup_information\n    result = subprocess.run(\n  File "/usr/lib/python3.10/subprocess.py", line 526, in run\n    raise CalledProcessError(retcode, process.args,\nsubprocess.CalledProcessError: Command \'[\'/usr/bin/python3\', \'-c\', \'import sys;from contextlib import suppress;exec("with suppress(ImportError):    from setuptools.extern.packaging.specifiers    import SpecifierSet");exec("with suppress(ImportError):    from packaging.specifiers import SpecifierSet");from distutils.core import run_setup;dist = run_setup(    \\\'setup.py\\\', script_args=(\\\'--dry-run\\\',), stop_after=\\\'config\\\');skip_keys = (\\\'cmdclass\\\', \\\'distclass\\\', \\\'ext_modules\\\', \\\'metadata\\\');data = {    key: value for key, value in dist.__dict__.items()     if (        not key.startswith(\\\'_\\\') and         not callable(value) and         key not in skip_keys and         key not in dist.display_option_names    )};data[\\\'metadata\\\'] = {    k: v for k, v in dist.metadata.__dict__.items()     if k not in (\\\'license_files\\\', \\\'provides_extras\\\')};sys.stdout.buffer.write(repr(data).encode(\\\'utf-8\\\'))\']\' returned non-zero exit status 1.\n'}
[6.032046] (mypkg) JobEnded: {'identifier': 'mypkg', 'rc': 1}
[6.050773] (-) TimerEvent: {}
[6.054051] (-) EventReactorShutdown: {}
