[12.255s] Invoking command in '/home/yamashita/car_ws/src/mypkg': PYTHONPATH=/home/yamashita/car_ws/build/mypkg/prefix_override:/home/yamashita/car_ws/install/mypkg/lib/python3.10/site-packages:${PYTHONPATH} /usr/bin/python3 setup.py egg_info --egg-base ../../build/mypkg build --build-base /home/yamashita/car_ws/build/mypkg/build install --record /home/yamashita/car_ws/build/mypkg/install.log --single-version-externally-managed
[15.049s] running egg_info
[15.054s] writing ../../build/mypkg/mypkg.egg-info/PKG-INFO
[15.058s] writing dependency_links to ../../build/mypkg/mypkg.egg-info/dependency_links.txt
[15.060s] writing entry points to ../../build/mypkg/mypkg.egg-info/entry_points.txt
[15.062s] writing requirements to ../../build/mypkg/mypkg.egg-info/requires.txt
[15.064s] writing top-level names to ../../build/mypkg/mypkg.egg-info/top_level.txt
[15.083s] reading manifest file '../../build/mypkg/mypkg.egg-info/SOURCES.txt'
[15.093s] writing manifest file '../../build/mypkg/mypkg.egg-info/SOURCES.txt'
[15.094s] running build
[15.095s] running build_py
[15.110s] copying mypkg/receiver.py -> /home/yamashita/car_ws/build/mypkg/build/lib/mypkg
[15.114s] running install
[15.118s] running install_lib
[15.128s] copying /home/yamashita/car_ws/build/mypkg/build/lib/mypkg/receiver.py -> /home/yamashita/car_ws/install/mypkg/lib/python3.10/site-packages/mypkg
[15.133s] byte-compiling /home/yamashita/car_ws/install/mypkg/lib/python3.10/site-packages/mypkg/receiver.py to receiver.cpython-310.pyc
[15.145s] running install_data
[15.150s] running install_egg_info
[15.165s] removing '/home/yamashita/car_ws/install/mypkg/lib/python3.10/site-packages/mypkg-0.0.0-py3.10.egg-info' (and everything under it)
[15.169s] Copying ../../build/mypkg/mypkg.egg-info to /home/yamashita/car_ws/install/mypkg/lib/python3.10/site-packages/mypkg-0.0.0-py3.10.egg-info
[15.222s] running install_scripts
[15.393s] Installing camera script to /home/yamashita/car_ws/install/mypkg/lib/mypkg
[15.395s] Installing serial script to /home/yamashita/car_ws/install/mypkg/lib/mypkg
[15.399s] writing list of installed files to '/home/yamashita/car_ws/build/mypkg/install.log'
[15.689s] Invoked command in '/home/yamashita/car_ws/src/mypkg' returned '0': PYTHONPATH=/home/yamashita/car_ws/build/mypkg/prefix_override:/home/yamashita/car_ws/install/mypkg/lib/python3.10/site-packages:${PYTHONPATH} /usr/bin/python3 setup.py egg_info --egg-base ../../build/mypkg build --build-base /home/yamashita/car_ws/build/mypkg/build install --record /home/yamashita/car_ws/build/mypkg/install.log --single-version-externally-managed
