[10.295s] Invoking command in '/home/yamashita/car_ws/src/mypkg': PYTHONPATH=/home/yamashita/car_ws/build/mypkg/prefix_override:/home/yamashita/car_ws/install/mypkg/lib/python3.10/site-packages:${PYTHONPATH} /usr/bin/python3 setup.py egg_info --egg-base ../../build/mypkg build --build-base /home/yamashita/car_ws/build/mypkg/build install --record /home/yamashita/car_ws/build/mypkg/install.log --single-version-externally-managed
[12.949s] running egg_info
[12.953s] writing ../../build/mypkg/mypkg.egg-info/PKG-INFO
[12.955s] writing dependency_links to ../../build/mypkg/mypkg.egg-info/dependency_links.txt
[12.957s] writing entry points to ../../build/mypkg/mypkg.egg-info/entry_points.txt
[12.959s] writing requirements to ../../build/mypkg/mypkg.egg-info/requires.txt
[12.960s] writing top-level names to ../../build/mypkg/mypkg.egg-info/top_level.txt
[12.978s] reading manifest file '../../build/mypkg/mypkg.egg-info/SOURCES.txt'
[12.985s] writing manifest file '../../build/mypkg/mypkg.egg-info/SOURCES.txt'
[12.987s] running build
[12.988s] running build_py
[12.989s] copying mypkg/receiver.py -> /home/yamashita/car_ws/build/mypkg/build/lib/mypkg
[12.992s] running install
[12.995s] running install_lib
[13.002s] copying /home/yamashita/car_ws/build/mypkg/build/lib/mypkg/receiver.py -> /home/yamashita/car_ws/install/mypkg/lib/python3.10/site-packages/mypkg
[13.007s] byte-compiling /home/yamashita/car_ws/install/mypkg/lib/python3.10/site-packages/mypkg/receiver.py to receiver.cpython-310.pyc
[13.019s] running install_data
[13.025s] running install_egg_info
[13.039s] removing '/home/yamashita/car_ws/install/mypkg/lib/python3.10/site-packages/mypkg-0.0.0-py3.10.egg-info' (and everything under it)
[13.042s] Copying ../../build/mypkg/mypkg.egg-info to /home/yamashita/car_ws/install/mypkg/lib/python3.10/site-packages/mypkg-0.0.0-py3.10.egg-info
[13.053s] running install_scripts
[13.214s] Installing camera script to /home/yamashita/car_ws/install/mypkg/lib/mypkg
[13.215s] Installing serial script to /home/yamashita/car_ws/install/mypkg/lib/mypkg
[13.219s] writing list of installed files to '/home/yamashita/car_ws/build/mypkg/install.log'
[13.498s] Invoked command in '/home/yamashita/car_ws/src/mypkg' returned '0': PYTHONPATH=/home/yamashita/car_ws/build/mypkg/prefix_override:/home/yamashita/car_ws/install/mypkg/lib/python3.10/site-packages:${PYTHONPATH} /usr/bin/python3 setup.py egg_info --egg-base ../../build/mypkg build --build-base /home/yamashita/car_ws/build/mypkg/build install --record /home/yamashita/car_ws/build/mypkg/install.log --single-version-externally-managed
