[5.788s] Invoking command in '/home/yamashita/car_ws/src/mypkg': PYTHONPATH=/home/yamashita/car_ws/build/mypkg/prefix_override:/home/yamashita/car_ws/install/mypkg/lib/python3.10/site-packages:${PYTHONPATH} /usr/bin/python3 setup.py egg_info --egg-base ../../build/mypkg build --build-base /home/yamashita/car_ws/build/mypkg/build install --record /home/yamashita/car_ws/build/mypkg/install.log --single-version-externally-managed
[7.302s] running egg_info
[7.304s] writing ../../build/mypkg/mypkg.egg-info/PKG-INFO
[7.305s] writing dependency_links to ../../build/mypkg/mypkg.egg-info/dependency_links.txt
[7.306s] writing entry points to ../../build/mypkg/mypkg.egg-info/entry_points.txt
[7.307s] writing requirements to ../../build/mypkg/mypkg.egg-info/requires.txt
[7.308s] writing top-level names to ../../build/mypkg/mypkg.egg-info/top_level.txt
[7.318s] reading manifest file '../../build/mypkg/mypkg.egg-info/SOURCES.txt'
[7.322s] writing manifest file '../../build/mypkg/mypkg.egg-info/SOURCES.txt'
[7.323s] running build
[7.323s] running build_py
[7.325s] copying mypkg/CircleImgPub.py -> /home/yamashita/car_ws/build/mypkg/build/lib/mypkg
[7.326s] running install
[7.328s] running install_lib
[7.333s] copying /home/yamashita/car_ws/build/mypkg/build/lib/mypkg/CircleImgPub.py -> /home/yamashita/car_ws/install/mypkg/lib/python3.10/site-packages/mypkg
[7.337s] byte-compiling /home/yamashita/car_ws/install/mypkg/lib/python3.10/site-packages/mypkg/CircleImgPub.py to CircleImgPub.cpython-310.pyc
[7.341s]   File "/home/yamashita/car_ws/install/mypkg/lib/python3.10/site-packages/mypkg/CircleImgPub.py", line 73
[7.342s]     for i,cnt in enumerate(contours):
[7.343s]     ^^^
[7.344s] SyntaxError: expected 'except' or 'finally' block
[7.344s] 
[7.345s] running install_data
[7.345s] running install_egg_info
[7.352s] removing '/home/yamashita/car_ws/install/mypkg/lib/python3.10/site-packages/mypkg-0.0.0-py3.10.egg-info' (and everything under it)
[7.354s] Copying ../../build/mypkg/mypkg.egg-info to /home/yamashita/car_ws/install/mypkg/lib/python3.10/site-packages/mypkg-0.0.0-py3.10.egg-info
[7.366s] running install_scripts
[7.451s] Installing CircleImgPub script to /home/yamashita/car_ws/install/mypkg/lib/mypkg
[7.452s] Installing camera0 script to /home/yamashita/car_ws/install/mypkg/lib/mypkg
[7.453s] Installing serial script to /home/yamashita/car_ws/install/mypkg/lib/mypkg
[7.455s] writing list of installed files to '/home/yamashita/car_ws/build/mypkg/install.log'
[7.583s] Invoked command in '/home/yamashita/car_ws/src/mypkg' returned '0': PYTHONPATH=/home/yamashita/car_ws/build/mypkg/prefix_override:/home/yamashita/car_ws/install/mypkg/lib/python3.10/site-packages:${PYTHONPATH} /usr/bin/python3 setup.py egg_info --egg-base ../../build/mypkg build --build-base /home/yamashita/car_ws/build/mypkg/build install --record /home/yamashita/car_ws/build/mypkg/install.log --single-version-externally-managed
