[2.660s] Invoking command in '/home/yamashita/car_ws/build/coordinate_msg': CMAKE_PREFIX_PATH=/home/yamashita/car_ws/install/mypkg:/home/yamashita/serial_ws/install/ros_serial:/home/yamashita/ros2_ws/install/robo231:/opt/ros/humble /usr/bin/cmake --build /home/yamashita/car_ws/build/coordinate_msg -- -j4 -l4
[3.083s] -- Found ament_cmake: 1.3.6 (/opt/ros/humble/share/ament_cmake/cmake)
[4.968s] -- Found rosidl_default_generators: 1.2.0 (/opt/ros/humble/share/rosidl_default_generators/cmake)
[4.997s] -- Using all available rosidl_typesupport_c: rosidl_typesupport_fastrtps_c;rosidl_typesupport_introspection_c
[5.037s] -- Found rosidl_adapter: 3.1.5 (/opt/ros/humble/share/rosidl_adapter/cmake)
[5.611s] -- Using all available rosidl_typesupport_cpp: rosidl_typesupport_fastrtps_cpp;rosidl_typesupport_introspection_cpp
[7.911s] [31mCMake Error at /opt/ros/humble/share/rosidl_adapter/cmake/rosidl_adapt_interfaces.cmake:59 (message):
[7.912s]   execute_process(/usr/bin/python3.10 -m rosidl_adapter --package-name
[7.913s]   coordinate_msg --arguments-file
[7.914s]   /home/yamashita/car_ws/build/coordinate_msg/rosidl_adapter__arguments__coordinate_msg.json
[7.915s]   --output-dir
[7.917s]   /home/yamashita/car_ws/build/coordinate_msg/rosidl_adapter/coordinate_msg
[7.918s]   --output-file
[7.919s]   /home/yamashita/car_ws/build/coordinate_msg/rosidl_adapter/coordinate_msg.idls)
[7.920s]   returned error code 1:
[7.921s] 
[7.922s]   Error processing 'float64 coord[100][3]' of 'coordinate_msg/Coordinate':
[7.923s]   ''coord[100][3]' is an invalid field name.  It should have the pattern
[7.924s]   '^(?!.*__)(?!.*_$)[a-z][a-z0-9_]*$''
[7.925s] 
[7.927s]   Traceback (most recent call last):
[7.928s] 
[7.929s]     File "/usr/lib/python3.10/runpy.py", line 196, in _run_module_as_main
[7.930s]       return _run_code(code, main_globals, None,
[7.931s]     File "/usr/lib/python3.10/runpy.py", line 86, in _run_code
[7.933s]       exec(code, run_globals)
[7.934s]     File "/opt/ros/humble/local/lib/python3.10/dist-packages/rosidl_adapter/__main__.py", line 19, in <module>
[7.935s]       sys.exit(main())
[7.936s]     File "/opt/ros/humble/local/lib/python3.10/dist-packages/rosidl_adapter/main.py", line 53, in main
[7.937s]       abs_idl_file = convert_to_idl(
[7.939s]     File "/opt/ros/humble/local/lib/python3.10/dist-packages/rosidl_adapter/__init__.py", line 19, in convert_to_idl
[7.940s]       return convert_msg_to_idl(
[7.942s]     File "/opt/ros/humble/local/lib/python3.10/dist-packages/rosidl_adapter/msg/__init__.py", line 28, in convert_msg_to_idl
[7.943s]       msg = parse_message_string(package_name, input_file.stem, content)
[7.945s]     File "/opt/ros/humble/local/lib/python3.10/dist-packages/rosidl_adapter/parser.py", line 519, in parse_message_string
[7.945s]       fields.append(Field(
[7.947s]     File "/opt/ros/humble/local/lib/python3.10/dist-packages/rosidl_adapter/parser.py", line 354, in __init__
[7.948s]       raise NameError(
[7.949s] 
[7.950s]   NameError: 'coord[100][3]' is an invalid field name.  It should have the
[7.952s]   pattern '^(?!.*__)(?!.*_$)[a-z][a-z0-9_]*$'
[7.953s] 
[7.955s] Call Stack (most recent call first):
[7.956s]   /opt/ros/humble/share/rosidl_cmake/cmake/rosidl_generate_interfaces.cmake:130 (rosidl_adapt_interfaces)
[7.957s]   CMakeLists.txt:13 (rosidl_generate_interfaces)
[7.959s] 
[7.960s] [0m
[7.961s] -- Configuring incomplete, errors occurred!
[7.962s] See also "/home/yamashita/car_ws/build/coordinate_msg/CMakeFiles/CMakeOutput.log".
[7.964s] gmake: *** [Makefile:747: cmake_check_build_system] Error 1
[7.971s] Invoked command in '/home/yamashita/car_ws/build/coordinate_msg' returned '2': CMAKE_PREFIX_PATH=/home/yamashita/car_ws/install/mypkg:/home/yamashita/serial_ws/install/ros_serial:/home/yamashita/ros2_ws/install/robo231:/opt/ros/humble /usr/bin/cmake --build /home/yamashita/car_ws/build/coordinate_msg -- -j4 -l4
