[5.790s] DEBUG:colcon:Command line arguments: ['/usr/bin/colcon', 'build']
[5.790s] DEBUG:colcon:Parsed command line arguments: Namespace(log_base=None, log_level=None, verb_name='build', build_base='build', install_base='install', merge_install=False, symlink_install=False, test_result_base=None, continue_on_error=False, executor='parallel', parallel_workers=4, event_handlers=None, ignore_user_meta=False, metas=['./colcon.meta'], base_paths=['.'], packages_ignore=None, packages_ignore_regex=None, paths=None, packages_up_to=None, packages_up_to_regex=None, packages_above=None, packages_above_and_dependencies=None, packages_above_depth=None, packages_select_by_dep=None, packages_skip_by_dep=None, packages_skip_up_to=None, packages_select_build_failed=False, packages_skip_build_finished=False, packages_select_test_failures=False, packages_skip_test_passed=False, packages_select=None, packages_skip=None, packages_select_regex=None, packages_skip_regex=None, packages_start=None, packages_end=None, allow_overriding=[], cmake_args=None, cmake_target=None, cmake_target_skip_unavailable=False, cmake_clean_cache=False, cmake_clean_first=False, cmake_force_configure=False, ament_cmake_args=None, catkin_cmake_args=None, catkin_skip_building_tests=False, verb_parser=<colcon_defaults.argument_parser.defaults.DefaultArgumentsDecorator object at 0xffff84d35e40>, verb_extension=<colcon_core.verb.build.BuildVerb object at 0xffff8503ea40>, main=<bound method BuildVerb.main of <colcon_core.verb.build.BuildVerb object at 0xffff8503ea40>>)
[6.065s] Level 1:colcon.colcon_core.package_discovery:discover_packages(colcon_meta) check parameters
[6.066s] Level 1:colcon.colcon_core.package_discovery:discover_packages(recursive) check parameters
[6.066s] Level 1:colcon.colcon_core.package_discovery:discover_packages(ignore) check parameters
[6.066s] Level 1:colcon.colcon_core.package_discovery:discover_packages(path) check parameters
[6.066s] Level 1:colcon.colcon_core.package_discovery:discover_packages(colcon_meta) discover
[6.066s] Level 1:colcon.colcon_core.package_discovery:discover_packages(recursive) discover
[6.067s] INFO:colcon.colcon_core.package_discovery:Crawling recursively for packages in '/home/yamashita/car_ws'
[6.067s] Level 1:colcon.colcon_core.package_identification:_identify(.) by extensions ['ignore', 'ignore_ament_install']
[6.067s] Level 1:colcon.colcon_core.package_identification:_identify(.) by extension 'ignore'
[6.068s] Level 1:colcon.colcon_core.package_identification:_identify(.) by extension 'ignore_ament_install'
[6.068s] Level 1:colcon.colcon_core.package_identification:_identify(.) by extensions ['colcon_pkg']
[6.068s] Level 1:colcon.colcon_core.package_identification:_identify(.) by extension 'colcon_pkg'
[6.068s] Level 1:colcon.colcon_core.package_identification:_identify(.) by extensions ['colcon_meta']
[6.069s] Level 1:colcon.colcon_core.package_identification:_identify(.) by extension 'colcon_meta'
[6.069s] Level 1:colcon.colcon_core.package_identification:_identify(.) by extensions ['ros']
[6.069s] Level 1:colcon.colcon_core.package_identification:_identify(.) by extension 'ros'
[6.140s] Level 1:colcon.colcon_core.package_identification:_identify(.) by extensions ['cmake', 'python']
[6.141s] Level 1:colcon.colcon_core.package_identification:_identify(.) by extension 'cmake'
[6.141s] Level 1:colcon.colcon_core.package_identification:_identify(.) by extension 'python'
[6.142s] Level 1:colcon.colcon_core.package_identification:_identify(.) by extensions ['python_setup_py']
[6.142s] Level 1:colcon.colcon_core.package_identification:_identify(.) by extension 'python_setup_py'
[6.143s] Level 1:colcon.colcon_core.package_identification:_identify(build) by extensions ['ignore', 'ignore_ament_install']
[6.144s] Level 1:colcon.colcon_core.package_identification:_identify(build) by extension 'ignore'
[6.144s] Level 1:colcon.colcon_core.package_identification:_identify(build) ignored
[6.145s] Level 1:colcon.colcon_core.package_identification:_identify(install) by extensions ['ignore', 'ignore_ament_install']
[6.146s] Level 1:colcon.colcon_core.package_identification:_identify(install) by extension 'ignore'
[6.146s] Level 1:colcon.colcon_core.package_identification:_identify(install) ignored
[6.148s] Level 1:colcon.colcon_core.package_identification:_identify(log) by extensions ['ignore', 'ignore_ament_install']
[6.149s] Level 1:colcon.colcon_core.package_identification:_identify(log) by extension 'ignore'
[6.149s] Level 1:colcon.colcon_core.package_identification:_identify(log) ignored
[6.150s] Level 1:colcon.colcon_core.package_identification:_identify(src) by extensions ['ignore', 'ignore_ament_install']
[6.150s] Level 1:colcon.colcon_core.package_identification:_identify(src) by extension 'ignore'
[6.150s] Level 1:colcon.colcon_core.package_identification:_identify(src) by extension 'ignore_ament_install'
[6.151s] Level 1:colcon.colcon_core.package_identification:_identify(src) by extensions ['colcon_pkg']
[6.151s] Level 1:colcon.colcon_core.package_identification:_identify(src) by extension 'colcon_pkg'
[6.152s] Level 1:colcon.colcon_core.package_identification:_identify(src) by extensions ['colcon_meta']
[6.153s] Level 1:colcon.colcon_core.package_identification:_identify(src) by extension 'colcon_meta'
[6.154s] Level 1:colcon.colcon_core.package_identification:_identify(src) by extensions ['ros']
[6.154s] Level 1:colcon.colcon_core.package_identification:_identify(src) by extension 'ros'
[6.155s] Level 1:colcon.colcon_core.package_identification:_identify(src) by extensions ['cmake', 'python']
[6.156s] Level 1:colcon.colcon_core.package_identification:_identify(src) by extension 'cmake'
[6.156s] Level 1:colcon.colcon_core.package_identification:_identify(src) by extension 'python'
[6.157s] Level 1:colcon.colcon_core.package_identification:_identify(src) by extensions ['python_setup_py']
[6.158s] Level 1:colcon.colcon_core.package_identification:_identify(src) by extension 'python_setup_py'
[6.159s] Level 1:colcon.colcon_core.package_identification:_identify(src/coordinate_msg) by extensions ['ignore', 'ignore_ament_install']
[6.160s] Level 1:colcon.colcon_core.package_identification:_identify(src/coordinate_msg) by extension 'ignore'
[6.161s] Level 1:colcon.colcon_core.package_identification:_identify(src/coordinate_msg) by extension 'ignore_ament_install'
[6.162s] Level 1:colcon.colcon_core.package_identification:_identify(src/coordinate_msg) by extensions ['colcon_pkg']
[6.162s] Level 1:colcon.colcon_core.package_identification:_identify(src/coordinate_msg) by extension 'colcon_pkg'
[6.163s] Level 1:colcon.colcon_core.package_identification:_identify(src/coordinate_msg) by extensions ['colcon_meta']
[6.164s] Level 1:colcon.colcon_core.package_identification:_identify(src/coordinate_msg) by extension 'colcon_meta'
[6.164s] Level 1:colcon.colcon_core.package_identification:_identify(src/coordinate_msg) by extensions ['ros']
[6.165s] Level 1:colcon.colcon_core.package_identification:_identify(src/coordinate_msg) by extension 'ros'
[6.177s] DEBUG:colcon.colcon_core.package_identification:Package 'src/coordinate_msg' with type 'ros.ament_cmake' and name 'coordinate_msg'
[6.178s] Level 1:colcon.colcon_core.package_identification:_identify(src/mypkg) by extensions ['ignore', 'ignore_ament_install']
[6.179s] Level 1:colcon.colcon_core.package_identification:_identify(src/mypkg) by extension 'ignore'
[6.179s] Level 1:colcon.colcon_core.package_identification:_identify(src/mypkg) by extension 'ignore_ament_install'
[6.179s] Level 1:colcon.colcon_core.package_identification:_identify(src/mypkg) by extensions ['colcon_pkg']
[6.179s] Level 1:colcon.colcon_core.package_identification:_identify(src/mypkg) by extension 'colcon_pkg'
[6.180s] Level 1:colcon.colcon_core.package_identification:_identify(src/mypkg) by extensions ['colcon_meta']
[6.180s] Level 1:colcon.colcon_core.package_identification:_identify(src/mypkg) by extension 'colcon_meta'
[6.180s] Level 1:colcon.colcon_core.package_identification:_identify(src/mypkg) by extensions ['ros']
[6.180s] Level 1:colcon.colcon_core.package_identification:_identify(src/mypkg) by extension 'ros'
[6.183s] DEBUG:colcon.colcon_core.package_identification:Package 'src/mypkg' with type 'ros.ament_python' and name 'mypkg'
[6.183s] Level 1:colcon.colcon_core.package_discovery:discover_packages(recursive) using defaults
[6.183s] Level 1:colcon.colcon_core.package_discovery:discover_packages(ignore) discover
[6.183s] Level 1:colcon.colcon_core.package_discovery:discover_packages(ignore) using defaults
[6.184s] Level 1:colcon.colcon_core.package_discovery:discover_packages(path) discover
[6.184s] Level 1:colcon.colcon_core.package_discovery:discover_packages(path) using defaults
[6.654s] Level 1:colcon.colcon_core.package_discovery:discover_packages(prefix_path) check parameters
[6.655s] Level 1:colcon.colcon_core.package_discovery:discover_packages(prefix_path) discover
[6.830s] DEBUG:colcon.colcon_installed_package_information.package_discovery:Found 2 installed packages in /home/yamashita/car_ws/install
[6.909s] DEBUG:colcon.colcon_installed_package_information.package_discovery:Found 299 installed packages in /opt/ros/humble
[6.916s] Level 1:colcon.colcon_core.package_discovery:discover_packages(prefix_path) using defaults
[7.426s] Level 5:colcon.colcon_core.verb:set package 'coordinate_msg' build argument 'cmake_args' from command line to 'None'
[7.426s] Level 5:colcon.colcon_core.verb:set package 'coordinate_msg' build argument 'cmake_target' from command line to 'None'
[7.426s] Level 5:colcon.colcon_core.verb:set package 'coordinate_msg' build argument 'cmake_target_skip_unavailable' from command line to 'False'
[7.426s] Level 5:colcon.colcon_core.verb:set package 'coordinate_msg' build argument 'cmake_clean_cache' from command line to 'False'
[7.426s] Level 5:colcon.colcon_core.verb:set package 'coordinate_msg' build argument 'cmake_clean_first' from command line to 'False'
[7.426s] Level 5:colcon.colcon_core.verb:set package 'coordinate_msg' build argument 'cmake_force_configure' from command line to 'False'
[7.426s] Level 5:colcon.colcon_core.verb:set package 'coordinate_msg' build argument 'ament_cmake_args' from command line to 'None'
[7.427s] Level 5:colcon.colcon_core.verb:set package 'coordinate_msg' build argument 'catkin_cmake_args' from command line to 'None'
[7.427s] Level 5:colcon.colcon_core.verb:set package 'coordinate_msg' build argument 'catkin_skip_building_tests' from command line to 'False'
[7.427s] DEBUG:colcon.colcon_core.verb:Building package 'coordinate_msg' with the following arguments: {'ament_cmake_args': None, 'build_base': '/home/yamashita/car_ws/build/coordinate_msg', 'catkin_cmake_args': None, 'catkin_skip_building_tests': False, 'cmake_args': None, 'cmake_clean_cache': False, 'cmake_clean_first': False, 'cmake_force_configure': False, 'cmake_target': None, 'cmake_target_skip_unavailable': False, 'install_base': '/home/yamashita/car_ws/install/coordinate_msg', 'merge_install': False, 'path': '/home/yamashita/car_ws/src/coordinate_msg', 'symlink_install': False, 'test_result_base': None}
[7.504s] Level 5:colcon.colcon_core.verb:set package 'mypkg' build argument 'cmake_args' from command line to 'None'
[7.504s] Level 5:colcon.colcon_core.verb:set package 'mypkg' build argument 'cmake_target' from command line to 'None'
[7.504s] Level 5:colcon.colcon_core.verb:set package 'mypkg' build argument 'cmake_target_skip_unavailable' from command line to 'False'
[7.504s] Level 5:colcon.colcon_core.verb:set package 'mypkg' build argument 'cmake_clean_cache' from command line to 'False'
[7.504s] Level 5:colcon.colcon_core.verb:set package 'mypkg' build argument 'cmake_clean_first' from command line to 'False'
[7.504s] Level 5:colcon.colcon_core.verb:set package 'mypkg' build argument 'cmake_force_configure' from command line to 'False'
[7.504s] Level 5:colcon.colcon_core.verb:set package 'mypkg' build argument 'ament_cmake_args' from command line to 'None'
[7.505s] Level 5:colcon.colcon_core.verb:set package 'mypkg' build argument 'catkin_cmake_args' from command line to 'None'
[7.505s] Level 5:colcon.colcon_core.verb:set package 'mypkg' build argument 'catkin_skip_building_tests' from command line to 'False'
[7.505s] DEBUG:colcon.colcon_core.verb:Building package 'mypkg' with the following arguments: {'ament_cmake_args': None, 'build_base': '/home/yamashita/car_ws/build/mypkg', 'catkin_cmake_args': None, 'catkin_skip_building_tests': False, 'cmake_args': None, 'cmake_clean_cache': False, 'cmake_clean_first': False, 'cmake_force_configure': False, 'cmake_target': None, 'cmake_target_skip_unavailable': False, 'install_base': '/home/yamashita/car_ws/install/mypkg', 'merge_install': False, 'path': '/home/yamashita/car_ws/src/mypkg', 'symlink_install': False, 'test_result_base': None}
[7.575s] INFO:colcon.colcon_core.executor:Executing jobs using 'parallel' executor
[7.658s] DEBUG:colcon.colcon_parallel_executor.executor.parallel:run_until_complete
[7.659s] INFO:colcon.colcon_ros.task.ament_cmake.build:Building ROS package in '/home/yamashita/car_ws/src/coordinate_msg' with build type 'ament_cmake'
[7.660s] INFO:colcon.colcon_cmake.task.cmake.build:Building CMake package in '/home/yamashita/car_ws/src/coordinate_msg'
[7.755s] INFO:colcon.colcon_core.plugin_system:Skipping extension 'colcon_core.shell.bat': Not used on non-Windows systems
[7.756s] INFO:colcon.colcon_core.shell:Skip shell extension 'powershell' for command environment: Not usable outside of PowerShell
[7.757s] DEBUG:colcon.colcon_core.shell:Skip shell extension 'dsv' for command environment
[8.006s] INFO:colcon.colcon_ros.task.ament_python.build:Building ROS package in '/home/yamashita/car_ws/src/mypkg' with build type 'ament_python'
[8.007s] Level 1:colcon.colcon_core.shell:create_environment_hook('mypkg', 'ament_prefix_path')
[8.098s] INFO:colcon.colcon_core.shell:Creating environment hook '/home/yamashita/car_ws/install/mypkg/share/mypkg/hook/ament_prefix_path.ps1'
[8.100s] INFO:colcon.colcon_core.shell:Creating environment descriptor '/home/yamashita/car_ws/install/mypkg/share/mypkg/hook/ament_prefix_path.dsv'
[8.103s] INFO:colcon.colcon_core.shell:Creating environment hook '/home/yamashita/car_ws/install/mypkg/share/mypkg/hook/ament_prefix_path.sh'
[8.180s] INFO:colcon.colcon_core.shell:Skip shell extension 'powershell' for command environment: Not usable outside of PowerShell
[8.180s] DEBUG:colcon.colcon_core.shell:Skip shell extension 'dsv' for command environment
[8.433s] DEBUG:colcon.colcon_core.event_handler.log_command:Invoking command in '/home/yamashita/car_ws/build/coordinate_msg': CMAKE_PREFIX_PATH=${CMAKE_PREFIX_PATH}:/home/yamashita/car_ws/install/mypkg:/opt/ros/humble /usr/bin/cmake --build /home/yamashita/car_ws/build/coordinate_msg -- -j4 -l4
[10.210s] INFO:colcon.colcon_core.task.python.build:Building Python package in '/home/yamashita/car_ws/src/mypkg'
[10.316s] INFO:colcon.colcon_core.shell:Skip shell extension 'powershell' for command environment: Not usable outside of PowerShell
[10.317s] DEBUG:colcon.colcon_core.shell:Skip shell extension 'dsv' for command environment
[10.761s] DEBUG:colcon.colcon_core.event_handler.log_command:Invoked command in '/home/yamashita/car_ws/build/coordinate_msg' returned '0': CMAKE_PREFIX_PATH=${CMAKE_PREFIX_PATH}:/home/yamashita/car_ws/install/mypkg:/opt/ros/humble /usr/bin/cmake --build /home/yamashita/car_ws/build/coordinate_msg -- -j4 -l4
[11.137s] DEBUG:colcon.colcon_core.event_handler.log_command:Invoking command in '/home/yamashita/car_ws/build/coordinate_msg': CMAKE_PREFIX_PATH=${CMAKE_PREFIX_PATH}:/home/yamashita/car_ws/install/mypkg:/opt/ros/humble /usr/bin/cmake --install /home/yamashita/car_ws/build/coordinate_msg
[11.435s] Level 1:colcon.colcon_core.environment:create_environment_scripts_only(coordinate_msg)
[11.437s] DEBUG:colcon.colcon_core.event_handler.log_command:Invoked command in '/home/yamashita/car_ws/build/coordinate_msg' returned '0': CMAKE_PREFIX_PATH=${CMAKE_PREFIX_PATH}:/home/yamashita/car_ws/install/mypkg:/opt/ros/humble /usr/bin/cmake --install /home/yamashita/car_ws/build/coordinate_msg
[11.528s] Level 1:colcon.colcon_core.environment:checking '/home/yamashita/car_ws/install/coordinate_msg' for CMake module files
[11.532s] Level 1:colcon.colcon_core.environment:checking '/home/yamashita/car_ws/install/coordinate_msg' for CMake config files
[11.537s] Level 1:colcon.colcon_core.shell:create_environment_hook('coordinate_msg', 'cmake_prefix_path')
[11.611s] INFO:colcon.colcon_core.shell:Creating environment hook '/home/yamashita/car_ws/install/coordinate_msg/share/coordinate_msg/hook/cmake_prefix_path.ps1'
[11.613s] INFO:colcon.colcon_core.shell:Creating environment descriptor '/home/yamashita/car_ws/install/coordinate_msg/share/coordinate_msg/hook/cmake_prefix_path.dsv'
[11.616s] INFO:colcon.colcon_core.shell:Creating environment hook '/home/yamashita/car_ws/install/coordinate_msg/share/coordinate_msg/hook/cmake_prefix_path.sh'
[11.619s] Level 1:colcon.colcon_core.environment:checking '/home/yamashita/car_ws/install/coordinate_msg/lib'
[11.620s] Level 1:colcon.colcon_core.shell:create_environment_hook('coordinate_msg', 'ld_library_path_lib')
[11.695s] INFO:colcon.colcon_core.shell:Creating environment hook '/home/yamashita/car_ws/install/coordinate_msg/share/coordinate_msg/hook/ld_library_path_lib.ps1'
[11.697s] INFO:colcon.colcon_core.shell:Creating environment descriptor '/home/yamashita/car_ws/install/coordinate_msg/share/coordinate_msg/hook/ld_library_path_lib.dsv'
[11.698s] INFO:colcon.colcon_core.shell:Creating environment hook '/home/yamashita/car_ws/install/coordinate_msg/share/coordinate_msg/hook/ld_library_path_lib.sh'
[11.700s] Level 1:colcon.colcon_core.environment:checking '/home/yamashita/car_ws/install/coordinate_msg/bin'
[11.701s] Level 1:colcon.colcon_core.environment:checking '/home/yamashita/car_ws/install/coordinate_msg/lib/pkgconfig/coordinate_msg.pc'
[11.701s] Level 1:colcon.colcon_core.environment:checking '/home/yamashita/car_ws/install/coordinate_msg/lib/python3.10/site-packages'
[11.702s] Level 1:colcon.colcon_core.environment:checking '/home/yamashita/car_ws/install/coordinate_msg/bin'
[11.779s] INFO:colcon.colcon_core.shell:Creating package script '/home/yamashita/car_ws/install/coordinate_msg/share/coordinate_msg/package.ps1'
[11.782s] INFO:colcon.colcon_core.shell:Creating package descriptor '/home/yamashita/car_ws/install/coordinate_msg/share/coordinate_msg/package.dsv'
[11.785s] INFO:colcon.colcon_core.shell:Creating package script '/home/yamashita/car_ws/install/coordinate_msg/share/coordinate_msg/package.sh'
[11.789s] INFO:colcon.colcon_core.shell:Creating package script '/home/yamashita/car_ws/install/coordinate_msg/share/coordinate_msg/package.bash'
[11.792s] INFO:colcon.colcon_core.shell:Creating package script '/home/yamashita/car_ws/install/coordinate_msg/share/coordinate_msg/package.zsh'
[11.795s] Level 1:colcon.colcon_core.environment:create_file_with_runtime_dependencies(/home/yamashita/car_ws/install/coordinate_msg/share/colcon-core/packages/coordinate_msg)
[12.235s] Level 1:colcon.colcon_core.environment:create_environment_scripts_only(coordinate_msg)
[12.333s] Level 1:colcon.colcon_core.environment:checking '/home/yamashita/car_ws/install/coordinate_msg' for CMake module files
[12.337s] Level 1:colcon.colcon_core.environment:checking '/home/yamashita/car_ws/install/coordinate_msg' for CMake config files
[12.341s] Level 1:colcon.colcon_core.shell:create_environment_hook('coordinate_msg', 'cmake_prefix_path')
[12.416s] INFO:colcon.colcon_core.shell:Creating environment hook '/home/yamashita/car_ws/install/coordinate_msg/share/coordinate_msg/hook/cmake_prefix_path.ps1'
[12.418s] INFO:colcon.colcon_core.shell:Creating environment descriptor '/home/yamashita/car_ws/install/coordinate_msg/share/coordinate_msg/hook/cmake_prefix_path.dsv'
[12.420s] INFO:colcon.colcon_core.shell:Creating environment hook '/home/yamashita/car_ws/install/coordinate_msg/share/coordinate_msg/hook/cmake_prefix_path.sh'
[12.423s] Level 1:colcon.colcon_core.environment:checking '/home/yamashita/car_ws/install/coordinate_msg/lib'
[12.423s] Level 1:colcon.colcon_core.shell:create_environment_hook('coordinate_msg', 'ld_library_path_lib')
[12.521s] INFO:colcon.colcon_core.shell:Creating environment hook '/home/yamashita/car_ws/install/coordinate_msg/share/coordinate_msg/hook/ld_library_path_lib.ps1'
[12.523s] INFO:colcon.colcon_core.shell:Creating environment descriptor '/home/yamashita/car_ws/install/coordinate_msg/share/coordinate_msg/hook/ld_library_path_lib.dsv'
[12.525s] INFO:colcon.colcon_core.shell:Creating environment hook '/home/yamashita/car_ws/install/coordinate_msg/share/coordinate_msg/hook/ld_library_path_lib.sh'
[12.528s] Level 1:colcon.colcon_core.environment:checking '/home/yamashita/car_ws/install/coordinate_msg/bin'
[12.528s] Level 1:colcon.colcon_core.environment:checking '/home/yamashita/car_ws/install/coordinate_msg/lib/pkgconfig/coordinate_msg.pc'
[12.530s] Level 1:colcon.colcon_core.environment:checking '/home/yamashita/car_ws/install/coordinate_msg/lib/python3.10/site-packages'
[12.531s] Level 1:colcon.colcon_core.environment:checking '/home/yamashita/car_ws/install/coordinate_msg/bin'
[12.710s] INFO:colcon.colcon_core.shell:Creating package script '/home/yamashita/car_ws/install/coordinate_msg/share/coordinate_msg/package.ps1'
[12.766s] INFO:colcon.colcon_core.shell:Creating package descriptor '/home/yamashita/car_ws/install/coordinate_msg/share/coordinate_msg/package.dsv'
[12.771s] INFO:colcon.colcon_core.shell:Creating package script '/home/yamashita/car_ws/install/coordinate_msg/share/coordinate_msg/package.sh'
[12.774s] INFO:colcon.colcon_core.shell:Creating package script '/home/yamashita/car_ws/install/coordinate_msg/share/coordinate_msg/package.bash'
[12.777s] INFO:colcon.colcon_core.shell:Creating package script '/home/yamashita/car_ws/install/coordinate_msg/share/coordinate_msg/package.zsh'
[12.780s] Level 1:colcon.colcon_core.environment:create_file_with_runtime_dependencies(/home/yamashita/car_ws/install/coordinate_msg/share/colcon-core/packages/coordinate_msg)
[12.921s] DEBUG:colcon.colcon_core.event_handler.log_command:Invoking command in '/home/yamashita/car_ws/src/mypkg': PYTHONPATH=/home/yamashita/car_ws/build/mypkg/prefix_override:/home/yamashita/car_ws/install/mypkg/lib/python3.10/site-packages:${PYTHONPATH} /usr/bin/python3 setup.py egg_info --egg-base ../../build/mypkg build --build-base /home/yamashita/car_ws/build/mypkg/build install --record /home/yamashita/car_ws/build/mypkg/install.log --single-version-externally-managed
[14.388s] DEBUG:colcon.colcon_core.event_handler.log_command:Invoked command in '/home/yamashita/car_ws/src/mypkg' returned '0': PYTHONPATH=/home/yamashita/car_ws/build/mypkg/prefix_override:/home/yamashita/car_ws/install/mypkg/lib/python3.10/site-packages:${PYTHONPATH} /usr/bin/python3 setup.py egg_info --egg-base ../../build/mypkg build --build-base /home/yamashita/car_ws/build/mypkg/build install --record /home/yamashita/car_ws/build/mypkg/install.log --single-version-externally-managed
[14.479s] Level 1:colcon.colcon_core.environment:checking '/home/yamashita/car_ws/install/mypkg' for CMake module files
[14.481s] Level 1:colcon.colcon_core.environment:checking '/home/yamashita/car_ws/install/mypkg' for CMake config files
[14.485s] Level 1:colcon.colcon_core.environment:checking '/home/yamashita/car_ws/install/mypkg/lib'
[14.486s] Level 1:colcon.colcon_core.environment:checking '/home/yamashita/car_ws/install/mypkg/bin'
[14.486s] Level 1:colcon.colcon_core.environment:checking '/home/yamashita/car_ws/install/mypkg/lib/pkgconfig/mypkg.pc'
[14.487s] Level 1:colcon.colcon_core.environment:checking '/home/yamashita/car_ws/install/mypkg/lib/python3.10/site-packages'
[14.488s] Level 1:colcon.colcon_core.shell:create_environment_hook('mypkg', 'pythonpath')
[14.578s] INFO:colcon.colcon_core.shell:Creating environment hook '/home/yamashita/car_ws/install/mypkg/share/mypkg/hook/pythonpath.ps1'
[14.580s] INFO:colcon.colcon_core.shell:Creating environment descriptor '/home/yamashita/car_ws/install/mypkg/share/mypkg/hook/pythonpath.dsv'
[14.582s] INFO:colcon.colcon_core.shell:Creating environment hook '/home/yamashita/car_ws/install/mypkg/share/mypkg/hook/pythonpath.sh'
[14.585s] Level 1:colcon.colcon_core.environment:checking '/home/yamashita/car_ws/install/mypkg/bin'
[14.586s] Level 1:colcon.colcon_core.environment:create_environment_scripts_only(mypkg)
[14.678s] INFO:colcon.colcon_core.shell:Creating package script '/home/yamashita/car_ws/install/mypkg/share/mypkg/package.ps1'
[14.682s] INFO:colcon.colcon_core.shell:Creating package descriptor '/home/yamashita/car_ws/install/mypkg/share/mypkg/package.dsv'
[14.684s] INFO:colcon.colcon_core.shell:Creating package script '/home/yamashita/car_ws/install/mypkg/share/mypkg/package.sh'
[14.687s] INFO:colcon.colcon_core.shell:Creating package script '/home/yamashita/car_ws/install/mypkg/share/mypkg/package.bash'
[14.689s] INFO:colcon.colcon_core.shell:Creating package script '/home/yamashita/car_ws/install/mypkg/share/mypkg/package.zsh'
[14.691s] Level 1:colcon.colcon_core.environment:create_file_with_runtime_dependencies(/home/yamashita/car_ws/install/mypkg/share/colcon-core/packages/mypkg)
[14.693s] DEBUG:colcon.colcon_parallel_executor.executor.parallel:closing loop
[14.695s] DEBUG:colcon.colcon_parallel_executor.executor.parallel:loop closed
[14.695s] DEBUG:colcon.colcon_parallel_executor.executor.parallel:run_until_complete finished with '0'
[14.695s] DEBUG:colcon.colcon_core.event_reactor:joining thread
[14.828s] INFO:colcon.colcon_core.plugin_system:Skipping extension 'colcon_notification.desktop_notification.notify_send': Could not find 'notify-send'
[14.828s] INFO:colcon.colcon_core.plugin_system:Skipping extension 'colcon_notification.desktop_notification.terminal_notifier': Not used on non-Darwin systems
[14.829s] INFO:colcon.colcon_core.plugin_system:Skipping extension 'colcon_notification.desktop_notification.win32': Not used on non-Windows systems
[14.829s] INFO:colcon.colcon_notification.desktop_notification:Sending desktop notification using 'notify2'
[14.833s] DEBUG:colcon.colcon_notification.desktop_notification.notify2:Failed to initialize notify2: org.freedesktop.DBus.Error.ServiceUnknown: The name org.freedesktop.Notifications was not provided by any .service files
[14.833s] DEBUG:colcon.colcon_core.event_reactor:joined thread
[14.922s] INFO:colcon.colcon_core.shell:Creating prefix script '/home/yamashita/car_ws/install/local_setup.ps1'
[14.927s] INFO:colcon.colcon_core.shell:Creating prefix util module '/home/yamashita/car_ws/install/_local_setup_util_ps1.py'
[14.934s] INFO:colcon.colcon_core.shell:Creating prefix chain script '/home/yamashita/car_ws/install/setup.ps1'
[15.023s] INFO:colcon.colcon_core.shell:Creating prefix script '/home/yamashita/car_ws/install/local_setup.sh'
[15.026s] INFO:colcon.colcon_core.shell:Creating prefix util module '/home/yamashita/car_ws/install/_local_setup_util_sh.py'
[15.029s] INFO:colcon.colcon_core.shell:Creating prefix chain script '/home/yamashita/car_ws/install/setup.sh'
[15.124s] INFO:colcon.colcon_core.shell:Creating prefix script '/home/yamashita/car_ws/install/local_setup.bash'
[15.127s] INFO:colcon.colcon_core.shell:Creating prefix chain script '/home/yamashita/car_ws/install/setup.bash'
[15.267s] INFO:colcon.colcon_core.shell:Creating prefix script '/home/yamashita/car_ws/install/local_setup.zsh'
[15.270s] INFO:colcon.colcon_core.shell:Creating prefix chain script '/home/yamashita/car_ws/install/setup.zsh'
