[0.000000] (-) TimerEvent: {}
[0.003747] (mypkg) JobQueued: {'identifier': 'mypkg', 'dependencies': OrderedDict()}
[0.004546] (mypkg) JobStarted: {'identifier': 'mypkg'}
[0.189909] (-) TimerEvent: {}
[0.292479] (-) TimerEvent: {}
[0.403543] (-) TimerEvent: {}
[0.507982] (-) TimerEvent: {}
[0.610968] (-) TimerEvent: {}
[0.712773] (-) TimerEvent: {}
[0.815978] (-) TimerEvent: {}
[0.918117] (-) TimerEvent: {}
[1.019955] (-) TimerEvent: {}
[1.121722] (-) TimerEvent: {}
[1.223456] (-) TimerEvent: {}
[1.325143] (-) TimerEvent: {}
[1.426988] (-) TimerEvent: {}
[1.528393] (-) TimerEvent: {}
[1.629903] (-) TimerEvent: {}
[1.731755] (-) TimerEvent: {}
[1.839235] (-) TimerEvent: {}
[1.940750] (-) TimerEvent: {}
[2.042408] (-) TimerEvent: {}
[2.144569] (-) TimerEvent: {}
[2.245948] (-) TimerEvent: {}
[2.347488] (-) TimerEvent: {}
[2.449378] (-) TimerEvent: {}
[2.551569] (-) TimerEvent: {}
[2.655046] (-) TimerEvent: {}
[2.757564] (-) TimerEvent: {}
[2.859345] (-) TimerEvent: {}
[2.960804] (-) TimerEvent: {}
[3.062460] (-) TimerEvent: {}
[3.164312] (-) TimerEvent: {}
[3.267199] (-) TimerEvent: {}
[3.368959] (-) TimerEvent: {}
[3.470581] (-) TimerEvent: {}
[3.573129] (-) TimerEvent: {}
[3.675516] (-) TimerEvent: {}
[3.787628] (-) TimerEvent: {}
[3.889449] (-) TimerEvent: {}
[3.991310] (-) TimerEvent: {}
[4.092953] (-) TimerEvent: {}
[4.194566] (-) TimerEvent: {}
[4.296126] (-) TimerEvent: {}
[4.407631] (-) TimerEvent: {}
[4.509309] (-) TimerEvent: {}
[4.610830] (-) TimerEvent: {}
[4.712509] (-) TimerEvent: {}
[4.814131] (-) TimerEvent: {}
[4.915709] (-) TimerEvent: {}
[5.017189] (-) TimerEvent: {}
[5.118698] (-) TimerEvent: {}
[5.210386] (mypkg) StderrLine: {'line': b'Traceback (most recent call last):\n  File "/usr/lib/python3/dist-packages/colcon_core/executor/__init__.py", line 91, in __call__\n    rc = await self.task(*args, **kwargs)\n  File "/usr/lib/python3/dist-packages/colcon_core/task/__init__.py", line 93, in __call__\n    return await task_method(*args, **kwargs)\n  File "/usr/lib/python3/dist-packages/colcon_ros/task/ament_python/build.py", line 51, in build\n    setup_py_data = get_setup_data(self.context.pkg, env)\n  File "/usr/lib/python3/dist-packages/colcon_core/task/python/__init__.py", line 20, in get_setup_data\n    return dict(pkg.metadata[key](env))\n  File "/usr/lib/python3/dist-packages/colcon_ros/package_augmentation/ros_ament_python.py", line 57, in getter\n    return get_setup_information(\n  File "/usr/lib/python3/dist-packages/colcon_python_setup_py/package_identification/python_setup_py.py", line 241, in get_setup_information\n    _setup_information_cache[hashable_env] = _get_setup_information(\n  File "/usr/lib/python3/dist-packages/colcon_python_setup_py/package_identification/python_setup_py.py", line 288, in _get_setup_information\n    result = subprocess.run(\n  File "/usr/lib/python3.10/subprocess.py", line 526, in run\n    raise CalledProcessError(retcode, process.args,\nsubprocess.CalledProcessError: Command \'[\'/usr/bin/python3\', \'-c\', \'import sys;from contextlib import suppress;exec("with suppress(ImportError):    from setuptools.extern.packaging.specifiers    import SpecifierSet");exec("with suppress(ImportError):    from packaging.specifiers import SpecifierSet");from distutils.core import run_setup;dist = run_setup(    \\\'setup.py\\\', script_args=(\\\'--dry-run\\\',), stop_after=\\\'config\\\');skip_keys = (\\\'cmdclass\\\', \\\'distclass\\\', \\\'ext_modules\\\', \\\'metadata\\\');data = {    key: value for key, value in dist.__dict__.items()     if (        not key.startswith(\\\'_\\\') and         not callable(value) and         key not in skip_keys and         key not in dist.display_option_names    )};data[\\\'metadata\\\'] = {    k: v for k, v in dist.metadata.__dict__.items()     if k not in (\\\'license_files\\\', \\\'provides_extras\\\')};sys.stdout.buffer.write(repr(data).encode(\\\'utf-8\\\'))\']\' returned non-zero exit status 1.\n'}
[5.214848] (mypkg) JobEnded: {'identifier': 'mypkg', 'rc': 1}
[5.219907] (-) TimerEvent: {}
[5.224635] (-) EventReactorShutdown: {}
