[10.764s] Invoking command in '/home/yamashita/car_ws/src/mypkg': PYTHONPATH=/home/yamashita/car_ws/build/mypkg/prefix_override:/home/yamashita/car_ws/install/mypkg/lib/python3.10/site-packages:${PYTHONPATH} /usr/bin/python3 setup.py egg_info --egg-base ../../build/mypkg build --build-base /home/yamashita/car_ws/build/mypkg/build install --record /home/yamashita/car_ws/build/mypkg/install.log --single-version-externally-managed
[13.569s] running egg_info
[13.573s] writing ../../build/mypkg/mypkg.egg-info/PKG-INFO
[13.576s] writing dependency_links to ../../build/mypkg/mypkg.egg-info/dependency_links.txt
[13.578s] writing entry points to ../../build/mypkg/mypkg.egg-info/entry_points.txt
[13.579s] writing requirements to ../../build/mypkg/mypkg.egg-info/requires.txt
[13.581s] writing top-level names to ../../build/mypkg/mypkg.egg-info/top_level.txt
[13.599s] reading manifest file '../../build/mypkg/mypkg.egg-info/SOURCES.txt'
[13.607s] writing manifest file '../../build/mypkg/mypkg.egg-info/SOURCES.txt'
[13.609s] running build
[13.610s] running build_py
[13.611s] copying mypkg/receiver.py -> /home/yamashita/car_ws/build/mypkg/build/lib/mypkg
[13.614s] running install
[13.617s] running install_lib
[13.624s] copying /home/yamashita/car_ws/build/mypkg/build/lib/mypkg/receiver.py -> /home/yamashita/car_ws/install/mypkg/lib/python3.10/site-packages/mypkg
[13.630s] byte-compiling /home/yamashita/car_ws/install/mypkg/lib/python3.10/site-packages/mypkg/receiver.py to receiver.cpython-310.pyc
[13.641s] running install_data
[13.647s] running install_egg_info
[13.661s] removing '/home/yamashita/car_ws/install/mypkg/lib/python3.10/site-packages/mypkg-0.0.0-py3.10.egg-info' (and everything under it)
[13.664s] Copying ../../build/mypkg/mypkg.egg-info to /home/yamashita/car_ws/install/mypkg/lib/python3.10/site-packages/mypkg-0.0.0-py3.10.egg-info
[13.676s] running install_scripts
[13.844s] Installing camera script to /home/yamashita/car_ws/install/mypkg/lib/mypkg
[13.846s] Installing serial script to /home/yamashita/car_ws/install/mypkg/lib/mypkg
[13.850s] writing list of installed files to '/home/yamashita/car_ws/build/mypkg/install.log'
[14.138s] Invoked command in '/home/yamashita/car_ws/src/mypkg' returned '0': PYTHONPATH=/home/yamashita/car_ws/build/mypkg/prefix_override:/home/yamashita/car_ws/install/mypkg/lib/python3.10/site-packages:${PYTHONPATH} /usr/bin/python3 setup.py egg_info --egg-base ../../build/mypkg build --build-base /home/yamashita/car_ws/build/mypkg/build install --record /home/yamashita/car_ws/build/mypkg/install.log --single-version-externally-managed
