[3.831s] Invoking command in '/home/yamashita/car_ws/src/mypkg': PYTHONPATH=/home/yamashita/car_ws/build/mypkg/prefix_override:/home/yamashita/car_ws/install/mypkg/lib/python3.10/site-packages:${PYTHONPATH} /usr/bin/python3 -W ignore:setup.py install is deprecated setup.py egg_info --egg-base ../../build/mypkg build --build-base /home/yamashita/car_ws/build/mypkg/build install --record /home/yamashita/car_ws/build/mypkg/install.log --single-version-externally-managed install_data
[4.993s] running egg_info
[4.995s] writing ../../build/mypkg/mypkg.egg-info/PKG-INFO
[4.996s] writing dependency_links to ../../build/mypkg/mypkg.egg-info/dependency_links.txt
[4.997s] writing entry points to ../../build/mypkg/mypkg.egg-info/entry_points.txt
[4.997s] writing requirements to ../../build/mypkg/mypkg.egg-info/requires.txt
[4.998s] writing top-level names to ../../build/mypkg/mypkg.egg-info/top_level.txt
[5.007s] reading manifest file '../../build/mypkg/mypkg.egg-info/SOURCES.txt'
[5.011s] writing manifest file '../../build/mypkg/mypkg.egg-info/SOURCES.txt'
[5.012s] running build
[5.012s] running build_py
[5.013s] copying mypkg/CircleImgPub.py -> /home/yamashita/car_ws/build/mypkg/build/lib/mypkg
[5.014s] running install
[5.016s] running install_lib
[5.020s] copying /home/yamashita/car_ws/build/mypkg/build/lib/mypkg/CircleImgPub.py -> /home/yamashita/car_ws/install/mypkg/lib/python3.10/site-packages/mypkg
[5.023s] byte-compiling /home/yamashita/car_ws/install/mypkg/lib/python3.10/site-packages/mypkg/CircleImgPub.py to CircleImgPub.cpython-310.pyc
[5.030s] running install_data
[5.031s] running install_egg_info
[5.037s] removing '/home/yamashita/car_ws/install/mypkg/lib/python3.10/site-packages/mypkg-0.0.0-py3.10.egg-info' (and everything under it)
[5.040s] Copying ../../build/mypkg/mypkg.egg-info to /home/yamashita/car_ws/install/mypkg/lib/python3.10/site-packages/mypkg-0.0.0-py3.10.egg-info
[5.045s] running install_scripts
[5.121s] Installing CircleImgPub script to /home/yamashita/car_ws/install/mypkg/lib/mypkg
[5.122s] Installing camera script to /home/yamashita/car_ws/install/mypkg/lib/mypkg
[5.123s] Installing serial script to /home/yamashita/car_ws/install/mypkg/lib/mypkg
[5.125s] writing list of installed files to '/home/yamashita/car_ws/build/mypkg/install.log'
[5.248s] Invoked command in '/home/yamashita/car_ws/src/mypkg' returned '0': PYTHONPATH=/home/yamashita/car_ws/build/mypkg/prefix_override:/home/yamashita/car_ws/install/mypkg/lib/python3.10/site-packages:${PYTHONPATH} /usr/bin/python3 -W ignore:setup.py install is deprecated setup.py egg_info --egg-base ../../build/mypkg build --build-base /home/yamashita/car_ws/build/mypkg/build install --record /home/yamashita/car_ws/build/mypkg/install.log --single-version-externally-managed install_data
