[3.707s] Invoking command in '/home/yamashita/car_ws/src/mypkg': PYTHONPATH=/home/yamashita/car_ws/build/mypkg/prefix_override:/home/yamashita/car_ws/install/mypkg/lib/python3.10/site-packages:${PYTHONPATH} /usr/bin/python3 -W ignore:setup.py install is deprecated setup.py egg_info --egg-base ../../build/mypkg build --build-base /home/yamashita/car_ws/build/mypkg/build install --record /home/yamashita/car_ws/build/mypkg/install.log --single-version-externally-managed install_data
[4.870s] running egg_info
[4.872s] writing ../../build/mypkg/mypkg.egg-info/PKG-INFO
[4.873s] writing dependency_links to ../../build/mypkg/mypkg.egg-info/dependency_links.txt
[4.874s] writing entry points to ../../build/mypkg/mypkg.egg-info/entry_points.txt
[4.875s] writing requirements to ../../build/mypkg/mypkg.egg-info/requires.txt
[4.875s] writing top-level names to ../../build/mypkg/mypkg.egg-info/top_level.txt
[4.884s] reading manifest file '../../build/mypkg/mypkg.egg-info/SOURCES.txt'
[4.887s] writing manifest file '../../build/mypkg/mypkg.egg-info/SOURCES.txt'
[4.888s] running build
[4.888s] running build_py
[4.889s] copying mypkg/CircleImgPub.py -> /home/yamashita/car_ws/build/mypkg/build/lib/mypkg
[4.891s] running install
[4.892s] running install_lib
[4.896s] copying /home/yamashita/car_ws/build/mypkg/build/lib/mypkg/CircleImgPub.py -> /home/yamashita/car_ws/install/mypkg/lib/python3.10/site-packages/mypkg
[4.899s] byte-compiling /home/yamashita/car_ws/install/mypkg/lib/python3.10/site-packages/mypkg/CircleImgPub.py to CircleImgPub.cpython-310.pyc
[4.906s] running install_data
[4.907s] running install_egg_info
[4.913s] removing '/home/yamashita/car_ws/install/mypkg/lib/python3.10/site-packages/mypkg-0.0.0-py3.10.egg-info' (and everything under it)
[4.915s] Copying ../../build/mypkg/mypkg.egg-info to /home/yamashita/car_ws/install/mypkg/lib/python3.10/site-packages/mypkg-0.0.0-py3.10.egg-info
[4.919s] running install_scripts
[4.995s] Installing CircleImgPub script to /home/yamashita/car_ws/install/mypkg/lib/mypkg
[4.996s] Installing camera script to /home/yamashita/car_ws/install/mypkg/lib/mypkg
[4.997s] Installing serial script to /home/yamashita/car_ws/install/mypkg/lib/mypkg
[4.998s] writing list of installed files to '/home/yamashita/car_ws/build/mypkg/install.log'
[5.123s] Invoked command in '/home/yamashita/car_ws/src/mypkg' returned '0': PYTHONPATH=/home/yamashita/car_ws/build/mypkg/prefix_override:/home/yamashita/car_ws/install/mypkg/lib/python3.10/site-packages:${PYTHONPATH} /usr/bin/python3 -W ignore:setup.py install is deprecated setup.py egg_info --egg-base ../../build/mypkg build --build-base /home/yamashita/car_ws/build/mypkg/build install --record /home/yamashita/car_ws/build/mypkg/install.log --single-version-externally-managed install_data
