[17.691s] Invoking command in '/home/yamashita/car_ws/src/mypkg': PYTHONPATH=/home/yamashita/car_ws/build/mypkg/prefix_override:/home/yamashita/car_ws/install/mypkg/lib/python3.10/site-packages:${PYTHONPATH} /usr/bin/python3 setup.py egg_info --egg-base ../../build/mypkg build --build-base /home/yamashita/car_ws/build/mypkg/build install --record /home/yamashita/car_ws/build/mypkg/install.log --single-version-externally-managed
[21.573s] running egg_info
[21.894s] writing ../../build/mypkg/mypkg.egg-info/PKG-INFO
[21.904s] writing dependency_links to ../../build/mypkg/mypkg.egg-info/dependency_links.txt
[21.910s] writing entry points to ../../build/mypkg/mypkg.egg-info/entry_points.txt
[21.916s] writing requirements to ../../build/mypkg/mypkg.egg-info/requires.txt
[21.921s] writing top-level names to ../../build/mypkg/mypkg.egg-info/top_level.txt
[22.541s] reading manifest file '../../build/mypkg/mypkg.egg-info/SOURCES.txt'
[22.551s] writing manifest file '../../build/mypkg/mypkg.egg-info/SOURCES.txt'
[22.553s] running build
[22.555s] running build_py
[22.557s] copying mypkg/serial.py -> /home/yamashita/car_ws/build/mypkg/build/lib/mypkg
[22.560s] copying mypkg/receiver.py -> /home/yamashita/car_ws/build/mypkg/build/lib/mypkg
[22.564s] copying mypkg/__init__.py -> /home/yamashita/car_ws/build/mypkg/build/lib/mypkg
[22.567s] running install
[22.570s] /home/yamashita/.local/lib/python3.10/site-packages/setuptools/_distutils/cmd.py:66: SetuptoolsDeprecationWarning: setup.py install is deprecated.
[22.571s] !!
[22.572s] 
[22.573s]         ********************************************************************************
[22.574s]         Please avoid running ``setup.py`` directly.
[22.575s]         Instead, use pypa/build, pypa/installer or other
[22.577s]         standards-based tools.
[22.578s] 
[22.579s]         See https://blog.ganssle.io/articles/2021/10/setup-py-deprecated.html for details.
[22.580s]         ********************************************************************************
[22.585s] 
[22.590s] !!
[22.594s]   self.initialize_options()
[22.648s] running install_lib
[22.975s] running install_data
[23.291s] copying resource/mypkg -> /home/yamashita/car_ws/install/mypkg/share/ament_index/resource_index/packages
[23.300s] copying package.xml -> /home/yamashita/car_ws/install/mypkg/share/mypkg
[23.302s] copying launch/car.launch.py -> /home/yamashita/car_ws/install/mypkg/share/mypkg
[23.304s] running install_egg_info
[23.632s] removing '/home/yamashita/car_ws/install/mypkg/lib/python3.10/site-packages/mypkg-0.0.0-py3.10.egg-info' (and everything under it)
[23.642s] Copying ../../build/mypkg/mypkg.egg-info to /home/yamashita/car_ws/install/mypkg/lib/python3.10/site-packages/mypkg-0.0.0-py3.10.egg-info
[23.665s] running install_scripts
[26.692s] Installing camera script to /home/yamashita/car_ws/install/mypkg/lib/mypkg
[26.702s] Installing serial script to /home/yamashita/car_ws/install/mypkg/lib/mypkg
[26.704s] writing list of installed files to '/home/yamashita/car_ws/build/mypkg/install.log'
[27.174s] Invoked command in '/home/yamashita/car_ws/src/mypkg' returned '0': PYTHONPATH=/home/yamashita/car_ws/build/mypkg/prefix_override:/home/yamashita/car_ws/install/mypkg/lib/python3.10/site-packages:${PYTHONPATH} /usr/bin/python3 setup.py egg_info --egg-base ../../build/mypkg build --build-base /home/yamashita/car_ws/build/mypkg/build install --record /home/yamashita/car_ws/build/mypkg/install.log --single-version-externally-managed
