[10.186s] Invoking command in '/home/yamashita/car_ws/src/mypkg': PYTHONPATH=/home/yamashita/car_ws/build/mypkg/prefix_override:/home/yamashita/car_ws/install/mypkg/lib/python3.10/site-packages:${PYTHONPATH} /usr/bin/python3 setup.py egg_info --egg-base ../../build/mypkg build --build-base /home/yamashita/car_ws/build/mypkg/build install --record /home/yamashita/car_ws/build/mypkg/install.log --single-version-externally-managed
[12.829s] running egg_info
[12.833s] writing ../../build/mypkg/mypkg.egg-info/PKG-INFO
[12.835s] writing dependency_links to ../../build/mypkg/mypkg.egg-info/dependency_links.txt
[12.837s] writing entry points to ../../build/mypkg/mypkg.egg-info/entry_points.txt
[12.839s] writing requirements to ../../build/mypkg/mypkg.egg-info/requires.txt
[12.840s] writing top-level names to ../../build/mypkg/mypkg.egg-info/top_level.txt
[12.858s] reading manifest file '../../build/mypkg/mypkg.egg-info/SOURCES.txt'
[12.866s] writing manifest file '../../build/mypkg/mypkg.egg-info/SOURCES.txt'
[12.867s] running build
[12.868s] running build_py
[12.869s] copying mypkg/receiver.py -> /home/yamashita/car_ws/build/mypkg/build/lib/mypkg
[12.873s] running install
[12.875s] running install_lib
[12.882s] copying /home/yamashita/car_ws/build/mypkg/build/lib/mypkg/receiver.py -> /home/yamashita/car_ws/install/mypkg/lib/python3.10/site-packages/mypkg
[12.888s] byte-compiling /home/yamashita/car_ws/install/mypkg/lib/python3.10/site-packages/mypkg/receiver.py to receiver.cpython-310.pyc
[12.900s] running install_data
[12.906s] running install_egg_info
[12.919s] removing '/home/yamashita/car_ws/install/mypkg/lib/python3.10/site-packages/mypkg-0.0.0-py3.10.egg-info' (and everything under it)
[12.923s] Copying ../../build/mypkg/mypkg.egg-info to /home/yamashita/car_ws/install/mypkg/lib/python3.10/site-packages/mypkg-0.0.0-py3.10.egg-info
[12.934s] running install_scripts
[13.095s] Installing camera script to /home/yamashita/car_ws/install/mypkg/lib/mypkg
[13.097s] Installing serial script to /home/yamashita/car_ws/install/mypkg/lib/mypkg
[13.101s] writing list of installed files to '/home/yamashita/car_ws/build/mypkg/install.log'
[13.379s] Invoked command in '/home/yamashita/car_ws/src/mypkg' returned '0': PYTHONPATH=/home/yamashita/car_ws/build/mypkg/prefix_override:/home/yamashita/car_ws/install/mypkg/lib/python3.10/site-packages:${PYTHONPATH} /usr/bin/python3 setup.py egg_info --egg-base ../../build/mypkg build --build-base /home/yamashita/car_ws/build/mypkg/build install --record /home/yamashita/car_ws/build/mypkg/install.log --single-version-externally-managed
