[3.748s] Invoking command in '/home/yamashita/car_ws/src/mypkg': PYTHONPATH=/home/yamashita/car_ws/build/mypkg/prefix_override:/home/yamashita/car_ws/install/mypkg/lib/python3.10/site-packages:${PYTHONPATH} /usr/bin/python3 -W ignore:setup.py install is deprecated setup.py egg_info --egg-base ../../build/mypkg build --build-base /home/yamashita/car_ws/build/mypkg/build install --record /home/yamashita/car_ws/build/mypkg/install.log --single-version-externally-managed install_data
[4.907s] running egg_info
[4.909s] writing ../../build/mypkg/mypkg.egg-info/PKG-INFO
[4.910s] writing dependency_links to ../../build/mypkg/mypkg.egg-info/dependency_links.txt
[4.911s] writing entry points to ../../build/mypkg/mypkg.egg-info/entry_points.txt
[4.912s] writing requirements to ../../build/mypkg/mypkg.egg-info/requires.txt
[4.912s] writing top-level names to ../../build/mypkg/mypkg.egg-info/top_level.txt
[4.921s] reading manifest file '../../build/mypkg/mypkg.egg-info/SOURCES.txt'
[4.924s] writing manifest file '../../build/mypkg/mypkg.egg-info/SOURCES.txt'
[4.925s] running build
[4.925s] running build_py
[4.926s] copying mypkg/CircleImgPub.py -> /home/yamashita/car_ws/build/mypkg/build/lib/mypkg
[4.928s] running install
[4.929s] running install_lib
[4.932s] copying /home/yamashita/car_ws/build/mypkg/build/lib/mypkg/CircleImgPub.py -> /home/yamashita/car_ws/install/mypkg/lib/python3.10/site-packages/mypkg
[4.936s] byte-compiling /home/yamashita/car_ws/install/mypkg/lib/python3.10/site-packages/mypkg/CircleImgPub.py to CircleImgPub.cpython-310.pyc
[4.943s] running install_data
[4.944s] running install_egg_info
[4.950s] removing '/home/yamashita/car_ws/install/mypkg/lib/python3.10/site-packages/mypkg-0.0.0-py3.10.egg-info' (and everything under it)
[4.952s] Copying ../../build/mypkg/mypkg.egg-info to /home/yamashita/car_ws/install/mypkg/lib/python3.10/site-packages/mypkg-0.0.0-py3.10.egg-info
[4.956s] running install_scripts
[5.032s] Installing CircleImgPub script to /home/yamashita/car_ws/install/mypkg/lib/mypkg
[5.033s] Installing camera script to /home/yamashita/car_ws/install/mypkg/lib/mypkg
[5.034s] Installing serial script to /home/yamashita/car_ws/install/mypkg/lib/mypkg
[5.035s] writing list of installed files to '/home/yamashita/car_ws/build/mypkg/install.log'
[5.160s] Invoked command in '/home/yamashita/car_ws/src/mypkg' returned '0': PYTHONPATH=/home/yamashita/car_ws/build/mypkg/prefix_override:/home/yamashita/car_ws/install/mypkg/lib/python3.10/site-packages:${PYTHONPATH} /usr/bin/python3 -W ignore:setup.py install is deprecated setup.py egg_info --egg-base ../../build/mypkg build --build-base /home/yamashita/car_ws/build/mypkg/build install --record /home/yamashita/car_ws/build/mypkg/install.log --single-version-externally-managed install_data
