[4.284s] Invoking command in '/home/yamashita/car_ws/src/mypkg': PYTHONPATH=/home/yamashita/car_ws/build/mypkg/prefix_override:/home/yamashita/car_ws/install/mypkg/lib/python3.10/site-packages:${PYTHONPATH} /usr/bin/python3 setup.py egg_info --egg-base ../../build/mypkg build --build-base /home/yamashita/car_ws/build/mypkg/build install --record /home/yamashita/car_ws/build/mypkg/install.log --single-version-externally-managed
[5.398s] running egg_info
[5.400s] writing ../../build/mypkg/mypkg.egg-info/PKG-INFO
[5.401s] writing dependency_links to ../../build/mypkg/mypkg.egg-info/dependency_links.txt
[5.402s] writing entry points to ../../build/mypkg/mypkg.egg-info/entry_points.txt
[5.403s] writing requirements to ../../build/mypkg/mypkg.egg-info/requires.txt
[5.403s] writing top-level names to ../../build/mypkg/mypkg.egg-info/top_level.txt
[5.411s] reading manifest file '../../build/mypkg/mypkg.egg-info/SOURCES.txt'
[5.415s] writing manifest file '../../build/mypkg/mypkg.egg-info/SOURCES.txt'
[5.415s] running build
[5.416s] running build_py
[5.417s] copying mypkg/CircleImgPub.py -> /home/yamashita/car_ws/build/mypkg/build/lib/mypkg
[5.418s] running install
[5.419s] running install_lib
[5.423s] copying /home/yamashita/car_ws/build/mypkg/build/lib/mypkg/CircleImgPub.py -> /home/yamashita/car_ws/install/mypkg/lib/python3.10/site-packages/mypkg
[5.426s] byte-compiling /home/yamashita/car_ws/install/mypkg/lib/python3.10/site-packages/mypkg/CircleImgPub.py to CircleImgPub.cpython-310.pyc
[5.429s] running install_data
[5.432s] running install_egg_info
[5.438s] removing '/home/yamashita/car_ws/install/mypkg/lib/python3.10/site-packages/mypkg-0.0.0-py3.10.egg-info' (and everything under it)
[5.440s] Copying ../../build/mypkg/mypkg.egg-info to /home/yamashita/car_ws/install/mypkg/lib/python3.10/site-packages/mypkg-0.0.0-py3.10.egg-info
[5.444s] running install_scripts
[5.518s] Installing CircleImgPub script to /home/yamashita/car_ws/install/mypkg/lib/mypkg
[5.519s] Installing camera0 script to /home/yamashita/car_ws/install/mypkg/lib/mypkg
[5.519s] Installing serial script to /home/yamashita/car_ws/install/mypkg/lib/mypkg
[5.521s] writing list of installed files to '/home/yamashita/car_ws/build/mypkg/install.log'
[5.644s] Invoked command in '/home/yamashita/car_ws/src/mypkg' returned '0': PYTHONPATH=/home/yamashita/car_ws/build/mypkg/prefix_override:/home/yamashita/car_ws/install/mypkg/lib/python3.10/site-packages:${PYTHONPATH} /usr/bin/python3 setup.py egg_info --egg-base ../../build/mypkg build --build-base /home/yamashita/car_ws/build/mypkg/build install --record /home/yamashita/car_ws/build/mypkg/install.log --single-version-externally-managed
