[10.830s] Invoking command in '/home/yamashita/car_ws/src/mypkg': PYTHONPATH=/home/yamashita/car_ws/build/mypkg/prefix_override:/home/yamashita/car_ws/install/mypkg/lib/python3.10/site-packages:${PYTHONPATH} /usr/bin/python3 setup.py egg_info --egg-base ../../build/mypkg build --build-base /home/yamashita/car_ws/build/mypkg/build install --record /home/yamashita/car_ws/build/mypkg/install.log --single-version-externally-managed
[13.629s] running egg_info
[13.634s] writing ../../build/mypkg/mypkg.egg-info/PKG-INFO
[13.636s] writing dependency_links to ../../build/mypkg/mypkg.egg-info/dependency_links.txt
[13.638s] writing entry points to ../../build/mypkg/mypkg.egg-info/entry_points.txt
[13.640s] writing requirements to ../../build/mypkg/mypkg.egg-info/requires.txt
[13.641s] writing top-level names to ../../build/mypkg/mypkg.egg-info/top_level.txt
[13.660s] reading manifest file '../../build/mypkg/mypkg.egg-info/SOURCES.txt'
[13.668s] writing manifest file '../../build/mypkg/mypkg.egg-info/SOURCES.txt'
[13.669s] running build
[13.670s] running build_py
[13.672s] copying mypkg/receiver.py -> /home/yamashita/car_ws/build/mypkg/build/lib/mypkg
[13.675s] running install
[13.678s] running install_lib
[13.685s] copying /home/yamashita/car_ws/build/mypkg/build/lib/mypkg/receiver.py -> /home/yamashita/car_ws/install/mypkg/lib/python3.10/site-packages/mypkg
[13.692s] byte-compiling /home/yamashita/car_ws/install/mypkg/lib/python3.10/site-packages/mypkg/receiver.py to receiver.cpython-310.pyc
[13.703s] running install_data
[13.708s] running install_egg_info
[13.722s] removing '/home/yamashita/car_ws/install/mypkg/lib/python3.10/site-packages/mypkg-0.0.0-py3.10.egg-info' (and everything under it)
[13.726s] Copying ../../build/mypkg/mypkg.egg-info to /home/yamashita/car_ws/install/mypkg/lib/python3.10/site-packages/mypkg-0.0.0-py3.10.egg-info
[13.738s] running install_scripts
[13.906s] Installing camera script to /home/yamashita/car_ws/install/mypkg/lib/mypkg
[13.908s] Installing serial script to /home/yamashita/car_ws/install/mypkg/lib/mypkg
[13.912s] writing list of installed files to '/home/yamashita/car_ws/build/mypkg/install.log'
[14.200s] Invoked command in '/home/yamashita/car_ws/src/mypkg' returned '0': PYTHONPATH=/home/yamashita/car_ws/build/mypkg/prefix_override:/home/yamashita/car_ws/install/mypkg/lib/python3.10/site-packages:${PYTHONPATH} /usr/bin/python3 setup.py egg_info --egg-base ../../build/mypkg build --build-base /home/yamashita/car_ws/build/mypkg/build install --record /home/yamashita/car_ws/build/mypkg/install.log --single-version-externally-managed
