[11.457s] DEBUG:colcon:Command line arguments: ['/usr/bin/colcon', 'build']
[11.458s] DEBUG:colcon:Parsed command line arguments: Namespace(log_base=None, log_level=None, verb_name='build', build_base='build', install_base='install', merge_install=False, symlink_install=False, test_result_base=None, continue_on_error=False, executor='parallel', parallel_workers=4, event_handlers=None, ignore_user_meta=False, metas=['./colcon.meta'], base_paths=['.'], packages_ignore=None, packages_ignore_regex=None, paths=None, packages_up_to=None, packages_up_to_regex=None, packages_above=None, packages_above_and_dependencies=None, packages_above_depth=None, packages_select_by_dep=None, packages_skip_by_dep=None, packages_skip_up_to=None, packages_select_build_failed=False, packages_skip_build_finished=False, packages_select_test_failures=False, packages_skip_test_passed=False, packages_select=None, packages_skip=None, packages_select_regex=None, packages_skip_regex=None, packages_start=None, packages_end=None, allow_overriding=[], cmake_args=None, cmake_target=None, cmake_target_skip_unavailable=False, cmake_clean_cache=False, cmake_clean_first=False, cmake_force_configure=False, ament_cmake_args=None, catkin_cmake_args=None, catkin_skip_building_tests=False, verb_parser=<colcon_defaults.argument_parser.defaults.DefaultArgumentsDecorator object at 0xffffbc1bdbd0>, verb_extension=<colcon_core.verb.build.BuildVerb object at 0xffffbc48c1c0>, main=<bound method BuildVerb.main of <colcon_core.verb.build.BuildVerb object at 0xffffbc48c1c0>>)
[11.951s] Level 1:colcon.colcon_core.package_discovery:discover_packages(colcon_meta) check parameters
[11.952s] Level 1:colcon.colcon_core.package_discovery:discover_packages(recursive) check parameters
[11.953s] Level 1:colcon.colcon_core.package_discovery:discover_packages(ignore) check parameters
[11.953s] Level 1:colcon.colcon_core.package_discovery:discover_packages(path) check parameters
[11.953s] Level 1:colcon.colcon_core.package_discovery:discover_packages(colcon_meta) discover
[11.954s] Level 1:colcon.colcon_core.package_discovery:discover_packages(recursive) discover
[11.954s] INFO:colcon.colcon_core.package_discovery:Crawling recursively for packages in '/home/yamashita/car_ws'
[11.955s] Level 1:colcon.colcon_core.package_identification:_identify(.) by extensions ['ignore', 'ignore_ament_install']
[11.956s] Level 1:colcon.colcon_core.package_identification:_identify(.) by extension 'ignore'
[11.956s] Level 1:colcon.colcon_core.package_identification:_identify(.) by extension 'ignore_ament_install'
[11.957s] Level 1:colcon.colcon_core.package_identification:_identify(.) by extensions ['colcon_pkg']
[11.957s] Level 1:colcon.colcon_core.package_identification:_identify(.) by extension 'colcon_pkg'
[11.957s] Level 1:colcon.colcon_core.package_identification:_identify(.) by extensions ['colcon_meta']
[11.958s] Level 1:colcon.colcon_core.package_identification:_identify(.) by extension 'colcon_meta'
[11.958s] Level 1:colcon.colcon_core.package_identification:_identify(.) by extensions ['ros']
[11.958s] Level 1:colcon.colcon_core.package_identification:_identify(.) by extension 'ros'
[12.064s] Level 1:colcon.colcon_core.package_identification:_identify(.) by extensions ['cmake', 'python']
[12.064s] Level 1:colcon.colcon_core.package_identification:_identify(.) by extension 'cmake'
[12.065s] Level 1:colcon.colcon_core.package_identification:_identify(.) by extension 'python'
[12.065s] Level 1:colcon.colcon_core.package_identification:_identify(.) by extensions ['python_setup_py']
[12.065s] Level 1:colcon.colcon_core.package_identification:_identify(.) by extension 'python_setup_py'
[12.067s] Level 1:colcon.colcon_core.package_identification:_identify(build) by extensions ['ignore', 'ignore_ament_install']
[12.068s] Level 1:colcon.colcon_core.package_identification:_identify(build) by extension 'ignore'
[12.068s] Level 1:colcon.colcon_core.package_identification:_identify(build) ignored
[12.070s] Level 1:colcon.colcon_core.package_identification:_identify(install) by extensions ['ignore', 'ignore_ament_install']
[12.071s] Level 1:colcon.colcon_core.package_identification:_identify(install) by extension 'ignore'
[12.072s] Level 1:colcon.colcon_core.package_identification:_identify(install) ignored
[12.073s] Level 1:colcon.colcon_core.package_identification:_identify(log) by extensions ['ignore', 'ignore_ament_install']
[12.074s] Level 1:colcon.colcon_core.package_identification:_identify(log) by extension 'ignore'
[12.075s] Level 1:colcon.colcon_core.package_identification:_identify(log) ignored
[12.076s] Level 1:colcon.colcon_core.package_identification:_identify(src) by extensions ['ignore', 'ignore_ament_install']
[12.076s] Level 1:colcon.colcon_core.package_identification:_identify(src) by extension 'ignore'
[12.077s] Level 1:colcon.colcon_core.package_identification:_identify(src) by extension 'ignore_ament_install'
[12.077s] Level 1:colcon.colcon_core.package_identification:_identify(src) by extensions ['colcon_pkg']
[12.078s] Level 1:colcon.colcon_core.package_identification:_identify(src) by extension 'colcon_pkg'
[12.078s] Level 1:colcon.colcon_core.package_identification:_identify(src) by extensions ['colcon_meta']
[12.078s] Level 1:colcon.colcon_core.package_identification:_identify(src) by extension 'colcon_meta'
[12.079s] Level 1:colcon.colcon_core.package_identification:_identify(src) by extensions ['ros']
[12.079s] Level 1:colcon.colcon_core.package_identification:_identify(src) by extension 'ros'
[12.080s] Level 1:colcon.colcon_core.package_identification:_identify(src) by extensions ['cmake', 'python']
[12.081s] Level 1:colcon.colcon_core.package_identification:_identify(src) by extension 'cmake'
[12.081s] Level 1:colcon.colcon_core.package_identification:_identify(src) by extension 'python'
[12.082s] Level 1:colcon.colcon_core.package_identification:_identify(src) by extensions ['python_setup_py']
[12.082s] Level 1:colcon.colcon_core.package_identification:_identify(src) by extension 'python_setup_py'
[12.083s] Level 1:colcon.colcon_core.package_identification:_identify(src/coordinate_msg) by extensions ['ignore', 'ignore_ament_install']
[12.084s] Level 1:colcon.colcon_core.package_identification:_identify(src/coordinate_msg) by extension 'ignore'
[12.085s] Level 1:colcon.colcon_core.package_identification:_identify(src/coordinate_msg) by extension 'ignore_ament_install'
[12.085s] Level 1:colcon.colcon_core.package_identification:_identify(src/coordinate_msg) by extensions ['colcon_pkg']
[12.086s] Level 1:colcon.colcon_core.package_identification:_identify(src/coordinate_msg) by extension 'colcon_pkg'
[12.086s] Level 1:colcon.colcon_core.package_identification:_identify(src/coordinate_msg) by extensions ['colcon_meta']
[12.086s] Level 1:colcon.colcon_core.package_identification:_identify(src/coordinate_msg) by extension 'colcon_meta'
[12.087s] Level 1:colcon.colcon_core.package_identification:_identify(src/coordinate_msg) by extensions ['ros']
[12.087s] Level 1:colcon.colcon_core.package_identification:_identify(src/coordinate_msg) by extension 'ros'
[12.106s] DEBUG:colcon.colcon_core.package_identification:Package 'src/coordinate_msg' with type 'ros.ament_cmake' and name 'coordinate_msg'
[12.108s] Level 1:colcon.colcon_core.package_identification:_identify(src/mypkg) by extensions ['ignore', 'ignore_ament_install']
[12.109s] Level 1:colcon.colcon_core.package_identification:_identify(src/mypkg) by extension 'ignore'
[12.109s] Level 1:colcon.colcon_core.package_identification:_identify(src/mypkg) by extension 'ignore_ament_install'
[12.110s] Level 1:colcon.colcon_core.package_identification:_identify(src/mypkg) by extensions ['colcon_pkg']
[12.110s] Level 1:colcon.colcon_core.package_identification:_identify(src/mypkg) by extension 'colcon_pkg'
[12.110s] Level 1:colcon.colcon_core.package_identification:_identify(src/mypkg) by extensions ['colcon_meta']
[12.111s] Level 1:colcon.colcon_core.package_identification:_identify(src/mypkg) by extension 'colcon_meta'
[12.111s] Level 1:colcon.colcon_core.package_identification:_identify(src/mypkg) by extensions ['ros']
[12.111s] Level 1:colcon.colcon_core.package_identification:_identify(src/mypkg) by extension 'ros'
[12.116s] DEBUG:colcon.colcon_core.package_identification:Package 'src/mypkg' with type 'ros.ament_python' and name 'mypkg'
[12.117s] Level 1:colcon.colcon_core.package_discovery:discover_packages(recursive) using defaults
[12.117s] Level 1:colcon.colcon_core.package_discovery:discover_packages(ignore) discover
[12.118s] Level 1:colcon.colcon_core.package_discovery:discover_packages(ignore) using defaults
[12.118s] Level 1:colcon.colcon_core.package_discovery:discover_packages(path) discover
[12.118s] Level 1:colcon.colcon_core.package_discovery:discover_packages(path) using defaults
[13.100s] Level 1:colcon.colcon_core.package_discovery:discover_packages(prefix_path) check parameters
[13.101s] Level 1:colcon.colcon_core.package_discovery:discover_packages(prefix_path) discover
[13.443s] DEBUG:colcon.colcon_installed_package_information.package_discovery:Found 2 installed packages in /home/yamashita/car_ws/install
[13.622s] DEBUG:colcon.colcon_installed_package_information.package_discovery:Found 300 installed packages in /opt/ros/humble
[13.636s] Level 1:colcon.colcon_core.package_discovery:discover_packages(prefix_path) using defaults
[14.718s] Level 5:colcon.colcon_core.verb:set package 'coordinate_msg' build argument 'cmake_args' from command line to 'None'
[14.718s] Level 5:colcon.colcon_core.verb:set package 'coordinate_msg' build argument 'cmake_target' from command line to 'None'
[14.730s] Level 5:colcon.colcon_core.verb:set package 'coordinate_msg' build argument 'cmake_target_skip_unavailable' from command line to 'False'
[14.730s] Level 5:colcon.colcon_core.verb:set package 'coordinate_msg' build argument 'cmake_clean_cache' from command line to 'False'
[14.731s] Level 5:colcon.colcon_core.verb:set package 'coordinate_msg' build argument 'cmake_clean_first' from command line to 'False'
[14.731s] Level 5:colcon.colcon_core.verb:set package 'coordinate_msg' build argument 'cmake_force_configure' from command line to 'False'
[14.731s] Level 5:colcon.colcon_core.verb:set package 'coordinate_msg' build argument 'ament_cmake_args' from command line to 'None'
[14.732s] Level 5:colcon.colcon_core.verb:set package 'coordinate_msg' build argument 'catkin_cmake_args' from command line to 'None'
[14.732s] Level 5:colcon.colcon_core.verb:set package 'coordinate_msg' build argument 'catkin_skip_building_tests' from command line to 'False'
[14.733s] DEBUG:colcon.colcon_core.verb:Building package 'coordinate_msg' with the following arguments: {'ament_cmake_args': None, 'build_base': '/home/yamashita/car_ws/build/coordinate_msg', 'catkin_cmake_args': None, 'catkin_skip_building_tests': False, 'cmake_args': None, 'cmake_clean_cache': False, 'cmake_clean_first': False, 'cmake_force_configure': False, 'cmake_target': None, 'cmake_target_skip_unavailable': False, 'install_base': '/home/yamashita/car_ws/install/coordinate_msg', 'merge_install': False, 'path': '/home/yamashita/car_ws/src/coordinate_msg', 'symlink_install': False, 'test_result_base': None}
[14.903s] Level 5:colcon.colcon_core.verb:set package 'mypkg' build argument 'cmake_args' from command line to 'None'
[14.904s] Level 5:colcon.colcon_core.verb:set package 'mypkg' build argument 'cmake_target' from command line to 'None'
[14.904s] Level 5:colcon.colcon_core.verb:set package 'mypkg' build argument 'cmake_target_skip_unavailable' from command line to 'False'
[14.904s] Level 5:colcon.colcon_core.verb:set package 'mypkg' build argument 'cmake_clean_cache' from command line to 'False'
[14.904s] Level 5:colcon.colcon_core.verb:set package 'mypkg' build argument 'cmake_clean_first' from command line to 'False'
[14.904s] Level 5:colcon.colcon_core.verb:set package 'mypkg' build argument 'cmake_force_configure' from command line to 'False'
[14.905s] Level 5:colcon.colcon_core.verb:set package 'mypkg' build argument 'ament_cmake_args' from command line to 'None'
[14.905s] Level 5:colcon.colcon_core.verb:set package 'mypkg' build argument 'catkin_cmake_args' from command line to 'None'
[14.905s] Level 5:colcon.colcon_core.verb:set package 'mypkg' build argument 'catkin_skip_building_tests' from command line to 'False'
[14.905s] DEBUG:colcon.colcon_core.verb:Building package 'mypkg' with the following arguments: {'ament_cmake_args': None, 'build_base': '/home/yamashita/car_ws/build/mypkg', 'catkin_cmake_args': None, 'catkin_skip_building_tests': False, 'cmake_args': None, 'cmake_clean_cache': False, 'cmake_clean_first': False, 'cmake_force_configure': False, 'cmake_target': None, 'cmake_target_skip_unavailable': False, 'install_base': '/home/yamashita/car_ws/install/mypkg', 'merge_install': False, 'path': '/home/yamashita/car_ws/src/mypkg', 'symlink_install': False, 'test_result_base': None}
[15.066s] INFO:colcon.colcon_core.executor:Executing jobs using 'parallel' executor
[15.234s] DEBUG:colcon.colcon_parallel_executor.executor.parallel:run_until_complete
[15.236s] INFO:colcon.colcon_ros.task.ament_cmake.build:Building ROS package in '/home/yamashita/car_ws/src/coordinate_msg' with build type 'ament_cmake'
[15.237s] INFO:colcon.colcon_cmake.task.cmake.build:Building CMake package in '/home/yamashita/car_ws/src/coordinate_msg'
[15.423s] INFO:colcon.colcon_core.plugin_system:Skipping extension 'colcon_core.shell.bat': Not used on non-Windows systems
[15.425s] INFO:colcon.colcon_core.shell:Skip shell extension 'powershell' for command environment: Not usable outside of PowerShell
[15.425s] DEBUG:colcon.colcon_core.shell:Skip shell extension 'dsv' for command environment
[15.964s] INFO:colcon.colcon_ros.task.ament_python.build:Building ROS package in '/home/yamashita/car_ws/src/mypkg' with build type 'ament_python'
[15.966s] Level 1:colcon.colcon_core.shell:create_environment_hook('mypkg', 'ament_prefix_path')
[16.138s] INFO:colcon.colcon_core.shell:Creating environment hook '/home/yamashita/car_ws/install/mypkg/share/mypkg/hook/ament_prefix_path.ps1'
[16.143s] INFO:colcon.colcon_core.shell:Creating environment descriptor '/home/yamashita/car_ws/install/mypkg/share/mypkg/hook/ament_prefix_path.dsv'
[16.147s] INFO:colcon.colcon_core.shell:Creating environment hook '/home/yamashita/car_ws/install/mypkg/share/mypkg/hook/ament_prefix_path.sh'
[16.322s] INFO:colcon.colcon_core.shell:Skip shell extension 'powershell' for command environment: Not usable outside of PowerShell
[16.322s] DEBUG:colcon.colcon_core.shell:Skip shell extension 'dsv' for command environment
[16.892s] DEBUG:colcon.colcon_core.event_handler.log_command:Invoking command in '/home/yamashita/car_ws/build/coordinate_msg': CMAKE_PREFIX_PATH=${CMAKE_PREFIX_PATH}:/home/yamashita/car_ws/install/mypkg:/opt/ros/humble /usr/bin/cmake --build /home/yamashita/car_ws/build/coordinate_msg -- -j4 -l4
[20.908s] INFO:colcon.colcon_core.task.python.build:Building Python package in '/home/yamashita/car_ws/src/mypkg'
[21.135s] INFO:colcon.colcon_core.shell:Skip shell extension 'powershell' for command environment: Not usable outside of PowerShell
[21.136s] DEBUG:colcon.colcon_core.shell:Skip shell extension 'dsv' for command environment
[21.989s] DEBUG:colcon.colcon_core.event_handler.log_command:Invoked command in '/home/yamashita/car_ws/build/coordinate_msg' returned '0': CMAKE_PREFIX_PATH=${CMAKE_PREFIX_PATH}:/home/yamashita/car_ws/install/mypkg:/opt/ros/humble /usr/bin/cmake --build /home/yamashita/car_ws/build/coordinate_msg -- -j4 -l4
[22.698s] DEBUG:colcon.colcon_core.event_handler.log_command:Invoking command in '/home/yamashita/car_ws/build/coordinate_msg': CMAKE_PREFIX_PATH=${CMAKE_PREFIX_PATH}:/home/yamashita/car_ws/install/mypkg:/opt/ros/humble /usr/bin/cmake --install /home/yamashita/car_ws/build/coordinate_msg
[23.365s] Level 1:colcon.colcon_core.environment:create_environment_scripts_only(coordinate_msg)
[23.404s] DEBUG:colcon.colcon_core.event_handler.log_command:Invoked command in '/home/yamashita/car_ws/build/coordinate_msg' returned '0': CMAKE_PREFIX_PATH=${CMAKE_PREFIX_PATH}:/home/yamashita/car_ws/install/mypkg:/opt/ros/humble /usr/bin/cmake --install /home/yamashita/car_ws/build/coordinate_msg
[23.640s] Level 1:colcon.colcon_core.environment:checking '/home/yamashita/car_ws/install/coordinate_msg' for CMake module files
[23.649s] Level 1:colcon.colcon_core.environment:checking '/home/yamashita/car_ws/install/coordinate_msg' for CMake config files
[23.657s] Level 1:colcon.colcon_core.shell:create_environment_hook('coordinate_msg', 'cmake_prefix_path')
[23.883s] INFO:colcon.colcon_core.shell:Creating environment hook '/home/yamashita/car_ws/install/coordinate_msg/share/coordinate_msg/hook/cmake_prefix_path.ps1'
[23.889s] INFO:colcon.colcon_core.shell:Creating environment descriptor '/home/yamashita/car_ws/install/coordinate_msg/share/coordinate_msg/hook/cmake_prefix_path.dsv'
[23.893s] INFO:colcon.colcon_core.shell:Creating environment hook '/home/yamashita/car_ws/install/coordinate_msg/share/coordinate_msg/hook/cmake_prefix_path.sh'
[23.900s] Level 1:colcon.colcon_core.environment:checking '/home/yamashita/car_ws/install/coordinate_msg/lib'
[23.902s] Level 1:colcon.colcon_core.shell:create_environment_hook('coordinate_msg', 'ld_library_path_lib')
[24.125s] INFO:colcon.colcon_core.shell:Creating environment hook '/home/yamashita/car_ws/install/coordinate_msg/share/coordinate_msg/hook/ld_library_path_lib.ps1'
[24.130s] INFO:colcon.colcon_core.shell:Creating environment descriptor '/home/yamashita/car_ws/install/coordinate_msg/share/coordinate_msg/hook/ld_library_path_lib.dsv'
[24.134s] INFO:colcon.colcon_core.shell:Creating environment hook '/home/yamashita/car_ws/install/coordinate_msg/share/coordinate_msg/hook/ld_library_path_lib.sh'
[24.139s] Level 1:colcon.colcon_core.environment:checking '/home/yamashita/car_ws/install/coordinate_msg/bin'
[24.140s] Level 1:colcon.colcon_core.environment:checking '/home/yamashita/car_ws/install/coordinate_msg/lib/pkgconfig/coordinate_msg.pc'
[24.143s] Level 1:colcon.colcon_core.environment:checking '/home/yamashita/car_ws/install/coordinate_msg/lib/python3.10/site-packages'
[24.146s] Level 1:colcon.colcon_core.environment:checking '/home/yamashita/car_ws/install/coordinate_msg/bin'
[24.368s] INFO:colcon.colcon_core.shell:Creating package script '/home/yamashita/car_ws/install/coordinate_msg/share/coordinate_msg/package.ps1'
[24.376s] INFO:colcon.colcon_core.shell:Creating package descriptor '/home/yamashita/car_ws/install/coordinate_msg/share/coordinate_msg/package.dsv'
[24.382s] INFO:colcon.colcon_core.shell:Creating package script '/home/yamashita/car_ws/install/coordinate_msg/share/coordinate_msg/package.sh'
[24.390s] INFO:colcon.colcon_core.shell:Creating package script '/home/yamashita/car_ws/install/coordinate_msg/share/coordinate_msg/package.bash'
[24.398s] INFO:colcon.colcon_core.shell:Creating package script '/home/yamashita/car_ws/install/coordinate_msg/share/coordinate_msg/package.zsh'
[24.406s] Level 1:colcon.colcon_core.environment:create_file_with_runtime_dependencies(/home/yamashita/car_ws/install/coordinate_msg/share/colcon-core/packages/coordinate_msg)
[25.281s] Level 1:colcon.colcon_core.environment:create_environment_scripts_only(coordinate_msg)
[25.521s] Level 1:colcon.colcon_core.environment:checking '/home/yamashita/car_ws/install/coordinate_msg' for CMake module files
[25.529s] Level 1:colcon.colcon_core.environment:checking '/home/yamashita/car_ws/install/coordinate_msg' for CMake config files
[25.540s] Level 1:colcon.colcon_core.shell:create_environment_hook('coordinate_msg', 'cmake_prefix_path')
[25.783s] INFO:colcon.colcon_core.shell:Creating environment hook '/home/yamashita/car_ws/install/coordinate_msg/share/coordinate_msg/hook/cmake_prefix_path.ps1'
[25.787s] INFO:colcon.colcon_core.shell:Creating environment descriptor '/home/yamashita/car_ws/install/coordinate_msg/share/coordinate_msg/hook/cmake_prefix_path.dsv'
[25.792s] INFO:colcon.colcon_core.shell:Creating environment hook '/home/yamashita/car_ws/install/coordinate_msg/share/coordinate_msg/hook/cmake_prefix_path.sh'
[25.798s] Level 1:colcon.colcon_core.environment:checking '/home/yamashita/car_ws/install/coordinate_msg/lib'
[25.799s] Level 1:colcon.colcon_core.shell:create_environment_hook('coordinate_msg', 'ld_library_path_lib')
[26.009s] INFO:colcon.colcon_core.shell:Creating environment hook '/home/yamashita/car_ws/install/coordinate_msg/share/coordinate_msg/hook/ld_library_path_lib.ps1'
[26.014s] INFO:colcon.colcon_core.shell:Creating environment descriptor '/home/yamashita/car_ws/install/coordinate_msg/share/coordinate_msg/hook/ld_library_path_lib.dsv'
[26.017s] INFO:colcon.colcon_core.shell:Creating environment hook '/home/yamashita/car_ws/install/coordinate_msg/share/coordinate_msg/hook/ld_library_path_lib.sh'
[26.022s] Level 1:colcon.colcon_core.environment:checking '/home/yamashita/car_ws/install/coordinate_msg/bin'
[26.023s] Level 1:colcon.colcon_core.environment:checking '/home/yamashita/car_ws/install/coordinate_msg/lib/pkgconfig/coordinate_msg.pc'
[26.026s] Level 1:colcon.colcon_core.environment:checking '/home/yamashita/car_ws/install/coordinate_msg/lib/python3.10/site-packages'
[26.029s] Level 1:colcon.colcon_core.environment:checking '/home/yamashita/car_ws/install/coordinate_msg/bin'
[26.265s] INFO:colcon.colcon_core.shell:Creating package script '/home/yamashita/car_ws/install/coordinate_msg/share/coordinate_msg/package.ps1'
[26.272s] INFO:colcon.colcon_core.shell:Creating package descriptor '/home/yamashita/car_ws/install/coordinate_msg/share/coordinate_msg/package.dsv'
[26.278s] INFO:colcon.colcon_core.shell:Creating package script '/home/yamashita/car_ws/install/coordinate_msg/share/coordinate_msg/package.sh'
[26.283s] INFO:colcon.colcon_core.shell:Creating package script '/home/yamashita/car_ws/install/coordinate_msg/share/coordinate_msg/package.bash'
[26.289s] INFO:colcon.colcon_core.shell:Creating package script '/home/yamashita/car_ws/install/coordinate_msg/share/coordinate_msg/package.zsh'
[26.295s] Level 1:colcon.colcon_core.environment:create_file_with_runtime_dependencies(/home/yamashita/car_ws/install/coordinate_msg/share/colcon-core/packages/coordinate_msg)
[26.677s] DEBUG:colcon.colcon_core.event_handler.log_command:Invoking command in '/home/yamashita/car_ws/src/mypkg': PYTHONPATH=/home/yamashita/car_ws/build/mypkg/prefix_override:/home/yamashita/car_ws/install/mypkg/lib/python3.10/site-packages:${PYTHONPATH} /usr/bin/python3 setup.py egg_info --egg-base ../../build/mypkg build --build-base /home/yamashita/car_ws/build/mypkg/build install --record /home/yamashita/car_ws/build/mypkg/install.log --single-version-externally-managed
[30.037s] DEBUG:colcon.colcon_core.event_handler.log_command:Invoked command in '/home/yamashita/car_ws/src/mypkg' returned '0': PYTHONPATH=/home/yamashita/car_ws/build/mypkg/prefix_override:/home/yamashita/car_ws/install/mypkg/lib/python3.10/site-packages:${PYTHONPATH} /usr/bin/python3 setup.py egg_info --egg-base ../../build/mypkg build --build-base /home/yamashita/car_ws/build/mypkg/build install --record /home/yamashita/car_ws/build/mypkg/install.log --single-version-externally-managed
[30.211s] Level 1:colcon.colcon_core.environment:checking '/home/yamashita/car_ws/install/mypkg' for CMake module files
[30.216s] Level 1:colcon.colcon_core.environment:checking '/home/yamashita/car_ws/install/mypkg' for CMake config files
[30.224s] Level 1:colcon.colcon_core.environment:checking '/home/yamashita/car_ws/install/mypkg/lib'
[30.225s] Level 1:colcon.colcon_core.environment:checking '/home/yamashita/car_ws/install/mypkg/bin'
[30.226s] Level 1:colcon.colcon_core.environment:checking '/home/yamashita/car_ws/install/mypkg/lib/pkgconfig/mypkg.pc'
[30.228s] Level 1:colcon.colcon_core.environment:checking '/home/yamashita/car_ws/install/mypkg/lib/python3.10/site-packages'
[30.229s] Level 1:colcon.colcon_core.shell:create_environment_hook('mypkg', 'pythonpath')
[30.395s] INFO:colcon.colcon_core.shell:Creating environment hook '/home/yamashita/car_ws/install/mypkg/share/mypkg/hook/pythonpath.ps1'
[30.399s] INFO:colcon.colcon_core.shell:Creating environment descriptor '/home/yamashita/car_ws/install/mypkg/share/mypkg/hook/pythonpath.dsv'
[30.402s] INFO:colcon.colcon_core.shell:Creating environment hook '/home/yamashita/car_ws/install/mypkg/share/mypkg/hook/pythonpath.sh'
[30.408s] Level 1:colcon.colcon_core.environment:checking '/home/yamashita/car_ws/install/mypkg/bin'
[30.409s] Level 1:colcon.colcon_core.environment:create_environment_scripts_only(mypkg)
[30.578s] INFO:colcon.colcon_core.shell:Creating package script '/home/yamashita/car_ws/install/mypkg/share/mypkg/package.ps1'
[30.583s] INFO:colcon.colcon_core.shell:Creating package descriptor '/home/yamashita/car_ws/install/mypkg/share/mypkg/package.dsv'
[30.587s] INFO:colcon.colcon_core.shell:Creating package script '/home/yamashita/car_ws/install/mypkg/share/mypkg/package.sh'
[30.592s] INFO:colcon.colcon_core.shell:Creating package script '/home/yamashita/car_ws/install/mypkg/share/mypkg/package.bash'
[30.595s] INFO:colcon.colcon_core.shell:Creating package script '/home/yamashita/car_ws/install/mypkg/share/mypkg/package.zsh'
[30.599s] Level 1:colcon.colcon_core.environment:create_file_with_runtime_dependencies(/home/yamashita/car_ws/install/mypkg/share/colcon-core/packages/mypkg)
[30.602s] DEBUG:colcon.colcon_parallel_executor.executor.parallel:closing loop
[30.605s] DEBUG:colcon.colcon_parallel_executor.executor.parallel:loop closed
[30.606s] DEBUG:colcon.colcon_parallel_executor.executor.parallel:run_until_complete finished with '0'
[30.607s] DEBUG:colcon.colcon_core.event_reactor:joining thread
[30.817s] INFO:colcon.colcon_core.plugin_system:Skipping extension 'colcon_notification.desktop_notification.notify_send': Could not find 'notify-send'
[30.817s] INFO:colcon.colcon_core.plugin_system:Skipping extension 'colcon_notification.desktop_notification.terminal_notifier': Not used on non-Darwin systems
[30.818s] INFO:colcon.colcon_core.plugin_system:Skipping extension 'colcon_notification.desktop_notification.win32': Not used on non-Windows systems
[30.818s] INFO:colcon.colcon_notification.desktop_notification:Sending desktop notification using 'notify2'
[30.824s] DEBUG:colcon.colcon_notification.desktop_notification.notify2:Failed to initialize notify2: org.freedesktop.DBus.Error.ServiceUnknown: The name org.freedesktop.Notifications was not provided by any .service files
[30.825s] DEBUG:colcon.colcon_core.event_reactor:joined thread
[30.993s] INFO:colcon.colcon_core.shell:Creating prefix script '/home/yamashita/car_ws/install/local_setup.ps1'
[31.001s] INFO:colcon.colcon_core.shell:Creating prefix util module '/home/yamashita/car_ws/install/_local_setup_util_ps1.py'
[31.013s] INFO:colcon.colcon_core.shell:Creating prefix chain script '/home/yamashita/car_ws/install/setup.ps1'
[31.184s] INFO:colcon.colcon_core.shell:Creating prefix script '/home/yamashita/car_ws/install/local_setup.sh'
[31.189s] INFO:colcon.colcon_core.shell:Creating prefix util module '/home/yamashita/car_ws/install/_local_setup_util_sh.py'
[31.194s] INFO:colcon.colcon_core.shell:Creating prefix chain script '/home/yamashita/car_ws/install/setup.sh'
[31.367s] INFO:colcon.colcon_core.shell:Creating prefix script '/home/yamashita/car_ws/install/local_setup.bash'
[31.371s] INFO:colcon.colcon_core.shell:Creating prefix chain script '/home/yamashita/car_ws/install/setup.bash'
[31.543s] INFO:colcon.colcon_core.shell:Creating prefix script '/home/yamashita/car_ws/install/local_setup.zsh'
[31.548s] INFO:colcon.colcon_core.shell:Creating prefix chain script '/home/yamashita/car_ws/install/setup.zsh'
