[3.724s] Invoking command in '/home/yamashita/car_ws/src/mypkg': PYTHONPATH=/home/yamashita/car_ws/build/mypkg/prefix_override:/home/yamashita/car_ws/install/mypkg/lib/python3.10/site-packages:${PYTHONPATH} /usr/bin/python3 -W ignore:setup.py install is deprecated setup.py egg_info --egg-base ../../build/mypkg build --build-base /home/yamashita/car_ws/build/mypkg/build install --record /home/yamashita/car_ws/build/mypkg/install.log --single-version-externally-managed install_data
[4.891s] running egg_info
[4.893s] writing ../../build/mypkg/mypkg.egg-info/PKG-INFO
[4.894s] writing dependency_links to ../../build/mypkg/mypkg.egg-info/dependency_links.txt
[4.895s] writing entry points to ../../build/mypkg/mypkg.egg-info/entry_points.txt
[4.895s] writing requirements to ../../build/mypkg/mypkg.egg-info/requires.txt
[4.896s] writing top-level names to ../../build/mypkg/mypkg.egg-info/top_level.txt
[4.905s] reading manifest file '../../build/mypkg/mypkg.egg-info/SOURCES.txt'
[4.908s] writing manifest file '../../build/mypkg/mypkg.egg-info/SOURCES.txt'
[4.909s] running build
[4.909s] running build_py
[4.910s] copying mypkg/CircleImgPub.py -> /home/yamashita/car_ws/build/mypkg/build/lib/mypkg
[4.911s] running install
[4.913s] running install_lib
[4.916s] copying /home/yamashita/car_ws/build/mypkg/build/lib/mypkg/CircleImgPub.py -> /home/yamashita/car_ws/install/mypkg/lib/python3.10/site-packages/mypkg
[4.920s] byte-compiling /home/yamashita/car_ws/install/mypkg/lib/python3.10/site-packages/mypkg/CircleImgPub.py to CircleImgPub.cpython-310.pyc
[4.926s] running install_data
[4.927s] running install_egg_info
[4.934s] removing '/home/yamashita/car_ws/install/mypkg/lib/python3.10/site-packages/mypkg-0.0.0-py3.10.egg-info' (and everything under it)
[4.935s] Copying ../../build/mypkg/mypkg.egg-info to /home/yamashita/car_ws/install/mypkg/lib/python3.10/site-packages/mypkg-0.0.0-py3.10.egg-info
[4.940s] running install_scripts
[5.016s] Installing CircleImgPub script to /home/yamashita/car_ws/install/mypkg/lib/mypkg
[5.016s] Installing camera script to /home/yamashita/car_ws/install/mypkg/lib/mypkg
[5.017s] Installing serial script to /home/yamashita/car_ws/install/mypkg/lib/mypkg
[5.019s] writing list of installed files to '/home/yamashita/car_ws/build/mypkg/install.log'
[5.143s] Invoked command in '/home/yamashita/car_ws/src/mypkg' returned '0': PYTHONPATH=/home/yamashita/car_ws/build/mypkg/prefix_override:/home/yamashita/car_ws/install/mypkg/lib/python3.10/site-packages:${PYTHONPATH} /usr/bin/python3 -W ignore:setup.py install is deprecated setup.py egg_info --egg-base ../../build/mypkg build --build-base /home/yamashita/car_ws/build/mypkg/build install --record /home/yamashita/car_ws/build/mypkg/install.log --single-version-externally-managed install_data
