[10.186s] Invoking command in '/home/yamashita/car_ws/src/mypkg': PYTHONPATH=/home/yamashita/car_ws/build/mypkg/prefix_override:/home/yamashita/car_ws/install/mypkg/lib/python3.10/site-packages:${PYTHONPATH} /usr/bin/python3 setup.py egg_info --egg-base ../../build/mypkg build --build-base /home/yamashita/car_ws/build/mypkg/build install --record /home/yamashita/car_ws/build/mypkg/install.log --single-version-externally-managed
[12.820s] running egg_info
[12.825s] writing ../../build/mypkg/mypkg.egg-info/PKG-INFO
[12.827s] writing dependency_links to ../../build/mypkg/mypkg.egg-info/dependency_links.txt
[12.829s] writing entry points to ../../build/mypkg/mypkg.egg-info/entry_points.txt
[12.830s] writing requirements to ../../build/mypkg/mypkg.egg-info/requires.txt
[12.832s] writing top-level names to ../../build/mypkg/mypkg.egg-info/top_level.txt
[12.849s] reading manifest file '../../build/mypkg/mypkg.egg-info/SOURCES.txt'
[12.857s] writing manifest file '../../build/mypkg/mypkg.egg-info/SOURCES.txt'
[12.858s] running build
[12.859s] running build_py
[12.861s] copying mypkg/receiver.py -> /home/yamashita/car_ws/build/mypkg/build/lib/mypkg
[12.864s] running install
[12.867s] running install_lib
[12.873s] copying /home/yamashita/car_ws/build/mypkg/build/lib/mypkg/receiver.py -> /home/yamashita/car_ws/install/mypkg/lib/python3.10/site-packages/mypkg
[12.879s] byte-compiling /home/yamashita/car_ws/install/mypkg/lib/python3.10/site-packages/mypkg/receiver.py to receiver.cpython-310.pyc
[12.891s] running install_data
[12.897s] running install_egg_info
[12.910s] removing '/home/yamashita/car_ws/install/mypkg/lib/python3.10/site-packages/mypkg-0.0.0-py3.10.egg-info' (and everything under it)
[12.913s] Copying ../../build/mypkg/mypkg.egg-info to /home/yamashita/car_ws/install/mypkg/lib/python3.10/site-packages/mypkg-0.0.0-py3.10.egg-info
[12.924s] running install_scripts
[13.085s] Installing camera script to /home/yamashita/car_ws/install/mypkg/lib/mypkg
[13.086s] Installing serial script to /home/yamashita/car_ws/install/mypkg/lib/mypkg
[13.090s] writing list of installed files to '/home/yamashita/car_ws/build/mypkg/install.log'
[13.367s] Invoked command in '/home/yamashita/car_ws/src/mypkg' returned '0': PYTHONPATH=/home/yamashita/car_ws/build/mypkg/prefix_override:/home/yamashita/car_ws/install/mypkg/lib/python3.10/site-packages:${PYTHONPATH} /usr/bin/python3 setup.py egg_info --egg-base ../../build/mypkg build --build-base /home/yamashita/car_ws/build/mypkg/build install --record /home/yamashita/car_ws/build/mypkg/install.log --single-version-externally-managed
