[4.580s] Invoking command in '/home/yamashita/car_ws/src/mypkg': PYTHONPATH=/home/yamashita/car_ws/build/mypkg/prefix_override:/home/yamashita/car_ws/install/mypkg/lib/python3.10/site-packages:${PYTHONPATH} /usr/bin/python3 setup.py egg_info --egg-base ../../build/mypkg build --build-base /home/yamashita/car_ws/build/mypkg/build install --record /home/yamashita/car_ws/build/mypkg/install.log --single-version-externally-managed
[5.746s] running egg_info
[5.748s] writing ../../build/mypkg/mypkg.egg-info/PKG-INFO
[5.749s] writing dependency_links to ../../build/mypkg/mypkg.egg-info/dependency_links.txt
[5.750s] writing entry points to ../../build/mypkg/mypkg.egg-info/entry_points.txt
[5.751s] writing requirements to ../../build/mypkg/mypkg.egg-info/requires.txt
[5.752s] writing top-level names to ../../build/mypkg/mypkg.egg-info/top_level.txt
[5.760s] reading manifest file '../../build/mypkg/mypkg.egg-info/SOURCES.txt'
[5.764s] writing manifest file '../../build/mypkg/mypkg.egg-info/SOURCES.txt'
[5.765s] running build
[5.765s] running build_py
[5.766s] copying mypkg/CircleImgPub.py -> /home/yamashita/car_ws/build/mypkg/build/lib/mypkg
[5.768s] running install
[5.769s] running install_lib
[5.773s] copying /home/yamashita/car_ws/build/mypkg/build/lib/mypkg/CircleImgPub.py -> /home/yamashita/car_ws/install/mypkg/lib/python3.10/site-packages/mypkg
[5.776s] byte-compiling /home/yamashita/car_ws/install/mypkg/lib/python3.10/site-packages/mypkg/CircleImgPub.py to CircleImgPub.cpython-310.pyc
[5.780s] running install_data
[5.782s] running install_egg_info
[5.789s] removing '/home/yamashita/car_ws/install/mypkg/lib/python3.10/site-packages/mypkg-0.0.0-py3.10.egg-info' (and everything under it)
[5.791s] Copying ../../build/mypkg/mypkg.egg-info to /home/yamashita/car_ws/install/mypkg/lib/python3.10/site-packages/mypkg-0.0.0-py3.10.egg-info
[5.795s] running install_scripts
[5.872s] Installing CircleImgPub script to /home/yamashita/car_ws/install/mypkg/lib/mypkg
[5.873s] Installing camera0 script to /home/yamashita/car_ws/install/mypkg/lib/mypkg
[5.874s] Installing serial script to /home/yamashita/car_ws/install/mypkg/lib/mypkg
[5.876s] writing list of installed files to '/home/yamashita/car_ws/build/mypkg/install.log'
[6.008s] Invoked command in '/home/yamashita/car_ws/src/mypkg' returned '0': PYTHONPATH=/home/yamashita/car_ws/build/mypkg/prefix_override:/home/yamashita/car_ws/install/mypkg/lib/python3.10/site-packages:${PYTHONPATH} /usr/bin/python3 setup.py egg_info --egg-base ../../build/mypkg build --build-base /home/yamashita/car_ws/build/mypkg/build install --record /home/yamashita/car_ws/build/mypkg/install.log --single-version-externally-managed
