[4.074s] Invoking command in '/home/yamashita/car_ws/build/coordinate_msg': /usr/bin/cmake /home/yamashita/car_ws/src/coordinate_msg -DCMAKE_INSTALL_PREFIX=/home/yamashita/car_ws/install/coordinate_msg
[15.815s] -- The C compiler identification is GNU 11.4.0
[19.857s] -- The CXX compiler identification is GNU 11.4.0
[20.016s] -- Detecting C compiler ABI info
[23.554s] -- Detecting C compiler ABI info - done
[23.620s] -- Check for working C compiler: /usr/bin/cc - skipped
[23.624s] -- Detecting C compile features
[23.630s] -- Detecting C compile features - done
[23.663s] -- Detecting CXX compiler ABI info
[24.459s] -- Detecting CXX compiler ABI info - done
[24.519s] -- Check for working CXX compiler: /usr/bin/c++ - skipped
[24.521s] -- Detecting CXX compile features
[24.525s] -- Detecting CXX compile features - done
[25.506s] -- Found ament_cmake: 1.3.6 (/opt/ros/humble/share/ament_cmake/cmake)
[31.107s] -- Found Python3: /usr/bin/python3.10 (found version "3.10.12") found components: Interpreter 
[32.606s] -- Found rosidl_default_generators: 1.2.0 (/opt/ros/humble/share/rosidl_default_generators/cmake)
[32.697s] -- Using all available rosidl_typesupport_c: rosidl_typesupport_fastrtps_c;rosidl_typesupport_introspection_c
[32.863s] -- Found rosidl_adapter: 3.1.5 (/opt/ros/humble/share/rosidl_adapter/cmake)
[33.741s] -- Using all available rosidl_typesupport_cpp: rosidl_typesupport_fastrtps_cpp;rosidl_typesupport_introspection_cpp
[34.371s] [31mCMake Error at /opt/ros/humble/share/rosidl_cmake/cmake/rosidl_generate_interfaces.cmake:93 (message):
[34.373s]   rosidl_generate_interfaces() the passed file 'msg/Coordinate.msg' doesn't
[34.373s]   exist relative to the CMAKE_CURRENT_SOURCE_DIR
[34.375s]   '/home/yamashita/car_ws/src/coordinate_msg'
[34.376s] Call Stack (most recent call first):
[34.377s]   CMakeLists.txt:13 (rosidl_generate_interfaces)
[34.379s] 
[34.380s] [0m
[34.381s] -- Configuring incomplete, errors occurred!
[34.382s] See also "/home/yamashita/car_ws/build/coordinate_msg/CMakeFiles/CMakeOutput.log".
[34.427s] Invoked command in '/home/yamashita/car_ws/build/coordinate_msg' returned '1': /usr/bin/cmake /home/yamashita/car_ws/src/coordinate_msg -DCMAKE_INSTALL_PREFIX=/home/yamashita/car_ws/install/coordinate_msg
